<?xml version="1.0" encoding="UTF-8"?>
<coverage generated="1640099795736" clover="3.2.0">
  <project timestamp="1640099795737" name="All files">
    <metrics statements="1521" coveredstatements="1089" conditionals="110" coveredconditionals="66" methods="157" coveredmethods="129" elements="1788" coveredelements="1284" complexity="0" loc="1521" ncloc="1521" packages="1" files="12" classes="12"/>
    <file name="adminTableDatabase.js" path="/Users/mcleesm/Desktop/Senior Year/Fall 2021/CIS 557/project/src/backend/src/adminTableDatabase.js">
      <metrics statements="67" coveredstatements="56" conditionals="4" coveredconditionals="4" methods="8" coveredmethods="8"/>
      <line num="1" count="2" type="stmt"/>
      <line num="4" count="2" type="stmt"/>
      <line num="5" count="3" type="stmt"/>
      <line num="6" count="3" type="stmt"/>
      <line num="14" count="3" type="stmt"/>
      <line num="15" count="3" type="stmt"/>
      <line num="18" count="0" type="stmt"/>
      <line num="19" count="0" type="stmt"/>
      <line num="25" count="2" type="stmt"/>
      <line num="26" count="27" type="stmt"/>
      <line num="28" count="27" type="stmt"/>
      <line num="29" count="27" type="stmt"/>
      <line num="30" count="27" type="stmt"/>
      <line num="33" count="26" type="stmt"/>
      <line num="34" count="26" type="stmt"/>
      <line num="37" count="1" type="stmt"/>
      <line num="39" count="1" type="stmt"/>
      <line num="43" count="2" type="stmt"/>
      <line num="44" count="6" type="stmt"/>
      <line num="46" count="6" type="stmt"/>
      <line num="48" count="6" type="stmt"/>
      <line num="49" count="6" type="stmt"/>
      <line num="51" count="6" type="stmt"/>
      <line num="52" count="6" type="stmt"/>
      <line num="55" count="0" type="stmt"/>
      <line num="57" count="0" type="stmt"/>
      <line num="61" count="2" type="stmt"/>
      <line num="62" count="1" type="stmt"/>
      <line num="64" count="1" type="stmt"/>
      <line num="65" count="1" type="stmt"/>
      <line num="68" count="1" type="stmt"/>
      <line num="69" count="1" type="stmt"/>
      <line num="70" count="1" type="stmt"/>
      <line num="71" count="8" type="cond" truecount="2" falsecount="0"/>
      <line num="73" count="6" type="stmt"/>
      <line num="74" count="6" type="stmt"/>
      <line num="79" count="1" type="stmt"/>
      <line num="80" count="1" type="stmt"/>
      <line num="83" count="0" type="stmt"/>
      <line num="85" count="0" type="stmt"/>
      <line num="89" count="2" type="stmt"/>
      <line num="90" count="1" type="stmt"/>
      <line num="91" count="1" type="stmt"/>
      <line num="92" count="1" type="stmt"/>
      <line num="93" count="1" type="stmt"/>
      <line num="95" count="0" type="stmt"/>
      <line num="100" count="2" type="stmt"/>
      <line num="101" count="2" type="stmt"/>
      <line num="102" count="2" type="stmt"/>
      <line num="104" count="2" type="stmt"/>
      <line num="106" count="2" type="stmt"/>
      <line num="108" count="2" type="stmt"/>
      <line num="109" count="2" type="cond" truecount="2" falsecount="0"/>
      <line num="110" count="1" type="stmt"/>
      <line num="112" count="1" type="stmt"/>
      <line num="114" count="1" type="stmt"/>
      <line num="115" count="1" type="stmt"/>
      <line num="118" count="0" type="stmt"/>
      <line num="120" count="0" type="stmt"/>
      <line num="123" count="2" type="stmt"/>
      <line num="124" count="1" type="stmt"/>
      <line num="125" count="1" type="stmt"/>
      <line num="126" count="1" type="stmt"/>
      <line num="127" count="1" type="stmt"/>
      <line num="130" count="0" type="stmt"/>
      <line num="131" count="0" type="stmt"/>
      <line num="135" count="2" type="stmt"/>
    </file>
    <file name="convoTableDatabase.js" path="/Users/mcleesm/Desktop/Senior Year/Fall 2021/CIS 557/project/src/backend/src/convoTableDatabase.js">
      <metrics statements="45" coveredstatements="35" conditionals="0" coveredconditionals="0" methods="5" coveredmethods="5"/>
      <line num="1" count="2" type="stmt"/>
      <line num="4" count="2" type="stmt"/>
      <line num="5" count="2" type="stmt"/>
      <line num="6" count="2" type="stmt"/>
      <line num="14" count="2" type="stmt"/>
      <line num="15" count="2" type="stmt"/>
      <line num="18" count="0" type="stmt"/>
      <line num="19" count="0" type="stmt"/>
      <line num="24" count="2" type="stmt"/>
      <line num="25" count="11" type="stmt"/>
      <line num="27" count="11" type="stmt"/>
      <line num="28" count="11" type="stmt"/>
      <line num="29" count="11" type="stmt"/>
      <line num="31" count="11" type="stmt"/>
      <line num="32" count="11" type="stmt"/>
      <line num="35" count="0" type="stmt"/>
      <line num="37" count="0" type="stmt"/>
      <line num="41" count="2" type="stmt"/>
      <line num="42" count="7" type="stmt"/>
      <line num="43" count="7" type="stmt"/>
      <line num="45" count="7" type="stmt"/>
      <line num="46" count="7" type="stmt"/>
      <line num="49" count="7" type="stmt"/>
      <line num="50" count="7" type="stmt"/>
      <line num="53" count="0" type="stmt"/>
      <line num="55" count="0" type="stmt"/>
      <line num="59" count="2" type="stmt"/>
      <line num="60" count="8" type="stmt"/>
      <line num="61" count="8" type="stmt"/>
      <line num="63" count="8" type="stmt"/>
      <line num="64" count="8" type="stmt"/>
      <line num="67" count="8" type="stmt"/>
      <line num="68" count="8" type="stmt"/>
      <line num="71" count="0" type="stmt"/>
      <line num="73" count="0" type="stmt"/>
      <line num="77" count="2" type="stmt"/>
      <line num="78" count="3" type="stmt"/>
      <line num="80" count="3" type="stmt"/>
      <line num="82" count="3" type="stmt"/>
      <line num="83" count="3" type="stmt"/>
      <line num="85" count="3" type="stmt"/>
      <line num="86" count="3" type="stmt"/>
      <line num="89" count="0" type="stmt"/>
      <line num="91" count="0" type="stmt"/>
      <line num="94" count="2" type="stmt"/>
    </file>
    <file name="groupMemberTableDatabase.js" path="/Users/mcleesm/Desktop/Senior Year/Fall 2021/CIS 557/project/src/backend/src/groupMemberTableDatabase.js">
      <metrics statements="58" coveredstatements="44" conditionals="0" coveredconditionals="0" methods="7" coveredmethods="7"/>
      <line num="1" count="2" type="stmt"/>
      <line num="3" count="2" type="stmt"/>
      <line num="4" count="2" type="stmt"/>
      <line num="5" count="2" type="stmt"/>
      <line num="13" count="2" type="stmt"/>
      <line num="14" count="2" type="stmt"/>
      <line num="17" count="0" type="stmt"/>
      <line num="18" count="0" type="stmt"/>
      <line num="22" count="2" type="stmt"/>
      <line num="23" count="15" type="stmt"/>
      <line num="24" count="15" type="stmt"/>
      <line num="25" count="15" type="stmt"/>
      <line num="27" count="15" type="stmt"/>
      <line num="28" count="15" type="stmt"/>
      <line num="30" count="15" type="stmt"/>
      <line num="33" count="0" type="stmt"/>
      <line num="34" count="0" type="stmt"/>
      <line num="38" count="2" type="stmt"/>
      <line num="39" count="3" type="stmt"/>
      <line num="40" count="3" type="stmt"/>
      <line num="41" count="3" type="stmt"/>
      <line num="42" count="3" type="stmt"/>
      <line num="45" count="0" type="stmt"/>
      <line num="46" count="0" type="stmt"/>
      <line num="50" count="2" type="stmt"/>
      <line num="51" count="1" type="stmt"/>
      <line num="52" count="1" type="stmt"/>
      <line num="53" count="1" type="stmt"/>
      <line num="54" count="1" type="stmt"/>
      <line num="57" count="0" type="stmt"/>
      <line num="58" count="0" type="stmt"/>
      <line num="62" count="2" type="stmt"/>
      <line num="63" count="1" type="stmt"/>
      <line num="64" count="1" type="stmt"/>
      <line num="65" count="1" type="stmt"/>
      <line num="66" count="1" type="stmt"/>
      <line num="69" count="0" type="stmt"/>
      <line num="70" count="0" type="stmt"/>
      <line num="74" count="2" type="stmt"/>
      <line num="75" count="1" type="stmt"/>
      <line num="76" count="1" type="stmt"/>
      <line num="77" count="1" type="stmt"/>
      <line num="78" count="1" type="stmt"/>
      <line num="79" count="1" type="stmt"/>
      <line num="82" count="0" type="stmt"/>
      <line num="83" count="0" type="stmt"/>
      <line num="87" count="2" type="stmt"/>
      <line num="88" count="19" type="stmt"/>
      <line num="89" count="19" type="stmt"/>
      <line num="90" count="19" type="stmt"/>
      <line num="91" count="19" type="stmt"/>
      <line num="92" count="19" type="stmt"/>
      <line num="93" count="19" type="stmt"/>
      <line num="94" count="20" type="stmt"/>
      <line num="96" count="19" type="stmt"/>
      <line num="99" count="0" type="stmt"/>
      <line num="100" count="0" type="stmt"/>
      <line num="104" count="2" type="stmt"/>
    </file>
    <file name="groupTableDatabase.js" path="/Users/mcleesm/Desktop/Senior Year/Fall 2021/CIS 557/project/src/backend/src/groupTableDatabase.js">
      <metrics statements="159" coveredstatements="132" conditionals="16" coveredconditionals="15" methods="14" coveredmethods="14"/>
      <line num="1" count="2" type="stmt"/>
      <line num="4" count="2" type="stmt"/>
      <line num="5" count="2" type="stmt"/>
      <line num="6" count="2" type="stmt"/>
      <line num="14" count="2" type="stmt"/>
      <line num="15" count="2" type="stmt"/>
      <line num="18" count="0" type="stmt"/>
      <line num="19" count="0" type="stmt"/>
      <line num="24" count="2" type="stmt"/>
      <line num="25" count="26" type="stmt"/>
      <line num="27" count="26" type="stmt"/>
      <line num="29" count="26" type="stmt"/>
      <line num="31" count="26" type="stmt"/>
      <line num="32" count="26" type="stmt"/>
      <line num="33" count="26" type="cond" truecount="2" falsecount="0"/>
      <line num="35" count="1" type="stmt"/>
      <line num="38" count="25" type="stmt"/>
      <line num="40" count="25" type="stmt"/>
      <line num="41" count="25" type="stmt"/>
      <line num="44" count="0" type="stmt"/>
      <line num="46" count="0" type="stmt"/>
      <line num="50" count="2" type="stmt"/>
      <line num="51" count="17" type="stmt"/>
      <line num="53" count="17" type="stmt"/>
      <line num="54" count="17" type="stmt"/>
      <line num="55" count="17" type="stmt"/>
      <line num="57" count="17" type="cond" truecount="2" falsecount="0"/>
      <line num="58" count="6" type="stmt"/>
      <line num="59" count="6" type="stmt"/>
      <line num="61" count="6" type="stmt"/>
      <line num="64" count="0" type="stmt"/>
      <line num="68" count="17" type="cond" truecount="2" falsecount="0"/>
      <line num="69" count="4" type="stmt"/>
      <line num="70" count="4" type="stmt"/>
      <line num="72" count="4" type="stmt"/>
      <line num="75" count="0" type="stmt"/>
      <line num="79" count="17" type="cond" truecount="2" falsecount="0"/>
      <line num="80" count="4" type="stmt"/>
      <line num="81" count="4" type="stmt"/>
      <line num="83" count="4" type="stmt"/>
      <line num="86" count="0" type="stmt"/>
      <line num="92" count="2" type="stmt"/>
      <line num="93" count="2" type="stmt"/>
      <line num="94" count="2" type="stmt"/>
      <line num="95" count="2" type="stmt"/>
      <line num="97" count="2" type="stmt"/>
      <line num="99" count="2" type="stmt"/>
      <line num="100" count="2" type="stmt"/>
      <line num="101" count="16" type="stmt"/>
      <line num="104" count="2" type="stmt"/>
      <line num="107" count="0" type="stmt"/>
      <line num="109" count="0" type="stmt"/>
      <line num="113" count="2" type="stmt"/>
      <line num="114" count="27" type="stmt"/>
      <line num="115" count="27" type="stmt"/>
      <line num="116" count="27" type="stmt"/>
      <line num="118" count="27" type="stmt"/>
      <line num="120" count="27" type="stmt"/>
      <line num="121" count="27" type="stmt"/>
      <line num="122" count="28" type="stmt"/>
      <line num="125" count="27" type="stmt"/>
      <line num="128" count="0" type="stmt"/>
      <line num="130" count="0" type="stmt"/>
      <line num="134" count="2" type="stmt"/>
      <line num="135" count="6" type="stmt"/>
      <line num="136" count="6" type="stmt"/>
      <line num="137" count="6" type="stmt"/>
      <line num="140" count="6" type="stmt"/>
      <line num="143" count="0" type="stmt"/>
      <line num="145" count="0" type="stmt"/>
      <line num="149" count="2" type="stmt"/>
      <line num="150" count="2" type="stmt"/>
      <line num="151" count="2" type="stmt"/>
      <line num="152" count="2" type="stmt"/>
      <line num="154" count="2" type="stmt"/>
      <line num="155" count="2" type="stmt"/>
      <line num="156" count="3" type="stmt"/>
      <line num="157" count="3" type="stmt"/>
      <line num="159" count="3" type="cond" truecount="1" falsecount="1"/>
      <line num="160" count="3" type="stmt"/>
      <line num="161" count="3" type="stmt"/>
      <line num="165" count="2" type="stmt"/>
      <line num="168" count="0" type="stmt"/>
      <line num="170" count="0" type="stmt"/>
      <line num="174" count="2" type="stmt"/>
      <line num="175" count="4" type="stmt"/>
      <line num="176" count="4" type="stmt"/>
      <line num="177" count="4" type="cond" truecount="2" falsecount="0"/>
      <line num="178" count="1" type="stmt"/>
      <line num="179" count="3" type="cond" truecount="2" falsecount="0"/>
      <line num="180" count="1" type="stmt"/>
      <line num="181" count="2" type="cond" truecount="2" falsecount="0"/>
      <line num="182" count="1" type="stmt"/>
      <line num="184" count="1" type="stmt"/>
      <line num="186" count="4" type="stmt"/>
      <line num="190" count="4" type="stmt"/>
      <line num="191" count="23" type="stmt"/>
      <line num="193" count="23" type="stmt"/>
      <line num="196" count="4" type="stmt"/>
      <line num="199" count="0" type="stmt"/>
      <line num="201" count="0" type="stmt"/>
      <line num="205" count="2" type="stmt"/>
      <line num="206" count="1" type="stmt"/>
      <line num="207" count="1" type="stmt"/>
      <line num="208" count="1" type="stmt"/>
      <line num="210" count="1" type="stmt"/>
      <line num="211" count="1" type="stmt"/>
      <line num="214" count="0" type="stmt"/>
      <line num="216" count="0" type="stmt"/>
      <line num="220" count="2" type="stmt"/>
      <line num="221" count="1" type="stmt"/>
      <line num="222" count="1" type="stmt"/>
      <line num="223" count="1" type="stmt"/>
      <line num="225" count="1" type="stmt"/>
      <line num="226" count="1" type="stmt"/>
      <line num="229" count="0" type="stmt"/>
      <line num="231" count="0" type="stmt"/>
      <line num="235" count="2" type="stmt"/>
      <line num="236" count="1" type="stmt"/>
      <line num="237" count="1" type="stmt"/>
      <line num="238" count="1" type="stmt"/>
      <line num="240" count="1" type="stmt"/>
      <line num="241" count="1" type="stmt"/>
      <line num="244" count="0" type="stmt"/>
      <line num="246" count="0" type="stmt"/>
      <line num="250" count="2" type="stmt"/>
      <line num="251" count="1" type="stmt"/>
      <line num="252" count="1" type="stmt"/>
      <line num="253" count="1" type="stmt"/>
      <line num="254" count="1" type="stmt"/>
      <line num="256" count="1" type="stmt"/>
      <line num="257" count="1" type="stmt"/>
      <line num="260" count="0" type="stmt"/>
      <line num="262" count="0" type="stmt"/>
      <line num="266" count="2" type="stmt"/>
      <line num="267" count="13" type="stmt"/>
      <line num="268" count="13" type="stmt"/>
      <line num="269" count="13" type="stmt"/>
      <line num="270" count="13" type="stmt"/>
      <line num="273" count="0" type="stmt"/>
      <line num="275" count="0" type="stmt"/>
      <line num="278" count="2" type="stmt"/>
      <line num="279" count="2" type="stmt"/>
      <line num="282" count="2" type="stmt"/>
      <line num="283" count="2" type="stmt"/>
      <line num="284" count="2" type="stmt"/>
      <line num="287" count="2" type="stmt"/>
      <line num="288" count="2" type="stmt"/>
      <line num="289" count="2" type="stmt"/>
      <line num="292" count="2" type="stmt"/>
      <line num="293" count="2" type="stmt"/>
      <line num="296" count="2" type="stmt"/>
      <line num="297" count="2" type="stmt"/>
      <line num="298" count="2" type="stmt"/>
      <line num="301" count="2" type="stmt"/>
      <line num="302" count="2" type="stmt"/>
      <line num="303" count="2" type="stmt"/>
      <line num="306" count="2" type="stmt"/>
      <line num="309" count="2" type="stmt"/>
    </file>
    <file name="invitationTableDatabase.js" path="/Users/mcleesm/Desktop/Senior Year/Fall 2021/CIS 557/project/src/backend/src/invitationTableDatabase.js">
      <metrics statements="55" coveredstatements="37" conditionals="0" coveredconditionals="0" methods="7" coveredmethods="6"/>
      <line num="1" count="2" type="stmt"/>
      <line num="4" count="2" type="stmt"/>
      <line num="5" count="2" type="stmt"/>
      <line num="6" count="2" type="stmt"/>
      <line num="14" count="2" type="stmt"/>
      <line num="15" count="2" type="stmt"/>
      <line num="18" count="0" type="stmt"/>
      <line num="19" count="0" type="stmt"/>
      <line num="24" count="2" type="stmt"/>
      <line num="25" count="1" type="stmt"/>
      <line num="27" count="1" type="stmt"/>
      <line num="28" count="1" type="stmt"/>
      <line num="32" count="1" type="stmt"/>
      <line num="35" count="0" type="stmt"/>
      <line num="37" count="0" type="stmt"/>
      <line num="41" count="2" type="stmt"/>
      <line num="42" count="1" type="stmt"/>
      <line num="44" count="1" type="stmt"/>
      <line num="45" count="1" type="stmt"/>
      <line num="48" count="1" type="stmt"/>
      <line num="51" count="0" type="stmt"/>
      <line num="53" count="0" type="stmt"/>
      <line num="57" count="2" type="stmt"/>
      <line num="58" count="0" type="stmt"/>
      <line num="65" count="0" type="stmt"/>
      <line num="66" count="0" type="stmt"/>
      <line num="67" count="0" type="stmt"/>
      <line num="70" count="0" type="stmt"/>
      <line num="72" count="0" type="stmt"/>
      <line num="75" count="2" type="stmt"/>
      <line num="77" count="5" type="stmt"/>
      <line num="78" count="5" type="stmt"/>
      <line num="80" count="5" type="stmt"/>
      <line num="81" count="5" type="stmt"/>
      <line num="88" count="5" type="stmt"/>
      <line num="89" count="5" type="stmt"/>
      <line num="90" count="5" type="stmt"/>
      <line num="93" count="0" type="stmt"/>
      <line num="95" count="0" type="stmt"/>
      <line num="98" count="2" type="stmt"/>
      <line num="99" count="1" type="stmt"/>
      <line num="100" count="1" type="stmt"/>
      <line num="102" count="1" type="stmt"/>
      <line num="103" count="1" type="stmt"/>
      <line num="104" count="1" type="stmt"/>
      <line num="107" count="0" type="stmt"/>
      <line num="109" count="0" type="stmt"/>
      <line num="112" count="2" type="stmt"/>
      <line num="113" count="1" type="stmt"/>
      <line num="114" count="1" type="stmt"/>
      <line num="115" count="1" type="stmt"/>
      <line num="116" count="1" type="stmt"/>
      <line num="119" count="0" type="stmt"/>
      <line num="121" count="0" type="stmt"/>
      <line num="124" count="2" type="stmt"/>
    </file>
    <file name="messageTableDatabase.js" path="/Users/mcleesm/Desktop/Senior Year/Fall 2021/CIS 557/project/src/backend/src/messageTableDatabase.js">
      <metrics statements="72" coveredstatements="58" conditionals="2" coveredconditionals="2" methods="7" coveredmethods="7"/>
      <line num="1" count="2" type="stmt"/>
      <line num="4" count="2" type="stmt"/>
      <line num="5" count="2" type="stmt"/>
      <line num="6" count="2" type="stmt"/>
      <line num="14" count="2" type="stmt"/>
      <line num="15" count="2" type="stmt"/>
      <line num="18" count="0" type="stmt"/>
      <line num="19" count="0" type="stmt"/>
      <line num="23" count="2" type="stmt"/>
      <line num="24" count="15" type="stmt"/>
      <line num="25" count="15" type="stmt"/>
      <line num="27" count="15" type="stmt"/>
      <line num="28" count="15" type="stmt"/>
      <line num="30" count="15" type="stmt"/>
      <line num="32" count="15" type="cond" truecount="2" falsecount="0"/>
      <line num="33" count="7" type="stmt"/>
      <line num="35" count="8" type="stmt"/>
      <line num="38" count="0" type="stmt"/>
      <line num="40" count="0" type="stmt"/>
      <line num="44" count="2" type="stmt"/>
      <line num="46" count="4" type="stmt"/>
      <line num="48" count="4" type="stmt"/>
      <line num="49" count="4" type="stmt"/>
      <line num="51" count="4" type="stmt"/>
      <line num="52" count="4" type="stmt"/>
      <line num="55" count="4" type="stmt"/>
      <line num="56" count="4" type="stmt"/>
      <line num="59" count="0" type="stmt"/>
      <line num="61" count="0" type="stmt"/>
      <line num="64" count="2" type="stmt"/>
      <line num="66" count="4" type="stmt"/>
      <line num="67" count="4" type="stmt"/>
      <line num="68" count="4" type="stmt"/>
      <line num="70" count="4" type="stmt"/>
      <line num="71" count="4" type="stmt"/>
      <line num="74" count="4" type="stmt"/>
      <line num="75" count="4" type="stmt"/>
      <line num="78" count="0" type="stmt"/>
      <line num="80" count="0" type="stmt"/>
      <line num="83" count="2" type="stmt"/>
      <line num="85" count="3" type="stmt"/>
      <line num="87" count="3" type="stmt"/>
      <line num="88" count="3" type="stmt"/>
      <line num="90" count="3" type="stmt"/>
      <line num="91" count="3" type="stmt"/>
      <line num="94" count="3" type="stmt"/>
      <line num="95" count="3" type="stmt"/>
      <line num="98" count="0" type="stmt"/>
      <line num="100" count="0" type="stmt"/>
      <line num="103" count="2" type="stmt"/>
      <line num="105" count="4" type="stmt"/>
      <line num="107" count="4" type="stmt"/>
      <line num="108" count="4" type="stmt"/>
      <line num="110" count="4" type="stmt"/>
      <line num="111" count="4" type="stmt"/>
      <line num="114" count="4" type="stmt"/>
      <line num="115" count="4" type="stmt"/>
      <line num="118" count="0" type="stmt"/>
      <line num="120" count="0" type="stmt"/>
      <line num="124" count="2" type="stmt"/>
      <line num="125" count="1" type="stmt"/>
      <line num="128" count="1" type="stmt"/>
      <line num="129" count="1" type="stmt"/>
      <line num="131" count="1" type="stmt"/>
      <line num="133" count="1" type="stmt"/>
      <line num="134" count="1" type="stmt"/>
      <line num="136" count="1" type="stmt"/>
      <line num="139" count="1" type="stmt"/>
      <line num="140" count="1" type="stmt"/>
      <line num="143" count="0" type="stmt"/>
      <line num="145" count="0" type="stmt"/>
      <line num="148" count="2" type="stmt"/>
    </file>
    <file name="notificationTableDatabase.js" path="/Users/mcleesm/Desktop/Senior Year/Fall 2021/CIS 557/project/src/backend/src/notificationTableDatabase.js">
      <metrics statements="28" coveredstatements="24" conditionals="0" coveredconditionals="0" methods="3" coveredmethods="3"/>
      <line num="1" count="2" type="stmt"/>
      <line num="4" count="2" type="stmt"/>
      <line num="5" count="2" type="stmt"/>
      <line num="6" count="2" type="stmt"/>
      <line num="14" count="2" type="stmt"/>
      <line num="15" count="2" type="stmt"/>
      <line num="18" count="0" type="stmt"/>
      <line num="19" count="0" type="stmt"/>
      <line num="24" count="2" type="stmt"/>
      <line num="25" count="21" type="stmt"/>
      <line num="27" count="21" type="stmt"/>
      <line num="28" count="21" type="stmt"/>
      <line num="29" count="21" type="stmt"/>
      <line num="31" count="19" type="stmt"/>
      <line num="32" count="19" type="stmt"/>
      <line num="35" count="2" type="stmt"/>
      <line num="37" count="2" type="stmt"/>
      <line num="41" count="2" type="stmt"/>
      <line num="42" count="1" type="stmt"/>
      <line num="44" count="1" type="stmt"/>
      <line num="45" count="1" type="stmt"/>
      <line num="48" count="1" type="stmt"/>
      <line num="50" count="1" type="stmt"/>
      <line num="51" count="1" type="stmt"/>
      <line num="53" count="1" type="stmt"/>
      <line num="56" count="0" type="stmt"/>
      <line num="58" count="0" type="stmt"/>
      <line num="61" count="2" type="stmt"/>
    </file>
    <file name="postTableDatabase.js" path="/Users/mcleesm/Desktop/Senior Year/Fall 2021/CIS 557/project/src/backend/src/postTableDatabase.js">
      <metrics statements="169" coveredstatements="140" conditionals="0" coveredconditionals="0" methods="16" coveredmethods="16"/>
      <line num="1" count="2" type="stmt"/>
      <line num="4" count="2" type="stmt"/>
      <line num="5" count="2" type="stmt"/>
      <line num="6" count="2" type="stmt"/>
      <line num="14" count="2" type="stmt"/>
      <line num="15" count="2" type="stmt"/>
      <line num="18" count="0" type="stmt"/>
      <line num="19" count="0" type="stmt"/>
      <line num="24" count="2" type="stmt"/>
      <line num="25" count="7" type="stmt"/>
      <line num="27" count="7" type="stmt"/>
      <line num="30" count="7" type="stmt"/>
      <line num="32" count="7" type="stmt"/>
      <line num="35" count="0" type="stmt"/>
      <line num="36" count="0" type="stmt"/>
      <line num="40" count="2" type="stmt"/>
      <line num="41" count="21" type="stmt"/>
      <line num="42" count="21" type="stmt"/>
      <line num="43" count="21" type="stmt"/>
      <line num="46" count="0" type="stmt"/>
      <line num="48" count="21" type="stmt"/>
      <line num="52" count="2" type="stmt"/>
      <line num="53" count="2" type="stmt"/>
      <line num="56" count="2" type="stmt"/>
      <line num="57" count="2" type="stmt"/>
      <line num="58" count="2" type="stmt"/>
      <line num="59" count="2" type="stmt"/>
      <line num="60" count="2" type="stmt"/>
      <line num="61" count="2" type="stmt"/>
      <line num="62" count="2" type="stmt"/>
      <line num="63" count="2" type="stmt"/>
      <line num="65" count="2" type="stmt"/>
      <line num="67" count="2" type="stmt"/>
      <line num="69" count="2" type="stmt"/>
      <line num="72" count="0" type="stmt"/>
      <line num="74" count="0" type="stmt"/>
      <line num="77" count="2" type="stmt"/>
      <line num="78" count="7" type="stmt"/>
      <line num="82" count="7" type="stmt"/>
      <line num="83" count="7" type="stmt"/>
      <line num="84" count="7" type="stmt"/>
      <line num="85" count="7" type="stmt"/>
      <line num="86" count="7" type="stmt"/>
      <line num="87" count="7" type="stmt"/>
      <line num="88" count="7" type="stmt"/>
      <line num="89" count="7" type="stmt"/>
      <line num="90" count="7" type="stmt"/>
      <line num="92" count="7" type="stmt"/>
      <line num="94" count="7" type="stmt"/>
      <line num="96" count="7" type="stmt"/>
      <line num="99" count="0" type="stmt"/>
      <line num="101" count="0" type="stmt"/>
      <line num="104" count="2" type="stmt"/>
      <line num="105" count="2" type="stmt"/>
      <line num="108" count="2" type="stmt"/>
      <line num="109" count="2" type="stmt"/>
      <line num="110" count="2" type="stmt"/>
      <line num="111" count="2" type="stmt"/>
      <line num="112" count="2" type="stmt"/>
      <line num="113" count="2" type="stmt"/>
      <line num="114" count="2" type="stmt"/>
      <line num="115" count="2" type="stmt"/>
      <line num="116" count="2" type="stmt"/>
      <line num="118" count="2" type="stmt"/>
      <line num="120" count="2" type="stmt"/>
      <line num="122" count="2" type="stmt"/>
      <line num="125" count="0" type="stmt"/>
      <line num="127" count="0" type="stmt"/>
      <line num="130" count="2" type="stmt"/>
      <line num="131" count="10" type="stmt"/>
      <line num="134" count="10" type="stmt"/>
      <line num="135" count="10" type="stmt"/>
      <line num="136" count="10" type="stmt"/>
      <line num="137" count="10" type="stmt"/>
      <line num="138" count="10" type="stmt"/>
      <line num="139" count="10" type="stmt"/>
      <line num="140" count="10" type="stmt"/>
      <line num="142" count="10" type="stmt"/>
      <line num="143" count="10" type="stmt"/>
      <line num="145" count="10" type="stmt"/>
      <line num="147" count="10" type="stmt"/>
      <line num="149" count="10" type="stmt"/>
      <line num="152" count="0" type="stmt"/>
      <line num="154" count="0" type="stmt"/>
      <line num="158" count="2" type="stmt"/>
      <line num="159" count="5" type="stmt"/>
      <line num="161" count="5" type="stmt"/>
      <line num="163" count="5" type="stmt"/>
      <line num="164" count="5" type="stmt"/>
      <line num="166" count="5" type="stmt"/>
      <line num="168" count="5" type="stmt"/>
      <line num="169" count="5" type="stmt"/>
      <line num="171" count="5" type="stmt"/>
      <line num="174" count="0" type="stmt"/>
      <line num="176" count="0" type="stmt"/>
      <line num="180" count="2" type="stmt"/>
      <line num="181" count="3" type="stmt"/>
      <line num="183" count="3" type="stmt"/>
      <line num="185" count="3" type="stmt"/>
      <line num="186" count="3" type="stmt"/>
      <line num="187" count="3" type="stmt"/>
      <line num="190" count="0" type="stmt"/>
      <line num="192" count="0" type="stmt"/>
      <line num="195" count="2" type="stmt"/>
      <line num="196" count="3" type="stmt"/>
      <line num="198" count="3" type="stmt"/>
      <line num="200" count="3" type="stmt"/>
      <line num="201" count="3" type="stmt"/>
      <line num="203" count="3" type="stmt"/>
      <line num="205" count="3" type="stmt"/>
      <line num="208" count="0" type="stmt"/>
      <line num="210" count="0" type="stmt"/>
      <line num="214" count="2" type="stmt"/>
      <line num="215" count="2" type="stmt"/>
      <line num="217" count="2" type="stmt"/>
      <line num="219" count="2" type="stmt"/>
      <line num="220" count="2" type="stmt"/>
      <line num="222" count="2" type="stmt"/>
      <line num="223" count="2" type="stmt"/>
      <line num="226" count="0" type="stmt"/>
      <line num="228" count="0" type="stmt"/>
      <line num="232" count="2" type="stmt"/>
      <line num="233" count="3" type="stmt"/>
      <line num="235" count="3" type="stmt"/>
      <line num="237" count="3" type="stmt"/>
      <line num="238" count="3" type="stmt"/>
      <line num="240" count="3" type="stmt"/>
      <line num="241" count="3" type="stmt"/>
      <line num="244" count="0" type="stmt"/>
      <line num="246" count="0" type="stmt"/>
      <line num="250" count="2" type="stmt"/>
      <line num="251" count="4" type="stmt"/>
      <line num="252" count="4" type="stmt"/>
      <line num="254" count="4" type="stmt"/>
      <line num="256" count="4" type="stmt"/>
      <line num="257" count="4" type="stmt"/>
      <line num="260" count="0" type="stmt"/>
      <line num="262" count="0" type="stmt"/>
      <line num="266" count="2" type="stmt"/>
      <line num="267" count="3" type="stmt"/>
      <line num="268" count="3" type="stmt"/>
      <line num="270" count="3" type="stmt"/>
      <line num="272" count="3" type="stmt"/>
      <line num="273" count="3" type="stmt"/>
      <line num="276" count="0" type="stmt"/>
      <line num="278" count="0" type="stmt"/>
      <line num="282" count="2" type="stmt"/>
      <line num="283" count="10" type="stmt"/>
      <line num="284" count="10" type="stmt"/>
      <line num="285" count="10" type="stmt"/>
      <line num="286" count="10" type="stmt"/>
      <line num="289" count="0" type="stmt"/>
      <line num="291" count="0" type="stmt"/>
      <line num="294" count="2" type="stmt"/>
      <line num="295" count="2" type="stmt"/>
      <line num="298" count="2" type="stmt"/>
      <line num="299" count="2" type="stmt"/>
      <line num="300" count="2" type="stmt"/>
      <line num="303" count="2" type="stmt"/>
      <line num="304" count="2" type="stmt"/>
      <line num="305" count="2" type="stmt"/>
      <line num="308" count="2" type="stmt"/>
      <line num="309" count="2" type="stmt"/>
      <line num="310" count="2" type="stmt"/>
      <line num="313" count="2" type="stmt"/>
      <line num="314" count="2" type="stmt"/>
      <line num="315" count="2" type="stmt"/>
      <line num="318" count="2" type="stmt"/>
      <line num="321" count="2" type="stmt"/>
    </file>
    <file name="profileTableDatabase.js" path="/Users/mcleesm/Desktop/Senior Year/Fall 2021/CIS 557/project/src/backend/src/profileTableDatabase.js">
      <metrics statements="68" coveredstatements="52" conditionals="0" coveredconditionals="0" methods="8" coveredmethods="8"/>
      <line num="1" count="2" type="stmt"/>
      <line num="4" count="2" type="stmt"/>
      <line num="5" count="2" type="stmt"/>
      <line num="6" count="2" type="stmt"/>
      <line num="14" count="2" type="stmt"/>
      <line num="15" count="2" type="stmt"/>
      <line num="18" count="0" type="stmt"/>
      <line num="19" count="0" type="stmt"/>
      <line num="24" count="2" type="stmt"/>
      <line num="25" count="27" type="stmt"/>
      <line num="26" count="27" type="stmt"/>
      <line num="28" count="27" type="stmt"/>
      <line num="29" count="27" type="stmt"/>
      <line num="31" count="27" type="stmt"/>
      <line num="32" count="27" type="stmt"/>
      <line num="35" count="0" type="stmt"/>
      <line num="37" count="0" type="stmt"/>
      <line num="41" count="2" type="stmt"/>
      <line num="42" count="3" type="stmt"/>
      <line num="43" count="3" type="stmt"/>
      <line num="44" count="3" type="stmt"/>
      <line num="46" count="3" type="stmt"/>
      <line num="47" count="3" type="stmt"/>
      <line num="50" count="0" type="stmt"/>
      <line num="52" count="0" type="stmt"/>
      <line num="56" count="2" type="stmt"/>
      <line num="57" count="1" type="stmt"/>
      <line num="58" count="1" type="stmt"/>
      <line num="59" count="1" type="stmt"/>
      <line num="61" count="1" type="stmt"/>
      <line num="62" count="1" type="stmt"/>
      <line num="65" count="0" type="stmt"/>
      <line num="67" count="0" type="stmt"/>
      <line num="71" count="2" type="stmt"/>
      <line num="72" count="1" type="stmt"/>
      <line num="73" count="1" type="stmt"/>
      <line num="74" count="1" type="stmt"/>
      <line num="76" count="1" type="stmt"/>
      <line num="77" count="1" type="stmt"/>
      <line num="80" count="0" type="stmt"/>
      <line num="82" count="0" type="stmt"/>
      <line num="88" count="2" type="stmt"/>
      <line num="89" count="2" type="stmt"/>
      <line num="90" count="2" type="stmt"/>
      <line num="91" count="2" type="stmt"/>
      <line num="93" count="2" type="stmt"/>
      <line num="94" count="2" type="stmt"/>
      <line num="97" count="0" type="stmt"/>
      <line num="99" count="0" type="stmt"/>
      <line num="103" count="2" type="stmt"/>
      <line num="104" count="1" type="stmt"/>
      <line num="105" count="1" type="stmt"/>
      <line num="106" count="1" type="stmt"/>
      <line num="107" count="1" type="stmt"/>
      <line num="109" count="1" type="stmt"/>
      <line num="110" count="1" type="stmt"/>
      <line num="113" count="0" type="stmt"/>
      <line num="115" count="0" type="stmt"/>
      <line num="119" count="2" type="stmt"/>
      <line num="120" count="1" type="stmt"/>
      <line num="121" count="1" type="stmt"/>
      <line num="122" count="1" type="stmt"/>
      <line num="123" count="1" type="stmt"/>
      <line num="125" count="1" type="stmt"/>
      <line num="126" count="1" type="stmt"/>
      <line num="129" count="0" type="stmt"/>
      <line num="131" count="0" type="stmt"/>
      <line num="134" count="2" type="stmt"/>
    </file>
    <file name="replyTableDatabase.js" path="/Users/mcleesm/Desktop/Senior Year/Fall 2021/CIS 557/project/src/backend/src/replyTableDatabase.js">
      <metrics statements="74" coveredstatements="58" conditionals="0" coveredconditionals="0" methods="8" coveredmethods="8"/>
      <line num="1" count="2" type="stmt"/>
      <line num="4" count="2" type="stmt"/>
      <line num="5" count="2" type="stmt"/>
      <line num="6" count="2" type="stmt"/>
      <line num="14" count="2" type="stmt"/>
      <line num="15" count="2" type="stmt"/>
      <line num="18" count="0" type="stmt"/>
      <line num="19" count="0" type="stmt"/>
      <line num="24" count="2" type="stmt"/>
      <line num="25" count="8" type="stmt"/>
      <line num="28" count="8" type="stmt"/>
      <line num="29" count="8" type="stmt"/>
      <line num="30" count="8" type="stmt"/>
      <line num="31" count="8" type="stmt"/>
      <line num="32" count="8" type="stmt"/>
      <line num="34" count="8" type="stmt"/>
      <line num="36" count="8" type="stmt"/>
      <line num="37" count="8" type="stmt"/>
      <line num="39" count="8" type="stmt"/>
      <line num="40" count="8" type="stmt"/>
      <line num="43" count="0" type="stmt"/>
      <line num="45" count="0" type="stmt"/>
      <line num="49" count="2" type="stmt"/>
      <line num="50" count="2" type="stmt"/>
      <line num="52" count="2" type="stmt"/>
      <line num="54" count="2" type="stmt"/>
      <line num="55" count="2" type="stmt"/>
      <line num="57" count="2" type="stmt"/>
      <line num="58" count="2" type="stmt"/>
      <line num="61" count="0" type="stmt"/>
      <line num="63" count="0" type="stmt"/>
      <line num="67" count="2" type="stmt"/>
      <line num="68" count="2" type="stmt"/>
      <line num="70" count="2" type="stmt"/>
      <line num="72" count="2" type="stmt"/>
      <line num="73" count="2" type="stmt"/>
      <line num="75" count="2" type="stmt"/>
      <line num="76" count="2" type="stmt"/>
      <line num="79" count="0" type="stmt"/>
      <line num="81" count="0" type="stmt"/>
      <line num="85" count="2" type="stmt"/>
      <line num="86" count="2" type="stmt"/>
      <line num="88" count="2" type="stmt"/>
      <line num="90" count="2" type="stmt"/>
      <line num="91" count="2" type="stmt"/>
      <line num="93" count="2" type="stmt"/>
      <line num="94" count="2" type="stmt"/>
      <line num="97" count="0" type="stmt"/>
      <line num="99" count="0" type="stmt"/>
      <line num="102" count="2" type="stmt"/>
      <line num="103" count="2" type="stmt"/>
      <line num="105" count="2" type="stmt"/>
      <line num="107" count="2" type="stmt"/>
      <line num="108" count="2" type="stmt"/>
      <line num="110" count="2" type="stmt"/>
      <line num="111" count="2" type="stmt"/>
      <line num="114" count="0" type="stmt"/>
      <line num="116" count="0" type="stmt"/>
      <line num="120" count="2" type="stmt"/>
      <line num="121" count="3" type="stmt"/>
      <line num="122" count="3" type="stmt"/>
      <line num="124" count="3" type="stmt"/>
      <line num="126" count="3" type="stmt"/>
      <line num="127" count="3" type="stmt"/>
      <line num="130" count="0" type="stmt"/>
      <line num="132" count="0" type="stmt"/>
      <line num="136" count="2" type="stmt"/>
      <line num="137" count="3" type="stmt"/>
      <line num="138" count="3" type="stmt"/>
      <line num="139" count="3" type="stmt"/>
      <line num="140" count="3" type="stmt"/>
      <line num="143" count="0" type="stmt"/>
      <line num="145" count="0" type="stmt"/>
      <line num="148" count="2" type="stmt"/>
    </file>
    <file name="userTableDatabase.js" path="/Users/mcleesm/Desktop/Senior Year/Fall 2021/CIS 557/project/src/backend/src/userTableDatabase.js">
      <metrics statements="88" coveredstatements="70" conditionals="2" coveredconditionals="2" methods="10" coveredmethods="10"/>
      <line num="1" count="2" type="stmt"/>
      <line num="4" count="2" type="stmt"/>
      <line num="5" count="2" type="stmt"/>
      <line num="6" count="2" type="stmt"/>
      <line num="14" count="2" type="stmt"/>
      <line num="15" count="2" type="stmt"/>
      <line num="18" count="0" type="stmt"/>
      <line num="19" count="0" type="stmt"/>
      <line num="24" count="2" type="stmt"/>
      <line num="25" count="31" type="stmt"/>
      <line num="27" count="31" type="stmt"/>
      <line num="29" count="31" type="stmt"/>
      <line num="30" count="31" type="stmt"/>
      <line num="32" count="31" type="stmt"/>
      <line num="33" count="31" type="stmt"/>
      <line num="34" count="31" type="cond" truecount="2" falsecount="0"/>
      <line num="36" count="3" type="stmt"/>
      <line num="39" count="28" type="stmt"/>
      <line num="41" count="28" type="stmt"/>
      <line num="42" count="28" type="stmt"/>
      <line num="45" count="0" type="stmt"/>
      <line num="47" count="0" type="stmt"/>
      <line num="51" count="2" type="stmt"/>
      <line num="52" count="1" type="stmt"/>
      <line num="53" count="1" type="stmt"/>
      <line num="54" count="1" type="stmt"/>
      <line num="56" count="1" type="stmt"/>
      <line num="57" count="1" type="stmt"/>
      <line num="60" count="0" type="stmt"/>
      <line num="62" count="0" type="stmt"/>
      <line num="66" count="2" type="stmt"/>
      <line num="67" count="15" type="stmt"/>
      <line num="69" count="15" type="stmt"/>
      <line num="70" count="15" type="stmt"/>
      <line num="71" count="15" type="stmt"/>
      <line num="73" count="15" type="stmt"/>
      <line num="74" count="15" type="stmt"/>
      <line num="77" count="0" type="stmt"/>
      <line num="79" count="0" type="stmt"/>
      <line num="83" count="2" type="stmt"/>
      <line num="84" count="8" type="stmt"/>
      <line num="85" count="8" type="stmt"/>
      <line num="86" count="8" type="stmt"/>
      <line num="88" count="8" type="stmt"/>
      <line num="89" count="8" type="stmt"/>
      <line num="92" count="0" type="stmt"/>
      <line num="94" count="0" type="stmt"/>
      <line num="98" count="2" type="stmt"/>
      <line num="99" count="1" type="stmt"/>
      <line num="100" count="1" type="stmt"/>
      <line num="101" count="1" type="stmt"/>
      <line num="103" count="1" type="stmt"/>
      <line num="104" count="1" type="stmt"/>
      <line num="107" count="0" type="stmt"/>
      <line num="109" count="0" type="stmt"/>
      <line num="113" count="2" type="stmt"/>
      <line num="114" count="1" type="stmt"/>
      <line num="117" count="1" type="stmt"/>
      <line num="118" count="1" type="stmt"/>
      <line num="120" count="1" type="stmt"/>
      <line num="122" count="1" type="stmt"/>
      <line num="123" count="1" type="stmt"/>
      <line num="125" count="1" type="stmt"/>
      <line num="126" count="1" type="stmt"/>
      <line num="129" count="0" type="stmt"/>
      <line num="130" count="0" type="stmt"/>
      <line num="135" count="2" type="stmt"/>
      <line num="136" count="22" type="stmt"/>
      <line num="137" count="22" type="stmt"/>
      <line num="138" count="22" type="stmt"/>
      <line num="139" count="22" type="stmt"/>
      <line num="142" count="0" type="stmt"/>
      <line num="144" count="0" type="stmt"/>
      <line num="147" count="2" type="stmt"/>
      <line num="148" count="4" type="stmt"/>
      <line num="149" count="4" type="stmt"/>
      <line num="150" count="4" type="stmt"/>
      <line num="151" count="4" type="stmt"/>
      <line num="152" count="4" type="stmt"/>
      <line num="154" count="0" type="stmt"/>
      <line num="158" count="2" type="stmt"/>
      <line num="159" count="1" type="stmt"/>
      <line num="160" count="1" type="stmt"/>
      <line num="161" count="1" type="stmt"/>
      <line num="162" count="1" type="stmt"/>
      <line num="163" count="1" type="stmt"/>
      <line num="165" count="0" type="stmt"/>
      <line num="169" count="2" type="stmt"/>
    </file>
    <file name="webserver.js" path="/Users/mcleesm/Desktop/Senior Year/Fall 2021/CIS 557/project/src/backend/src/webserver.js">
      <metrics statements="638" coveredstatements="383" conditionals="86" coveredconditionals="43" methods="64" coveredmethods="37"/>
      <line num="1" count="1" type="stmt"/>
      <line num="2" count="1" type="stmt"/>
      <line num="4" count="1" type="stmt"/>
      <line num="6" count="1" type="stmt"/>
      <line num="8" count="1" type="stmt"/>
      <line num="10" count="1" type="stmt"/>
      <line num="11" count="1" type="stmt"/>
      <line num="12" count="1" type="stmt"/>
      <line num="13" count="1" type="stmt"/>
      <line num="14" count="1" type="stmt"/>
      <line num="15" count="1" type="stmt"/>
      <line num="16" count="1" type="stmt"/>
      <line num="17" count="1" type="stmt"/>
      <line num="18" count="1" type="stmt"/>
      <line num="19" count="1" type="stmt"/>
      <line num="20" count="1" type="stmt"/>
      <line num="22" count="1" type="stmt"/>
      <line num="24" count="1" type="stmt"/>
      <line num="25" count="1" type="stmt"/>
      <line num="27" count="1" type="stmt"/>
      <line num="43" count="1" type="stmt"/>
      <line num="44" count="1" type="stmt"/>
      <line num="45" count="1" type="stmt"/>
      <line num="46" count="1" type="stmt"/>
      <line num="47" count="1" type="stmt"/>
      <line num="48" count="1" type="stmt"/>
      <line num="49" count="1" type="stmt"/>
      <line num="50" count="1" type="stmt"/>
      <line num="51" count="1" type="stmt"/>
      <line num="52" count="1" type="stmt"/>
      <line num="53" count="1" type="stmt"/>
      <line num="54" count="1" type="stmt"/>
      <line num="56" count="1" type="stmt"/>
      <line num="59" count="1" type="stmt"/>
      <line num="60" count="21" type="stmt"/>
      <line num="61" count="21" type="stmt"/>
      <line num="62" count="21" type="stmt"/>
      <line num="67" count="21" type="stmt"/>
      <line num="74" count="21" type="stmt"/>
      <line num="75" count="21" type="cond" truecount="2" falsecount="0"/>
      <line num="76" count="1" type="stmt"/>
      <line num="78" count="20" type="stmt"/>
      <line num="80" count="20" type="stmt"/>
      <line num="86" count="0" type="stmt"/>
      <line num="90" count="1" type="stmt"/>
      <line num="92" count="4" type="stmt"/>
      <line num="93" count="4" type="stmt"/>
      <line num="94" count="4" type="stmt"/>
      <line num="95" count="4" type="stmt"/>
      <line num="98" count="4" type="cond" truecount="2" falsecount="0"/>
      <line num="99" count="2" type="stmt"/>
      <line num="100" count="2" type="stmt"/>
      <line num="101" count="2" type="stmt"/>
      <line num="105" count="2" type="cond" truecount="3" falsecount="1"/>
      <line num="108" count="0" type="stmt"/>
      <line num="109" count="0" type="stmt"/>
      <line num="110" count="0" type="cond" truecount="0" falsecount="2"/>
      <line num="112" count="0" type="stmt"/>
      <line num="115" count="0" type="stmt"/>
      <line num="116" count="0" type="stmt"/>
      <line num="120" count="2" type="cond" truecount="2" falsecount="0"/>
      <line num="121" count="1" type="stmt"/>
      <line num="122" count="1" type="cond" truecount="1" falsecount="1"/>
      <line num="123" count="1" type="stmt"/>
      <line num="124" count="1" type="stmt"/>
      <line num="128" count="0" type="stmt"/>
      <line num="131" count="0" type="stmt"/>
      <line num="135" count="1" type="stmt"/>
      <line num="136" count="6" type="stmt"/>
      <line num="137" count="6" type="stmt"/>
      <line num="140" count="6" type="stmt"/>
      <line num="142" count="6" type="stmt"/>
      <line num="143" count="6" type="stmt"/>
      <line num="145" count="0" type="stmt"/>
      <line num="149" count="1" type="stmt"/>
      <line num="150" count="1" type="stmt"/>
      <line num="151" count="1" type="stmt"/>
      <line num="154" count="1" type="stmt"/>
      <line num="155" count="1" type="stmt"/>
      <line num="157" count="0" type="stmt"/>
      <line num="161" count="1" type="stmt"/>
      <line num="162" count="1" type="stmt"/>
      <line num="163" count="1" type="stmt"/>
      <line num="165" count="1" type="stmt"/>
      <line num="166" count="1" type="stmt"/>
      <line num="168" count="0" type="stmt"/>
      <line num="172" count="1" type="stmt"/>
      <line num="174" count="12" type="stmt"/>
      <line num="175" count="12" type="stmt"/>
      <line num="176" count="12" type="stmt"/>
      <line num="177" count="12" type="stmt"/>
      <line num="185" count="12" type="stmt"/>
      <line num="192" count="12" type="stmt"/>
      <line num="193" count="12" type="cond" truecount="1" falsecount="1"/>
      <line num="194" count="0" type="stmt"/>
      <line num="195" count="0" type="stmt"/>
      <line num="198" count="12" type="stmt"/>
      <line num="199" count="12" type="stmt"/>
      <line num="200" count="12" type="stmt"/>
      <line num="207" count="12" type="stmt"/>
      <line num="213" count="12" type="stmt"/>
      <line num="215" count="12" type="stmt"/>
      <line num="218" count="12" type="stmt"/>
      <line num="220" count="0" type="stmt"/>
      <line num="222" count="0" type="stmt"/>
      <line num="225" count="1" type="stmt"/>
      <line num="227" count="0" type="stmt"/>
      <line num="229" count="0" type="stmt"/>
      <line num="230" count="0" type="stmt"/>
      <line num="231" count="0" type="cond" truecount="0" falsecount="2"/>
      <line num="232" count="0" type="stmt"/>
      <line num="234" count="0" type="stmt"/>
      <line num="237" count="0" type="stmt"/>
      <line num="241" count="1" type="stmt"/>
      <line num="243" count="0" type="stmt"/>
      <line num="245" count="0" type="stmt"/>
      <line num="246" count="0" type="stmt"/>
      <line num="247" count="0" type="cond" truecount="0" falsecount="2"/>
      <line num="248" count="0" type="stmt"/>
      <line num="250" count="0" type="stmt"/>
      <line num="253" count="0" type="stmt"/>
      <line num="257" count="1" type="stmt"/>
      <line num="259" count="1" type="stmt"/>
      <line num="261" count="1" type="stmt"/>
      <line num="262" count="1" type="stmt"/>
      <line num="263" count="1" type="stmt"/>
      <line num="264" count="1" type="cond" truecount="1" falsecount="1"/>
      <line num="265" count="0" type="stmt"/>
      <line num="266" count="0" type="stmt"/>
      <line num="267" count="0" type="stmt"/>
      <line num="269" count="1" type="stmt"/>
      <line num="271" count="1" type="stmt"/>
      <line num="273" count="0" type="stmt"/>
      <line num="277" count="1" type="stmt"/>
      <line num="279" count="1" type="stmt"/>
      <line num="281" count="1" type="stmt"/>
      <line num="282" count="1" type="stmt"/>
      <line num="283" count="1" type="stmt"/>
      <line num="285" count="0" type="stmt"/>
      <line num="289" count="1" type="stmt"/>
      <line num="291" count="0" type="stmt"/>
      <line num="292" count="0" type="stmt"/>
      <line num="293" count="0" type="stmt"/>
      <line num="294" count="0" type="stmt"/>
      <line num="296" count="0" type="stmt"/>
      <line num="297" count="0" type="stmt"/>
      <line num="299" count="0" type="stmt"/>
      <line num="303" count="1" type="stmt"/>
      <line num="305" count="0" type="stmt"/>
      <line num="306" count="0" type="stmt"/>
      <line num="307" count="0" type="stmt"/>
      <line num="308" count="0" type="stmt"/>
      <line num="310" count="0" type="stmt"/>
      <line num="311" count="0" type="stmt"/>
      <line num="313" count="0" type="stmt"/>
      <line num="317" count="1" type="stmt"/>
      <line num="319" count="1" type="stmt"/>
      <line num="320" count="1" type="stmt"/>
      <line num="321" count="1" type="stmt"/>
      <line num="322" count="1" type="stmt"/>
      <line num="324" count="1" type="stmt"/>
      <line num="325" count="1" type="stmt"/>
      <line num="327" count="0" type="stmt"/>
      <line num="331" count="1" type="stmt"/>
      <line num="332" count="0" type="stmt"/>
      <line num="333" count="0" type="stmt"/>
      <line num="334" count="0" type="stmt"/>
      <line num="336" count="0" type="stmt"/>
      <line num="338" count="0" type="cond" truecount="0" falsecount="2"/>
      <line num="339" count="0" type="stmt"/>
      <line num="340" count="0" type="stmt"/>
      <line num="343" count="0" type="stmt"/>
      <line num="345" count="0" type="stmt"/>
      <line num="349" count="1" type="stmt"/>
      <line num="351" count="0" type="stmt"/>
      <line num="352" count="0" type="stmt"/>
      <line num="353" count="0" type="stmt"/>
      <line num="354" count="0" type="stmt"/>
      <line num="355" count="0" type="stmt"/>
      <line num="357" count="0" type="stmt"/>
      <line num="363" count="1" type="stmt"/>
      <line num="365" count="0" type="stmt"/>
      <line num="366" count="0" type="stmt"/>
      <line num="367" count="0" type="stmt"/>
      <line num="368" count="0" type="stmt"/>
      <line num="370" count="0" type="stmt"/>
      <line num="371" count="0" type="stmt"/>
      <line num="373" count="0" type="stmt"/>
      <line num="378" count="1" type="stmt"/>
      <line num="380" count="0" type="stmt"/>
      <line num="381" count="0" type="stmt"/>
      <line num="382" count="0" type="stmt"/>
      <line num="383" count="0" type="stmt"/>
      <line num="385" count="0" type="stmt"/>
      <line num="386" count="0" type="stmt"/>
      <line num="388" count="0" type="stmt"/>
      <line num="392" count="1" type="stmt"/>
      <line num="394" count="0" type="stmt"/>
      <line num="395" count="0" type="stmt"/>
      <line num="396" count="0" type="stmt"/>
      <line num="397" count="0" type="stmt"/>
      <line num="400" count="0" type="stmt"/>
      <line num="401" count="0" type="stmt"/>
      <line num="403" count="0" type="stmt"/>
      <line num="407" count="1" type="stmt"/>
      <line num="409" count="0" type="stmt"/>
      <line num="410" count="0" type="stmt"/>
      <line num="411" count="0" type="stmt"/>
      <line num="412" count="0" type="stmt"/>
      <line num="415" count="0" type="stmt"/>
      <line num="416" count="0" type="stmt"/>
      <line num="418" count="0" type="stmt"/>
      <line num="423" count="1" type="stmt"/>
      <line num="425" count="0" type="stmt"/>
      <line num="426" count="0" type="stmt"/>
      <line num="427" count="0" type="stmt"/>
      <line num="428" count="0" type="stmt"/>
      <line num="432" count="0" type="stmt"/>
      <line num="434" count="0" type="stmt"/>
      <line num="439" count="1" type="stmt"/>
      <line num="441" count="0" type="stmt"/>
      <line num="442" count="0" type="stmt"/>
      <line num="443" count="0" type="stmt"/>
      <line num="444" count="0" type="stmt"/>
      <line num="445" count="0" type="stmt"/>
      <line num="447" count="0" type="stmt"/>
      <line num="451" count="1" type="stmt"/>
      <line num="457" count="0" type="stmt"/>
      <line num="458" count="0" type="stmt"/>
      <line num="464" count="0" type="stmt"/>
      <line num="465" count="0" type="stmt"/>
      <line num="468" count="0" type="stmt"/>
      <line num="469" count="0" type="stmt"/>
      <line num="473" count="1" type="stmt"/>
      <line num="475" count="0" type="stmt"/>
      <line num="476" count="0" type="stmt"/>
      <line num="477" count="0" type="stmt"/>
      <line num="478" count="0" type="stmt"/>
      <line num="479" count="0" type="stmt"/>
      <line num="482" count="0" type="stmt"/>
      <line num="483" count="0" type="stmt"/>
      <line num="485" count="0" type="stmt"/>
      <line num="489" count="1" type="stmt"/>
      <line num="491" count="0" type="stmt"/>
      <line num="492" count="0" type="stmt"/>
      <line num="493" count="0" type="stmt"/>
      <line num="494" count="0" type="stmt"/>
      <line num="495" count="0" type="stmt"/>
      <line num="497" count="0" type="stmt"/>
      <line num="501" count="1" type="stmt"/>
      <line num="503" count="2" type="stmt"/>
      <line num="505" count="2" type="stmt"/>
      <line num="506" count="2" type="stmt"/>
      <line num="507" count="2" type="stmt"/>
      <line num="508" count="2" type="stmt"/>
      <line num="509" count="2" type="stmt"/>
      <line num="511" count="0" type="stmt"/>
      <line num="515" count="1" type="stmt"/>
      <line num="516" count="0" type="stmt"/>
      <line num="517" count="0" type="stmt"/>
      <line num="518" count="0" type="stmt"/>
      <line num="520" count="0" type="stmt"/>
      <line num="524" count="1" type="stmt"/>
      <line num="525" count="0" type="stmt"/>
      <line num="526" count="0" type="stmt"/>
      <line num="527" count="0" type="stmt"/>
      <line num="528" count="0" type="stmt"/>
      <line num="529" count="0" type="stmt"/>
      <line num="531" count="0" type="stmt"/>
      <line num="536" count="1" type="stmt"/>
      <line num="538" count="0" type="stmt"/>
      <line num="539" count="0" type="stmt"/>
      <line num="540" count="0" type="stmt"/>
      <line num="541" count="0" type="cond" truecount="0" falsecount="2"/>
      <line num="542" count="0" type="stmt"/>
      <line num="544" count="0" type="stmt"/>
      <line num="549" count="0" type="stmt"/>
      <line num="551" count="0" type="stmt"/>
      <line num="555" count="1" type="stmt"/>
      <line num="557" count="0" type="stmt"/>
      <line num="558" count="0" type="stmt"/>
      <line num="559" count="0" type="stmt"/>
      <line num="560" count="0" type="stmt"/>
      <line num="561" count="0" type="stmt"/>
      <line num="562" count="0" type="cond" truecount="0" falsecount="2"/>
      <line num="563" count="0" type="stmt"/>
      <line num="565" count="0" type="stmt"/>
      <line num="570" count="0" type="stmt"/>
      <line num="572" count="0" type="stmt"/>
      <line num="575" count="1" type="stmt"/>
      <line num="577" count="2" type="stmt"/>
      <line num="578" count="2" type="stmt"/>
      <line num="579" count="2" type="stmt"/>
      <line num="581" count="2" type="stmt"/>
      <line num="582" count="2" type="stmt"/>
      <line num="583" count="2" type="stmt"/>
      <line num="584" count="4" type="cond" truecount="2" falsecount="0"/>
      <line num="585" count="2" type="stmt"/>
      <line num="586" count="2" type="stmt"/>
      <line num="589" count="2" type="cond" truecount="1" falsecount="1"/>
      <line num="591" count="0" type="stmt"/>
      <line num="592" count="0" type="stmt"/>
      <line num="595" count="2" type="stmt"/>
      <line num="603" count="2" type="stmt"/>
      <line num="605" count="2" type="stmt"/>
      <line num="606" count="2" type="stmt"/>
      <line num="608" count="0" type="stmt"/>
      <line num="613" count="1" type="stmt"/>
      <line num="615" count="0" type="stmt"/>
      <line num="616" count="0" type="stmt"/>
      <line num="617" count="0" type="stmt"/>
      <line num="620" count="0" type="stmt"/>
      <line num="621" count="0" type="stmt"/>
      <line num="623" count="0" type="stmt"/>
      <line num="627" count="1" type="stmt"/>
      <line num="629" count="0" type="stmt"/>
      <line num="630" count="0" type="stmt"/>
      <line num="631" count="0" type="stmt"/>
      <line num="633" count="0" type="stmt"/>
      <line num="635" count="0" type="stmt"/>
      <line num="639" count="1" type="stmt"/>
      <line num="641" count="0" type="stmt"/>
      <line num="642" count="0" type="stmt"/>
      <line num="643" count="0" type="stmt"/>
      <line num="646" count="0" type="stmt"/>
      <line num="647" count="0" type="stmt"/>
      <line num="649" count="0" type="stmt"/>
      <line num="653" count="1" type="stmt"/>
      <line num="655" count="0" type="stmt"/>
      <line num="656" count="0" type="stmt"/>
      <line num="657" count="0" type="stmt"/>
      <line num="658" count="0" type="stmt"/>
      <line num="660" count="0" type="stmt"/>
      <line num="664" count="1" type="stmt"/>
      <line num="666" count="0" type="stmt"/>
      <line num="667" count="0" type="stmt"/>
      <line num="668" count="0" type="stmt"/>
      <line num="671" count="0" type="stmt"/>
      <line num="673" count="0" type="cond" truecount="0" falsecount="2"/>
      <line num="674" count="0" type="stmt"/>
      <line num="675" count="0" type="stmt"/>
      <line num="678" count="0" type="stmt"/>
      <line num="680" count="0" type="stmt"/>
      <line num="682" count="0" type="stmt"/>
      <line num="686" count="1" type="stmt"/>
      <line num="688" count="1" type="stmt"/>
      <line num="689" count="1" type="stmt"/>
      <line num="690" count="1" type="stmt"/>
      <line num="691" count="1" type="stmt"/>
      <line num="699" count="1" type="stmt"/>
      <line num="700" count="1" type="cond" truecount="1" falsecount="1"/>
      <line num="701" count="0" type="stmt"/>
      <line num="703" count="1" type="stmt"/>
      <line num="708" count="0" type="stmt"/>
      <line num="710" count="1" type="stmt"/>
      <line num="713" count="1" type="stmt"/>
      <line num="715" count="6" type="stmt"/>
      <line num="716" count="6" type="stmt"/>
      <line num="717" count="6" type="stmt"/>
      <line num="718" count="6" type="stmt"/>
      <line num="727" count="6" type="stmt"/>
      <line num="728" count="6" type="cond" truecount="1" falsecount="1"/>
      <line num="729" count="0" type="stmt"/>
      <line num="731" count="6" type="stmt"/>
      <line num="736" count="0" type="stmt"/>
      <line num="738" count="6" type="stmt"/>
      <line num="741" count="1" type="stmt"/>
      <line num="743" count="1" type="stmt"/>
      <line num="744" count="1" type="stmt"/>
      <line num="745" count="1" type="stmt"/>
      <line num="746" count="1" type="stmt"/>
      <line num="755" count="1" type="stmt"/>
      <line num="756" count="1" type="cond" truecount="1" falsecount="1"/>
      <line num="757" count="0" type="stmt"/>
      <line num="759" count="1" type="stmt"/>
      <line num="764" count="0" type="stmt"/>
      <line num="766" count="1" type="stmt"/>
      <line num="769" count="1" type="stmt"/>
      <line num="771" count="1" type="stmt"/>
      <line num="772" count="1" type="stmt"/>
      <line num="773" count="1" type="stmt"/>
      <line num="774" count="1" type="stmt"/>
      <line num="783" count="1" type="stmt"/>
      <line num="784" count="1" type="cond" truecount="1" falsecount="1"/>
      <line num="785" count="0" type="stmt"/>
      <line num="787" count="1" type="stmt"/>
      <line num="792" count="0" type="stmt"/>
      <line num="794" count="1" type="stmt"/>
      <line num="797" count="1" type="stmt"/>
      <line num="799" count="0" type="stmt"/>
      <line num="800" count="0" type="stmt"/>
      <line num="801" count="0" type="stmt"/>
      <line num="802" count="0" type="stmt"/>
      <line num="804" count="0" type="stmt"/>
      <line num="806" count="0" type="stmt"/>
      <line num="808" count="0" type="stmt"/>
      <line num="811" count="1" type="stmt"/>
      <line num="813" count="2" type="stmt"/>
      <line num="814" count="2" type="stmt"/>
      <line num="815" count="2" type="stmt"/>
      <line num="816" count="2" type="stmt"/>
      <line num="818" count="2" type="stmt"/>
      <line num="819" count="2" type="stmt"/>
      <line num="820" count="2" type="stmt"/>
      <line num="821" count="2" type="stmt"/>
      <line num="822" count="2" type="cond" truecount="1" falsecount="1"/>
      <line num="823" count="2" type="stmt"/>
      <line num="827" count="2" type="stmt"/>
      <line num="828" count="2" type="stmt"/>
      <line num="829" count="2" type="stmt"/>
      <line num="830" count="2" type="stmt"/>
      <line num="831" count="2" type="stmt"/>
      <line num="832" count="2" type="cond" truecount="1" falsecount="1"/>
      <line num="833" count="2" type="stmt"/>
      <line num="834" count="2" type="stmt"/>
      <line num="835" count="2" type="stmt"/>
      <line num="836" count="2" type="stmt"/>
      <line num="837" count="2" type="stmt"/>
      <line num="838" count="2" type="stmt"/>
      <line num="843" count="2" type="stmt"/>
      <line num="845" count="0" type="stmt"/>
      <line num="847" count="2" type="stmt"/>
      <line num="850" count="1" type="stmt"/>
      <line num="852" count="2" type="stmt"/>
      <line num="859" count="2" type="stmt"/>
      <line num="860" count="2" type="stmt"/>
      <line num="861" count="2" type="stmt"/>
      <line num="863" count="2" type="stmt"/>
      <line num="864" count="2" type="stmt"/>
      <line num="865" count="2" type="stmt"/>
      <line num="872" count="2" type="cond" truecount="1" falsecount="1"/>
      <line num="873" count="0" type="stmt"/>
      <line num="875" count="2" type="stmt"/>
      <line num="880" count="0" type="stmt"/>
      <line num="882" count="2" type="stmt"/>
      <line num="885" count="1" type="stmt"/>
      <line num="887" count="2" type="stmt"/>
      <line num="889" count="2" type="stmt"/>
      <line num="890" count="2" type="stmt"/>
      <line num="891" count="2" type="stmt"/>
      <line num="892" count="2" type="stmt"/>
      <line num="893" count="2" type="cond" truecount="2" falsecount="0"/>
      <line num="894" count="1" type="stmt"/>
      <line num="897" count="1" type="stmt"/>
      <line num="902" count="1" type="stmt"/>
      <line num="908" count="1" type="cond" truecount="1" falsecount="1"/>
      <line num="909" count="0" type="stmt"/>
      <line num="911" count="1" type="stmt"/>
      <line num="918" count="1" type="stmt"/>
      <line num="923" count="1" type="stmt"/>
      <line num="927" count="0" type="stmt"/>
      <line num="929" count="2" type="stmt"/>
      <line num="932" count="1" type="stmt"/>
      <line num="934" count="1" type="stmt"/>
      <line num="935" count="1" type="stmt"/>
      <line num="936" count="1" type="stmt"/>
      <line num="938" count="1" type="cond" truecount="1" falsecount="1"/>
      <line num="939" count="0" type="stmt"/>
      <line num="941" count="1" type="stmt"/>
      <line num="946" count="0" type="stmt"/>
      <line num="948" count="1" type="stmt"/>
      <line num="951" count="1" type="stmt"/>
      <line num="953" count="1" type="stmt"/>
      <line num="954" count="1" type="stmt"/>
      <line num="955" count="1" type="stmt"/>
      <line num="957" count="1" type="cond" truecount="1" falsecount="1"/>
      <line num="958" count="0" type="stmt"/>
      <line num="960" count="1" type="stmt"/>
      <line num="965" count="0" type="stmt"/>
      <line num="967" count="1" type="stmt"/>
      <line num="970" count="1" type="stmt"/>
      <line num="972" count="1" type="stmt"/>
      <line num="974" count="1" type="stmt"/>
      <line num="975" count="1" type="stmt"/>
      <line num="976" count="1" type="cond" truecount="1" falsecount="1"/>
      <line num="977" count="0" type="stmt"/>
      <line num="979" count="1" type="stmt"/>
      <line num="982" count="0" type="stmt"/>
      <line num="986" count="1" type="stmt"/>
      <line num="988" count="1" type="stmt"/>
      <line num="989" count="1" type="stmt"/>
      <line num="990" count="1" type="stmt"/>
      <line num="991" count="1" type="stmt"/>
      <line num="992" count="1" type="stmt"/>
      <line num="993" count="1" type="stmt"/>
      <line num="995" count="0" type="stmt"/>
      <line num="997" count="1" type="stmt"/>
      <line num="1000" count="1" type="stmt"/>
      <line num="1002" count="2" type="stmt"/>
      <line num="1003" count="2" type="stmt"/>
      <line num="1004" count="2" type="stmt"/>
      <line num="1005" count="2" type="stmt"/>
      <line num="1013" count="2" type="stmt"/>
      <line num="1014" count="2" type="cond" truecount="1" falsecount="1"/>
      <line num="1015" count="0" type="stmt"/>
      <line num="1017" count="2" type="stmt"/>
      <line num="1022" count="0" type="stmt"/>
      <line num="1024" count="2" type="stmt"/>
      <line num="1027" count="1" type="stmt"/>
      <line num="1029" count="2" type="stmt"/>
      <line num="1031" count="2" type="stmt"/>
      <line num="1032" count="2" type="stmt"/>
      <line num="1033" count="2" type="cond" truecount="1" falsecount="1"/>
      <line num="1034" count="0" type="stmt"/>
      <line num="1036" count="2" type="stmt"/>
      <line num="1039" count="0" type="stmt"/>
      <line num="1043" count="1" type="stmt"/>
      <line num="1045" count="0" type="stmt"/>
      <line num="1047" count="0" type="stmt"/>
      <line num="1048" count="0" type="stmt"/>
      <line num="1049" count="0" type="stmt"/>
      <line num="1051" count="0" type="stmt"/>
      <line num="1055" count="1" type="stmt"/>
      <line num="1057" count="1" type="stmt"/>
      <line num="1058" count="1" type="stmt"/>
      <line num="1059" count="1" type="stmt"/>
      <line num="1061" count="1" type="cond" truecount="1" falsecount="1"/>
      <line num="1062" count="0" type="stmt"/>
      <line num="1064" count="1" type="stmt"/>
      <line num="1069" count="0" type="stmt"/>
      <line num="1071" count="1" type="stmt"/>
      <line num="1074" count="1" type="stmt"/>
      <line num="1076" count="1" type="stmt"/>
      <line num="1077" count="1" type="stmt"/>
      <line num="1078" count="1" type="stmt"/>
      <line num="1080" count="1" type="cond" truecount="1" falsecount="1"/>
      <line num="1081" count="0" type="stmt"/>
      <line num="1083" count="1" type="stmt"/>
      <line num="1088" count="0" type="stmt"/>
      <line num="1090" count="1" type="stmt"/>
      <line num="1093" count="1" type="stmt"/>
      <line num="1095" count="1" type="stmt"/>
      <line num="1096" count="1" type="stmt"/>
      <line num="1097" count="1" type="stmt"/>
      <line num="1099" count="1" type="cond" truecount="1" falsecount="1"/>
      <line num="1100" count="0" type="stmt"/>
      <line num="1102" count="1" type="stmt"/>
      <line num="1107" count="0" type="stmt"/>
      <line num="1109" count="1" type="stmt"/>
      <line num="1112" count="1" type="stmt"/>
      <line num="1113" count="8" type="stmt"/>
      <line num="1114" count="8" type="stmt"/>
      <line num="1116" count="8" type="stmt"/>
      <line num="1117" count="8" type="stmt"/>
      <line num="1118" count="8" type="cond" truecount="1" falsecount="1"/>
      <line num="1119" count="0" type="stmt"/>
      <line num="1122" count="8" type="stmt"/>
      <line num="1123" count="8" type="stmt"/>
      <line num="1124" count="8" type="stmt"/>
      <line num="1125" count="8" type="stmt"/>
      <line num="1126" count="8" type="cond" truecount="1" falsecount="1"/>
      <line num="1127" count="8" type="stmt"/>
      <line num="1128" count="8" type="stmt"/>
      <line num="1132" count="8" type="cond" truecount="1" falsecount="1"/>
      <line num="1133" count="0" type="stmt"/>
      <line num="1136" count="8" type="stmt"/>
      <line num="1138" count="8" type="cond" truecount="2" falsecount="0"/>
      <line num="1139" count="6" type="stmt"/>
      <line num="1140" count="2" type="cond" truecount="1" falsecount="1"/>
      <line num="1142" count="2" type="stmt"/>
      <line num="1144" count="8" type="stmt"/>
      <line num="1146" count="0" type="stmt"/>
      <line num="1150" count="1" type="stmt"/>
      <line num="1151" count="2" type="stmt"/>
      <line num="1152" count="2" type="cond" truecount="1" falsecount="1"/>
      <line num="1153" count="0" type="stmt"/>
      <line num="1154" count="0" type="stmt"/>
      <line num="1156" count="2" type="stmt"/>
      <line num="1157" count="2" type="stmt"/>
      <line num="1159" count="2" type="stmt"/>
      <line num="1160" count="2" type="stmt"/>
      <line num="1163" count="2" type="stmt"/>
      <line num="1165" count="2" type="stmt"/>
      <line num="1166" count="2" type="stmt"/>
      <line num="1168" count="0" type="stmt"/>
      <line num="1172" count="1" type="stmt"/>
      <line num="1173" count="2" type="stmt"/>
      <line num="1174" count="2" type="cond" truecount="1" falsecount="1"/>
      <line num="1175" count="0" type="stmt"/>
      <line num="1176" count="0" type="stmt"/>
      <line num="1178" count="2" type="stmt"/>
      <line num="1179" count="2" type="stmt"/>
      <line num="1180" count="2" type="stmt"/>
      <line num="1181" count="2" type="stmt"/>
      <line num="1184" count="2" type="stmt"/>
      <line num="1186" count="2" type="stmt"/>
      <line num="1188" count="0" type="stmt"/>
      <line num="1192" count="1" type="stmt"/>
      <line num="1193" count="2" type="stmt"/>
      <line num="1194" count="2" type="cond" truecount="1" falsecount="1"/>
      <line num="1195" count="0" type="stmt"/>
      <line num="1196" count="0" type="stmt"/>
      <line num="1198" count="2" type="stmt"/>
      <line num="1199" count="2" type="stmt"/>
      <line num="1200" count="2" type="stmt"/>
      <line num="1201" count="2" type="stmt"/>
      <line num="1204" count="2" type="stmt"/>
      <line num="1206" count="2" type="stmt"/>
      <line num="1208" count="0" type="stmt"/>
      <line num="1212" count="1" type="stmt"/>
      <line num="1213" count="2" type="stmt"/>
      <line num="1214" count="2" type="cond" truecount="1" falsecount="1"/>
      <line num="1215" count="0" type="stmt"/>
      <line num="1216" count="0" type="stmt"/>
      <line num="1218" count="2" type="stmt"/>
      <line num="1219" count="2" type="stmt"/>
      <line num="1220" count="2" type="stmt"/>
      <line num="1221" count="2" type="stmt"/>
      <line num="1224" count="2" type="stmt"/>
      <line num="1226" count="2" type="stmt"/>
      <line num="1228" count="0" type="stmt"/>
      <line num="1232" count="1" type="stmt"/>
      <line num="1233" count="0" type="stmt"/>
      <line num="1234" count="0" type="stmt"/>
      <line num="1235" count="0" type="stmt"/>
      <line num="1238" count="0" type="stmt"/>
      <line num="1239" count="0" type="stmt"/>
      <line num="1241" count="0" type="stmt"/>
      <line num="1245" count="1" type="stmt"/>
      <line num="1246" count="2" type="stmt"/>
      <line num="1247" count="2" type="stmt"/>
      <line num="1248" count="2" type="stmt"/>
      <line num="1251" count="2" type="stmt"/>
      <line num="1252" count="2" type="stmt"/>
      <line num="1254" count="0" type="stmt"/>
      <line num="1258" count="1" type="stmt"/>
      <line num="1259" count="1" type="stmt"/>
      <line num="1260" count="1" type="stmt"/>
      <line num="1261" count="1" type="stmt"/>
      <line num="1263" count="0" type="stmt"/>
      <line num="1267" count="1" type="stmt"/>
      <line num="1268" count="1" type="stmt"/>
      <line num="1269" count="1" type="stmt"/>
      <line num="1270" count="1" type="stmt"/>
      <line num="1272" count="0" type="stmt"/>
      <line num="1276" count="1" type="stmt"/>
      <line num="1278" count="1" type="stmt"/>
      <line num="1282" count="1" type="stmt"/>
    </file>
  </project>
</coverage>
