<?xml version="1.0" encoding="UTF-8"?>
<coverage generated="1640081461108" clover="3.2.0">
  <project timestamp="1640081461108" name="All files">
    <metrics statements="1566" coveredstatements="1110" conditionals="110" coveredconditionals="66" methods="157" coveredmethods="129" elements="1833" coveredelements="1305" complexity="0" loc="1566" ncloc="1566" packages="1" files="12" classes="12"/>
    <file name="adminTableDatabase.js" path="/Users/mcleesm/Desktop/Senior Year/Fall 2021/CIS 557/project/src/backend/src/adminTableDatabase.js">
      <metrics statements="68" coveredstatements="58" conditionals="4" coveredconditionals="4" methods="8" coveredmethods="8"/>
      <line num="1" count="2" type="stmt"/>
      <line num="4" count="2" type="stmt"/>
      <line num="5" count="3" type="stmt"/>
      <line num="6" count="3" type="stmt"/>
      <line num="14" count="3" type="stmt"/>
      <line num="15" count="3" type="stmt"/>
      <line num="18" count="0" type="stmt"/>
      <line num="19" count="0" type="stmt"/>
      <line num="25" count="2" type="stmt"/>
      <line num="26" count="27" type="stmt"/>
      <line num="28" count="27" type="stmt"/>
      <line num="29" count="27" type="stmt"/>
      <line num="30" count="27" type="stmt"/>
      <line num="33" count="26" type="stmt"/>
      <line num="34" count="26" type="stmt"/>
      <line num="37" count="1" type="stmt"/>
      <line num="39" count="1" type="stmt"/>
      <line num="43" count="2" type="stmt"/>
      <line num="44" count="6" type="stmt"/>
      <line num="46" count="6" type="stmt"/>
      <line num="48" count="6" type="stmt"/>
      <line num="49" count="6" type="stmt"/>
      <line num="51" count="6" type="stmt"/>
      <line num="52" count="6" type="stmt"/>
      <line num="53" count="6" type="stmt"/>
      <line num="56" count="0" type="stmt"/>
      <line num="58" count="0" type="stmt"/>
      <line num="62" count="2" type="stmt"/>
      <line num="63" count="1" type="stmt"/>
      <line num="65" count="1" type="stmt"/>
      <line num="66" count="1" type="stmt"/>
      <line num="69" count="1" type="stmt"/>
      <line num="70" count="1" type="stmt"/>
      <line num="71" count="1" type="stmt"/>
      <line num="72" count="8" type="cond" truecount="2" falsecount="0"/>
      <line num="74" count="6" type="stmt"/>
      <line num="75" count="6" type="stmt"/>
      <line num="80" count="1" type="stmt"/>
      <line num="81" count="1" type="stmt"/>
      <line num="84" count="0" type="stmt"/>
      <line num="86" count="0" type="stmt"/>
      <line num="90" count="2" type="stmt"/>
      <line num="91" count="1" type="stmt"/>
      <line num="92" count="1" type="stmt"/>
      <line num="93" count="1" type="stmt"/>
      <line num="94" count="1" type="stmt"/>
      <line num="95" count="1" type="stmt"/>
      <line num="97" count="0" type="stmt"/>
      <line num="102" count="2" type="stmt"/>
      <line num="103" count="2" type="stmt"/>
      <line num="104" count="2" type="stmt"/>
      <line num="106" count="2" type="stmt"/>
      <line num="108" count="2" type="stmt"/>
      <line num="110" count="2" type="stmt"/>
      <line num="111" count="2" type="cond" truecount="2" falsecount="0"/>
      <line num="112" count="1" type="stmt"/>
      <line num="114" count="1" type="stmt"/>
      <line num="116" count="1" type="stmt"/>
      <line num="117" count="1" type="stmt"/>
      <line num="120" count="0" type="stmt"/>
      <line num="122" count="0" type="stmt"/>
      <line num="125" count="2" type="stmt"/>
      <line num="126" count="1" type="stmt"/>
      <line num="127" count="1" type="stmt"/>
      <line num="128" count="1" type="stmt"/>
      <line num="129" count="1" type="stmt"/>
      <line num="132" count="0" type="stmt"/>
      <line num="136" count="2" type="stmt"/>
    </file>
    <file name="convoTableDatabase.js" path="/Users/mcleesm/Desktop/Senior Year/Fall 2021/CIS 557/project/src/backend/src/convoTableDatabase.js">
      <metrics statements="47" coveredstatements="36" conditionals="0" coveredconditionals="0" methods="5" coveredmethods="5"/>
      <line num="1" count="2" type="stmt"/>
      <line num="4" count="2" type="stmt"/>
      <line num="5" count="2" type="stmt"/>
      <line num="6" count="2" type="stmt"/>
      <line num="14" count="2" type="stmt"/>
      <line num="15" count="2" type="stmt"/>
      <line num="18" count="0" type="stmt"/>
      <line num="19" count="0" type="stmt"/>
      <line num="24" count="2" type="stmt"/>
      <line num="25" count="11" type="stmt"/>
      <line num="27" count="11" type="stmt"/>
      <line num="28" count="11" type="stmt"/>
      <line num="29" count="11" type="stmt"/>
      <line num="31" count="11" type="stmt"/>
      <line num="32" count="11" type="stmt"/>
      <line num="35" count="0" type="stmt"/>
      <line num="37" count="0" type="stmt"/>
      <line num="41" count="2" type="stmt"/>
      <line num="42" count="7" type="stmt"/>
      <line num="43" count="7" type="stmt"/>
      <line num="45" count="7" type="stmt"/>
      <line num="46" count="7" type="stmt"/>
      <line num="49" count="7" type="stmt"/>
      <line num="50" count="7" type="stmt"/>
      <line num="52" count="0" type="stmt"/>
      <line num="54" count="0" type="stmt"/>
      <line num="56" count="0" type="stmt"/>
      <line num="60" count="2" type="stmt"/>
      <line num="61" count="8" type="stmt"/>
      <line num="62" count="8" type="stmt"/>
      <line num="64" count="8" type="stmt"/>
      <line num="65" count="8" type="stmt"/>
      <line num="68" count="8" type="stmt"/>
      <line num="69" count="8" type="stmt"/>
      <line num="72" count="0" type="stmt"/>
      <line num="74" count="0" type="stmt"/>
      <line num="78" count="2" type="stmt"/>
      <line num="79" count="3" type="stmt"/>
      <line num="81" count="3" type="stmt"/>
      <line num="83" count="3" type="stmt"/>
      <line num="84" count="3" type="stmt"/>
      <line num="85" count="3" type="stmt"/>
      <line num="87" count="3" type="stmt"/>
      <line num="88" count="3" type="stmt"/>
      <line num="91" count="0" type="stmt"/>
      <line num="93" count="0" type="stmt"/>
      <line num="96" count="2" type="stmt"/>
    </file>
    <file name="groupMemberTableDatabase.js" path="/Users/mcleesm/Desktop/Senior Year/Fall 2021/CIS 557/project/src/backend/src/groupMemberTableDatabase.js">
      <metrics statements="58" coveredstatements="44" conditionals="0" coveredconditionals="0" methods="7" coveredmethods="7"/>
      <line num="1" count="2" type="stmt"/>
      <line num="3" count="2" type="stmt"/>
      <line num="4" count="2" type="stmt"/>
      <line num="5" count="2" type="stmt"/>
      <line num="13" count="2" type="stmt"/>
      <line num="14" count="2" type="stmt"/>
      <line num="17" count="0" type="stmt"/>
      <line num="18" count="0" type="stmt"/>
      <line num="22" count="2" type="stmt"/>
      <line num="23" count="15" type="stmt"/>
      <line num="24" count="15" type="stmt"/>
      <line num="25" count="15" type="stmt"/>
      <line num="27" count="15" type="stmt"/>
      <line num="28" count="15" type="stmt"/>
      <line num="30" count="15" type="stmt"/>
      <line num="33" count="0" type="stmt"/>
      <line num="34" count="0" type="stmt"/>
      <line num="38" count="2" type="stmt"/>
      <line num="39" count="3" type="stmt"/>
      <line num="40" count="3" type="stmt"/>
      <line num="41" count="3" type="stmt"/>
      <line num="42" count="3" type="stmt"/>
      <line num="45" count="0" type="stmt"/>
      <line num="46" count="0" type="stmt"/>
      <line num="50" count="2" type="stmt"/>
      <line num="51" count="1" type="stmt"/>
      <line num="52" count="1" type="stmt"/>
      <line num="53" count="1" type="stmt"/>
      <line num="54" count="1" type="stmt"/>
      <line num="57" count="0" type="stmt"/>
      <line num="58" count="0" type="stmt"/>
      <line num="62" count="2" type="stmt"/>
      <line num="63" count="1" type="stmt"/>
      <line num="64" count="1" type="stmt"/>
      <line num="65" count="1" type="stmt"/>
      <line num="66" count="1" type="stmt"/>
      <line num="69" count="0" type="stmt"/>
      <line num="70" count="0" type="stmt"/>
      <line num="74" count="2" type="stmt"/>
      <line num="75" count="1" type="stmt"/>
      <line num="76" count="1" type="stmt"/>
      <line num="77" count="1" type="stmt"/>
      <line num="78" count="1" type="stmt"/>
      <line num="79" count="1" type="stmt"/>
      <line num="82" count="0" type="stmt"/>
      <line num="83" count="0" type="stmt"/>
      <line num="87" count="2" type="stmt"/>
      <line num="88" count="19" type="stmt"/>
      <line num="89" count="19" type="stmt"/>
      <line num="90" count="19" type="stmt"/>
      <line num="91" count="19" type="stmt"/>
      <line num="92" count="19" type="stmt"/>
      <line num="93" count="19" type="stmt"/>
      <line num="94" count="20" type="stmt"/>
      <line num="96" count="19" type="stmt"/>
      <line num="99" count="0" type="stmt"/>
      <line num="100" count="0" type="stmt"/>
      <line num="104" count="2" type="stmt"/>
    </file>
    <file name="groupTableDatabase.js" path="/Users/mcleesm/Desktop/Senior Year/Fall 2021/CIS 557/project/src/backend/src/groupTableDatabase.js">
      <metrics statements="166" coveredstatements="139" conditionals="16" coveredconditionals="15" methods="14" coveredmethods="14"/>
      <line num="1" count="2" type="stmt"/>
      <line num="4" count="2" type="stmt"/>
      <line num="5" count="2" type="stmt"/>
      <line num="6" count="2" type="stmt"/>
      <line num="14" count="2" type="stmt"/>
      <line num="15" count="2" type="stmt"/>
      <line num="18" count="0" type="stmt"/>
      <line num="19" count="0" type="stmt"/>
      <line num="24" count="2" type="stmt"/>
      <line num="25" count="26" type="stmt"/>
      <line num="27" count="26" type="stmt"/>
      <line num="29" count="26" type="stmt"/>
      <line num="31" count="26" type="stmt"/>
      <line num="32" count="26" type="stmt"/>
      <line num="33" count="26" type="cond" truecount="2" falsecount="0"/>
      <line num="35" count="1" type="stmt"/>
      <line num="38" count="25" type="stmt"/>
      <line num="40" count="25" type="stmt"/>
      <line num="41" count="25" type="stmt"/>
      <line num="44" count="0" type="stmt"/>
      <line num="46" count="0" type="stmt"/>
      <line num="50" count="2" type="stmt"/>
      <line num="51" count="17" type="stmt"/>
      <line num="53" count="17" type="stmt"/>
      <line num="54" count="17" type="stmt"/>
      <line num="55" count="17" type="stmt"/>
      <line num="57" count="17" type="cond" truecount="2" falsecount="0"/>
      <line num="58" count="6" type="stmt"/>
      <line num="59" count="6" type="stmt"/>
      <line num="61" count="6" type="stmt"/>
      <line num="64" count="0" type="stmt"/>
      <line num="68" count="17" type="cond" truecount="2" falsecount="0"/>
      <line num="69" count="4" type="stmt"/>
      <line num="70" count="4" type="stmt"/>
      <line num="72" count="4" type="stmt"/>
      <line num="75" count="0" type="stmt"/>
      <line num="79" count="17" type="cond" truecount="2" falsecount="0"/>
      <line num="80" count="4" type="stmt"/>
      <line num="81" count="4" type="stmt"/>
      <line num="83" count="4" type="stmt"/>
      <line num="86" count="0" type="stmt"/>
      <line num="92" count="2" type="stmt"/>
      <line num="93" count="2" type="stmt"/>
      <line num="94" count="2" type="stmt"/>
      <line num="95" count="2" type="stmt"/>
      <line num="97" count="2" type="stmt"/>
      <line num="99" count="2" type="stmt"/>
      <line num="100" count="2" type="stmt"/>
      <line num="101" count="16" type="stmt"/>
      <line num="104" count="2" type="stmt"/>
      <line num="107" count="0" type="stmt"/>
      <line num="109" count="0" type="stmt"/>
      <line num="113" count="2" type="stmt"/>
      <line num="114" count="28" type="stmt"/>
      <line num="115" count="28" type="stmt"/>
      <line num="116" count="28" type="stmt"/>
      <line num="118" count="28" type="stmt"/>
      <line num="120" count="28" type="stmt"/>
      <line num="121" count="28" type="stmt"/>
      <line num="122" count="28" type="stmt"/>
      <line num="125" count="28" type="stmt"/>
      <line num="128" count="0" type="stmt"/>
      <line num="130" count="0" type="stmt"/>
      <line num="134" count="2" type="stmt"/>
      <line num="135" count="2" type="stmt"/>
      <line num="136" count="2" type="stmt"/>
      <line num="137" count="2" type="stmt"/>
      <line num="138" count="2" type="stmt"/>
      <line num="140" count="2" type="stmt"/>
      <line num="142" count="2" type="stmt"/>
      <line num="143" count="2" type="stmt"/>
      <line num="144" count="3" type="stmt"/>
      <line num="145" count="3" type="stmt"/>
      <line num="147" count="3" type="stmt"/>
      <line num="148" count="3" type="cond" truecount="1" falsecount="1"/>
      <line num="149" count="3" type="stmt"/>
      <line num="150" count="3" type="stmt"/>
      <line num="154" count="2" type="stmt"/>
      <line num="157" count="0" type="stmt"/>
      <line num="159" count="0" type="stmt"/>
      <line num="163" count="2" type="stmt"/>
      <line num="164" count="4" type="stmt"/>
      <line num="165" count="4" type="stmt"/>
      <line num="166" count="4" type="cond" truecount="2" falsecount="0"/>
      <line num="167" count="1" type="stmt"/>
      <line num="168" count="3" type="cond" truecount="2" falsecount="0"/>
      <line num="169" count="1" type="stmt"/>
      <line num="170" count="1" type="stmt"/>
      <line num="171" count="2" type="cond" truecount="2" falsecount="0"/>
      <line num="172" count="1" type="stmt"/>
      <line num="174" count="1" type="stmt"/>
      <line num="176" count="4" type="stmt"/>
      <line num="178" count="4" type="stmt"/>
      <line num="180" count="4" type="stmt"/>
      <line num="181" count="4" type="stmt"/>
      <line num="182" count="24" type="stmt"/>
      <line num="184" count="24" type="stmt"/>
      <line num="185" count="24" type="stmt"/>
      <line num="188" count="4" type="stmt"/>
      <line num="191" count="0" type="stmt"/>
      <line num="193" count="0" type="stmt"/>
      <line num="197" count="2" type="stmt"/>
      <line num="198" count="1" type="stmt"/>
      <line num="199" count="1" type="stmt"/>
      <line num="200" count="1" type="stmt"/>
      <line num="202" count="1" type="stmt"/>
      <line num="203" count="1" type="stmt"/>
      <line num="206" count="0" type="stmt"/>
      <line num="208" count="0" type="stmt"/>
      <line num="212" count="2" type="stmt"/>
      <line num="213" count="6" type="stmt"/>
      <line num="214" count="6" type="stmt"/>
      <line num="215" count="6" type="stmt"/>
      <line num="218" count="6" type="stmt"/>
      <line num="221" count="0" type="stmt"/>
      <line num="223" count="0" type="stmt"/>
      <line num="227" count="2" type="stmt"/>
      <line num="228" count="1" type="stmt"/>
      <line num="229" count="1" type="stmt"/>
      <line num="230" count="1" type="stmt"/>
      <line num="232" count="1" type="stmt"/>
      <line num="233" count="1" type="stmt"/>
      <line num="236" count="0" type="stmt"/>
      <line num="238" count="0" type="stmt"/>
      <line num="242" count="2" type="stmt"/>
      <line num="243" count="1" type="stmt"/>
      <line num="244" count="1" type="stmt"/>
      <line num="245" count="1" type="stmt"/>
      <line num="247" count="1" type="stmt"/>
      <line num="248" count="1" type="stmt"/>
      <line num="251" count="0" type="stmt"/>
      <line num="253" count="0" type="stmt"/>
      <line num="257" count="2" type="stmt"/>
      <line num="258" count="1" type="stmt"/>
      <line num="259" count="1" type="stmt"/>
      <line num="260" count="1" type="stmt"/>
      <line num="261" count="1" type="stmt"/>
      <line num="263" count="1" type="stmt"/>
      <line num="264" count="1" type="stmt"/>
      <line num="267" count="0" type="stmt"/>
      <line num="269" count="0" type="stmt"/>
      <line num="273" count="2" type="stmt"/>
      <line num="274" count="13" type="stmt"/>
      <line num="275" count="13" type="stmt"/>
      <line num="276" count="13" type="stmt"/>
      <line num="277" count="13" type="stmt"/>
      <line num="280" count="0" type="stmt"/>
      <line num="282" count="0" type="stmt"/>
      <line num="285" count="2" type="stmt"/>
      <line num="286" count="2" type="stmt"/>
      <line num="289" count="2" type="stmt"/>
      <line num="290" count="2" type="stmt"/>
      <line num="291" count="2" type="stmt"/>
      <line num="294" count="2" type="stmt"/>
      <line num="295" count="2" type="stmt"/>
      <line num="296" count="2" type="stmt"/>
      <line num="299" count="2" type="stmt"/>
      <line num="300" count="2" type="stmt"/>
      <line num="303" count="2" type="stmt"/>
      <line num="304" count="2" type="stmt"/>
      <line num="305" count="2" type="stmt"/>
      <line num="308" count="2" type="stmt"/>
      <line num="309" count="2" type="stmt"/>
      <line num="310" count="2" type="stmt"/>
      <line num="313" count="2" type="stmt"/>
      <line num="316" count="2" type="stmt"/>
    </file>
    <file name="invitationTableDatabase.js" path="/Users/mcleesm/Desktop/Senior Year/Fall 2021/CIS 557/project/src/backend/src/invitationTableDatabase.js">
      <metrics statements="56" coveredstatements="39" conditionals="0" coveredconditionals="0" methods="7" coveredmethods="6"/>
      <line num="1" count="2" type="stmt"/>
      <line num="4" count="2" type="stmt"/>
      <line num="5" count="2" type="stmt"/>
      <line num="6" count="2" type="stmt"/>
      <line num="14" count="2" type="stmt"/>
      <line num="15" count="2" type="stmt"/>
      <line num="18" count="0" type="stmt"/>
      <line num="19" count="0" type="stmt"/>
      <line num="24" count="2" type="stmt"/>
      <line num="25" count="1" type="stmt"/>
      <line num="27" count="1" type="stmt"/>
      <line num="28" count="1" type="stmt"/>
      <line num="32" count="1" type="stmt"/>
      <line num="35" count="0" type="stmt"/>
      <line num="37" count="0" type="stmt"/>
      <line num="41" count="2" type="stmt"/>
      <line num="42" count="1" type="stmt"/>
      <line num="44" count="1" type="stmt"/>
      <line num="45" count="1" type="stmt"/>
      <line num="46" count="1" type="stmt"/>
      <line num="50" count="1" type="stmt"/>
      <line num="53" count="0" type="stmt"/>
      <line num="55" count="0" type="stmt"/>
      <line num="59" count="2" type="stmt"/>
      <line num="60" count="0" type="stmt"/>
      <line num="67" count="0" type="stmt"/>
      <line num="68" count="0" type="stmt"/>
      <line num="69" count="0" type="stmt"/>
      <line num="72" count="0" type="stmt"/>
      <line num="74" count="0" type="stmt"/>
      <line num="77" count="2" type="stmt"/>
      <line num="79" count="5" type="stmt"/>
      <line num="80" count="5" type="stmt"/>
      <line num="82" count="5" type="stmt"/>
      <line num="83" count="5" type="stmt"/>
      <line num="90" count="5" type="stmt"/>
      <line num="91" count="5" type="stmt"/>
      <line num="92" count="5" type="stmt"/>
      <line num="95" count="0" type="stmt"/>
      <line num="97" count="0" type="stmt"/>
      <line num="100" count="2" type="stmt"/>
      <line num="101" count="1" type="stmt"/>
      <line num="104" count="1" type="stmt"/>
      <line num="106" count="1" type="stmt"/>
      <line num="107" count="1" type="stmt"/>
      <line num="108" count="1" type="stmt"/>
      <line num="111" count="0" type="stmt"/>
      <line num="113" count="0" type="stmt"/>
      <line num="116" count="2" type="stmt"/>
      <line num="117" count="1" type="stmt"/>
      <line num="118" count="1" type="stmt"/>
      <line num="121" count="1" type="stmt"/>
      <line num="122" count="1" type="stmt"/>
      <line num="123" count="1" type="stmt"/>
      <line num="126" count="0" type="stmt"/>
      <line num="130" count="2" type="stmt"/>
    </file>
    <file name="messageTableDatabase.js" path="/Users/mcleesm/Desktop/Senior Year/Fall 2021/CIS 557/project/src/backend/src/messageTableDatabase.js">
      <metrics statements="76" coveredstatements="60" conditionals="2" coveredconditionals="2" methods="7" coveredmethods="7"/>
      <line num="1" count="2" type="stmt"/>
      <line num="4" count="2" type="stmt"/>
      <line num="5" count="2" type="stmt"/>
      <line num="6" count="2" type="stmt"/>
      <line num="14" count="2" type="stmt"/>
      <line num="15" count="2" type="stmt"/>
      <line num="18" count="0" type="stmt"/>
      <line num="19" count="0" type="stmt"/>
      <line num="23" count="2" type="stmt"/>
      <line num="24" count="15" type="stmt"/>
      <line num="25" count="15" type="stmt"/>
      <line num="27" count="15" type="stmt"/>
      <line num="28" count="15" type="stmt"/>
      <line num="30" count="15" type="stmt"/>
      <line num="32" count="15" type="stmt"/>
      <line num="34" count="15" type="cond" truecount="2" falsecount="0"/>
      <line num="35" count="7" type="stmt"/>
      <line num="37" count="8" type="stmt"/>
      <line num="40" count="0" type="stmt"/>
      <line num="41" count="0" type="stmt"/>
      <line num="43" count="0" type="stmt"/>
      <line num="47" count="2" type="stmt"/>
      <line num="49" count="4" type="stmt"/>
      <line num="51" count="4" type="stmt"/>
      <line num="52" count="4" type="stmt"/>
      <line num="54" count="4" type="stmt"/>
      <line num="55" count="4" type="stmt"/>
      <line num="58" count="4" type="stmt"/>
      <line num="59" count="4" type="stmt"/>
      <line num="62" count="0" type="stmt"/>
      <line num="63" count="0" type="stmt"/>
      <line num="65" count="0" type="stmt"/>
      <line num="68" count="2" type="stmt"/>
      <line num="70" count="4" type="stmt"/>
      <line num="71" count="4" type="stmt"/>
      <line num="72" count="4" type="stmt"/>
      <line num="73" count="4" type="stmt"/>
      <line num="75" count="4" type="stmt"/>
      <line num="76" count="4" type="stmt"/>
      <line num="79" count="4" type="stmt"/>
      <line num="80" count="4" type="stmt"/>
      <line num="83" count="0" type="stmt"/>
      <line num="85" count="0" type="stmt"/>
      <line num="88" count="2" type="stmt"/>
      <line num="90" count="3" type="stmt"/>
      <line num="92" count="3" type="stmt"/>
      <line num="93" count="3" type="stmt"/>
      <line num="95" count="3" type="stmt"/>
      <line num="96" count="3" type="stmt"/>
      <line num="99" count="3" type="stmt"/>
      <line num="100" count="3" type="stmt"/>
      <line num="103" count="0" type="stmt"/>
      <line num="105" count="0" type="stmt"/>
      <line num="108" count="2" type="stmt"/>
      <line num="110" count="4" type="stmt"/>
      <line num="112" count="4" type="stmt"/>
      <line num="113" count="4" type="stmt"/>
      <line num="115" count="4" type="stmt"/>
      <line num="116" count="4" type="stmt"/>
      <line num="119" count="4" type="stmt"/>
      <line num="120" count="4" type="stmt"/>
      <line num="123" count="0" type="stmt"/>
      <line num="125" count="0" type="stmt"/>
      <line num="129" count="2" type="stmt"/>
      <line num="130" count="1" type="stmt"/>
      <line num="133" count="1" type="stmt"/>
      <line num="134" count="1" type="stmt"/>
      <line num="136" count="1" type="stmt"/>
      <line num="138" count="1" type="stmt"/>
      <line num="139" count="1" type="stmt"/>
      <line num="141" count="1" type="stmt"/>
      <line num="144" count="1" type="stmt"/>
      <line num="145" count="1" type="stmt"/>
      <line num="148" count="0" type="stmt"/>
      <line num="150" count="0" type="stmt"/>
      <line num="153" count="2" type="stmt"/>
    </file>
    <file name="notificationTableDatabase.js" path="/Users/mcleesm/Desktop/Senior Year/Fall 2021/CIS 557/project/src/backend/src/notificationTableDatabase.js">
      <metrics statements="29" coveredstatements="25" conditionals="0" coveredconditionals="0" methods="3" coveredmethods="3"/>
      <line num="1" count="2" type="stmt"/>
      <line num="4" count="2" type="stmt"/>
      <line num="5" count="2" type="stmt"/>
      <line num="6" count="2" type="stmt"/>
      <line num="14" count="2" type="stmt"/>
      <line num="15" count="2" type="stmt"/>
      <line num="18" count="0" type="stmt"/>
      <line num="19" count="0" type="stmt"/>
      <line num="24" count="2" type="stmt"/>
      <line num="25" count="21" type="stmt"/>
      <line num="26" count="21" type="stmt"/>
      <line num="28" count="21" type="stmt"/>
      <line num="29" count="21" type="stmt"/>
      <line num="30" count="21" type="stmt"/>
      <line num="32" count="19" type="stmt"/>
      <line num="33" count="19" type="stmt"/>
      <line num="36" count="2" type="stmt"/>
      <line num="38" count="2" type="stmt"/>
      <line num="42" count="2" type="stmt"/>
      <line num="43" count="1" type="stmt"/>
      <line num="45" count="1" type="stmt"/>
      <line num="46" count="1" type="stmt"/>
      <line num="49" count="1" type="stmt"/>
      <line num="51" count="1" type="stmt"/>
      <line num="52" count="1" type="stmt"/>
      <line num="54" count="1" type="stmt"/>
      <line num="57" count="0" type="stmt"/>
      <line num="59" count="0" type="stmt"/>
      <line num="62" count="2" type="stmt"/>
    </file>
    <file name="postTableDatabase.js" path="/Users/mcleesm/Desktop/Senior Year/Fall 2021/CIS 557/project/src/backend/src/postTableDatabase.js">
      <metrics statements="149" coveredstatements="119" conditionals="0" coveredconditionals="0" methods="16" coveredmethods="16"/>
      <line num="1" count="2" type="stmt"/>
      <line num="4" count="2" type="stmt"/>
      <line num="5" count="2" type="stmt"/>
      <line num="6" count="2" type="stmt"/>
      <line num="14" count="2" type="stmt"/>
      <line num="15" count="2" type="stmt"/>
      <line num="18" count="0" type="stmt"/>
      <line num="19" count="0" type="stmt"/>
      <line num="24" count="2" type="stmt"/>
      <line num="25" count="7" type="stmt"/>
      <line num="27" count="7" type="stmt"/>
      <line num="30" count="7" type="stmt"/>
      <line num="32" count="7" type="stmt"/>
      <line num="35" count="0" type="stmt"/>
      <line num="36" count="0" type="stmt"/>
      <line num="40" count="2" type="stmt"/>
      <line num="41" count="21" type="stmt"/>
      <line num="42" count="21" type="stmt"/>
      <line num="43" count="21" type="stmt"/>
      <line num="46" count="0" type="stmt"/>
      <line num="48" count="21" type="stmt"/>
      <line num="52" count="2" type="stmt"/>
      <line num="53" count="2" type="stmt"/>
      <line num="55" count="2" type="stmt"/>
      <line num="57" count="2" type="stmt"/>
      <line num="58" count="2" type="stmt"/>
      <line num="60" count="2" type="stmt"/>
      <line num="62" count="2" type="stmt"/>
      <line num="64" count="2" type="stmt"/>
      <line num="67" count="0" type="stmt"/>
      <line num="69" count="0" type="stmt"/>
      <line num="72" count="2" type="stmt"/>
      <line num="73" count="7" type="stmt"/>
      <line num="75" count="7" type="stmt"/>
      <line num="77" count="7" type="stmt"/>
      <line num="78" count="7" type="stmt"/>
      <line num="80" count="7" type="stmt"/>
      <line num="82" count="7" type="stmt"/>
      <line num="84" count="7" type="stmt"/>
      <line num="87" count="0" type="stmt"/>
      <line num="89" count="0" type="stmt"/>
      <line num="92" count="2" type="stmt"/>
      <line num="93" count="2" type="stmt"/>
      <line num="94" count="2" type="stmt"/>
      <line num="95" count="2" type="stmt"/>
      <line num="97" count="2" type="stmt"/>
      <line num="98" count="2" type="stmt"/>
      <line num="100" count="2" type="stmt"/>
      <line num="102" count="2" type="stmt"/>
      <line num="104" count="2" type="stmt"/>
      <line num="107" count="0" type="stmt"/>
      <line num="109" count="0" type="stmt"/>
      <line num="112" count="2" type="stmt"/>
      <line num="113" count="10" type="stmt"/>
      <line num="115" count="10" type="stmt"/>
      <line num="117" count="10" type="stmt"/>
      <line num="118" count="10" type="stmt"/>
      <line num="120" count="10" type="stmt"/>
      <line num="122" count="10" type="stmt"/>
      <line num="124" count="10" type="stmt"/>
      <line num="127" count="0" type="stmt"/>
      <line num="129" count="0" type="stmt"/>
      <line num="133" count="2" type="stmt"/>
      <line num="134" count="5" type="stmt"/>
      <line num="136" count="5" type="stmt"/>
      <line num="138" count="5" type="stmt"/>
      <line num="139" count="5" type="stmt"/>
      <line num="141" count="5" type="stmt"/>
      <line num="143" count="5" type="stmt"/>
      <line num="144" count="5" type="stmt"/>
      <line num="146" count="5" type="stmt"/>
      <line num="149" count="0" type="stmt"/>
      <line num="150" count="0" type="stmt"/>
      <line num="152" count="0" type="stmt"/>
      <line num="156" count="2" type="stmt"/>
      <line num="157" count="3" type="stmt"/>
      <line num="159" count="3" type="stmt"/>
      <line num="161" count="3" type="stmt"/>
      <line num="162" count="3" type="stmt"/>
      <line num="163" count="3" type="stmt"/>
      <line num="164" count="3" type="stmt"/>
      <line num="167" count="0" type="stmt"/>
      <line num="169" count="0" type="stmt"/>
      <line num="172" count="2" type="stmt"/>
      <line num="173" count="3" type="stmt"/>
      <line num="175" count="3" type="stmt"/>
      <line num="177" count="3" type="stmt"/>
      <line num="178" count="3" type="stmt"/>
      <line num="180" count="3" type="stmt"/>
      <line num="182" count="3" type="stmt"/>
      <line num="185" count="0" type="stmt"/>
      <line num="187" count="0" type="stmt"/>
      <line num="191" count="2" type="stmt"/>
      <line num="192" count="2" type="stmt"/>
      <line num="194" count="2" type="stmt"/>
      <line num="196" count="2" type="stmt"/>
      <line num="197" count="2" type="stmt"/>
      <line num="199" count="2" type="stmt"/>
      <line num="200" count="2" type="stmt"/>
      <line num="203" count="0" type="stmt"/>
      <line num="205" count="0" type="stmt"/>
      <line num="209" count="2" type="stmt"/>
      <line num="210" count="3" type="stmt"/>
      <line num="212" count="3" type="stmt"/>
      <line num="214" count="3" type="stmt"/>
      <line num="215" count="3" type="stmt"/>
      <line num="217" count="3" type="stmt"/>
      <line num="218" count="3" type="stmt"/>
      <line num="221" count="0" type="stmt"/>
      <line num="223" count="0" type="stmt"/>
      <line num="227" count="2" type="stmt"/>
      <line num="228" count="4" type="stmt"/>
      <line num="229" count="4" type="stmt"/>
      <line num="231" count="4" type="stmt"/>
      <line num="233" count="4" type="stmt"/>
      <line num="234" count="4" type="stmt"/>
      <line num="237" count="0" type="stmt"/>
      <line num="239" count="0" type="stmt"/>
      <line num="243" count="2" type="stmt"/>
      <line num="244" count="3" type="stmt"/>
      <line num="245" count="3" type="stmt"/>
      <line num="247" count="3" type="stmt"/>
      <line num="249" count="3" type="stmt"/>
      <line num="250" count="3" type="stmt"/>
      <line num="253" count="0" type="stmt"/>
      <line num="255" count="0" type="stmt"/>
      <line num="259" count="2" type="stmt"/>
      <line num="260" count="10" type="stmt"/>
      <line num="261" count="10" type="stmt"/>
      <line num="262" count="10" type="stmt"/>
      <line num="263" count="10" type="stmt"/>
      <line num="266" count="0" type="stmt"/>
      <line num="268" count="0" type="stmt"/>
      <line num="271" count="2" type="stmt"/>
      <line num="272" count="2" type="stmt"/>
      <line num="275" count="2" type="stmt"/>
      <line num="276" count="2" type="stmt"/>
      <line num="277" count="2" type="stmt"/>
      <line num="280" count="2" type="stmt"/>
      <line num="281" count="2" type="stmt"/>
      <line num="282" count="2" type="stmt"/>
      <line num="285" count="2" type="stmt"/>
      <line num="286" count="2" type="stmt"/>
      <line num="287" count="2" type="stmt"/>
      <line num="290" count="2" type="stmt"/>
      <line num="291" count="2" type="stmt"/>
      <line num="292" count="2" type="stmt"/>
      <line num="295" count="2" type="stmt"/>
      <line num="298" count="2" type="stmt"/>
    </file>
    <file name="profileTableDatabase.js" path="/Users/mcleesm/Desktop/Senior Year/Fall 2021/CIS 557/project/src/backend/src/profileTableDatabase.js">
      <metrics statements="68" coveredstatements="52" conditionals="0" coveredconditionals="0" methods="8" coveredmethods="8"/>
      <line num="1" count="2" type="stmt"/>
      <line num="4" count="2" type="stmt"/>
      <line num="5" count="2" type="stmt"/>
      <line num="6" count="2" type="stmt"/>
      <line num="14" count="2" type="stmt"/>
      <line num="15" count="2" type="stmt"/>
      <line num="18" count="0" type="stmt"/>
      <line num="19" count="0" type="stmt"/>
      <line num="24" count="2" type="stmt"/>
      <line num="25" count="27" type="stmt"/>
      <line num="26" count="27" type="stmt"/>
      <line num="28" count="27" type="stmt"/>
      <line num="29" count="27" type="stmt"/>
      <line num="31" count="27" type="stmt"/>
      <line num="32" count="27" type="stmt"/>
      <line num="35" count="0" type="stmt"/>
      <line num="37" count="0" type="stmt"/>
      <line num="41" count="2" type="stmt"/>
      <line num="42" count="3" type="stmt"/>
      <line num="43" count="3" type="stmt"/>
      <line num="44" count="3" type="stmt"/>
      <line num="46" count="3" type="stmt"/>
      <line num="47" count="3" type="stmt"/>
      <line num="50" count="0" type="stmt"/>
      <line num="52" count="0" type="stmt"/>
      <line num="56" count="2" type="stmt"/>
      <line num="57" count="1" type="stmt"/>
      <line num="58" count="1" type="stmt"/>
      <line num="59" count="1" type="stmt"/>
      <line num="61" count="1" type="stmt"/>
      <line num="62" count="1" type="stmt"/>
      <line num="65" count="0" type="stmt"/>
      <line num="67" count="0" type="stmt"/>
      <line num="71" count="2" type="stmt"/>
      <line num="72" count="1" type="stmt"/>
      <line num="73" count="1" type="stmt"/>
      <line num="74" count="1" type="stmt"/>
      <line num="76" count="1" type="stmt"/>
      <line num="77" count="1" type="stmt"/>
      <line num="80" count="0" type="stmt"/>
      <line num="82" count="0" type="stmt"/>
      <line num="87" count="2" type="stmt"/>
      <line num="88" count="2" type="stmt"/>
      <line num="89" count="2" type="stmt"/>
      <line num="90" count="2" type="stmt"/>
      <line num="92" count="2" type="stmt"/>
      <line num="93" count="2" type="stmt"/>
      <line num="96" count="0" type="stmt"/>
      <line num="98" count="0" type="stmt"/>
      <line num="102" count="2" type="stmt"/>
      <line num="103" count="1" type="stmt"/>
      <line num="104" count="1" type="stmt"/>
      <line num="105" count="1" type="stmt"/>
      <line num="106" count="1" type="stmt"/>
      <line num="108" count="1" type="stmt"/>
      <line num="109" count="1" type="stmt"/>
      <line num="112" count="0" type="stmt"/>
      <line num="114" count="0" type="stmt"/>
      <line num="118" count="2" type="stmt"/>
      <line num="119" count="1" type="stmt"/>
      <line num="120" count="1" type="stmt"/>
      <line num="121" count="1" type="stmt"/>
      <line num="122" count="1" type="stmt"/>
      <line num="124" count="1" type="stmt"/>
      <line num="125" count="1" type="stmt"/>
      <line num="128" count="0" type="stmt"/>
      <line num="130" count="0" type="stmt"/>
      <line num="133" count="2" type="stmt"/>
    </file>
    <file name="replyTableDatabase.js" path="/Users/mcleesm/Desktop/Senior Year/Fall 2021/CIS 557/project/src/backend/src/replyTableDatabase.js">
      <metrics statements="69" coveredstatements="53" conditionals="0" coveredconditionals="0" methods="8" coveredmethods="8"/>
      <line num="1" count="2" type="stmt"/>
      <line num="4" count="2" type="stmt"/>
      <line num="5" count="2" type="stmt"/>
      <line num="6" count="2" type="stmt"/>
      <line num="14" count="2" type="stmt"/>
      <line num="15" count="2" type="stmt"/>
      <line num="18" count="0" type="stmt"/>
      <line num="19" count="0" type="stmt"/>
      <line num="24" count="2" type="stmt"/>
      <line num="25" count="8" type="stmt"/>
      <line num="27" count="8" type="stmt"/>
      <line num="29" count="8" type="stmt"/>
      <line num="30" count="8" type="stmt"/>
      <line num="32" count="8" type="stmt"/>
      <line num="33" count="8" type="stmt"/>
      <line num="36" count="0" type="stmt"/>
      <line num="38" count="0" type="stmt"/>
      <line num="42" count="2" type="stmt"/>
      <line num="43" count="2" type="stmt"/>
      <line num="45" count="2" type="stmt"/>
      <line num="47" count="2" type="stmt"/>
      <line num="48" count="2" type="stmt"/>
      <line num="50" count="2" type="stmt"/>
      <line num="51" count="2" type="stmt"/>
      <line num="54" count="0" type="stmt"/>
      <line num="56" count="0" type="stmt"/>
      <line num="60" count="2" type="stmt"/>
      <line num="61" count="2" type="stmt"/>
      <line num="63" count="2" type="stmt"/>
      <line num="65" count="2" type="stmt"/>
      <line num="66" count="2" type="stmt"/>
      <line num="68" count="2" type="stmt"/>
      <line num="69" count="2" type="stmt"/>
      <line num="72" count="0" type="stmt"/>
      <line num="74" count="0" type="stmt"/>
      <line num="78" count="2" type="stmt"/>
      <line num="79" count="2" type="stmt"/>
      <line num="81" count="2" type="stmt"/>
      <line num="83" count="2" type="stmt"/>
      <line num="84" count="2" type="stmt"/>
      <line num="86" count="2" type="stmt"/>
      <line num="87" count="2" type="stmt"/>
      <line num="90" count="0" type="stmt"/>
      <line num="92" count="0" type="stmt"/>
      <line num="95" count="2" type="stmt"/>
      <line num="96" count="2" type="stmt"/>
      <line num="98" count="2" type="stmt"/>
      <line num="100" count="2" type="stmt"/>
      <line num="101" count="2" type="stmt"/>
      <line num="103" count="2" type="stmt"/>
      <line num="104" count="2" type="stmt"/>
      <line num="107" count="0" type="stmt"/>
      <line num="109" count="0" type="stmt"/>
      <line num="113" count="2" type="stmt"/>
      <line num="114" count="3" type="stmt"/>
      <line num="115" count="3" type="stmt"/>
      <line num="117" count="3" type="stmt"/>
      <line num="119" count="3" type="stmt"/>
      <line num="120" count="3" type="stmt"/>
      <line num="123" count="0" type="stmt"/>
      <line num="125" count="0" type="stmt"/>
      <line num="129" count="2" type="stmt"/>
      <line num="130" count="3" type="stmt"/>
      <line num="131" count="3" type="stmt"/>
      <line num="132" count="3" type="stmt"/>
      <line num="133" count="3" type="stmt"/>
      <line num="136" count="0" type="stmt"/>
      <line num="138" count="0" type="stmt"/>
      <line num="141" count="2" type="stmt"/>
    </file>
    <file name="userTableDatabase.js" path="/Users/mcleesm/Desktop/Senior Year/Fall 2021/CIS 557/project/src/backend/src/userTableDatabase.js">
      <metrics statements="96" coveredstatements="73" conditionals="2" coveredconditionals="2" methods="10" coveredmethods="10"/>
      <line num="1" count="2" type="stmt"/>
      <line num="4" count="2" type="stmt"/>
      <line num="5" count="2" type="stmt"/>
      <line num="6" count="2" type="stmt"/>
      <line num="14" count="2" type="stmt"/>
      <line num="15" count="2" type="stmt"/>
      <line num="18" count="0" type="stmt"/>
      <line num="19" count="0" type="stmt"/>
      <line num="24" count="2" type="stmt"/>
      <line num="25" count="31" type="stmt"/>
      <line num="27" count="31" type="stmt"/>
      <line num="29" count="31" type="stmt"/>
      <line num="30" count="31" type="stmt"/>
      <line num="32" count="31" type="stmt"/>
      <line num="33" count="31" type="stmt"/>
      <line num="34" count="31" type="cond" truecount="2" falsecount="0"/>
      <line num="36" count="2" type="stmt"/>
      <line num="39" count="29" type="stmt"/>
      <line num="41" count="29" type="stmt"/>
      <line num="42" count="29" type="stmt"/>
      <line num="45" count="0" type="stmt"/>
      <line num="47" count="0" type="stmt"/>
      <line num="51" count="2" type="stmt"/>
      <line num="52" count="1" type="stmt"/>
      <line num="53" count="1" type="stmt"/>
      <line num="54" count="1" type="stmt"/>
      <line num="56" count="1" type="stmt"/>
      <line num="57" count="1" type="stmt"/>
      <line num="60" count="0" type="stmt"/>
      <line num="62" count="0" type="stmt"/>
      <line num="66" count="2" type="stmt"/>
      <line num="67" count="15" type="stmt"/>
      <line num="69" count="15" type="stmt"/>
      <line num="70" count="15" type="stmt"/>
      <line num="71" count="15" type="stmt"/>
      <line num="73" count="15" type="stmt"/>
      <line num="74" count="15" type="stmt"/>
      <line num="77" count="0" type="stmt"/>
      <line num="79" count="0" type="stmt"/>
      <line num="83" count="2" type="stmt"/>
      <line num="84" count="8" type="stmt"/>
      <line num="85" count="8" type="stmt"/>
      <line num="86" count="8" type="stmt"/>
      <line num="88" count="8" type="stmt"/>
      <line num="89" count="8" type="stmt"/>
      <line num="92" count="0" type="stmt"/>
      <line num="94" count="0" type="stmt"/>
      <line num="98" count="2" type="stmt"/>
      <line num="99" count="1" type="stmt"/>
      <line num="100" count="1" type="stmt"/>
      <line num="101" count="1" type="stmt"/>
      <line num="103" count="1" type="stmt"/>
      <line num="104" count="1" type="stmt"/>
      <line num="107" count="0" type="stmt"/>
      <line num="109" count="0" type="stmt"/>
      <line num="113" count="2" type="stmt"/>
      <line num="114" count="1" type="stmt"/>
      <line num="117" count="1" type="stmt"/>
      <line num="118" count="1" type="stmt"/>
      <line num="120" count="1" type="stmt"/>
      <line num="122" count="1" type="stmt"/>
      <line num="123" count="1" type="stmt"/>
      <line num="125" count="1" type="stmt"/>
      <line num="126" count="1" type="stmt"/>
      <line num="129" count="0" type="stmt"/>
      <line num="130" count="0" type="stmt"/>
      <line num="132" count="0" type="stmt"/>
      <line num="136" count="2" type="stmt"/>
      <line num="137" count="22" type="stmt"/>
      <line num="138" count="22" type="stmt"/>
      <line num="139" count="22" type="stmt"/>
      <line num="140" count="22" type="stmt"/>
      <line num="143" count="0" type="stmt"/>
      <line num="145" count="0" type="stmt"/>
      <line num="148" count="2" type="stmt"/>
      <line num="149" count="4" type="stmt"/>
      <line num="150" count="4" type="stmt"/>
      <line num="151" count="4" type="stmt"/>
      <line num="152" count="4" type="stmt"/>
      <line num="153" count="4" type="stmt"/>
      <line num="154" count="4" type="stmt"/>
      <line num="155" count="4" type="stmt"/>
      <line num="157" count="0" type="stmt"/>
      <line num="158" count="0" type="stmt"/>
      <line num="160" count="0" type="stmt"/>
      <line num="163" count="2" type="stmt"/>
      <line num="164" count="1" type="stmt"/>
      <line num="165" count="1" type="stmt"/>
      <line num="166" count="1" type="stmt"/>
      <line num="167" count="1" type="stmt"/>
      <line num="168" count="1" type="stmt"/>
      <line num="169" count="1" type="stmt"/>
      <line num="171" count="0" type="stmt"/>
      <line num="172" count="0" type="stmt"/>
      <line num="174" count="0" type="stmt"/>
      <line num="177" count="2" type="stmt"/>
    </file>
    <file name="webserver.js" path="/Users/mcleesm/Desktop/Senior Year/Fall 2021/CIS 557/project/src/backend/src/webserver.js">
      <metrics statements="684" coveredstatements="412" conditionals="86" coveredconditionals="43" methods="64" coveredmethods="37"/>
      <line num="1" count="1" type="stmt"/>
      <line num="2" count="1" type="stmt"/>
      <line num="4" count="1" type="stmt"/>
      <line num="6" count="1" type="stmt"/>
      <line num="8" count="1" type="stmt"/>
      <line num="10" count="1" type="stmt"/>
      <line num="11" count="1" type="stmt"/>
      <line num="12" count="1" type="stmt"/>
      <line num="13" count="1" type="stmt"/>
      <line num="14" count="1" type="stmt"/>
      <line num="15" count="1" type="stmt"/>
      <line num="16" count="1" type="stmt"/>
      <line num="17" count="1" type="stmt"/>
      <line num="18" count="1" type="stmt"/>
      <line num="19" count="1" type="stmt"/>
      <line num="20" count="1" type="stmt"/>
      <line num="22" count="1" type="stmt"/>
      <line num="24" count="1" type="stmt"/>
      <line num="25" count="1" type="stmt"/>
      <line num="27" count="1" type="stmt"/>
      <line num="43" count="1" type="stmt"/>
      <line num="44" count="1" type="stmt"/>
      <line num="45" count="1" type="stmt"/>
      <line num="46" count="1" type="stmt"/>
      <line num="47" count="1" type="stmt"/>
      <line num="48" count="1" type="stmt"/>
      <line num="49" count="1" type="stmt"/>
      <line num="50" count="1" type="stmt"/>
      <line num="51" count="1" type="stmt"/>
      <line num="52" count="1" type="stmt"/>
      <line num="53" count="1" type="stmt"/>
      <line num="54" count="1" type="stmt"/>
      <line num="56" count="1" type="stmt"/>
      <line num="59" count="1" type="stmt"/>
      <line num="60" count="21" type="stmt"/>
      <line num="61" count="21" type="stmt"/>
      <line num="62" count="21" type="stmt"/>
      <line num="63" count="21" type="stmt"/>
      <line num="64" count="21" type="stmt"/>
      <line num="69" count="21" type="stmt"/>
      <line num="76" count="21" type="stmt"/>
      <line num="77" count="21" type="cond" truecount="2" falsecount="0"/>
      <line num="78" count="1" type="stmt"/>
      <line num="80" count="20" type="stmt"/>
      <line num="82" count="20" type="stmt"/>
      <line num="88" count="0" type="stmt"/>
      <line num="89" count="0" type="stmt"/>
      <line num="93" count="1" type="stmt"/>
      <line num="95" count="4" type="stmt"/>
      <line num="96" count="4" type="stmt"/>
      <line num="97" count="4" type="stmt"/>
      <line num="98" count="4" type="stmt"/>
      <line num="101" count="4" type="cond" truecount="2" falsecount="0"/>
      <line num="102" count="2" type="stmt"/>
      <line num="103" count="2" type="stmt"/>
      <line num="104" count="2" type="stmt"/>
      <line num="108" count="2" type="cond" truecount="3" falsecount="1"/>
      <line num="111" count="0" type="stmt"/>
      <line num="112" count="0" type="stmt"/>
      <line num="113" count="0" type="cond" truecount="0" falsecount="2"/>
      <line num="115" count="0" type="stmt"/>
      <line num="118" count="0" type="stmt"/>
      <line num="119" count="0" type="stmt"/>
      <line num="123" count="2" type="cond" truecount="2" falsecount="0"/>
      <line num="124" count="1" type="stmt"/>
      <line num="125" count="1" type="cond" truecount="1" falsecount="1"/>
      <line num="126" count="1" type="stmt"/>
      <line num="128" count="1" type="stmt"/>
      <line num="129" count="1" type="stmt"/>
      <line num="133" count="0" type="stmt"/>
      <line num="136" count="0" type="stmt"/>
      <line num="140" count="1" type="stmt"/>
      <line num="141" count="6" type="stmt"/>
      <line num="142" count="6" type="stmt"/>
      <line num="145" count="6" type="stmt"/>
      <line num="147" count="6" type="stmt"/>
      <line num="148" count="6" type="stmt"/>
      <line num="150" count="0" type="stmt"/>
      <line num="154" count="1" type="stmt"/>
      <line num="155" count="1" type="stmt"/>
      <line num="156" count="1" type="stmt"/>
      <line num="159" count="1" type="stmt"/>
      <line num="160" count="1" type="stmt"/>
      <line num="162" count="0" type="stmt"/>
      <line num="166" count="1" type="stmt"/>
      <line num="167" count="1" type="stmt"/>
      <line num="168" count="1" type="stmt"/>
      <line num="169" count="1" type="stmt"/>
      <line num="171" count="1" type="stmt"/>
      <line num="172" count="1" type="stmt"/>
      <line num="174" count="0" type="stmt"/>
      <line num="178" count="1" type="stmt"/>
      <line num="180" count="12" type="stmt"/>
      <line num="181" count="12" type="stmt"/>
      <line num="182" count="12" type="stmt"/>
      <line num="183" count="12" type="stmt"/>
      <line num="191" count="12" type="stmt"/>
      <line num="198" count="12" type="stmt"/>
      <line num="199" count="12" type="cond" truecount="1" falsecount="1"/>
      <line num="200" count="0" type="stmt"/>
      <line num="201" count="0" type="stmt"/>
      <line num="204" count="12" type="stmt"/>
      <line num="205" count="12" type="stmt"/>
      <line num="206" count="12" type="stmt"/>
      <line num="213" count="12" type="stmt"/>
      <line num="219" count="12" type="stmt"/>
      <line num="221" count="12" type="stmt"/>
      <line num="224" count="12" type="stmt"/>
      <line num="226" count="0" type="stmt"/>
      <line num="227" count="0" type="stmt"/>
      <line num="229" count="0" type="stmt"/>
      <line num="232" count="1" type="stmt"/>
      <line num="234" count="0" type="stmt"/>
      <line num="236" count="0" type="stmt"/>
      <line num="237" count="0" type="stmt"/>
      <line num="238" count="0" type="cond" truecount="0" falsecount="2"/>
      <line num="239" count="0" type="stmt"/>
      <line num="241" count="0" type="stmt"/>
      <line num="244" count="0" type="stmt"/>
      <line num="248" count="1" type="stmt"/>
      <line num="250" count="0" type="stmt"/>
      <line num="252" count="0" type="stmt"/>
      <line num="253" count="0" type="stmt"/>
      <line num="254" count="0" type="cond" truecount="0" falsecount="2"/>
      <line num="255" count="0" type="stmt"/>
      <line num="257" count="0" type="stmt"/>
      <line num="260" count="0" type="stmt"/>
      <line num="264" count="1" type="stmt"/>
      <line num="266" count="1" type="stmt"/>
      <line num="268" count="1" type="stmt"/>
      <line num="269" count="1" type="stmt"/>
      <line num="270" count="1" type="stmt"/>
      <line num="271" count="1" type="cond" truecount="1" falsecount="1"/>
      <line num="272" count="0" type="stmt"/>
      <line num="273" count="0" type="stmt"/>
      <line num="274" count="0" type="stmt"/>
      <line num="276" count="1" type="stmt"/>
      <line num="278" count="1" type="stmt"/>
      <line num="280" count="0" type="stmt"/>
      <line num="284" count="1" type="stmt"/>
      <line num="286" count="1" type="stmt"/>
      <line num="288" count="1" type="stmt"/>
      <line num="289" count="1" type="stmt"/>
      <line num="290" count="1" type="stmt"/>
      <line num="291" count="1" type="stmt"/>
      <line num="293" count="0" type="stmt"/>
      <line num="297" count="1" type="stmt"/>
      <line num="299" count="0" type="stmt"/>
      <line num="300" count="0" type="stmt"/>
      <line num="301" count="0" type="stmt"/>
      <line num="302" count="0" type="stmt"/>
      <line num="304" count="0" type="stmt"/>
      <line num="305" count="0" type="stmt"/>
      <line num="307" count="0" type="stmt"/>
      <line num="311" count="1" type="stmt"/>
      <line num="313" count="0" type="stmt"/>
      <line num="314" count="0" type="stmt"/>
      <line num="315" count="0" type="stmt"/>
      <line num="316" count="0" type="stmt"/>
      <line num="318" count="0" type="stmt"/>
      <line num="319" count="0" type="stmt"/>
      <line num="321" count="0" type="stmt"/>
      <line num="325" count="1" type="stmt"/>
      <line num="327" count="1" type="stmt"/>
      <line num="328" count="1" type="stmt"/>
      <line num="329" count="1" type="stmt"/>
      <line num="330" count="1" type="stmt"/>
      <line num="332" count="1" type="stmt"/>
      <line num="333" count="1" type="stmt"/>
      <line num="335" count="0" type="stmt"/>
      <line num="339" count="1" type="stmt"/>
      <line num="341" count="0" type="stmt"/>
      <line num="342" count="0" type="stmt"/>
      <line num="343" count="0" type="stmt"/>
      <line num="344" count="0" type="stmt"/>
      <line num="345" count="0" type="stmt"/>
      <line num="347" count="0" type="stmt"/>
      <line num="349" count="0" type="cond" truecount="0" falsecount="2"/>
      <line num="350" count="0" type="stmt"/>
      <line num="351" count="0" type="stmt"/>
      <line num="354" count="0" type="stmt"/>
      <line num="356" count="0" type="stmt"/>
      <line num="360" count="1" type="stmt"/>
      <line num="362" count="0" type="stmt"/>
      <line num="363" count="0" type="stmt"/>
      <line num="364" count="0" type="stmt"/>
      <line num="365" count="0" type="stmt"/>
      <line num="366" count="0" type="stmt"/>
      <line num="368" count="0" type="stmt"/>
      <line num="373" count="1" type="stmt"/>
      <line num="375" count="0" type="stmt"/>
      <line num="376" count="0" type="stmt"/>
      <line num="377" count="0" type="stmt"/>
      <line num="378" count="0" type="stmt"/>
      <line num="379" count="0" type="stmt"/>
      <line num="381" count="0" type="stmt"/>
      <line num="382" count="0" type="stmt"/>
      <line num="384" count="0" type="stmt"/>
      <line num="389" count="1" type="stmt"/>
      <line num="391" count="0" type="stmt"/>
      <line num="392" count="0" type="stmt"/>
      <line num="393" count="0" type="stmt"/>
      <line num="394" count="0" type="stmt"/>
      <line num="395" count="0" type="stmt"/>
      <line num="397" count="0" type="stmt"/>
      <line num="398" count="0" type="stmt"/>
      <line num="400" count="0" type="stmt"/>
      <line num="404" count="1" type="stmt"/>
      <line num="406" count="0" type="stmt"/>
      <line num="407" count="0" type="stmt"/>
      <line num="408" count="0" type="stmt"/>
      <line num="409" count="0" type="stmt"/>
      <line num="412" count="0" type="stmt"/>
      <line num="413" count="0" type="stmt"/>
      <line num="415" count="0" type="stmt"/>
      <line num="419" count="1" type="stmt"/>
      <line num="421" count="0" type="stmt"/>
      <line num="422" count="0" type="stmt"/>
      <line num="423" count="0" type="stmt"/>
      <line num="424" count="0" type="stmt"/>
      <line num="427" count="0" type="stmt"/>
      <line num="428" count="0" type="stmt"/>
      <line num="430" count="0" type="stmt"/>
      <line num="435" count="1" type="stmt"/>
      <line num="437" count="0" type="stmt"/>
      <line num="438" count="0" type="stmt"/>
      <line num="439" count="0" type="stmt"/>
      <line num="440" count="0" type="stmt"/>
      <line num="444" count="0" type="stmt"/>
      <line num="446" count="0" type="stmt"/>
      <line num="447" count="0" type="stmt"/>
      <line num="452" count="1" type="stmt"/>
      <line num="454" count="0" type="stmt"/>
      <line num="455" count="0" type="stmt"/>
      <line num="456" count="0" type="stmt"/>
      <line num="457" count="0" type="stmt"/>
      <line num="458" count="0" type="stmt"/>
      <line num="460" count="0" type="stmt"/>
      <line num="461" count="0" type="stmt"/>
      <line num="465" count="1" type="stmt"/>
      <line num="471" count="0" type="stmt"/>
      <line num="472" count="0" type="stmt"/>
      <line num="478" count="0" type="stmt"/>
      <line num="479" count="0" type="stmt"/>
      <line num="482" count="0" type="stmt"/>
      <line num="483" count="0" type="stmt"/>
      <line num="487" count="1" type="stmt"/>
      <line num="489" count="0" type="stmt"/>
      <line num="490" count="0" type="stmt"/>
      <line num="491" count="0" type="stmt"/>
      <line num="492" count="0" type="stmt"/>
      <line num="493" count="0" type="stmt"/>
      <line num="494" count="0" type="stmt"/>
      <line num="497" count="0" type="stmt"/>
      <line num="498" count="0" type="stmt"/>
      <line num="500" count="0" type="stmt"/>
      <line num="501" count="0" type="stmt"/>
      <line num="505" count="1" type="stmt"/>
      <line num="507" count="0" type="stmt"/>
      <line num="508" count="0" type="stmt"/>
      <line num="509" count="0" type="stmt"/>
      <line num="510" count="0" type="stmt"/>
      <line num="511" count="0" type="stmt"/>
      <line num="512" count="0" type="stmt"/>
      <line num="514" count="0" type="stmt"/>
      <line num="515" count="0" type="stmt"/>
      <line num="519" count="1" type="stmt"/>
      <line num="521" count="2" type="stmt"/>
      <line num="523" count="2" type="stmt"/>
      <line num="524" count="2" type="stmt"/>
      <line num="525" count="2" type="stmt"/>
      <line num="526" count="2" type="stmt"/>
      <line num="527" count="2" type="stmt"/>
      <line num="529" count="0" type="stmt"/>
      <line num="533" count="1" type="stmt"/>
      <line num="534" count="0" type="stmt"/>
      <line num="535" count="0" type="stmt"/>
      <line num="536" count="0" type="stmt"/>
      <line num="538" count="0" type="stmt"/>
      <line num="542" count="1" type="stmt"/>
      <line num="543" count="0" type="stmt"/>
      <line num="544" count="0" type="stmt"/>
      <line num="545" count="0" type="stmt"/>
      <line num="547" count="0" type="stmt"/>
      <line num="552" count="1" type="stmt"/>
      <line num="554" count="0" type="stmt"/>
      <line num="555" count="0" type="stmt"/>
      <line num="556" count="0" type="stmt"/>
      <line num="557" count="0" type="cond" truecount="0" falsecount="2"/>
      <line num="558" count="0" type="stmt"/>
      <line num="560" count="0" type="stmt"/>
      <line num="565" count="0" type="stmt"/>
      <line num="567" count="0" type="stmt"/>
      <line num="571" count="1" type="stmt"/>
      <line num="573" count="0" type="stmt"/>
      <line num="574" count="0" type="stmt"/>
      <line num="575" count="0" type="stmt"/>
      <line num="576" count="0" type="stmt"/>
      <line num="577" count="0" type="stmt"/>
      <line num="578" count="0" type="cond" truecount="0" falsecount="2"/>
      <line num="579" count="0" type="stmt"/>
      <line num="581" count="0" type="stmt"/>
      <line num="586" count="0" type="stmt"/>
      <line num="588" count="0" type="stmt"/>
      <line num="591" count="1" type="stmt"/>
      <line num="593" count="2" type="stmt"/>
      <line num="594" count="2" type="stmt"/>
      <line num="595" count="2" type="stmt"/>
      <line num="597" count="2" type="stmt"/>
      <line num="598" count="2" type="stmt"/>
      <line num="599" count="2" type="stmt"/>
      <line num="600" count="2" type="stmt"/>
      <line num="601" count="4" type="stmt"/>
      <line num="602" count="4" type="cond" truecount="2" falsecount="0"/>
      <line num="603" count="2" type="stmt"/>
      <line num="604" count="2" type="stmt"/>
      <line num="607" count="2" type="cond" truecount="1" falsecount="1"/>
      <line num="609" count="0" type="stmt"/>
      <line num="610" count="0" type="stmt"/>
      <line num="613" count="2" type="stmt"/>
      <line num="621" count="2" type="stmt"/>
      <line num="623" count="2" type="stmt"/>
      <line num="624" count="2" type="stmt"/>
      <line num="626" count="0" type="stmt"/>
      <line num="627" count="0" type="stmt"/>
      <line num="632" count="1" type="stmt"/>
      <line num="634" count="0" type="stmt"/>
      <line num="635" count="0" type="stmt"/>
      <line num="636" count="0" type="stmt"/>
      <line num="639" count="0" type="stmt"/>
      <line num="640" count="0" type="stmt"/>
      <line num="642" count="0" type="stmt"/>
      <line num="646" count="1" type="stmt"/>
      <line num="648" count="0" type="stmt"/>
      <line num="649" count="0" type="stmt"/>
      <line num="650" count="0" type="stmt"/>
      <line num="652" count="0" type="stmt"/>
      <line num="654" count="0" type="stmt"/>
      <line num="658" count="1" type="stmt"/>
      <line num="660" count="0" type="stmt"/>
      <line num="661" count="0" type="stmt"/>
      <line num="662" count="0" type="stmt"/>
      <line num="665" count="0" type="stmt"/>
      <line num="666" count="0" type="stmt"/>
      <line num="668" count="0" type="stmt"/>
      <line num="672" count="1" type="stmt"/>
      <line num="674" count="0" type="stmt"/>
      <line num="675" count="0" type="stmt"/>
      <line num="676" count="0" type="stmt"/>
      <line num="677" count="0" type="stmt"/>
      <line num="679" count="0" type="stmt"/>
      <line num="683" count="1" type="stmt"/>
      <line num="685" count="0" type="stmt"/>
      <line num="686" count="0" type="stmt"/>
      <line num="687" count="0" type="stmt"/>
      <line num="690" count="0" type="stmt"/>
      <line num="692" count="0" type="cond" truecount="0" falsecount="2"/>
      <line num="693" count="0" type="stmt"/>
      <line num="694" count="0" type="stmt"/>
      <line num="697" count="0" type="stmt"/>
      <line num="699" count="0" type="stmt"/>
      <line num="701" count="0" type="stmt"/>
      <line num="705" count="1" type="stmt"/>
      <line num="707" count="1" type="stmt"/>
      <line num="708" count="1" type="stmt"/>
      <line num="709" count="1" type="stmt"/>
      <line num="710" count="1" type="stmt"/>
      <line num="718" count="1" type="stmt"/>
      <line num="720" count="1" type="stmt"/>
      <line num="721" count="1" type="cond" truecount="1" falsecount="1"/>
      <line num="722" count="0" type="stmt"/>
      <line num="724" count="1" type="stmt"/>
      <line num="729" count="0" type="stmt"/>
      <line num="731" count="1" type="stmt"/>
      <line num="734" count="1" type="stmt"/>
      <line num="736" count="6" type="stmt"/>
      <line num="737" count="6" type="stmt"/>
      <line num="738" count="6" type="stmt"/>
      <line num="739" count="6" type="stmt"/>
      <line num="748" count="6" type="stmt"/>
      <line num="750" count="6" type="stmt"/>
      <line num="751" count="6" type="cond" truecount="1" falsecount="1"/>
      <line num="752" count="0" type="stmt"/>
      <line num="754" count="6" type="stmt"/>
      <line num="759" count="0" type="stmt"/>
      <line num="761" count="6" type="stmt"/>
      <line num="764" count="1" type="stmt"/>
      <line num="766" count="1" type="stmt"/>
      <line num="767" count="1" type="stmt"/>
      <line num="768" count="1" type="stmt"/>
      <line num="769" count="1" type="stmt"/>
      <line num="778" count="1" type="stmt"/>
      <line num="780" count="1" type="stmt"/>
      <line num="781" count="1" type="cond" truecount="1" falsecount="1"/>
      <line num="782" count="0" type="stmt"/>
      <line num="784" count="1" type="stmt"/>
      <line num="789" count="0" type="stmt"/>
      <line num="791" count="1" type="stmt"/>
      <line num="794" count="1" type="stmt"/>
      <line num="796" count="1" type="stmt"/>
      <line num="797" count="1" type="stmt"/>
      <line num="798" count="1" type="stmt"/>
      <line num="799" count="1" type="stmt"/>
      <line num="808" count="1" type="stmt"/>
      <line num="810" count="1" type="stmt"/>
      <line num="811" count="1" type="cond" truecount="1" falsecount="1"/>
      <line num="812" count="0" type="stmt"/>
      <line num="814" count="1" type="stmt"/>
      <line num="819" count="0" type="stmt"/>
      <line num="821" count="1" type="stmt"/>
      <line num="824" count="1" type="stmt"/>
      <line num="826" count="0" type="stmt"/>
      <line num="827" count="0" type="stmt"/>
      <line num="828" count="0" type="stmt"/>
      <line num="829" count="0" type="stmt"/>
      <line num="831" count="0" type="stmt"/>
      <line num="832" count="0" type="stmt"/>
      <line num="834" count="0" type="stmt"/>
      <line num="836" count="0" type="stmt"/>
      <line num="839" count="1" type="stmt"/>
      <line num="841" count="2" type="stmt"/>
      <line num="842" count="2" type="stmt"/>
      <line num="843" count="2" type="stmt"/>
      <line num="844" count="2" type="stmt"/>
      <line num="846" count="2" type="stmt"/>
      <line num="847" count="2" type="stmt"/>
      <line num="848" count="2" type="stmt"/>
      <line num="849" count="2" type="stmt"/>
      <line num="850" count="2" type="cond" truecount="1" falsecount="1"/>
      <line num="851" count="2" type="stmt"/>
      <line num="855" count="2" type="stmt"/>
      <line num="856" count="2" type="stmt"/>
      <line num="857" count="2" type="stmt"/>
      <line num="858" count="2" type="stmt"/>
      <line num="859" count="2" type="stmt"/>
      <line num="860" count="2" type="stmt"/>
      <line num="861" count="2" type="stmt"/>
      <line num="862" count="2" type="stmt"/>
      <line num="863" count="2" type="cond" truecount="1" falsecount="1"/>
      <line num="864" count="2" type="stmt"/>
      <line num="865" count="2" type="stmt"/>
      <line num="866" count="2" type="stmt"/>
      <line num="867" count="2" type="stmt"/>
      <line num="868" count="2" type="stmt"/>
      <line num="869" count="2" type="stmt"/>
      <line num="870" count="2" type="stmt"/>
      <line num="875" count="2" type="stmt"/>
      <line num="876" count="2" type="stmt"/>
      <line num="878" count="0" type="stmt"/>
      <line num="880" count="0" type="stmt"/>
      <line num="883" count="1" type="stmt"/>
      <line num="885" count="2" type="stmt"/>
      <line num="887" count="2" type="stmt"/>
      <line num="888" count="2" type="stmt"/>
      <line num="889" count="2" type="stmt"/>
      <line num="890" count="2" type="stmt"/>
      <line num="892" count="2" type="stmt"/>
      <line num="893" count="2" type="stmt"/>
      <line num="894" count="2" type="stmt"/>
      <line num="895" count="2" type="stmt"/>
      <line num="896" count="2" type="stmt"/>
      <line num="897" count="2" type="stmt"/>
      <line num="904" count="2" type="cond" truecount="1" falsecount="1"/>
      <line num="905" count="0" type="stmt"/>
      <line num="907" count="2" type="stmt"/>
      <line num="912" count="0" type="stmt"/>
      <line num="913" count="0" type="stmt"/>
      <line num="915" count="2" type="stmt"/>
      <line num="918" count="1" type="stmt"/>
      <line num="920" count="2" type="stmt"/>
      <line num="922" count="2" type="stmt"/>
      <line num="923" count="2" type="stmt"/>
      <line num="924" count="2" type="stmt"/>
      <line num="925" count="2" type="stmt"/>
      <line num="926" count="2" type="stmt"/>
      <line num="927" count="2" type="cond" truecount="2" falsecount="0"/>
      <line num="929" count="1" type="stmt"/>
      <line num="931" count="1" type="stmt"/>
      <line num="934" count="1" type="stmt"/>
      <line num="939" count="1" type="stmt"/>
      <line num="945" count="1" type="cond" truecount="1" falsecount="1"/>
      <line num="946" count="0" type="stmt"/>
      <line num="948" count="1" type="stmt"/>
      <line num="955" count="1" type="stmt"/>
      <line num="956" count="1" type="stmt"/>
      <line num="961" count="1" type="stmt"/>
      <line num="965" count="2" type="stmt"/>
      <line num="968" count="1" type="stmt"/>
      <line num="970" count="1" type="stmt"/>
      <line num="971" count="1" type="stmt"/>
      <line num="972" count="1" type="stmt"/>
      <line num="974" count="1" type="cond" truecount="1" falsecount="1"/>
      <line num="975" count="0" type="stmt"/>
      <line num="977" count="1" type="stmt"/>
      <line num="982" count="0" type="stmt"/>
      <line num="984" count="1" type="stmt"/>
      <line num="987" count="1" type="stmt"/>
      <line num="989" count="1" type="stmt"/>
      <line num="990" count="1" type="stmt"/>
      <line num="991" count="1" type="stmt"/>
      <line num="993" count="1" type="cond" truecount="1" falsecount="1"/>
      <line num="994" count="0" type="stmt"/>
      <line num="996" count="1" type="stmt"/>
      <line num="1001" count="0" type="stmt"/>
      <line num="1003" count="1" type="stmt"/>
      <line num="1006" count="1" type="stmt"/>
      <line num="1008" count="1" type="stmt"/>
      <line num="1010" count="1" type="stmt"/>
      <line num="1011" count="1" type="stmt"/>
      <line num="1012" count="1" type="cond" truecount="1" falsecount="1"/>
      <line num="1013" count="0" type="stmt"/>
      <line num="1015" count="1" type="stmt"/>
      <line num="1018" count="0" type="stmt"/>
      <line num="1022" count="1" type="stmt"/>
      <line num="1024" count="1" type="stmt"/>
      <line num="1025" count="1" type="stmt"/>
      <line num="1026" count="1" type="stmt"/>
      <line num="1027" count="1" type="stmt"/>
      <line num="1028" count="1" type="stmt"/>
      <line num="1029" count="1" type="stmt"/>
      <line num="1030" count="1" type="stmt"/>
      <line num="1031" count="1" type="stmt"/>
      <line num="1033" count="0" type="stmt"/>
      <line num="1035" count="1" type="stmt"/>
      <line num="1038" count="1" type="stmt"/>
      <line num="1040" count="2" type="stmt"/>
      <line num="1041" count="2" type="stmt"/>
      <line num="1042" count="2" type="stmt"/>
      <line num="1043" count="2" type="stmt"/>
      <line num="1051" count="2" type="stmt"/>
      <line num="1053" count="2" type="stmt"/>
      <line num="1054" count="2" type="cond" truecount="1" falsecount="1"/>
      <line num="1055" count="0" type="stmt"/>
      <line num="1057" count="2" type="stmt"/>
      <line num="1062" count="0" type="stmt"/>
      <line num="1064" count="2" type="stmt"/>
      <line num="1067" count="1" type="stmt"/>
      <line num="1069" count="2" type="stmt"/>
      <line num="1071" count="2" type="stmt"/>
      <line num="1072" count="2" type="stmt"/>
      <line num="1073" count="2" type="cond" truecount="1" falsecount="1"/>
      <line num="1074" count="0" type="stmt"/>
      <line num="1076" count="2" type="stmt"/>
      <line num="1079" count="0" type="stmt"/>
      <line num="1083" count="1" type="stmt"/>
      <line num="1085" count="0" type="stmt"/>
      <line num="1087" count="0" type="stmt"/>
      <line num="1088" count="0" type="stmt"/>
      <line num="1089" count="0" type="stmt"/>
      <line num="1091" count="0" type="stmt"/>
      <line num="1095" count="1" type="stmt"/>
      <line num="1097" count="1" type="stmt"/>
      <line num="1098" count="1" type="stmt"/>
      <line num="1099" count="1" type="stmt"/>
      <line num="1101" count="1" type="cond" truecount="1" falsecount="1"/>
      <line num="1102" count="0" type="stmt"/>
      <line num="1104" count="1" type="stmt"/>
      <line num="1109" count="0" type="stmt"/>
      <line num="1111" count="1" type="stmt"/>
      <line num="1114" count="1" type="stmt"/>
      <line num="1116" count="1" type="stmt"/>
      <line num="1117" count="1" type="stmt"/>
      <line num="1118" count="1" type="stmt"/>
      <line num="1120" count="1" type="cond" truecount="1" falsecount="1"/>
      <line num="1121" count="0" type="stmt"/>
      <line num="1123" count="1" type="stmt"/>
      <line num="1128" count="0" type="stmt"/>
      <line num="1130" count="1" type="stmt"/>
      <line num="1133" count="1" type="stmt"/>
      <line num="1135" count="1" type="stmt"/>
      <line num="1136" count="1" type="stmt"/>
      <line num="1137" count="1" type="stmt"/>
      <line num="1139" count="1" type="cond" truecount="1" falsecount="1"/>
      <line num="1140" count="0" type="stmt"/>
      <line num="1142" count="1" type="stmt"/>
      <line num="1147" count="0" type="stmt"/>
      <line num="1149" count="1" type="stmt"/>
      <line num="1152" count="1" type="stmt"/>
      <line num="1153" count="8" type="stmt"/>
      <line num="1154" count="8" type="stmt"/>
      <line num="1156" count="8" type="stmt"/>
      <line num="1157" count="8" type="stmt"/>
      <line num="1158" count="8" type="stmt"/>
      <line num="1159" count="8" type="cond" truecount="1" falsecount="1"/>
      <line num="1160" count="0" type="stmt"/>
      <line num="1163" count="8" type="stmt"/>
      <line num="1164" count="8" type="stmt"/>
      <line num="1165" count="8" type="stmt"/>
      <line num="1166" count="8" type="stmt"/>
      <line num="1167" count="8" type="stmt"/>
      <line num="1168" count="8" type="cond" truecount="1" falsecount="1"/>
      <line num="1169" count="8" type="stmt"/>
      <line num="1170" count="8" type="stmt"/>
      <line num="1174" count="8" type="cond" truecount="1" falsecount="1"/>
      <line num="1175" count="0" type="stmt"/>
      <line num="1178" count="8" type="stmt"/>
      <line num="1180" count="8" type="cond" truecount="2" falsecount="0"/>
      <line num="1181" count="6" type="stmt"/>
      <line num="1182" count="2" type="cond" truecount="1" falsecount="1"/>
      <line num="1184" count="2" type="stmt"/>
      <line num="1186" count="8" type="stmt"/>
      <line num="1188" count="0" type="stmt"/>
      <line num="1190" count="0" type="stmt"/>
      <line num="1193" count="1" type="stmt"/>
      <line num="1194" count="2" type="stmt"/>
      <line num="1195" count="2" type="stmt"/>
      <line num="1196" count="2" type="cond" truecount="1" falsecount="1"/>
      <line num="1197" count="0" type="stmt"/>
      <line num="1198" count="0" type="stmt"/>
      <line num="1200" count="2" type="stmt"/>
      <line num="1201" count="2" type="stmt"/>
      <line num="1202" count="2" type="stmt"/>
      <line num="1205" count="2" type="stmt"/>
      <line num="1207" count="2" type="stmt"/>
      <line num="1208" count="2" type="stmt"/>
      <line num="1210" count="0" type="stmt"/>
      <line num="1211" count="0" type="stmt"/>
      <line num="1215" count="1" type="stmt"/>
      <line num="1216" count="2" type="stmt"/>
      <line num="1217" count="2" type="stmt"/>
      <line num="1218" count="2" type="stmt"/>
      <line num="1219" count="2" type="cond" truecount="1" falsecount="1"/>
      <line num="1220" count="0" type="stmt"/>
      <line num="1221" count="0" type="stmt"/>
      <line num="1223" count="2" type="stmt"/>
      <line num="1224" count="2" type="stmt"/>
      <line num="1225" count="2" type="stmt"/>
      <line num="1226" count="2" type="stmt"/>
      <line num="1229" count="2" type="stmt"/>
      <line num="1231" count="2" type="stmt"/>
      <line num="1233" count="0" type="stmt"/>
      <line num="1237" count="1" type="stmt"/>
      <line num="1238" count="2" type="stmt"/>
      <line num="1239" count="2" type="stmt"/>
      <line num="1240" count="2" type="cond" truecount="1" falsecount="1"/>
      <line num="1241" count="0" type="stmt"/>
      <line num="1242" count="0" type="stmt"/>
      <line num="1244" count="2" type="stmt"/>
      <line num="1245" count="2" type="stmt"/>
      <line num="1246" count="2" type="stmt"/>
      <line num="1249" count="2" type="stmt"/>
      <line num="1251" count="2" type="stmt"/>
      <line num="1253" count="0" type="stmt"/>
      <line num="1257" count="1" type="stmt"/>
      <line num="1258" count="2" type="stmt"/>
      <line num="1259" count="2" type="stmt"/>
      <line num="1260" count="2" type="cond" truecount="1" falsecount="1"/>
      <line num="1261" count="0" type="stmt"/>
      <line num="1262" count="0" type="stmt"/>
      <line num="1264" count="2" type="stmt"/>
      <line num="1265" count="2" type="stmt"/>
      <line num="1266" count="2" type="stmt"/>
      <line num="1269" count="2" type="stmt"/>
      <line num="1271" count="2" type="stmt"/>
      <line num="1273" count="0" type="stmt"/>
      <line num="1277" count="1" type="stmt"/>
      <line num="1278" count="0" type="stmt"/>
      <line num="1279" count="0" type="stmt"/>
      <line num="1280" count="0" type="stmt"/>
      <line num="1283" count="0" type="stmt"/>
      <line num="1284" count="0" type="stmt"/>
      <line num="1286" count="0" type="stmt"/>
      <line num="1290" count="1" type="stmt"/>
      <line num="1291" count="2" type="stmt"/>
      <line num="1292" count="2" type="stmt"/>
      <line num="1293" count="2" type="stmt"/>
      <line num="1296" count="2" type="stmt"/>
      <line num="1297" count="2" type="stmt"/>
      <line num="1299" count="0" type="stmt"/>
      <line num="1303" count="1" type="stmt"/>
      <line num="1304" count="1" type="stmt"/>
      <line num="1305" count="1" type="stmt"/>
      <line num="1306" count="1" type="stmt"/>
      <line num="1308" count="0" type="stmt"/>
      <line num="1309" count="0" type="stmt"/>
      <line num="1313" count="1" type="stmt"/>
      <line num="1314" count="1" type="stmt"/>
      <line num="1315" count="1" type="stmt"/>
      <line num="1316" count="1" type="stmt"/>
      <line num="1318" count="0" type="stmt"/>
      <line num="1319" count="0" type="stmt"/>
      <line num="1323" count="1" type="stmt"/>
      <line num="1325" count="1" type="stmt"/>
      <line num="1329" count="1" type="stmt"/>
    </file>
  </project>
</coverage>
