{"/Users/mcleesm/Desktop/Senior Year/Fall 2021/CIS 557/project/src/backend/src/adminTableDatabase.js": {"path":"/Users/mcleesm/Desktop/Senior Year/Fall 2021/CIS 557/project/src/backend/src/adminTableDatabase.js","statementMap":{"0":{"start":{"line":1,"column":14},"end":{"line":1,"column":39}},"1":{"start":{"line":4,"column":16},"end":{"line":21,"column":1}},"2":{"start":{"line":5,"column":2},"end":{"line":20,"column":3}},"3":{"start":{"line":6,"column":23},"end":{"line":11,"column":6}},"4":{"start":{"line":14,"column":4},"end":{"line":14,"column":83}},"5":{"start":{"line":15,"column":4},"end":{"line":15,"column":22}},"6":{"start":{"line":18,"column":4},"end":{"line":18,"column":31}},"7":{"start":{"line":19,"column":4},"end":{"line":19,"column":14}},"8":{"start":{"line":25,"column":25},"end":{"line":40,"column":1}},"9":{"start":{"line":26,"column":16},"end":{"line":26,"column":102}},"10":{"start":{"line":28,"column":17},"end":{"line":28,"column":52}},"11":{"start":{"line":29,"column":2},"end":{"line":38,"column":3}},"12":{"start":{"line":30,"column":18},"end":{"line":30,"column":49}},"13":{"start":{"line":33,"column":4},"end":{"line":33,"column":41}},"14":{"start":{"line":34,"column":4},"end":{"line":34,"column":15}},"15":{"start":{"line":37,"column":4},"end":{"line":37,"column":47}},"16":{"start":{"line":39,"column":2},"end":{"line":39,"column":14}},"17":{"start":{"line":43,"column":18},"end":{"line":58,"column":1}},"18":{"start":{"line":44,"column":16},"end":{"line":44,"column":58}},"19":{"start":{"line":46,"column":17},"end":{"line":46,"column":26}},"20":{"start":{"line":48,"column":2},"end":{"line":56,"column":3}},"21":{"start":{"line":49,"column":19},"end":{"line":49,"column":50}},"22":{"start":{"line":51,"column":4},"end":{"line":51,"column":49}},"23":{"start":{"line":52,"column":4},"end":{"line":52,"column":16}},"24":{"start":{"line":55,"column":4},"end":{"line":55,"column":41}},"25":{"start":{"line":57,"column":2},"end":{"line":57,"column":14}},"26":{"start":{"line":61,"column":21},"end":{"line":86,"column":1}},"27":{"start":{"line":62,"column":16},"end":{"line":62,"column":64}},"28":{"start":{"line":64,"column":2},"end":{"line":84,"column":3}},"29":{"start":{"line":65,"column":19},"end":{"line":65,"column":42}},"30":{"start":{"line":68,"column":16},"end":{"line":68,"column":18}},"31":{"start":{"line":69,"column":22},"end":{"line":69,"column":24}},"32":{"start":{"line":70,"column":4},"end":{"line":76,"column":7}},"33":{"start":{"line":71,"column":6},"end":{"line":75,"column":7}},"34":{"start":{"line":71,"column":44},"end":{"line":71,"column":82}},"35":{"start":{"line":73,"column":8},"end":{"line":73,"column":44}},"36":{"start":{"line":74,"column":8},"end":{"line":74,"column":37}},"37":{"start":{"line":79,"column":4},"end":{"line":79,"column":48}},"38":{"start":{"line":80,"column":4},"end":{"line":80,"column":15}},"39":{"start":{"line":83,"column":4},"end":{"line":83,"column":56}},"40":{"start":{"line":85,"column":2},"end":{"line":85,"column":14}},"41":{"start":{"line":89,"column":30},"end":{"line":97,"column":1}},"42":{"start":{"line":90,"column":16},"end":{"line":90,"column":67}},"43":{"start":{"line":91,"column":2},"end":{"line":96,"column":3}},"44":{"start":{"line":92,"column":21},"end":{"line":92,"column":54}},"45":{"start":{"line":93,"column":4},"end":{"line":93,"column":18}},"46":{"start":{"line":95,"column":4},"end":{"line":95,"column":15}},"47":{"start":{"line":100,"column":20},"end":{"line":121,"column":1}},"48":{"start":{"line":101,"column":2},"end":{"line":119,"column":3}},"49":{"start":{"line":102,"column":19},"end":{"line":102,"column":77}},"50":{"start":{"line":104,"column":18},"end":{"line":104,"column":74}},"51":{"start":{"line":106,"column":19},"end":{"line":106,"column":39}},"52":{"start":{"line":108,"column":18},"end":{"line":108,"column":50}},"53":{"start":{"line":109,"column":4},"end":{"line":111,"column":5}},"54":{"start":{"line":110,"column":6},"end":{"line":110,"column":82}},"55":{"start":{"line":112,"column":4},"end":{"line":112,"column":36}},"56":{"start":{"line":114,"column":4},"end":{"line":114,"column":34}},"57":{"start":{"line":115,"column":4},"end":{"line":115,"column":15}},"58":{"start":{"line":118,"column":4},"end":{"line":118,"column":53}},"59":{"start":{"line":120,"column":2},"end":{"line":120,"column":14}},"60":{"start":{"line":123,"column":21},"end":{"line":133,"column":1}},"61":{"start":{"line":124,"column":2},"end":{"line":132,"column":3}},"62":{"start":{"line":125,"column":18},"end":{"line":125,"column":60}},"63":{"start":{"line":126,"column":21},"end":{"line":126,"column":54}},"64":{"start":{"line":127,"column":4},"end":{"line":127,"column":18}},"65":{"start":{"line":130,"column":4},"end":{"line":130,"column":64}},"66":{"start":{"line":131,"column":4},"end":{"line":131,"column":13}},"67":{"start":{"line":135,"column":0},"end":{"line":143,"column":2}}},"fnMap":{"0":{"name":"(anonymous_0)","decl":{"start":{"line":4,"column":16},"end":{"line":4,"column":17}},"loc":{"start":{"line":4,"column":28},"end":{"line":21,"column":1}},"line":4},"1":{"name":"(anonymous_1)","decl":{"start":{"line":25,"column":25},"end":{"line":25,"column":26}},"loc":{"start":{"line":25,"column":74},"end":{"line":40,"column":1}},"line":25},"2":{"name":"(anonymous_2)","decl":{"start":{"line":43,"column":18},"end":{"line":43,"column":19}},"loc":{"start":{"line":43,"column":41},"end":{"line":58,"column":1}},"line":43},"3":{"name":"(anonymous_3)","decl":{"start":{"line":61,"column":21},"end":{"line":61,"column":22}},"loc":{"start":{"line":61,"column":35},"end":{"line":86,"column":1}},"line":61},"4":{"name":"(anonymous_4)","decl":{"start":{"line":70,"column":17},"end":{"line":70,"column":18}},"loc":{"start":{"line":70,"column":26},"end":{"line":76,"column":5}},"line":70},"5":{"name":"(anonymous_5)","decl":{"start":{"line":89,"column":30},"end":{"line":89,"column":31}},"loc":{"start":{"line":89,"column":52},"end":{"line":97,"column":1}},"line":89},"6":{"name":"(anonymous_6)","decl":{"start":{"line":100,"column":20},"end":{"line":100,"column":21}},"loc":{"start":{"line":100,"column":54},"end":{"line":121,"column":1}},"line":100},"7":{"name":"(anonymous_7)","decl":{"start":{"line":123,"column":21},"end":{"line":123,"column":22}},"loc":{"start":{"line":123,"column":43},"end":{"line":133,"column":1}},"line":123}},"branchMap":{"0":{"loc":{"start":{"line":71,"column":6},"end":{"line":75,"column":7}},"type":"if","locations":[{"start":{"line":71,"column":6},"end":{"line":75,"column":7}},{"start":{"line":72,"column":11},"end":{"line":75,"column":7}}],"line":71},"1":{"loc":{"start":{"line":109,"column":4},"end":{"line":111,"column":5}},"type":"if","locations":[{"start":{"line":109,"column":4},"end":{"line":111,"column":5}},{"start":{},"end":{}}],"line":109}},"s":{"0":2,"1":2,"2":3,"3":3,"4":3,"5":3,"6":0,"7":0,"8":2,"9":27,"10":27,"11":27,"12":27,"13":26,"14":26,"15":1,"16":1,"17":2,"18":6,"19":6,"20":6,"21":6,"22":6,"23":6,"24":0,"25":0,"26":2,"27":1,"28":1,"29":1,"30":1,"31":1,"32":1,"33":8,"34":2,"35":6,"36":6,"37":1,"38":1,"39":0,"40":0,"41":2,"42":1,"43":1,"44":1,"45":1,"46":0,"47":2,"48":2,"49":2,"50":2,"51":2,"52":2,"53":2,"54":1,"55":1,"56":1,"57":1,"58":0,"59":0,"60":2,"61":1,"62":1,"63":1,"64":1,"65":0,"66":0,"67":2},"f":{"0":3,"1":27,"2":6,"3":1,"4":8,"5":1,"6":2,"7":1},"b":{"0":[2,6],"1":[1,1]},"_coverageSchema":"1a1c01bbd47fc00a2c39e90264f33305004495a9","hash":"68befe1532b3d4a99bdc1d0f32dd64d547217689"}
,"/Users/mcleesm/Desktop/Senior Year/Fall 2021/CIS 557/project/src/backend/src/convoTableDatabase.js": {"path":"/Users/mcleesm/Desktop/Senior Year/Fall 2021/CIS 557/project/src/backend/src/convoTableDatabase.js","statementMap":{"0":{"start":{"line":1,"column":14},"end":{"line":1,"column":39}},"1":{"start":{"line":4,"column":16},"end":{"line":21,"column":1}},"2":{"start":{"line":5,"column":2},"end":{"line":20,"column":3}},"3":{"start":{"line":6,"column":23},"end":{"line":11,"column":6}},"4":{"start":{"line":14,"column":4},"end":{"line":14,"column":83}},"5":{"start":{"line":15,"column":4},"end":{"line":15,"column":22}},"6":{"start":{"line":18,"column":4},"end":{"line":18,"column":31}},"7":{"start":{"line":19,"column":4},"end":{"line":19,"column":14}},"8":{"start":{"line":24,"column":20},"end":{"line":38,"column":1}},"9":{"start":{"line":25,"column":16},"end":{"line":25,"column":94}},"10":{"start":{"line":27,"column":17},"end":{"line":27,"column":45}},"11":{"start":{"line":28,"column":2},"end":{"line":36,"column":3}},"12":{"start":{"line":29,"column":19},"end":{"line":29,"column":50}},"13":{"start":{"line":31,"column":4},"end":{"line":31,"column":39}},"14":{"start":{"line":32,"column":4},"end":{"line":32,"column":29}},"15":{"start":{"line":35,"column":4},"end":{"line":35,"column":41}},"16":{"start":{"line":37,"column":2},"end":{"line":37,"column":14}},"17":{"start":{"line":41,"column":17},"end":{"line":56,"column":1}},"18":{"start":{"line":42,"column":16},"end":{"line":42,"column":95}},"19":{"start":{"line":43,"column":17},"end":{"line":43,"column":53}},"20":{"start":{"line":45,"column":2},"end":{"line":54,"column":3}},"21":{"start":{"line":46,"column":18},"end":{"line":46,"column":49}},"22":{"start":{"line":49,"column":4},"end":{"line":49,"column":41}},"23":{"start":{"line":50,"column":4},"end":{"line":50,"column":24}},"24":{"start":{"line":53,"column":4},"end":{"line":53,"column":47}},"25":{"start":{"line":55,"column":2},"end":{"line":55,"column":14}},"26":{"start":{"line":59,"column":19},"end":{"line":74,"column":1}},"27":{"start":{"line":60,"column":16},"end":{"line":60,"column":94}},"28":{"start":{"line":61,"column":17},"end":{"line":61,"column":45}},"29":{"start":{"line":63,"column":2},"end":{"line":72,"column":3}},"30":{"start":{"line":64,"column":18},"end":{"line":64,"column":49}},"31":{"start":{"line":67,"column":4},"end":{"line":67,"column":37}},"32":{"start":{"line":68,"column":4},"end":{"line":68,"column":26}},"33":{"start":{"line":71,"column":4},"end":{"line":71,"column":47}},"34":{"start":{"line":73,"column":2},"end":{"line":73,"column":14}},"35":{"start":{"line":77,"column":25},"end":{"line":92,"column":1}},"36":{"start":{"line":78,"column":16},"end":{"line":78,"column":66}},"37":{"start":{"line":80,"column":17},"end":{"line":80,"column":25}},"38":{"start":{"line":82,"column":2},"end":{"line":90,"column":3}},"39":{"start":{"line":83,"column":19},"end":{"line":83,"column":50}},"40":{"start":{"line":85,"column":4},"end":{"line":85,"column":39}},"41":{"start":{"line":86,"column":4},"end":{"line":86,"column":16}},"42":{"start":{"line":89,"column":4},"end":{"line":89,"column":41}},"43":{"start":{"line":91,"column":2},"end":{"line":91,"column":14}},"44":{"start":{"line":94,"column":0},"end":{"line":100,"column":2}}},"fnMap":{"0":{"name":"(anonymous_0)","decl":{"start":{"line":4,"column":16},"end":{"line":4,"column":17}},"loc":{"start":{"line":4,"column":28},"end":{"line":21,"column":1}},"line":4},"1":{"name":"(anonymous_1)","decl":{"start":{"line":24,"column":20},"end":{"line":24,"column":21}},"loc":{"start":{"line":24,"column":48},"end":{"line":38,"column":1}},"line":24},"2":{"name":"(anonymous_2)","decl":{"start":{"line":41,"column":17},"end":{"line":41,"column":18}},"loc":{"start":{"line":41,"column":67},"end":{"line":56,"column":1}},"line":41},"3":{"name":"(anonymous_3)","decl":{"start":{"line":59,"column":19},"end":{"line":59,"column":20}},"loc":{"start":{"line":59,"column":47},"end":{"line":74,"column":1}},"line":59},"4":{"name":"(anonymous_4)","decl":{"start":{"line":77,"column":25},"end":{"line":77,"column":26}},"loc":{"start":{"line":77,"column":43},"end":{"line":92,"column":1}},"line":77}},"branchMap":{},"s":{"0":2,"1":2,"2":2,"3":2,"4":2,"5":2,"6":0,"7":0,"8":2,"9":11,"10":11,"11":11,"12":11,"13":11,"14":11,"15":0,"16":0,"17":2,"18":7,"19":7,"20":7,"21":7,"22":7,"23":7,"24":0,"25":0,"26":2,"27":8,"28":8,"29":8,"30":8,"31":8,"32":8,"33":0,"34":0,"35":2,"36":3,"37":3,"38":3,"39":3,"40":3,"41":3,"42":0,"43":0,"44":2},"f":{"0":2,"1":11,"2":7,"3":8,"4":3},"b":{},"_coverageSchema":"1a1c01bbd47fc00a2c39e90264f33305004495a9","hash":"e9d3fd888f09a3c865d92b24d09597844b45f589"}
,"/Users/mcleesm/Desktop/Senior Year/Fall 2021/CIS 557/project/src/backend/src/groupMemberTableDatabase.js": {"path":"/Users/mcleesm/Desktop/Senior Year/Fall 2021/CIS 557/project/src/backend/src/groupMemberTableDatabase.js","statementMap":{"0":{"start":{"line":1,"column":14},"end":{"line":1,"column":39}},"1":{"start":{"line":3,"column":16},"end":{"line":20,"column":1}},"2":{"start":{"line":4,"column":2},"end":{"line":19,"column":3}},"3":{"start":{"line":5,"column":23},"end":{"line":10,"column":6}},"4":{"start":{"line":13,"column":4},"end":{"line":13,"column":83}},"5":{"start":{"line":14,"column":4},"end":{"line":14,"column":22}},"6":{"start":{"line":17,"column":4},"end":{"line":17,"column":31}},"7":{"start":{"line":18,"column":4},"end":{"line":18,"column":14}},"8":{"start":{"line":22,"column":23},"end":{"line":36,"column":1}},"9":{"start":{"line":23,"column":16},"end":{"line":23,"column":79}},"10":{"start":{"line":24,"column":2},"end":{"line":35,"column":3}},"11":{"start":{"line":25,"column":24},"end":{"line":25,"column":66}},"12":{"start":{"line":27,"column":22},"end":{"line":27,"column":104}},"13":{"start":{"line":28,"column":4},"end":{"line":28,"column":43}},"14":{"start":{"line":30,"column":4},"end":{"line":30,"column":21}},"15":{"start":{"line":33,"column":4},"end":{"line":33,"column":31}},"16":{"start":{"line":34,"column":4},"end":{"line":34,"column":14}},"17":{"start":{"line":38,"column":21},"end":{"line":48,"column":1}},"18":{"start":{"line":39,"column":16},"end":{"line":39,"column":72}},"19":{"start":{"line":40,"column":2},"end":{"line":47,"column":3}},"20":{"start":{"line":41,"column":29},"end":{"line":41,"column":63}},"21":{"start":{"line":42,"column":4},"end":{"line":42,"column":26}},"22":{"start":{"line":45,"column":4},"end":{"line":45,"column":31}},"23":{"start":{"line":46,"column":4},"end":{"line":46,"column":14}},"24":{"start":{"line":50,"column":36},"end":{"line":60,"column":1}},"25":{"start":{"line":51,"column":16},"end":{"line":51,"column":72}},"26":{"start":{"line":52,"column":2},"end":{"line":59,"column":3}},"27":{"start":{"line":53,"column":29},"end":{"line":53,"column":62}},"28":{"start":{"line":54,"column":4},"end":{"line":54,"column":26}},"29":{"start":{"line":57,"column":4},"end":{"line":57,"column":31}},"30":{"start":{"line":58,"column":4},"end":{"line":58,"column":14}},"31":{"start":{"line":62,"column":30},"end":{"line":72,"column":1}},"32":{"start":{"line":63,"column":16},"end":{"line":63,"column":63}},"33":{"start":{"line":64,"column":2},"end":{"line":71,"column":3}},"34":{"start":{"line":65,"column":29},"end":{"line":65,"column":62}},"35":{"start":{"line":66,"column":4},"end":{"line":66,"column":26}},"36":{"start":{"line":69,"column":4},"end":{"line":69,"column":31}},"37":{"start":{"line":70,"column":4},"end":{"line":70,"column":14}},"38":{"start":{"line":74,"column":31},"end":{"line":85,"column":1}},"39":{"start":{"line":75,"column":16},"end":{"line":75,"column":80}},"40":{"start":{"line":76,"column":17},"end":{"line":76,"column":34}},"41":{"start":{"line":77,"column":2},"end":{"line":84,"column":3}},"42":{"start":{"line":78,"column":29},"end":{"line":78,"column":60}},"43":{"start":{"line":79,"column":4},"end":{"line":79,"column":26}},"44":{"start":{"line":82,"column":4},"end":{"line":82,"column":31}},"45":{"start":{"line":83,"column":4},"end":{"line":83,"column":14}},"46":{"start":{"line":87,"column":25},"end":{"line":102,"column":1}},"47":{"start":{"line":88,"column":16},"end":{"line":88,"column":70}},"48":{"start":{"line":89,"column":17},"end":{"line":89,"column":21}},"49":{"start":{"line":90,"column":2},"end":{"line":101,"column":3}},"50":{"start":{"line":91,"column":18},"end":{"line":91,"column":49}},"51":{"start":{"line":92,"column":16},"end":{"line":92,"column":18}},"52":{"start":{"line":93,"column":4},"end":{"line":95,"column":5}},"53":{"start":{"line":93,"column":17},"end":{"line":93,"column":18}},"54":{"start":{"line":94,"column":6},"end":{"line":94,"column":32}},"55":{"start":{"line":96,"column":4},"end":{"line":96,"column":15}},"56":{"start":{"line":99,"column":4},"end":{"line":99,"column":31}},"57":{"start":{"line":100,"column":4},"end":{"line":100,"column":14}},"58":{"start":{"line":104,"column":0},"end":{"line":112,"column":2}}},"fnMap":{"0":{"name":"(anonymous_0)","decl":{"start":{"line":3,"column":16},"end":{"line":3,"column":17}},"loc":{"start":{"line":3,"column":28},"end":{"line":20,"column":1}},"line":3},"1":{"name":"(anonymous_1)","decl":{"start":{"line":22,"column":23},"end":{"line":22,"column":24}},"loc":{"start":{"line":22,"column":54},"end":{"line":36,"column":1}},"line":22},"2":{"name":"(anonymous_2)","decl":{"start":{"line":38,"column":21},"end":{"line":38,"column":22}},"loc":{"start":{"line":38,"column":44},"end":{"line":48,"column":1}},"line":38},"3":{"name":"(anonymous_3)","decl":{"start":{"line":50,"column":36},"end":{"line":50,"column":37}},"loc":{"start":{"line":50,"column":58},"end":{"line":60,"column":1}},"line":50},"4":{"name":"(anonymous_4)","decl":{"start":{"line":62,"column":30},"end":{"line":62,"column":31}},"loc":{"start":{"line":62,"column":52},"end":{"line":72,"column":1}},"line":62},"5":{"name":"(anonymous_5)","decl":{"start":{"line":74,"column":31},"end":{"line":74,"column":32}},"loc":{"start":{"line":74,"column":62},"end":{"line":85,"column":1}},"line":74},"6":{"name":"(anonymous_6)","decl":{"start":{"line":87,"column":25},"end":{"line":87,"column":26}},"loc":{"start":{"line":87,"column":43},"end":{"line":102,"column":1}},"line":87}},"branchMap":{},"s":{"0":2,"1":2,"2":2,"3":2,"4":2,"5":2,"6":0,"7":0,"8":2,"9":15,"10":15,"11":15,"12":15,"13":15,"14":15,"15":0,"16":0,"17":2,"18":3,"19":3,"20":3,"21":3,"22":0,"23":0,"24":2,"25":1,"26":1,"27":1,"28":1,"29":0,"30":0,"31":2,"32":1,"33":1,"34":1,"35":1,"36":0,"37":0,"38":2,"39":1,"40":1,"41":1,"42":1,"43":1,"44":0,"45":0,"46":2,"47":19,"48":19,"49":19,"50":19,"51":19,"52":19,"53":19,"54":20,"55":19,"56":0,"57":0,"58":2},"f":{"0":2,"1":15,"2":3,"3":1,"4":1,"5":1,"6":19},"b":{},"_coverageSchema":"1a1c01bbd47fc00a2c39e90264f33305004495a9","hash":"f6bbd71178a0e3785f1d38af9351315d0f807066"}
,"/Users/mcleesm/Desktop/Senior Year/Fall 2021/CIS 557/project/src/backend/src/groupTableDatabase.js": {"path":"/Users/mcleesm/Desktop/Senior Year/Fall 2021/CIS 557/project/src/backend/src/groupTableDatabase.js","statementMap":{"0":{"start":{"line":1,"column":14},"end":{"line":1,"column":39}},"1":{"start":{"line":4,"column":16},"end":{"line":21,"column":1}},"2":{"start":{"line":5,"column":2},"end":{"line":20,"column":3}},"3":{"start":{"line":6,"column":23},"end":{"line":11,"column":6}},"4":{"start":{"line":14,"column":4},"end":{"line":14,"column":83}},"5":{"start":{"line":15,"column":4},"end":{"line":15,"column":22}},"6":{"start":{"line":18,"column":4},"end":{"line":18,"column":31}},"7":{"start":{"line":19,"column":4},"end":{"line":19,"column":14}},"8":{"start":{"line":24,"column":17},"end":{"line":47,"column":1}},"9":{"start":{"line":25,"column":16},"end":{"line":25,"column":147}},"10":{"start":{"line":27,"column":22},"end":{"line":27,"column":73}},"11":{"start":{"line":29,"column":17},"end":{"line":30,"column":51}},"12":{"start":{"line":31,"column":2},"end":{"line":45,"column":3}},"13":{"start":{"line":32,"column":24},"end":{"line":32,"column":76}},"14":{"start":{"line":33,"column":4},"end":{"line":36,"column":5}},"15":{"start":{"line":35,"column":6},"end":{"line":35,"column":18}},"16":{"start":{"line":38,"column":4},"end":{"line":38,"column":36}},"17":{"start":{"line":40,"column":4},"end":{"line":40,"column":63}},"18":{"start":{"line":41,"column":4},"end":{"line":41,"column":29}},"19":{"start":{"line":44,"column":4},"end":{"line":44,"column":41}},"20":{"start":{"line":46,"column":2},"end":{"line":46,"column":14}},"21":{"start":{"line":50,"column":18},"end":{"line":89,"column":1}},"22":{"start":{"line":51,"column":16},"end":{"line":51,"column":79}},"23":{"start":{"line":53,"column":17},"end":{"line":53,"column":56}},"24":{"start":{"line":54,"column":17},"end":{"line":54,"column":56}},"25":{"start":{"line":55,"column":17},"end":{"line":55,"column":56}},"26":{"start":{"line":57,"column":2},"end":{"line":66,"column":3}},"27":{"start":{"line":58,"column":4},"end":{"line":65,"column":5}},"28":{"start":{"line":59,"column":6},"end":{"line":59,"column":38}},"29":{"start":{"line":61,"column":6},"end":{"line":61,"column":98}},"30":{"start":{"line":64,"column":6},"end":{"line":64,"column":43}},"31":{"start":{"line":68,"column":2},"end":{"line":77,"column":3}},"32":{"start":{"line":69,"column":4},"end":{"line":76,"column":5}},"33":{"start":{"line":70,"column":6},"end":{"line":70,"column":38}},"34":{"start":{"line":72,"column":6},"end":{"line":72,"column":98}},"35":{"start":{"line":75,"column":6},"end":{"line":75,"column":43}},"36":{"start":{"line":79,"column":2},"end":{"line":88,"column":3}},"37":{"start":{"line":80,"column":4},"end":{"line":87,"column":5}},"38":{"start":{"line":81,"column":6},"end":{"line":81,"column":38}},"39":{"start":{"line":83,"column":6},"end":{"line":83,"column":98}},"40":{"start":{"line":86,"column":6},"end":{"line":86,"column":43}},"41":{"start":{"line":92,"column":18},"end":{"line":110,"column":1}},"42":{"start":{"line":93,"column":2},"end":{"line":108,"column":3}},"43":{"start":{"line":94,"column":18},"end":{"line":94,"column":65}},"44":{"start":{"line":95,"column":19},"end":{"line":95,"column":42}},"45":{"start":{"line":97,"column":4},"end":{"line":97,"column":51}},"46":{"start":{"line":99,"column":19},"end":{"line":99,"column":21}},"47":{"start":{"line":100,"column":4},"end":{"line":102,"column":5}},"48":{"start":{"line":100,"column":17},"end":{"line":100,"column":18}},"49":{"start":{"line":101,"column":6},"end":{"line":101,"column":39}},"50":{"start":{"line":104,"column":4},"end":{"line":104,"column":18}},"51":{"start":{"line":107,"column":4},"end":{"line":107,"column":41}},"52":{"start":{"line":109,"column":2},"end":{"line":109,"column":14}},"53":{"start":{"line":113,"column":27},"end":{"line":131,"column":1}},"54":{"start":{"line":114,"column":2},"end":{"line":129,"column":3}},"55":{"start":{"line":115,"column":18},"end":{"line":115,"column":82}},"56":{"start":{"line":116,"column":19},"end":{"line":116,"column":48}},"57":{"start":{"line":118,"column":4},"end":{"line":118,"column":51}},"58":{"start":{"line":120,"column":19},"end":{"line":120,"column":21}},"59":{"start":{"line":121,"column":4},"end":{"line":123,"column":5}},"60":{"start":{"line":121,"column":17},"end":{"line":121,"column":18}},"61":{"start":{"line":122,"column":6},"end":{"line":122,"column":39}},"62":{"start":{"line":125,"column":4},"end":{"line":125,"column":18}},"63":{"start":{"line":128,"column":4},"end":{"line":128,"column":41}},"64":{"start":{"line":130,"column":2},"end":{"line":130,"column":14}},"65":{"start":{"line":134,"column":21},"end":{"line":146,"column":1}},"66":{"start":{"line":135,"column":2},"end":{"line":144,"column":3}},"67":{"start":{"line":136,"column":18},"end":{"line":136,"column":60}},"68":{"start":{"line":137,"column":19},"end":{"line":137,"column":48}},"69":{"start":{"line":140,"column":4},"end":{"line":140,"column":19}},"70":{"start":{"line":143,"column":4},"end":{"line":143,"column":41}},"71":{"start":{"line":145,"column":2},"end":{"line":145,"column":14}},"72":{"start":{"line":149,"column":27},"end":{"line":171,"column":1}},"73":{"start":{"line":150,"column":2},"end":{"line":169,"column":3}},"74":{"start":{"line":151,"column":18},"end":{"line":151,"column":66}},"75":{"start":{"line":152,"column":19},"end":{"line":152,"column":51}},"76":{"start":{"line":154,"column":19},"end":{"line":154,"column":21}},"77":{"start":{"line":155,"column":4},"end":{"line":163,"column":5}},"78":{"start":{"line":155,"column":17},"end":{"line":155,"column":18}},"79":{"start":{"line":156,"column":16},"end":{"line":156,"column":56}},"80":{"start":{"line":157,"column":21},"end":{"line":157,"column":67}},"81":{"start":{"line":159,"column":6},"end":{"line":162,"column":7}},"82":{"start":{"line":160,"column":8},"end":{"line":160,"column":26}},"83":{"start":{"line":161,"column":8},"end":{"line":161,"column":23}},"84":{"start":{"line":165,"column":4},"end":{"line":165,"column":20}},"85":{"start":{"line":168,"column":4},"end":{"line":168,"column":41}},"86":{"start":{"line":170,"column":2},"end":{"line":170,"column":14}},"87":{"start":{"line":174,"column":24},"end":{"line":202,"column":1}},"88":{"start":{"line":175,"column":2},"end":{"line":200,"column":3}},"89":{"start":{"line":176,"column":16},"end":{"line":176,"column":18}},"90":{"start":{"line":177,"column":4},"end":{"line":185,"column":5}},"91":{"start":{"line":178,"column":6},"end":{"line":178,"column":82}},"92":{"start":{"line":179,"column":11},"end":{"line":185,"column":5}},"93":{"start":{"line":180,"column":6},"end":{"line":180,"column":84}},"94":{"start":{"line":181,"column":11},"end":{"line":185,"column":5}},"95":{"start":{"line":182,"column":6},"end":{"line":182,"column":86}},"96":{"start":{"line":184,"column":6},"end":{"line":184,"column":58}},"97":{"start":{"line":186,"column":19},"end":{"line":186,"column":42}},"98":{"start":{"line":190,"column":4},"end":{"line":194,"column":5}},"99":{"start":{"line":190,"column":17},"end":{"line":190,"column":18}},"100":{"start":{"line":191,"column":16},"end":{"line":191,"column":62}},"101":{"start":{"line":193,"column":6},"end":{"line":193,"column":25}},"102":{"start":{"line":196,"column":4},"end":{"line":196,"column":18}},"103":{"start":{"line":199,"column":4},"end":{"line":199,"column":41}},"104":{"start":{"line":201,"column":2},"end":{"line":201,"column":14}},"105":{"start":{"line":205,"column":18},"end":{"line":217,"column":1}},"106":{"start":{"line":206,"column":2},"end":{"line":215,"column":3}},"107":{"start":{"line":207,"column":18},"end":{"line":207,"column":43}},"108":{"start":{"line":208,"column":19},"end":{"line":208,"column":42}},"109":{"start":{"line":210,"column":4},"end":{"line":210,"column":50}},"110":{"start":{"line":211,"column":4},"end":{"line":211,"column":18}},"111":{"start":{"line":214,"column":4},"end":{"line":214,"column":41}},"112":{"start":{"line":216,"column":2},"end":{"line":216,"column":14}},"113":{"start":{"line":220,"column":26},"end":{"line":232,"column":1}},"114":{"start":{"line":221,"column":2},"end":{"line":230,"column":3}},"115":{"start":{"line":222,"column":18},"end":{"line":222,"column":72}},"116":{"start":{"line":223,"column":19},"end":{"line":223,"column":50}},"117":{"start":{"line":225,"column":4},"end":{"line":225,"column":51}},"118":{"start":{"line":226,"column":4},"end":{"line":226,"column":18}},"119":{"start":{"line":229,"column":4},"end":{"line":229,"column":41}},"120":{"start":{"line":231,"column":2},"end":{"line":231,"column":14}},"121":{"start":{"line":235,"column":20},"end":{"line":247,"column":1}},"122":{"start":{"line":236,"column":2},"end":{"line":245,"column":3}},"123":{"start":{"line":237,"column":18},"end":{"line":237,"column":60}},"124":{"start":{"line":238,"column":18},"end":{"line":238,"column":49}},"125":{"start":{"line":240,"column":4},"end":{"line":240,"column":72}},"126":{"start":{"line":241,"column":4},"end":{"line":241,"column":17}},"127":{"start":{"line":244,"column":4},"end":{"line":244,"column":41}},"128":{"start":{"line":246,"column":2},"end":{"line":246,"column":14}},"129":{"start":{"line":250,"column":20},"end":{"line":263,"column":1}},"130":{"start":{"line":251,"column":2},"end":{"line":261,"column":3}},"131":{"start":{"line":252,"column":18},"end":{"line":252,"column":76}},"132":{"start":{"line":253,"column":19},"end":{"line":253,"column":41}},"133":{"start":{"line":254,"column":18},"end":{"line":254,"column":49}},"134":{"start":{"line":256,"column":4},"end":{"line":256,"column":70}},"135":{"start":{"line":257,"column":4},"end":{"line":257,"column":17}},"136":{"start":{"line":260,"column":4},"end":{"line":260,"column":41}},"137":{"start":{"line":262,"column":2},"end":{"line":262,"column":14}},"138":{"start":{"line":266,"column":18},"end":{"line":276,"column":1}},"139":{"start":{"line":267,"column":2},"end":{"line":274,"column":3}},"140":{"start":{"line":268,"column":18},"end":{"line":268,"column":55}},"141":{"start":{"line":269,"column":18},"end":{"line":269,"column":41}},"142":{"start":{"line":270,"column":4},"end":{"line":270,"column":35}},"143":{"start":{"line":273,"column":4},"end":{"line":273,"column":41}},"144":{"start":{"line":275,"column":2},"end":{"line":275,"column":14}},"145":{"start":{"line":278,"column":26},"end":{"line":307,"column":1}},"146":{"start":{"line":279,"column":29},"end":{"line":279,"column":31}},"147":{"start":{"line":282,"column":27},"end":{"line":282,"column":75}},"148":{"start":{"line":283,"column":32},"end":{"line":283,"column":66}},"149":{"start":{"line":284,"column":2},"end":{"line":284,"column":76}},"150":{"start":{"line":287,"column":28},"end":{"line":287,"column":85}},"151":{"start":{"line":288,"column":33},"end":{"line":288,"column":68}},"152":{"start":{"line":289,"column":2},"end":{"line":289,"column":87}},"153":{"start":{"line":292,"column":25},"end":{"line":292,"column":94}},"154":{"start":{"line":293,"column":2},"end":{"line":293,"column":73}},"155":{"start":{"line":296,"column":28},"end":{"line":296,"column":79}},"156":{"start":{"line":297,"column":33},"end":{"line":297,"column":68}},"157":{"start":{"line":298,"column":2},"end":{"line":298,"column":83}},"158":{"start":{"line":301,"column":27},"end":{"line":301,"column":75}},"159":{"start":{"line":302,"column":32},"end":{"line":302,"column":66}},"160":{"start":{"line":303,"column":2},"end":{"line":303,"column":81}},"161":{"start":{"line":306,"column":2},"end":{"line":306,"column":28}},"162":{"start":{"line":309,"column":0},"end":{"line":324,"column":2}}},"fnMap":{"0":{"name":"(anonymous_0)","decl":{"start":{"line":4,"column":16},"end":{"line":4,"column":17}},"loc":{"start":{"line":4,"column":28},"end":{"line":21,"column":1}},"line":4},"1":{"name":"(anonymous_1)","decl":{"start":{"line":24,"column":17},"end":{"line":24,"column":18}},"loc":{"start":{"line":24,"column":41},"end":{"line":47,"column":1}},"line":24},"2":{"name":"(anonymous_2)","decl":{"start":{"line":50,"column":18},"end":{"line":50,"column":19}},"loc":{"start":{"line":50,"column":43},"end":{"line":89,"column":1}},"line":50},"3":{"name":"(anonymous_3)","decl":{"start":{"line":92,"column":18},"end":{"line":92,"column":19}},"loc":{"start":{"line":92,"column":32},"end":{"line":110,"column":1}},"line":92},"4":{"name":"(anonymous_4)","decl":{"start":{"line":113,"column":27},"end":{"line":113,"column":28}},"loc":{"start":{"line":113,"column":45},"end":{"line":131,"column":1}},"line":113},"5":{"name":"(anonymous_5)","decl":{"start":{"line":134,"column":21},"end":{"line":134,"column":22}},"loc":{"start":{"line":134,"column":39},"end":{"line":146,"column":1}},"line":134},"6":{"name":"(anonymous_6)","decl":{"start":{"line":149,"column":27},"end":{"line":149,"column":28}},"loc":{"start":{"line":149,"column":48},"end":{"line":171,"column":1}},"line":149},"7":{"name":"(anonymous_7)","decl":{"start":{"line":174,"column":24},"end":{"line":174,"column":25}},"loc":{"start":{"line":174,"column":44},"end":{"line":202,"column":1}},"line":174},"8":{"name":"(anonymous_8)","decl":{"start":{"line":205,"column":18},"end":{"line":205,"column":19}},"loc":{"start":{"line":205,"column":32},"end":{"line":217,"column":1}},"line":205},"9":{"name":"(anonymous_9)","decl":{"start":{"line":220,"column":26},"end":{"line":220,"column":27}},"loc":{"start":{"line":220,"column":46},"end":{"line":232,"column":1}},"line":220},"10":{"name":"(anonymous_10)","decl":{"start":{"line":235,"column":20},"end":{"line":235,"column":21}},"loc":{"start":{"line":235,"column":40},"end":{"line":247,"column":1}},"line":235},"11":{"name":"(anonymous_11)","decl":{"start":{"line":250,"column":20},"end":{"line":250,"column":21}},"loc":{"start":{"line":250,"column":71},"end":{"line":263,"column":1}},"line":250},"12":{"name":"(anonymous_12)","decl":{"start":{"line":266,"column":18},"end":{"line":266,"column":19}},"loc":{"start":{"line":266,"column":32},"end":{"line":276,"column":1}},"line":266},"13":{"name":"(anonymous_13)","decl":{"start":{"line":278,"column":26},"end":{"line":278,"column":27}},"loc":{"start":{"line":278,"column":40},"end":{"line":307,"column":1}},"line":278}},"branchMap":{"0":{"loc":{"start":{"line":33,"column":4},"end":{"line":36,"column":5}},"type":"if","locations":[{"start":{"line":33,"column":4},"end":{"line":36,"column":5}},{"start":{},"end":{}}],"line":33},"1":{"loc":{"start":{"line":57,"column":2},"end":{"line":66,"column":3}},"type":"if","locations":[{"start":{"line":57,"column":2},"end":{"line":66,"column":3}},{"start":{},"end":{}}],"line":57},"2":{"loc":{"start":{"line":68,"column":2},"end":{"line":77,"column":3}},"type":"if","locations":[{"start":{"line":68,"column":2},"end":{"line":77,"column":3}},{"start":{},"end":{}}],"line":68},"3":{"loc":{"start":{"line":79,"column":2},"end":{"line":88,"column":3}},"type":"if","locations":[{"start":{"line":79,"column":2},"end":{"line":88,"column":3}},{"start":{},"end":{}}],"line":79},"4":{"loc":{"start":{"line":159,"column":6},"end":{"line":162,"column":7}},"type":"if","locations":[{"start":{"line":159,"column":6},"end":{"line":162,"column":7}},{"start":{},"end":{}}],"line":159},"5":{"loc":{"start":{"line":177,"column":4},"end":{"line":185,"column":5}},"type":"if","locations":[{"start":{"line":177,"column":4},"end":{"line":185,"column":5}},{"start":{"line":179,"column":11},"end":{"line":185,"column":5}}],"line":177},"6":{"loc":{"start":{"line":179,"column":11},"end":{"line":185,"column":5}},"type":"if","locations":[{"start":{"line":179,"column":11},"end":{"line":185,"column":5}},{"start":{"line":181,"column":11},"end":{"line":185,"column":5}}],"line":179},"7":{"loc":{"start":{"line":181,"column":11},"end":{"line":185,"column":5}},"type":"if","locations":[{"start":{"line":181,"column":11},"end":{"line":185,"column":5}},{"start":{"line":183,"column":11},"end":{"line":185,"column":5}}],"line":181}},"s":{"0":2,"1":2,"2":2,"3":2,"4":2,"5":2,"6":0,"7":0,"8":2,"9":26,"10":26,"11":26,"12":26,"13":26,"14":26,"15":1,"16":25,"17":25,"18":25,"19":0,"20":0,"21":2,"22":17,"23":17,"24":17,"25":17,"26":17,"27":6,"28":6,"29":6,"30":0,"31":17,"32":4,"33":4,"34":4,"35":0,"36":17,"37":4,"38":4,"39":4,"40":0,"41":2,"42":2,"43":2,"44":2,"45":2,"46":2,"47":2,"48":2,"49":16,"50":2,"51":0,"52":0,"53":2,"54":27,"55":27,"56":27,"57":27,"58":27,"59":27,"60":27,"61":28,"62":27,"63":0,"64":0,"65":2,"66":6,"67":6,"68":6,"69":6,"70":0,"71":0,"72":2,"73":2,"74":2,"75":2,"76":2,"77":2,"78":2,"79":3,"80":3,"81":3,"82":3,"83":3,"84":2,"85":0,"86":0,"87":2,"88":4,"89":4,"90":4,"91":1,"92":3,"93":1,"94":2,"95":1,"96":1,"97":4,"98":4,"99":4,"100":23,"101":23,"102":4,"103":0,"104":0,"105":2,"106":1,"107":1,"108":1,"109":1,"110":1,"111":0,"112":0,"113":2,"114":1,"115":1,"116":1,"117":1,"118":1,"119":0,"120":0,"121":2,"122":1,"123":1,"124":1,"125":1,"126":1,"127":0,"128":0,"129":2,"130":1,"131":1,"132":1,"133":1,"134":1,"135":1,"136":0,"137":0,"138":2,"139":13,"140":13,"141":13,"142":13,"143":0,"144":0,"145":2,"146":2,"147":2,"148":2,"149":2,"150":2,"151":2,"152":2,"153":2,"154":2,"155":2,"156":2,"157":2,"158":2,"159":2,"160":2,"161":2,"162":2},"f":{"0":2,"1":26,"2":17,"3":2,"4":27,"5":6,"6":2,"7":4,"8":1,"9":1,"10":1,"11":1,"12":13,"13":2},"b":{"0":[1,25],"1":[6,11],"2":[4,13],"3":[4,13],"4":[3,0],"5":[1,3],"6":[1,2],"7":[1,1]},"_coverageSchema":"1a1c01bbd47fc00a2c39e90264f33305004495a9","hash":"af926bf08c936320f98653b2454f7ab6cadb74f5"}
,"/Users/mcleesm/Desktop/Senior Year/Fall 2021/CIS 557/project/src/backend/src/invitationTableDatabase.js": {"path":"/Users/mcleesm/Desktop/Senior Year/Fall 2021/CIS 557/project/src/backend/src/invitationTableDatabase.js","statementMap":{"0":{"start":{"line":1,"column":14},"end":{"line":1,"column":39}},"1":{"start":{"line":4,"column":16},"end":{"line":21,"column":1}},"2":{"start":{"line":5,"column":2},"end":{"line":20,"column":3}},"3":{"start":{"line":6,"column":23},"end":{"line":11,"column":6}},"4":{"start":{"line":14,"column":4},"end":{"line":14,"column":83}},"5":{"start":{"line":15,"column":4},"end":{"line":15,"column":22}},"6":{"start":{"line":18,"column":4},"end":{"line":18,"column":31}},"7":{"start":{"line":19,"column":4},"end":{"line":19,"column":14}},"8":{"start":{"line":24,"column":30},"end":{"line":38,"column":1}},"9":{"start":{"line":25,"column":16},"end":{"line":25,"column":126}},"10":{"start":{"line":27,"column":2},"end":{"line":36,"column":3}},"11":{"start":{"line":28,"column":19},"end":{"line":28,"column":48}},"12":{"start":{"line":32,"column":4},"end":{"line":32,"column":16}},"13":{"start":{"line":35,"column":4},"end":{"line":35,"column":41}},"14":{"start":{"line":37,"column":2},"end":{"line":37,"column":14}},"15":{"start":{"line":41,"column":31},"end":{"line":54,"column":1}},"16":{"start":{"line":42,"column":16},"end":{"line":42,"column":82}},"17":{"start":{"line":44,"column":2},"end":{"line":52,"column":3}},"18":{"start":{"line":45,"column":19},"end":{"line":45,"column":69}},"19":{"start":{"line":48,"column":4},"end":{"line":48,"column":16}},"20":{"start":{"line":51,"column":4},"end":{"line":51,"column":41}},"21":{"start":{"line":53,"column":2},"end":{"line":53,"column":14}},"22":{"start":{"line":57,"column":31},"end":{"line":73,"column":1}},"23":{"start":{"line":58,"column":16},"end":{"line":64,"column":59}},"24":{"start":{"line":65,"column":2},"end":{"line":71,"column":3}},"25":{"start":{"line":66,"column":26},"end":{"line":66,"column":60}},"26":{"start":{"line":67,"column":4},"end":{"line":67,"column":23}},"27":{"start":{"line":70,"column":4},"end":{"line":70,"column":41}},"28":{"start":{"line":72,"column":2},"end":{"line":72,"column":14}},"29":{"start":{"line":75,"column":22},"end":{"line":96,"column":1}},"30":{"start":{"line":77,"column":28},"end":{"line":77,"column":104}},"31":{"start":{"line":78,"column":27},"end":{"line":78,"column":56}},"32":{"start":{"line":80,"column":16},"end":{"line":80,"column":135}},"33":{"start":{"line":81,"column":17},"end":{"line":87,"column":3}},"34":{"start":{"line":88,"column":2},"end":{"line":94,"column":3}},"35":{"start":{"line":89,"column":27},"end":{"line":89,"column":58}},"36":{"start":{"line":90,"column":4},"end":{"line":90,"column":24}},"37":{"start":{"line":93,"column":4},"end":{"line":93,"column":41}},"38":{"start":{"line":95,"column":2},"end":{"line":95,"column":14}},"39":{"start":{"line":98,"column":29},"end":{"line":110,"column":1}},"40":{"start":{"line":99,"column":16},"end":{"line":99,"column":114}},"41":{"start":{"line":100,"column":17},"end":{"line":100,"column":33}},"42":{"start":{"line":102,"column":2},"end":{"line":108,"column":3}},"43":{"start":{"line":103,"column":27},"end":{"line":103,"column":58}},"44":{"start":{"line":104,"column":4},"end":{"line":104,"column":24}},"45":{"start":{"line":107,"column":4},"end":{"line":107,"column":41}},"46":{"start":{"line":109,"column":2},"end":{"line":109,"column":14}},"47":{"start":{"line":112,"column":32},"end":{"line":122,"column":1}},"48":{"start":{"line":113,"column":2},"end":{"line":120,"column":3}},"49":{"start":{"line":114,"column":18},"end":{"line":114,"column":132}},"50":{"start":{"line":115,"column":22},"end":{"line":115,"column":56}},"51":{"start":{"line":116,"column":4},"end":{"line":116,"column":19}},"52":{"start":{"line":119,"column":4},"end":{"line":119,"column":41}},"53":{"start":{"line":121,"column":2},"end":{"line":121,"column":14}},"54":{"start":{"line":124,"column":0},"end":{"line":132,"column":2}}},"fnMap":{"0":{"name":"(anonymous_0)","decl":{"start":{"line":4,"column":16},"end":{"line":4,"column":17}},"loc":{"start":{"line":4,"column":28},"end":{"line":21,"column":1}},"line":4},"1":{"name":"(anonymous_1)","decl":{"start":{"line":24,"column":30},"end":{"line":24,"column":31}},"loc":{"start":{"line":24,"column":48},"end":{"line":38,"column":1}},"line":24},"2":{"name":"(anonymous_2)","decl":{"start":{"line":41,"column":31},"end":{"line":41,"column":32}},"loc":{"start":{"line":41,"column":70},"end":{"line":54,"column":1}},"line":41},"3":{"name":"(anonymous_3)","decl":{"start":{"line":57,"column":31},"end":{"line":57,"column":32}},"loc":{"start":{"line":57,"column":54},"end":{"line":73,"column":1}},"line":57},"4":{"name":"(anonymous_4)","decl":{"start":{"line":75,"column":22},"end":{"line":75,"column":23}},"loc":{"start":{"line":75,"column":54},"end":{"line":96,"column":1}},"line":75},"5":{"name":"(anonymous_5)","decl":{"start":{"line":98,"column":29},"end":{"line":98,"column":30}},"loc":{"start":{"line":98,"column":51},"end":{"line":110,"column":1}},"line":98},"6":{"name":"(anonymous_6)","decl":{"start":{"line":112,"column":32},"end":{"line":112,"column":33}},"loc":{"start":{"line":112,"column":55},"end":{"line":122,"column":1}},"line":112}},"branchMap":{},"s":{"0":2,"1":2,"2":2,"3":2,"4":2,"5":2,"6":0,"7":0,"8":2,"9":1,"10":1,"11":1,"12":1,"13":0,"14":0,"15":2,"16":1,"17":1,"18":1,"19":1,"20":0,"21":0,"22":2,"23":0,"24":0,"25":0,"26":0,"27":0,"28":0,"29":2,"30":5,"31":5,"32":5,"33":5,"34":5,"35":5,"36":5,"37":0,"38":0,"39":2,"40":1,"41":1,"42":1,"43":1,"44":1,"45":0,"46":0,"47":2,"48":1,"49":1,"50":1,"51":1,"52":0,"53":0,"54":2},"f":{"0":2,"1":1,"2":1,"3":0,"4":5,"5":1,"6":1},"b":{},"_coverageSchema":"1a1c01bbd47fc00a2c39e90264f33305004495a9","hash":"9213df191b80b721628ca347ff075841d7d57f9e"}
,"/Users/mcleesm/Desktop/Senior Year/Fall 2021/CIS 557/project/src/backend/src/messageTableDatabase.js": {"path":"/Users/mcleesm/Desktop/Senior Year/Fall 2021/CIS 557/project/src/backend/src/messageTableDatabase.js","statementMap":{"0":{"start":{"line":1,"column":14},"end":{"line":1,"column":39}},"1":{"start":{"line":4,"column":16},"end":{"line":21,"column":1}},"2":{"start":{"line":5,"column":2},"end":{"line":20,"column":3}},"3":{"start":{"line":6,"column":23},"end":{"line":11,"column":6}},"4":{"start":{"line":14,"column":4},"end":{"line":14,"column":83}},"5":{"start":{"line":15,"column":4},"end":{"line":15,"column":22}},"6":{"start":{"line":18,"column":4},"end":{"line":18,"column":31}},"7":{"start":{"line":19,"column":4},"end":{"line":19,"column":14}},"8":{"start":{"line":23,"column":27},"end":{"line":41,"column":1}},"9":{"start":{"line":24,"column":16},"end":{"line":24,"column":107}},"10":{"start":{"line":25,"column":17},"end":{"line":25,"column":45}},"11":{"start":{"line":27,"column":2},"end":{"line":39,"column":3}},"12":{"start":{"line":28,"column":18},"end":{"line":28,"column":49}},"13":{"start":{"line":30,"column":4},"end":{"line":30,"column":61}},"14":{"start":{"line":32,"column":4},"end":{"line":34,"column":5}},"15":{"start":{"line":33,"column":6},"end":{"line":33,"column":15}},"16":{"start":{"line":35,"column":4},"end":{"line":35,"column":42}},"17":{"start":{"line":38,"column":4},"end":{"line":38,"column":21}},"18":{"start":{"line":40,"column":2},"end":{"line":40,"column":14}},"19":{"start":{"line":44,"column":23},"end":{"line":62,"column":1}},"20":{"start":{"line":46,"column":22},"end":{"line":46,"column":64}},"21":{"start":{"line":48,"column":16},"end":{"line":48,"column":136}},"22":{"start":{"line":49,"column":17},"end":{"line":49,"column":70}},"23":{"start":{"line":51,"column":2},"end":{"line":60,"column":3}},"24":{"start":{"line":52,"column":18},"end":{"line":52,"column":49}},"25":{"start":{"line":55,"column":4},"end":{"line":55,"column":39}},"26":{"start":{"line":56,"column":4},"end":{"line":56,"column":15}},"27":{"start":{"line":59,"column":4},"end":{"line":59,"column":21}},"28":{"start":{"line":61,"column":2},"end":{"line":61,"column":14}},"29":{"start":{"line":64,"column":24},"end":{"line":81,"column":1}},"30":{"start":{"line":66,"column":22},"end":{"line":66,"column":64}},"31":{"start":{"line":67,"column":16},"end":{"line":67,"column":136}},"32":{"start":{"line":68,"column":17},"end":{"line":68,"column":70}},"33":{"start":{"line":70,"column":2},"end":{"line":79,"column":3}},"34":{"start":{"line":71,"column":18},"end":{"line":71,"column":49}},"35":{"start":{"line":74,"column":4},"end":{"line":74,"column":39}},"36":{"start":{"line":75,"column":4},"end":{"line":75,"column":15}},"37":{"start":{"line":78,"column":4},"end":{"line":78,"column":21}},"38":{"start":{"line":80,"column":2},"end":{"line":80,"column":14}},"39":{"start":{"line":83,"column":24},"end":{"line":101,"column":1}},"40":{"start":{"line":85,"column":22},"end":{"line":85,"column":64}},"41":{"start":{"line":87,"column":16},"end":{"line":87,"column":138}},"42":{"start":{"line":88,"column":17},"end":{"line":88,"column":72}},"43":{"start":{"line":90,"column":2},"end":{"line":99,"column":3}},"44":{"start":{"line":91,"column":18},"end":{"line":91,"column":49}},"45":{"start":{"line":94,"column":4},"end":{"line":94,"column":41}},"46":{"start":{"line":95,"column":4},"end":{"line":95,"column":15}},"47":{"start":{"line":98,"column":4},"end":{"line":98,"column":47}},"48":{"start":{"line":100,"column":2},"end":{"line":100,"column":14}},"49":{"start":{"line":103,"column":24},"end":{"line":121,"column":1}},"50":{"start":{"line":105,"column":22},"end":{"line":105,"column":64}},"51":{"start":{"line":107,"column":16},"end":{"line":107,"column":138}},"52":{"start":{"line":108,"column":17},"end":{"line":108,"column":72}},"53":{"start":{"line":110,"column":2},"end":{"line":119,"column":3}},"54":{"start":{"line":111,"column":18},"end":{"line":111,"column":49}},"55":{"start":{"line":114,"column":4},"end":{"line":114,"column":41}},"56":{"start":{"line":115,"column":4},"end":{"line":115,"column":15}},"57":{"start":{"line":118,"column":4},"end":{"line":118,"column":47}},"58":{"start":{"line":120,"column":2},"end":{"line":120,"column":14}},"59":{"start":{"line":124,"column":24},"end":{"line":146,"column":1}},"60":{"start":{"line":125,"column":2},"end":{"line":144,"column":3}},"61":{"start":{"line":128,"column":22},"end":{"line":128,"column":82}},"62":{"start":{"line":129,"column":23},"end":{"line":129,"column":36}},"63":{"start":{"line":131,"column":4},"end":{"line":131,"column":44}},"64":{"start":{"line":133,"column":18},"end":{"line":133,"column":82}},"65":{"start":{"line":134,"column":19},"end":{"line":134,"column":28}},"66":{"start":{"line":136,"column":19},"end":{"line":136,"column":50}},"67":{"start":{"line":139,"column":4},"end":{"line":139,"column":41}},"68":{"start":{"line":140,"column":4},"end":{"line":140,"column":16}},"69":{"start":{"line":143,"column":4},"end":{"line":143,"column":41}},"70":{"start":{"line":145,"column":2},"end":{"line":145,"column":14}},"71":{"start":{"line":148,"column":0},"end":{"line":155,"column":2}}},"fnMap":{"0":{"name":"(anonymous_0)","decl":{"start":{"line":4,"column":16},"end":{"line":4,"column":17}},"loc":{"start":{"line":4,"column":28},"end":{"line":21,"column":1}},"line":4},"1":{"name":"(anonymous_1)","decl":{"start":{"line":23,"column":27},"end":{"line":23,"column":28}},"loc":{"start":{"line":23,"column":55},"end":{"line":41,"column":1}},"line":23},"2":{"name":"(anonymous_2)","decl":{"start":{"line":44,"column":23},"end":{"line":44,"column":24}},"loc":{"start":{"line":44,"column":77},"end":{"line":62,"column":1}},"line":44},"3":{"name":"(anonymous_3)","decl":{"start":{"line":64,"column":24},"end":{"line":64,"column":25}},"loc":{"start":{"line":64,"column":78},"end":{"line":81,"column":1}},"line":64},"4":{"name":"(anonymous_4)","decl":{"start":{"line":83,"column":24},"end":{"line":83,"column":25}},"loc":{"start":{"line":83,"column":80},"end":{"line":101,"column":1}},"line":83},"5":{"name":"(anonymous_5)","decl":{"start":{"line":103,"column":24},"end":{"line":103,"column":25}},"loc":{"start":{"line":103,"column":80},"end":{"line":121,"column":1}},"line":103},"6":{"name":"(anonymous_6)","decl":{"start":{"line":124,"column":24},"end":{"line":124,"column":25}},"loc":{"start":{"line":124,"column":51},"end":{"line":146,"column":1}},"line":124}},"branchMap":{"0":{"loc":{"start":{"line":32,"column":4},"end":{"line":34,"column":5}},"type":"if","locations":[{"start":{"line":32,"column":4},"end":{"line":34,"column":5}},{"start":{},"end":{}}],"line":32}},"s":{"0":2,"1":2,"2":2,"3":2,"4":2,"5":2,"6":0,"7":0,"8":2,"9":15,"10":15,"11":15,"12":15,"13":15,"14":15,"15":7,"16":8,"17":0,"18":0,"19":2,"20":4,"21":4,"22":4,"23":4,"24":4,"25":4,"26":4,"27":0,"28":0,"29":2,"30":4,"31":4,"32":4,"33":4,"34":4,"35":4,"36":4,"37":0,"38":0,"39":2,"40":3,"41":3,"42":3,"43":3,"44":3,"45":3,"46":3,"47":0,"48":0,"49":2,"50":4,"51":4,"52":4,"53":4,"54":4,"55":4,"56":4,"57":0,"58":0,"59":2,"60":1,"61":1,"62":1,"63":1,"64":1,"65":1,"66":1,"67":1,"68":1,"69":0,"70":0,"71":2},"f":{"0":2,"1":15,"2":4,"3":4,"4":3,"5":4,"6":1},"b":{"0":[7,8]},"_coverageSchema":"1a1c01bbd47fc00a2c39e90264f33305004495a9","hash":"296ade03cddb5dc894f846da4ff5e44404efe5d7"}
,"/Users/mcleesm/Desktop/Senior Year/Fall 2021/CIS 557/project/src/backend/src/notificationTableDatabase.js": {"path":"/Users/mcleesm/Desktop/Senior Year/Fall 2021/CIS 557/project/src/backend/src/notificationTableDatabase.js","statementMap":{"0":{"start":{"line":1,"column":14},"end":{"line":1,"column":39}},"1":{"start":{"line":4,"column":16},"end":{"line":21,"column":1}},"2":{"start":{"line":5,"column":2},"end":{"line":20,"column":3}},"3":{"start":{"line":6,"column":23},"end":{"line":11,"column":6}},"4":{"start":{"line":14,"column":4},"end":{"line":14,"column":83}},"5":{"start":{"line":15,"column":4},"end":{"line":15,"column":22}},"6":{"start":{"line":18,"column":4},"end":{"line":18,"column":31}},"7":{"start":{"line":19,"column":4},"end":{"line":19,"column":14}},"8":{"start":{"line":24,"column":24},"end":{"line":38,"column":1}},"9":{"start":{"line":25,"column":16},"end":{"line":25,"column":99}},"10":{"start":{"line":27,"column":17},"end":{"line":27,"column":60}},"11":{"start":{"line":28,"column":2},"end":{"line":36,"column":3}},"12":{"start":{"line":29,"column":19},"end":{"line":29,"column":50}},"13":{"start":{"line":31,"column":4},"end":{"line":31,"column":67}},"14":{"start":{"line":32,"column":4},"end":{"line":32,"column":24}},"15":{"start":{"line":35,"column":4},"end":{"line":35,"column":41}},"16":{"start":{"line":37,"column":2},"end":{"line":37,"column":14}},"17":{"start":{"line":41,"column":25},"end":{"line":59,"column":1}},"18":{"start":{"line":42,"column":16},"end":{"line":42,"column":83}},"19":{"start":{"line":44,"column":2},"end":{"line":57,"column":3}},"20":{"start":{"line":45,"column":19},"end":{"line":45,"column":48}},"21":{"start":{"line":48,"column":4},"end":{"line":48,"column":43}},"22":{"start":{"line":50,"column":22},"end":{"line":50,"column":84}},"23":{"start":{"line":51,"column":4},"end":{"line":51,"column":32}},"24":{"start":{"line":53,"column":4},"end":{"line":53,"column":16}},"25":{"start":{"line":56,"column":4},"end":{"line":56,"column":41}},"26":{"start":{"line":58,"column":2},"end":{"line":58,"column":14}},"27":{"start":{"line":61,"column":0},"end":{"line":65,"column":2}}},"fnMap":{"0":{"name":"(anonymous_0)","decl":{"start":{"line":4,"column":16},"end":{"line":4,"column":17}},"loc":{"start":{"line":4,"column":28},"end":{"line":21,"column":1}},"line":4},"1":{"name":"(anonymous_1)","decl":{"start":{"line":24,"column":24},"end":{"line":24,"column":25}},"loc":{"start":{"line":24,"column":56},"end":{"line":38,"column":1}},"line":24},"2":{"name":"(anonymous_2)","decl":{"start":{"line":41,"column":25},"end":{"line":41,"column":26}},"loc":{"start":{"line":41,"column":43},"end":{"line":59,"column":1}},"line":41}},"branchMap":{},"s":{"0":2,"1":2,"2":2,"3":2,"4":2,"5":2,"6":0,"7":0,"8":2,"9":21,"10":21,"11":21,"12":21,"13":19,"14":19,"15":2,"16":2,"17":2,"18":1,"19":1,"20":1,"21":1,"22":1,"23":1,"24":1,"25":0,"26":0,"27":2},"f":{"0":2,"1":21,"2":1},"b":{},"_coverageSchema":"1a1c01bbd47fc00a2c39e90264f33305004495a9","hash":"7bc78bb499c25f3d2027378352b5c3b0df7b4353"}
,"/Users/mcleesm/Desktop/Senior Year/Fall 2021/CIS 557/project/src/backend/src/postTableDatabase.js": {"path":"/Users/mcleesm/Desktop/Senior Year/Fall 2021/CIS 557/project/src/backend/src/postTableDatabase.js","statementMap":{"0":{"start":{"line":1,"column":14},"end":{"line":1,"column":39}},"1":{"start":{"line":4,"column":16},"end":{"line":21,"column":1}},"2":{"start":{"line":5,"column":2},"end":{"line":20,"column":3}},"3":{"start":{"line":6,"column":23},"end":{"line":11,"column":6}},"4":{"start":{"line":14,"column":4},"end":{"line":14,"column":83}},"5":{"start":{"line":15,"column":4},"end":{"line":15,"column":22}},"6":{"start":{"line":18,"column":4},"end":{"line":18,"column":31}},"7":{"start":{"line":19,"column":4},"end":{"line":19,"column":14}},"8":{"start":{"line":24,"column":21},"end":{"line":38,"column":1}},"9":{"start":{"line":25,"column":2},"end":{"line":37,"column":3}},"10":{"start":{"line":27,"column":18},"end":{"line":27,"column":65}},"11":{"start":{"line":30,"column":18},"end":{"line":30,"column":47}},"12":{"start":{"line":32,"column":4},"end":{"line":32,"column":20}},"13":{"start":{"line":35,"column":4},"end":{"line":35,"column":63}},"14":{"start":{"line":36,"column":4},"end":{"line":36,"column":14}},"15":{"start":{"line":40,"column":24},"end":{"line":49,"column":1}},"16":{"start":{"line":41,"column":22},"end":{"line":41,"column":115}},"17":{"start":{"line":42,"column":2},"end":{"line":47,"column":3}},"18":{"start":{"line":43,"column":4},"end":{"line":43,"column":40}},"19":{"start":{"line":46,"column":4},"end":{"line":46,"column":21}},"20":{"start":{"line":48,"column":2},"end":{"line":48,"column":14}},"21":{"start":{"line":52,"column":20},"end":{"line":75,"column":1}},"22":{"start":{"line":53,"column":16},"end":{"line":54,"column":90}},"23":{"start":{"line":56,"column":17},"end":{"line":56,"column":32}},"24":{"start":{"line":57,"column":16},"end":{"line":57,"column":34}},"25":{"start":{"line":58,"column":17},"end":{"line":58,"column":37}},"26":{"start":{"line":59,"column":22},"end":{"line":59,"column":29}},"27":{"start":{"line":60,"column":19},"end":{"line":60,"column":43}},"28":{"start":{"line":61,"column":17},"end":{"line":61,"column":59}},"29":{"start":{"line":62,"column":2},"end":{"line":73,"column":3}},"30":{"start":{"line":63,"column":4},"end":{"line":63,"column":36}},"31":{"start":{"line":65,"column":4},"end":{"line":65,"column":60}},"32":{"start":{"line":67,"column":4},"end":{"line":67,"column":50}},"33":{"start":{"line":69,"column":4},"end":{"line":69,"column":27}},"34":{"start":{"line":72,"column":4},"end":{"line":72,"column":41}},"35":{"start":{"line":74,"column":2},"end":{"line":74,"column":14}},"36":{"start":{"line":77,"column":21},"end":{"line":102,"column":1}},"37":{"start":{"line":78,"column":16},"end":{"line":80,"column":30}},"38":{"start":{"line":82,"column":17},"end":{"line":82,"column":32}},"39":{"start":{"line":83,"column":16},"end":{"line":83,"column":34}},"40":{"start":{"line":84,"column":17},"end":{"line":84,"column":37}},"41":{"start":{"line":85,"column":22},"end":{"line":85,"column":29}},"42":{"start":{"line":86,"column":19},"end":{"line":86,"column":35}},"43":{"start":{"line":87,"column":19},"end":{"line":87,"column":43}},"44":{"start":{"line":88,"column":17},"end":{"line":88,"column":69}},"45":{"start":{"line":89,"column":2},"end":{"line":100,"column":3}},"46":{"start":{"line":90,"column":4},"end":{"line":90,"column":36}},"47":{"start":{"line":92,"column":4},"end":{"line":92,"column":60}},"48":{"start":{"line":94,"column":4},"end":{"line":94,"column":50}},"49":{"start":{"line":96,"column":4},"end":{"line":96,"column":27}},"50":{"start":{"line":99,"column":4},"end":{"line":99,"column":41}},"51":{"start":{"line":101,"column":2},"end":{"line":101,"column":14}},"52":{"start":{"line":104,"column":21},"end":{"line":128,"column":1}},"53":{"start":{"line":105,"column":16},"end":{"line":107,"column":30}},"54":{"start":{"line":108,"column":17},"end":{"line":108,"column":32}},"55":{"start":{"line":109,"column":16},"end":{"line":109,"column":34}},"56":{"start":{"line":110,"column":17},"end":{"line":110,"column":37}},"57":{"start":{"line":111,"column":22},"end":{"line":111,"column":29}},"58":{"start":{"line":112,"column":19},"end":{"line":112,"column":35}},"59":{"start":{"line":113,"column":19},"end":{"line":113,"column":43}},"60":{"start":{"line":114,"column":17},"end":{"line":114,"column":69}},"61":{"start":{"line":115,"column":2},"end":{"line":126,"column":3}},"62":{"start":{"line":116,"column":4},"end":{"line":116,"column":36}},"63":{"start":{"line":118,"column":4},"end":{"line":118,"column":60}},"64":{"start":{"line":120,"column":4},"end":{"line":120,"column":50}},"65":{"start":{"line":122,"column":4},"end":{"line":122,"column":27}},"66":{"start":{"line":125,"column":4},"end":{"line":125,"column":41}},"67":{"start":{"line":127,"column":2},"end":{"line":127,"column":14}},"68":{"start":{"line":130,"column":21},"end":{"line":155,"column":1}},"69":{"start":{"line":131,"column":16},"end":{"line":133,"column":30}},"70":{"start":{"line":134,"column":17},"end":{"line":134,"column":32}},"71":{"start":{"line":135,"column":16},"end":{"line":135,"column":34}},"72":{"start":{"line":136,"column":17},"end":{"line":136,"column":37}},"73":{"start":{"line":137,"column":22},"end":{"line":137,"column":29}},"74":{"start":{"line":138,"column":19},"end":{"line":138,"column":35}},"75":{"start":{"line":139,"column":19},"end":{"line":139,"column":43}},"76":{"start":{"line":140,"column":17},"end":{"line":140,"column":69}},"77":{"start":{"line":142,"column":2},"end":{"line":153,"column":3}},"78":{"start":{"line":143,"column":4},"end":{"line":143,"column":36}},"79":{"start":{"line":145,"column":4},"end":{"line":145,"column":60}},"80":{"start":{"line":147,"column":4},"end":{"line":147,"column":50}},"81":{"start":{"line":149,"column":4},"end":{"line":149,"column":27}},"82":{"start":{"line":152,"column":4},"end":{"line":152,"column":41}},"83":{"start":{"line":154,"column":2},"end":{"line":154,"column":14}},"84":{"start":{"line":158,"column":17},"end":{"line":177,"column":1}},"85":{"start":{"line":159,"column":16},"end":{"line":159,"column":71}},"86":{"start":{"line":161,"column":17},"end":{"line":161,"column":25}},"87":{"start":{"line":163,"column":2},"end":{"line":175,"column":3}},"88":{"start":{"line":164,"column":4},"end":{"line":164,"column":36}},"89":{"start":{"line":166,"column":4},"end":{"line":166,"column":62}},"90":{"start":{"line":168,"column":23},"end":{"line":168,"column":85}},"91":{"start":{"line":169,"column":4},"end":{"line":169,"column":52}},"92":{"start":{"line":171,"column":4},"end":{"line":171,"column":18}},"93":{"start":{"line":174,"column":4},"end":{"line":174,"column":41}},"94":{"start":{"line":176,"column":2},"end":{"line":176,"column":14}},"95":{"start":{"line":180,"column":18},"end":{"line":193,"column":1}},"96":{"start":{"line":181,"column":16},"end":{"line":181,"column":58}},"97":{"start":{"line":183,"column":17},"end":{"line":183,"column":25}},"98":{"start":{"line":185,"column":2},"end":{"line":191,"column":3}},"99":{"start":{"line":186,"column":19},"end":{"line":186,"column":50}},"100":{"start":{"line":187,"column":4},"end":{"line":187,"column":16}},"101":{"start":{"line":190,"column":4},"end":{"line":190,"column":41}},"102":{"start":{"line":192,"column":2},"end":{"line":192,"column":14}},"103":{"start":{"line":195,"column":23},"end":{"line":211,"column":1}},"104":{"start":{"line":196,"column":16},"end":{"line":196,"column":56}},"105":{"start":{"line":198,"column":17},"end":{"line":198,"column":25}},"106":{"start":{"line":200,"column":2},"end":{"line":209,"column":3}},"107":{"start":{"line":201,"column":4},"end":{"line":201,"column":36}},"108":{"start":{"line":203,"column":4},"end":{"line":203,"column":51}},"109":{"start":{"line":205,"column":4},"end":{"line":205,"column":18}},"110":{"start":{"line":208,"column":4},"end":{"line":208,"column":41}},"111":{"start":{"line":210,"column":2},"end":{"line":210,"column":14}},"112":{"start":{"line":214,"column":17},"end":{"line":229,"column":1}},"113":{"start":{"line":215,"column":16},"end":{"line":215,"column":70}},"114":{"start":{"line":217,"column":17},"end":{"line":217,"column":25}},"115":{"start":{"line":219,"column":2},"end":{"line":227,"column":3}},"116":{"start":{"line":220,"column":4},"end":{"line":220,"column":36}},"117":{"start":{"line":222,"column":4},"end":{"line":222,"column":47}},"118":{"start":{"line":223,"column":4},"end":{"line":223,"column":18}},"119":{"start":{"line":226,"column":4},"end":{"line":226,"column":41}},"120":{"start":{"line":228,"column":2},"end":{"line":228,"column":14}},"121":{"start":{"line":232,"column":19},"end":{"line":247,"column":1}},"122":{"start":{"line":233,"column":16},"end":{"line":233,"column":57}},"123":{"start":{"line":235,"column":17},"end":{"line":235,"column":25}},"124":{"start":{"line":237,"column":2},"end":{"line":245,"column":3}},"125":{"start":{"line":238,"column":4},"end":{"line":238,"column":36}},"126":{"start":{"line":240,"column":4},"end":{"line":240,"column":51}},"127":{"start":{"line":241,"column":4},"end":{"line":241,"column":18}},"128":{"start":{"line":244,"column":4},"end":{"line":244,"column":41}},"129":{"start":{"line":246,"column":2},"end":{"line":246,"column":14}},"130":{"start":{"line":250,"column":17},"end":{"line":263,"column":1}},"131":{"start":{"line":251,"column":2},"end":{"line":261,"column":3}},"132":{"start":{"line":252,"column":18},"end":{"line":252,"column":103}},"133":{"start":{"line":254,"column":19},"end":{"line":254,"column":53}},"134":{"start":{"line":256,"column":4},"end":{"line":256,"column":50}},"135":{"start":{"line":257,"column":4},"end":{"line":257,"column":18}},"136":{"start":{"line":260,"column":4},"end":{"line":260,"column":41}},"137":{"start":{"line":262,"column":2},"end":{"line":262,"column":14}},"138":{"start":{"line":266,"column":20},"end":{"line":279,"column":1}},"139":{"start":{"line":267,"column":2},"end":{"line":277,"column":3}},"140":{"start":{"line":268,"column":18},"end":{"line":268,"column":58}},"141":{"start":{"line":270,"column":19},"end":{"line":270,"column":52}},"142":{"start":{"line":272,"column":4},"end":{"line":272,"column":50}},"143":{"start":{"line":273,"column":4},"end":{"line":273,"column":18}},"144":{"start":{"line":276,"column":4},"end":{"line":276,"column":41}},"145":{"start":{"line":278,"column":2},"end":{"line":278,"column":14}},"146":{"start":{"line":282,"column":18},"end":{"line":292,"column":1}},"147":{"start":{"line":283,"column":2},"end":{"line":290,"column":3}},"148":{"start":{"line":284,"column":18},"end":{"line":284,"column":53}},"149":{"start":{"line":285,"column":18},"end":{"line":285,"column":41}},"150":{"start":{"line":286,"column":4},"end":{"line":286,"column":34}},"151":{"start":{"line":289,"column":4},"end":{"line":289,"column":41}},"152":{"start":{"line":291,"column":2},"end":{"line":291,"column":14}},"153":{"start":{"line":294,"column":30},"end":{"line":319,"column":1}},"154":{"start":{"line":295,"column":29},"end":{"line":295,"column":31}},"155":{"start":{"line":298,"column":26},"end":{"line":298,"column":72}},"156":{"start":{"line":299,"column":31},"end":{"line":299,"column":64}},"157":{"start":{"line":300,"column":2},"end":{"line":300,"column":73}},"158":{"start":{"line":303,"column":27},"end":{"line":303,"column":94}},"159":{"start":{"line":304,"column":32},"end":{"line":304,"column":66}},"160":{"start":{"line":305,"column":2},"end":{"line":305,"column":76}},"161":{"start":{"line":308,"column":32},"end":{"line":308,"column":101}},"162":{"start":{"line":309,"column":37},"end":{"line":309,"column":76}},"163":{"start":{"line":310,"column":2},"end":{"line":310,"column":85}},"164":{"start":{"line":313,"column":29},"end":{"line":313,"column":79}},"165":{"start":{"line":314,"column":34},"end":{"line":314,"column":70}},"166":{"start":{"line":315,"column":2},"end":{"line":315,"column":82}},"167":{"start":{"line":318,"column":2},"end":{"line":318,"column":28}},"168":{"start":{"line":321,"column":0},"end":{"line":337,"column":2}}},"fnMap":{"0":{"name":"(anonymous_0)","decl":{"start":{"line":4,"column":16},"end":{"line":4,"column":17}},"loc":{"start":{"line":4,"column":28},"end":{"line":21,"column":1}},"line":4},"1":{"name":"(anonymous_1)","decl":{"start":{"line":24,"column":21},"end":{"line":24,"column":22}},"loc":{"start":{"line":24,"column":39},"end":{"line":38,"column":1}},"line":24},"2":{"name":"(anonymous_2)","decl":{"start":{"line":40,"column":24},"end":{"line":40,"column":25}},"loc":{"start":{"line":40,"column":42},"end":{"line":49,"column":1}},"line":40},"3":{"name":"(anonymous_3)","decl":{"start":{"line":52,"column":20},"end":{"line":52,"column":21}},"loc":{"start":{"line":52,"column":43},"end":{"line":75,"column":1}},"line":52},"4":{"name":"(anonymous_4)","decl":{"start":{"line":77,"column":21},"end":{"line":77,"column":22}},"loc":{"start":{"line":77,"column":44},"end":{"line":102,"column":1}},"line":77},"5":{"name":"(anonymous_5)","decl":{"start":{"line":104,"column":21},"end":{"line":104,"column":22}},"loc":{"start":{"line":104,"column":44},"end":{"line":128,"column":1}},"line":104},"6":{"name":"(anonymous_6)","decl":{"start":{"line":130,"column":21},"end":{"line":130,"column":22}},"loc":{"start":{"line":130,"column":44},"end":{"line":155,"column":1}},"line":130},"7":{"name":"(anonymous_7)","decl":{"start":{"line":158,"column":17},"end":{"line":158,"column":18}},"loc":{"start":{"line":158,"column":48},"end":{"line":177,"column":1}},"line":158},"8":{"name":"(anonymous_8)","decl":{"start":{"line":180,"column":18},"end":{"line":180,"column":19}},"loc":{"start":{"line":180,"column":40},"end":{"line":193,"column":1}},"line":180},"9":{"name":"(anonymous_9)","decl":{"start":{"line":195,"column":23},"end":{"line":195,"column":24}},"loc":{"start":{"line":195,"column":45},"end":{"line":211,"column":1}},"line":195},"10":{"name":"(anonymous_10)","decl":{"start":{"line":214,"column":17},"end":{"line":214,"column":18}},"loc":{"start":{"line":214,"column":39},"end":{"line":229,"column":1}},"line":214},"11":{"name":"(anonymous_11)","decl":{"start":{"line":232,"column":19},"end":{"line":232,"column":20}},"loc":{"start":{"line":232,"column":41},"end":{"line":247,"column":1}},"line":232},"12":{"name":"(anonymous_12)","decl":{"start":{"line":250,"column":17},"end":{"line":250,"column":18}},"loc":{"start":{"line":250,"column":40},"end":{"line":263,"column":1}},"line":250},"13":{"name":"(anonymous_13)","decl":{"start":{"line":266,"column":20},"end":{"line":266,"column":21}},"loc":{"start":{"line":266,"column":42},"end":{"line":279,"column":1}},"line":266},"14":{"name":"(anonymous_14)","decl":{"start":{"line":282,"column":18},"end":{"line":282,"column":19}},"loc":{"start":{"line":282,"column":32},"end":{"line":292,"column":1}},"line":282},"15":{"name":"(anonymous_15)","decl":{"start":{"line":294,"column":30},"end":{"line":294,"column":31}},"loc":{"start":{"line":294,"column":44},"end":{"line":319,"column":1}},"line":294}},"branchMap":{},"s":{"0":2,"1":2,"2":2,"3":2,"4":2,"5":2,"6":0,"7":0,"8":2,"9":7,"10":7,"11":7,"12":7,"13":0,"14":0,"15":2,"16":21,"17":21,"18":21,"19":0,"20":21,"21":2,"22":2,"23":2,"24":2,"25":2,"26":2,"27":2,"28":2,"29":2,"30":2,"31":2,"32":2,"33":2,"34":0,"35":0,"36":2,"37":7,"38":7,"39":7,"40":7,"41":7,"42":7,"43":7,"44":7,"45":7,"46":7,"47":7,"48":7,"49":7,"50":0,"51":0,"52":2,"53":2,"54":2,"55":2,"56":2,"57":2,"58":2,"59":2,"60":2,"61":2,"62":2,"63":2,"64":2,"65":2,"66":0,"67":0,"68":2,"69":10,"70":10,"71":10,"72":10,"73":10,"74":10,"75":10,"76":10,"77":10,"78":10,"79":10,"80":10,"81":10,"82":0,"83":0,"84":2,"85":5,"86":5,"87":5,"88":5,"89":5,"90":5,"91":5,"92":5,"93":0,"94":0,"95":2,"96":3,"97":3,"98":3,"99":3,"100":3,"101":0,"102":0,"103":2,"104":3,"105":3,"106":3,"107":3,"108":3,"109":3,"110":0,"111":0,"112":2,"113":2,"114":2,"115":2,"116":2,"117":2,"118":2,"119":0,"120":0,"121":2,"122":3,"123":3,"124":3,"125":3,"126":3,"127":3,"128":0,"129":0,"130":2,"131":4,"132":4,"133":4,"134":4,"135":4,"136":0,"137":0,"138":2,"139":3,"140":3,"141":3,"142":3,"143":3,"144":0,"145":0,"146":2,"147":10,"148":10,"149":10,"150":10,"151":0,"152":0,"153":2,"154":2,"155":2,"156":2,"157":2,"158":2,"159":2,"160":2,"161":2,"162":2,"163":2,"164":2,"165":2,"166":2,"167":2,"168":2},"f":{"0":2,"1":7,"2":21,"3":2,"4":7,"5":2,"6":10,"7":5,"8":3,"9":3,"10":2,"11":3,"12":4,"13":3,"14":10,"15":2},"b":{},"_coverageSchema":"1a1c01bbd47fc00a2c39e90264f33305004495a9","hash":"d806e409d309a907a729f8a752b0c72cbc149b67"}
,"/Users/mcleesm/Desktop/Senior Year/Fall 2021/CIS 557/project/src/backend/src/profileTableDatabase.js": {"path":"/Users/mcleesm/Desktop/Senior Year/Fall 2021/CIS 557/project/src/backend/src/profileTableDatabase.js","statementMap":{"0":{"start":{"line":1,"column":14},"end":{"line":1,"column":39}},"1":{"start":{"line":4,"column":16},"end":{"line":21,"column":1}},"2":{"start":{"line":5,"column":2},"end":{"line":20,"column":3}},"3":{"start":{"line":6,"column":23},"end":{"line":11,"column":6}},"4":{"start":{"line":14,"column":4},"end":{"line":14,"column":83}},"5":{"start":{"line":15,"column":4},"end":{"line":15,"column":22}},"6":{"start":{"line":18,"column":4},"end":{"line":18,"column":31}},"7":{"start":{"line":19,"column":4},"end":{"line":19,"column":14}},"8":{"start":{"line":24,"column":19},"end":{"line":38,"column":1}},"9":{"start":{"line":25,"column":16},"end":{"line":25,"column":130}},"10":{"start":{"line":26,"column":17},"end":{"line":27,"column":79}},"11":{"start":{"line":28,"column":2},"end":{"line":36,"column":3}},"12":{"start":{"line":29,"column":18},"end":{"line":29,"column":49}},"13":{"start":{"line":31,"column":4},"end":{"line":31,"column":63}},"14":{"start":{"line":32,"column":4},"end":{"line":32,"column":17}},"15":{"start":{"line":35,"column":4},"end":{"line":35,"column":41}},"16":{"start":{"line":37,"column":2},"end":{"line":37,"column":14}},"17":{"start":{"line":41,"column":23},"end":{"line":53,"column":1}},"18":{"start":{"line":42,"column":2},"end":{"line":51,"column":3}},"19":{"start":{"line":43,"column":18},"end":{"line":43,"column":61}},"20":{"start":{"line":44,"column":19},"end":{"line":44,"column":48}},"21":{"start":{"line":46,"column":4},"end":{"line":46,"column":50}},"22":{"start":{"line":47,"column":4},"end":{"line":47,"column":18}},"23":{"start":{"line":50,"column":4},"end":{"line":50,"column":41}},"24":{"start":{"line":52,"column":2},"end":{"line":52,"column":14}},"25":{"start":{"line":56,"column":20},"end":{"line":68,"column":1}},"26":{"start":{"line":57,"column":2},"end":{"line":66,"column":3}},"27":{"start":{"line":58,"column":18},"end":{"line":58,"column":45}},"28":{"start":{"line":59,"column":19},"end":{"line":59,"column":42}},"29":{"start":{"line":61,"column":4},"end":{"line":61,"column":50}},"30":{"start":{"line":62,"column":4},"end":{"line":62,"column":18}},"31":{"start":{"line":65,"column":4},"end":{"line":65,"column":41}},"32":{"start":{"line":67,"column":2},"end":{"line":67,"column":14}},"33":{"start":{"line":71,"column":22},"end":{"line":83,"column":1}},"34":{"start":{"line":72,"column":2},"end":{"line":81,"column":3}},"35":{"start":{"line":73,"column":18},"end":{"line":73,"column":59}},"36":{"start":{"line":74,"column":18},"end":{"line":74,"column":51}},"37":{"start":{"line":76,"column":4},"end":{"line":76,"column":72}},"38":{"start":{"line":77,"column":4},"end":{"line":77,"column":17}},"39":{"start":{"line":80,"column":4},"end":{"line":80,"column":41}},"40":{"start":{"line":82,"column":2},"end":{"line":82,"column":14}},"41":{"start":{"line":88,"column":23},"end":{"line":100,"column":1}},"42":{"start":{"line":89,"column":2},"end":{"line":98,"column":3}},"43":{"start":{"line":90,"column":18},"end":{"line":90,"column":59}},"44":{"start":{"line":91,"column":18},"end":{"line":91,"column":51}},"45":{"start":{"line":93,"column":4},"end":{"line":93,"column":72}},"46":{"start":{"line":94,"column":4},"end":{"line":94,"column":17}},"47":{"start":{"line":97,"column":4},"end":{"line":97,"column":41}},"48":{"start":{"line":99,"column":2},"end":{"line":99,"column":14}},"49":{"start":{"line":103,"column":22},"end":{"line":116,"column":1}},"50":{"start":{"line":104,"column":2},"end":{"line":114,"column":3}},"51":{"start":{"line":105,"column":18},"end":{"line":105,"column":70}},"52":{"start":{"line":106,"column":19},"end":{"line":106,"column":40}},"53":{"start":{"line":107,"column":18},"end":{"line":107,"column":49}},"54":{"start":{"line":109,"column":4},"end":{"line":109,"column":70}},"55":{"start":{"line":110,"column":4},"end":{"line":110,"column":17}},"56":{"start":{"line":113,"column":4},"end":{"line":113,"column":41}},"57":{"start":{"line":115,"column":2},"end":{"line":115,"column":14}},"58":{"start":{"line":119,"column":25},"end":{"line":132,"column":1}},"59":{"start":{"line":120,"column":2},"end":{"line":130,"column":3}},"60":{"start":{"line":121,"column":18},"end":{"line":121,"column":80}},"61":{"start":{"line":122,"column":19},"end":{"line":122,"column":40}},"62":{"start":{"line":123,"column":18},"end":{"line":123,"column":49}},"63":{"start":{"line":125,"column":4},"end":{"line":125,"column":70}},"64":{"start":{"line":126,"column":4},"end":{"line":126,"column":17}},"65":{"start":{"line":129,"column":4},"end":{"line":129,"column":41}},"66":{"start":{"line":131,"column":2},"end":{"line":131,"column":14}},"67":{"start":{"line":134,"column":0},"end":{"line":143,"column":2}}},"fnMap":{"0":{"name":"(anonymous_0)","decl":{"start":{"line":4,"column":16},"end":{"line":4,"column":17}},"loc":{"start":{"line":4,"column":28},"end":{"line":21,"column":1}},"line":4},"1":{"name":"(anonymous_1)","decl":{"start":{"line":24,"column":19},"end":{"line":24,"column":20}},"loc":{"start":{"line":24,"column":45},"end":{"line":38,"column":1}},"line":24},"2":{"name":"(anonymous_2)","decl":{"start":{"line":41,"column":23},"end":{"line":41,"column":24}},"loc":{"start":{"line":41,"column":41},"end":{"line":53,"column":1}},"line":41},"3":{"name":"(anonymous_3)","decl":{"start":{"line":56,"column":20},"end":{"line":56,"column":21}},"loc":{"start":{"line":56,"column":34},"end":{"line":68,"column":1}},"line":56},"4":{"name":"(anonymous_4)","decl":{"start":{"line":71,"column":22},"end":{"line":71,"column":23}},"loc":{"start":{"line":71,"column":44},"end":{"line":83,"column":1}},"line":71},"5":{"name":"(anonymous_5)","decl":{"start":{"line":88,"column":23},"end":{"line":88,"column":24}},"loc":{"start":{"line":88,"column":45},"end":{"line":100,"column":1}},"line":88},"6":{"name":"(anonymous_6)","decl":{"start":{"line":103,"column":22},"end":{"line":103,"column":23}},"loc":{"start":{"line":103,"column":57},"end":{"line":116,"column":1}},"line":103},"7":{"name":"(anonymous_7)","decl":{"start":{"line":119,"column":25},"end":{"line":119,"column":26}},"loc":{"start":{"line":119,"column":60},"end":{"line":132,"column":1}},"line":119}},"branchMap":{},"s":{"0":2,"1":2,"2":2,"3":2,"4":2,"5":2,"6":0,"7":0,"8":2,"9":27,"10":27,"11":27,"12":27,"13":27,"14":27,"15":0,"16":0,"17":2,"18":3,"19":3,"20":3,"21":3,"22":3,"23":0,"24":0,"25":2,"26":1,"27":1,"28":1,"29":1,"30":1,"31":0,"32":0,"33":2,"34":1,"35":1,"36":1,"37":1,"38":1,"39":0,"40":0,"41":2,"42":2,"43":2,"44":2,"45":2,"46":2,"47":0,"48":0,"49":2,"50":1,"51":1,"52":1,"53":1,"54":1,"55":1,"56":0,"57":0,"58":2,"59":1,"60":1,"61":1,"62":1,"63":1,"64":1,"65":0,"66":0,"67":2},"f":{"0":2,"1":27,"2":3,"3":1,"4":1,"5":2,"6":1,"7":1},"b":{},"_coverageSchema":"1a1c01bbd47fc00a2c39e90264f33305004495a9","hash":"dc18948d3364377b06bd16dc4a0fb3b552a3c191"}
,"/Users/mcleesm/Desktop/Senior Year/Fall 2021/CIS 557/project/src/backend/src/replyTableDatabase.js": {"path":"/Users/mcleesm/Desktop/Senior Year/Fall 2021/CIS 557/project/src/backend/src/replyTableDatabase.js","statementMap":{"0":{"start":{"line":1,"column":14},"end":{"line":1,"column":39}},"1":{"start":{"line":4,"column":16},"end":{"line":21,"column":1}},"2":{"start":{"line":5,"column":2},"end":{"line":20,"column":3}},"3":{"start":{"line":6,"column":23},"end":{"line":11,"column":6}},"4":{"start":{"line":14,"column":4},"end":{"line":14,"column":83}},"5":{"start":{"line":15,"column":4},"end":{"line":15,"column":22}},"6":{"start":{"line":18,"column":4},"end":{"line":18,"column":31}},"7":{"start":{"line":19,"column":4},"end":{"line":19,"column":14}},"8":{"start":{"line":24,"column":17},"end":{"line":46,"column":1}},"9":{"start":{"line":25,"column":16},"end":{"line":26,"column":27}},"10":{"start":{"line":28,"column":18},"end":{"line":28,"column":35}},"11":{"start":{"line":29,"column":17},"end":{"line":29,"column":33}},"12":{"start":{"line":30,"column":16},"end":{"line":30,"column":35}},"13":{"start":{"line":31,"column":17},"end":{"line":31,"column":38}},"14":{"start":{"line":32,"column":22},"end":{"line":32,"column":30}},"15":{"start":{"line":34,"column":17},"end":{"line":34,"column":58}},"16":{"start":{"line":36,"column":2},"end":{"line":44,"column":3}},"17":{"start":{"line":37,"column":4},"end":{"line":37,"column":36}},"18":{"start":{"line":39,"column":4},"end":{"line":39,"column":63}},"19":{"start":{"line":40,"column":4},"end":{"line":40,"column":29}},"20":{"start":{"line":43,"column":4},"end":{"line":43,"column":41}},"21":{"start":{"line":45,"column":2},"end":{"line":45,"column":14}},"22":{"start":{"line":49,"column":18},"end":{"line":64,"column":1}},"23":{"start":{"line":50,"column":16},"end":{"line":50,"column":73}},"24":{"start":{"line":52,"column":17},"end":{"line":52,"column":26}},"25":{"start":{"line":54,"column":2},"end":{"line":62,"column":3}},"26":{"start":{"line":55,"column":4},"end":{"line":55,"column":36}},"27":{"start":{"line":57,"column":4},"end":{"line":57,"column":53}},"28":{"start":{"line":58,"column":4},"end":{"line":58,"column":19}},"29":{"start":{"line":61,"column":4},"end":{"line":61,"column":41}},"30":{"start":{"line":63,"column":2},"end":{"line":63,"column":14}},"31":{"start":{"line":67,"column":18},"end":{"line":82,"column":1}},"32":{"start":{"line":68,"column":16},"end":{"line":68,"column":72}},"33":{"start":{"line":70,"column":17},"end":{"line":70,"column":26}},"34":{"start":{"line":72,"column":2},"end":{"line":80,"column":3}},"35":{"start":{"line":73,"column":4},"end":{"line":73,"column":36}},"36":{"start":{"line":75,"column":4},"end":{"line":75,"column":49}},"37":{"start":{"line":76,"column":4},"end":{"line":76,"column":19}},"38":{"start":{"line":79,"column":4},"end":{"line":79,"column":41}},"39":{"start":{"line":81,"column":2},"end":{"line":81,"column":14}},"40":{"start":{"line":85,"column":20},"end":{"line":100,"column":1}},"41":{"start":{"line":86,"column":16},"end":{"line":86,"column":59}},"42":{"start":{"line":88,"column":17},"end":{"line":88,"column":26}},"43":{"start":{"line":90,"column":2},"end":{"line":98,"column":3}},"44":{"start":{"line":91,"column":4},"end":{"line":91,"column":36}},"45":{"start":{"line":93,"column":4},"end":{"line":93,"column":53}},"46":{"start":{"line":94,"column":4},"end":{"line":94,"column":19}},"47":{"start":{"line":97,"column":4},"end":{"line":97,"column":41}},"48":{"start":{"line":99,"column":2},"end":{"line":99,"column":14}},"49":{"start":{"line":102,"column":18},"end":{"line":117,"column":1}},"50":{"start":{"line":103,"column":16},"end":{"line":103,"column":65}},"51":{"start":{"line":105,"column":17},"end":{"line":105,"column":35}},"52":{"start":{"line":107,"column":2},"end":{"line":115,"column":3}},"53":{"start":{"line":108,"column":4},"end":{"line":108,"column":36}},"54":{"start":{"line":110,"column":4},"end":{"line":110,"column":53}},"55":{"start":{"line":111,"column":4},"end":{"line":111,"column":19}},"56":{"start":{"line":114,"column":4},"end":{"line":114,"column":41}},"57":{"start":{"line":116,"column":2},"end":{"line":116,"column":14}},"58":{"start":{"line":120,"column":19},"end":{"line":133,"column":1}},"59":{"start":{"line":121,"column":2},"end":{"line":131,"column":3}},"60":{"start":{"line":122,"column":18},"end":{"line":122,"column":105}},"61":{"start":{"line":124,"column":19},"end":{"line":124,"column":53}},"62":{"start":{"line":126,"column":4},"end":{"line":126,"column":52}},"63":{"start":{"line":127,"column":4}
[...]
ine":850,"column":29},"end":{"line":850,"column":30}},"loc":{"start":{"line":850,"column":49},"end":{"line":883,"column":1}},"line":850},"43":{"name":"(anonymous_43)","decl":{"start":{"line":885,"column":32},"end":{"line":885,"column":33}},"loc":{"start":{"line":885,"column":52},"end":{"line":930,"column":1}},"line":885},"44":{"name":"(anonymous_44)","decl":{"start":{"line":932,"column":29},"end":{"line":932,"column":30}},"loc":{"start":{"line":932,"column":49},"end":{"line":949,"column":1}},"line":932},"45":{"name":"(anonymous_45)","decl":{"start":{"line":951,"column":27},"end":{"line":951,"column":28}},"loc":{"start":{"line":951,"column":47},"end":{"line":968,"column":1}},"line":951},"46":{"name":"(anonymous_46)","decl":{"start":{"line":970,"column":25},"end":{"line":970,"column":26}},"loc":{"start":{"line":970,"column":45},"end":{"line":984,"column":1}},"line":970},"47":{"name":"(anonymous_47)","decl":{"start":{"line":986,"column":26},"end":{"line":986,"column":27}},"loc":{"start":{"line":986,"column":46},"end":{"line":998,"column":1}},"line":986},"48":{"name":"(anonymous_48)","decl":{"start":{"line":1000,"column":22},"end":{"line":1000,"column":23}},"loc":{"start":{"line":1000,"column":42},"end":{"line":1025,"column":1}},"line":1000},"49":{"name":"(anonymous_49)","decl":{"start":{"line":1027,"column":27},"end":{"line":1027,"column":28}},"loc":{"start":{"line":1027,"column":47},"end":{"line":1041,"column":1}},"line":1027},"50":{"name":"(anonymous_50)","decl":{"start":{"line":1043,"column":38},"end":{"line":1043,"column":39}},"loc":{"start":{"line":1043,"column":58},"end":{"line":1053,"column":1}},"line":1043},"51":{"name":"(anonymous_51)","decl":{"start":{"line":1055,"column":30},"end":{"line":1055,"column":31}},"loc":{"start":{"line":1055,"column":50},"end":{"line":1072,"column":1}},"line":1055},"52":{"name":"(anonymous_52)","decl":{"start":{"line":1074,"column":30},"end":{"line":1074,"column":31}},"loc":{"start":{"line":1074,"column":50},"end":{"line":1091,"column":1}},"line":1074},"53":{"name":"(anonymous_53)","decl":{"start":{"line":1093,"column":28},"end":{"line":1093,"column":29}},"loc":{"start":{"line":1093,"column":48},"end":{"line":1110,"column":1}},"line":1093},"54":{"name":"(anonymous_54)","decl":{"start":{"line":1112,"column":25},"end":{"line":1112,"column":26}},"loc":{"start":{"line":1112,"column":40},"end":{"line":1148,"column":1}},"line":1112},"55":{"name":"(anonymous_55)","decl":{"start":{"line":1150,"column":33},"end":{"line":1150,"column":34}},"loc":{"start":{"line":1150,"column":53},"end":{"line":1170,"column":1}},"line":1150},"56":{"name":"(anonymous_56)","decl":{"start":{"line":1172,"column":34},"end":{"line":1172,"column":35}},"loc":{"start":{"line":1172,"column":54},"end":{"line":1190,"column":1}},"line":1172},"57":{"name":"(anonymous_57)","decl":{"start":{"line":1192,"column":34},"end":{"line":1192,"column":35}},"loc":{"start":{"line":1192,"column":54},"end":{"line":1210,"column":1}},"line":1192},"58":{"name":"(anonymous_58)","decl":{"start":{"line":1212,"column":34},"end":{"line":1212,"column":35}},"loc":{"start":{"line":1212,"column":54},"end":{"line":1230,"column":1}},"line":1212},"59":{"name":"(anonymous_59)","decl":{"start":{"line":1232,"column":33},"end":{"line":1232,"column":34}},"loc":{"start":{"line":1232,"column":53},"end":{"line":1243,"column":1}},"line":1232},"60":{"name":"(anonymous_60)","decl":{"start":{"line":1245,"column":25},"end":{"line":1245,"column":26}},"loc":{"start":{"line":1245,"column":45},"end":{"line":1256,"column":1}},"line":1245},"61":{"name":"(anonymous_61)","decl":{"start":{"line":1258,"column":32},"end":{"line":1258,"column":33}},"loc":{"start":{"line":1258,"column":52},"end":{"line":1265,"column":1}},"line":1258},"62":{"name":"(anonymous_62)","decl":{"start":{"line":1267,"column":31},"end":{"line":1267,"column":32}},"loc":{"start":{"line":1267,"column":51},"end":{"line":1274,"column":1}},"line":1267},"63":{"name":"(anonymous_63)","decl":{"start":{"line":1276,"column":11},"end":{"line":1276,"column":12}},"loc":{"start":{"line":1276,"column":25},"end":{"line":1279,"column":1}},"line":1276}},"branchMap":{"0":{"loc":{"start":{"line":75,"column":4},"end":{"line":84,"column":5}},"type":"if","locations":[{"start":{"line":75,"column":4},"end":{"line":84,"column":5}},{"start":{"line":77,"column":11},"end":{"line":84,"column":5}}],"line":75},"1":{"loc":{"start":{"line":98,"column":4},"end":{"line":102,"column":5}},"type":"if","locations":[{"start":{"line":98,"column":4},"end":{"line":102,"column":5}},{"start":{},"end":{}}],"line":98},"2":{"loc":{"start":{"line":105,"column":4},"end":{"line":118,"column":5}},"type":"if","locations":[{"start":{"line":105,"column":4},"end":{"line":118,"column":5}},{"start":{},"end":{}}],"line":105},"3":{"loc":{"start":{"line":105,"column":8},"end":{"line":105,"column":70}},"type":"binary-expr","locations":[{"start":{"line":105,"column":8},"end":{"line":105,"column":32}},{"start":{"line":105,"column":36},"end":{"line":105,"column":70}}],"line":105},"4":{"loc":{"start":{"line":110,"column":6},"end":{"line":117,"column":7}},"type":"if","locations":[{"start":{"line":110,"column":6},"end":{"line":117,"column":7}},{"start":{"line":114,"column":13},"end":{"line":117,"column":7}}],"line":110},"5":{"loc":{"start":{"line":120,"column":4},"end":{"line":129,"column":5}},"type":"if","locations":[{"start":{"line":120,"column":4},"end":{"line":129,"column":5}},{"start":{"line":122,"column":11},"end":{"line":129,"column":5}}],"line":120},"6":{"loc":{"start":{"line":122,"column":11},"end":{"line":129,"column":5}},"type":"if","locations":[{"start":{"line":122,"column":11},"end":{"line":129,"column":5}},{"start":{"line":127,"column":11},"end":{"line":129,"column":5}}],"line":122},"7":{"loc":{"start":{"line":193,"column":4},"end":{"line":196,"column":5}},"type":"if","locations":[{"start":{"line":193,"column":4},"end":{"line":196,"column":5}},{"start":{},"end":{}}],"line":193},"8":{"loc":{"start":{"line":231,"column":4},"end":{"line":235,"column":5}},"type":"if","locations":[{"start":{"line":231,"column":4},"end":{"line":235,"column":5}},{"start":{"line":233,"column":11},"end":{"line":235,"column":5}}],"line":231},"9":{"loc":{"start":{"line":247,"column":4},"end":{"line":251,"column":5}},"type":"if","locations":[{"start":{"line":247,"column":4},"end":{"line":251,"column":5}},{"start":{"line":249,"column":11},"end":{"line":251,"column":5}}],"line":247},"10":{"loc":{"start":{"line":264,"column":4},"end":{"line":268,"column":5}},"type":"if","locations":[{"start":{"line":264,"column":4},"end":{"line":268,"column":5}},{"start":{},"end":{}}],"line":264},"11":{"loc":{"start":{"line":338,"column":4},"end":{"line":341,"column":5}},"type":"if","locations":[{"start":{"line":338,"column":4},"end":{"line":341,"column":5}},{"start":{},"end":{}}],"line":338},"12":{"loc":{"start":{"line":541,"column":4},"end":{"line":547,"column":5}},"type":"if","locations":[{"start":{"line":541,"column":4},"end":{"line":547,"column":5}},{"start":{"line":543,"column":11},"end":{"line":547,"column":5}}],"line":541},"13":{"loc":{"start":{"line":562,"column":4},"end":{"line":568,"column":5}},"type":"if","locations":[{"start":{"line":562,"column":4},"end":{"line":568,"column":5}},{"start":{"line":564,"column":11},"end":{"line":568,"column":5}}],"line":562},"14":{"loc":{"start":{"line":584,"column":6},"end":{"line":587,"column":7}},"type":"if","locations":[{"start":{"line":584,"column":6},"end":{"line":587,"column":7}},{"start":{},"end":{}}],"line":584},"15":{"loc":{"start":{"line":589,"column":4},"end":{"line":593,"column":5}},"type":"if","locations":[{"start":{"line":589,"column":4},"end":{"line":593,"column":5}},{"start":{},"end":{}}],"line":589},"16":{"loc":{"start":{"line":673,"column":4},"end":{"line":676,"column":5}},"type":"if","locations":[{"start":{"line":673,"column":4},"end":{"line":676,"column":5}},{"start":{},"end":{}}],"line":673},"17":{"loc":{"start":{"line":700,"column":4},"end":{"line":706,"column":5}},"type":"if","locations":[{"start":{"line":700,"column":4},"end":{"line":706,"column":5}},{"start":{"line":702,"column":11},"end":{"line":706,"column":5}}],"line":700},"18":{"loc":{"start":{"line":728,"column":4},"end":{"line":734,"column":5}},"type":"if","locations":[{"start":{"line":728,"column":4},"end":{"line":734,"column":5}},{"start":{"line":730,"column":11},"end":{"line":734,"column":5}}],"line":728},"19":{"loc":{"start":{"line":756,"column":4},"end":{"line":762,"column":5}},"type":"if","locations":[{"start":{"line":756,"column":4},"end":{"line":762,"column":5}},{"start":{"line":758,"column":11},"end":{"line":762,"column":5}}],"line":756},"20":{"loc":{"start":{"line":784,"column":4},"end":{"line":790,"column":5}},"type":"if","locations":[{"start":{"line":784,"column":4},"end":{"line":790,"column":5}},{"start":{"line":786,"column":11},"end":{"line":790,"column":5}}],"line":784},"21":{"loc":{"start":{"line":822,"column":8},"end":{"line":824,"column":9}},"type":"if","locations":[{"start":{"line":822,"column":8},"end":{"line":824,"column":9}},{"start":{},"end":{}}],"line":822},"22":{"loc":{"start":{"line":832,"column":8},"end":{"line":839,"column":9}},"type":"if","locations":[{"start":{"line":832,"column":8},"end":{"line":839,"column":9}},{"start":{},"end":{}}],"line":832},"23":{"loc":{"start":{"line":872,"column":4},"end":{"line":878,"column":5}},"type":"if","locations":[{"start":{"line":872,"column":4},"end":{"line":878,"column":5}},{"start":{"line":874,"column":11},"end":{"line":878,"column":5}}],"line":872},"24":{"loc":{"start":{"line":893,"column":4},"end":{"line":924,"column":5}},"type":"if","locations":[{"start":{"line":893,"column":4},"end":{"line":924,"column":5}},{"start":{"line":915,"column":11},"end":{"line":924,"column":5}}],"line":893},"25":{"loc":{"start":{"line":908,"column":6},"end":{"line":914,"column":7}},"type":"if","locations":[{"start":{"line":908,"column":6},"end":{"line":914,"column":7}},{"start":{"line":910,"column":13},"end":{"line":914,"column":7}}],"line":908},"26":{"loc":{"start":{"line":938,"column":4},"end":{"line":944,"column":5}},"type":"if","locations":[{"start":{"line":938,"column":4},"end":{"line":944,"column":5}},{"start":{"line":940,"column":11},"end":{"line":944,"column":5}}],"line":938},"27":{"loc":{"start":{"line":957,"column":4},"end":{"line":963,"column":5}},"type":"if","locations":[{"start":{"line":957,"column":4},"end":{"line":963,"column":5}},{"start":{"line":959,"column":11},"end":{"line":963,"column":5}}],"line":957},"28":{"loc":{"start":{"line":976,"column":4},"end":{"line":980,"column":5}},"type":"if","locations":[{"start":{"line":976,"column":4},"end":{"line":980,"column":5}},{"start":{"line":978,"column":11},"end":{"line":980,"column":5}}],"line":976},"29":{"loc":{"start":{"line":1014,"column":4},"end":{"line":1020,"column":5}},"type":"if","locations":[{"start":{"line":1014,"column":4},"end":{"line":1020,"column":5}},{"start":{"line":1016,"column":11},"end":{"line":1020,"column":5}}],"line":1014},"30":{"loc":{"start":{"line":1033,"column":4},"end":{"line":1037,"column":5}},"type":"if","locations":[{"start":{"line":1033,"column":4},"end":{"line":1037,"column":5}},{"start":{"line":1035,"column":11},"end":{"line":1037,"column":5}}],"line":1033},"31":{"loc":{"start":{"line":1061,"column":4},"end":{"line":1067,"column":5}},"type":"if","locations":[{"start":{"line":1061,"column":4},"end":{"line":1067,"column":5}},{"start":{"line":1063,"column":11},"end":{"line":1067,"column":5}}],"line":1061},"32":{"loc":{"start":{"line":1080,"column":4},"end":{"line":1086,"column":5}},"type":"if","locations":[{"start":{"line":1080,"column":4},"end":{"line":1086,"column":5}},{"start":{"line":1082,"column":11},"end":{"line":1086,"column":5}}],"line":1080},"33":{"loc":{"start":{"line":1099,"column":4},"end":{"line":1105,"column":5}},"type":"if","locations":[{"start":{"line":1099,"column":4},"end":{"line":1105,"column":5}},{"start":{"line":1101,"column":11},"end":{"line":1105,"column":5}}],"line":1099},"34":{"loc":{"start":{"line":1118,"column":4},"end":{"line":1120,"column":5}},"type":"if","locations":[{"start":{"line":1118,"column":4},"end":{"line":1120,"column":5}},{"start":{},"end":{}}],"line":1118},"35":{"loc":{"start":{"line":1126,"column":6},"end":{"line":1129,"column":7}},"type":"if","locations":[{"start":{"line":1126,"column":6},"end":{"line":1129,"column":7}},{"start":{},"end":{}}],"line":1126},"36":{"loc":{"start":{"line":1132,"column":4},"end":{"line":1134,"column":5}},"type":"if","locations":[{"start":{"line":1132,"column":4},"end":{"line":1134,"column":5}},{"start":{},"end":{}}],"line":1132},"37":{"loc":{"start":{"line":1138,"column":4},"end":{"line":1143,"column":5}},"type":"if","locations":[{"start":{"line":1138,"column":4},"end":{"line":1143,"column":5}},{"start":{"line":1140,"column":11},"end":{"line":1143,"column":5}}],"line":1138},"38":{"loc":{"start":{"line":1140,"column":11},"end":{"line":1143,"column":5}},"type":"if","locations":[{"start":{"line":1140,"column":11},"end":{"line":1143,"column":5}},{"start":{},"end":{}}],"line":1140},"39":{"loc":{"start":{"line":1152,"column":2},"end":{"line":1155,"column":3}},"type":"if","locations":[{"start":{"line":1152,"column":2},"end":{"line":1155,"column":3}},{"start":{},"end":{}}],"line":1152},"40":{"loc":{"start":{"line":1174,"column":2},"end":{"line":1177,"column":3}},"type":"if","locations":[{"start":{"line":1174,"column":2},"end":{"line":1177,"column":3}},{"start":{},"end":{}}],"line":1174},"41":{"loc":{"start":{"line":1194,"column":2},"end":{"line":1197,"column":3}},"type":"if","locations":[{"start":{"line":1194,"column":2},"end":{"line":1197,"column":3}},{"start":{},"end":{}}],"line":1194},"42":{"loc":{"start":{"line":1214,"column":2},"end":{"line":1217,"column":3}},"type":"if","locations":[{"start":{"line":1214,"column":2},"end":{"line":1217,"column":3}},{"start":{},"end":{}}],"line":1214}},"s":{"0":1,"1":1,"2":1,"3":1,"4":1,"5":1,"6":1,"7":1,"8":1,"9":1,"10":1,"11":1,"12":1,"13":1,"14":1,"15":1,"16":1,"17":1,"18":1,"19":1,"20":1,"21":1,"22":1,"23":1,"24":1,"25":1,"26":1,"27":1,"28":1,"29":1,"30":1,"31":1,"32":1,"33":1,"34":21,"35":21,"36":21,"37":21,"38":21,"39":21,"40":1,"41":20,"42":20,"43":0,"44":1,"45":4,"46":4,"47":4,"48":4,"49":4,"50":2,"51":2,"52":2,"53":2,"54":0,"55":0,"56":0,"57":0,"58":0,"59":0,"60":2,"61":1,"62":1,"63":1,"64":1,"65":0,"66":0,"67":1,"68":6,"69":6,"70":6,"71":6,"72":6,"73":0,"74":1,"75":1,"76":1,"77":1,"78":1,"79":0,"80":1,"81":1,"82":1,"83":1,"84":1,"85":0,"86":1,"87":12,"88":12,"89":12,"90":12,"91":12,"92":12,"93":12,"94":0,"95":0,"96":12,"97":12,"98":12,"99":12,"100":12,"101":12,"102":12,"103":0,"104":0,"105":1,"106":0,"107":0,"108":0,"109":0,"110":0,"111":0,"112":0,"113":1,"114":0,"115":0,"116":0,"117":0,"118":0,"119":0,"120":0,"121":1,"122":1,"123":1,"124":1,"125":1,"126":1,"127":0,"128":0,"129":0,"130":1,"131":1,"132":0,"133":1,"134":1,"135":1,"136":1,"137":1,"138":0,"139":1,"140":0,"141":0,"142":0,"143":0,"144":0,"145":0,"146":0,"147":1,"148":0,"149":0,"150":0,"151":0,"152":0,"153":0,"154":0,"155":1,"156":1,"157":1,"158":1,"159":1,"160":1,"161":1,"162":0,"163":1,"164":0,"165":0,"166":0,"167":0,"168":0,"169":0,"170":0,"171":0,"172":0,"173":1,"174":0,"175":0,"176":0,"177":0,"178":0,"179":0,"180":1,"181":0,"182":0,"183":0,"184":0,"185":0,"186":0,"187":0,"188":1,"189":0,"190":0,"191":0,"192":0,"193":0,"194":0,"195":0,"196":1,"197":0,"198":0,"199":0,"200":0,"201":0,"202":0,"203":0,"204":1,"205":0,"206":0,"207":0,"208":0,"209":0,"210":0,"211":0,"212":1,"213":0,"214":0,"215":0,"216":0,"217":0,"218":0,"219":1,"220":0,"221":0,"222":0,"223":0,"224":0,"225":0,"226":1,"227":0,"228":0,"229":0,"230":0,"231":0,"232":0,"233":1,"234":0,"235":0,"236":0,"237":0,"238":0,"239":0,"240":0,"241":0,"242":1,"243":0,"244":0,"245":0,"246":0,"247":0,"248":0,"249":1,"250":2,"251":2,"252":2,"253":2,"254":2,"255":2,"256":0,"257":1,"258":0,"259":0,"260":0,"261":0,"262":1,"263":0,"264":0,"265":0,"266":0,"267":0,"268":0,"269":1,"270":0,"271":0,"272":0,"273":0,"274":0,"275":0,"276":0,"277":0,"278":1,"279":0,"280":0,"281":0,"282":0,"283":0,"284":0,"285":0,"286":0,"287":0,"288":0,"289":1,"290":2,"291":2,"292":2,"293":2,"294":2,"295":2,"296":2,"297":4,"298":2,"299":2,"300":2,"301":0,"302":0,"303":2,"304":2,"305":2,"306":2,"307":0,"308":1,"309":0,"310":0,"311":0,"312":0,"313":0,"314":0,"315":1,"316":0,"317":0,"318":0,"319":0,"320":0,"321":1,"322":0,"323":0,"324":0,"325":0,"326":0,"327":0,"328":1,"329":0,"330":0,"331":0,"332":0,"333":0,"334":1,"335":0,"336":0,"337":0,"338":0,"339":0,"340":0,"341":0,"342":0,"343":0,"344":0,"345":1,"346":1,"347":1,"348":1,"349":1,"350":1,"351":1,"352":0,"353":1,"354":0,"355":1,"356":1,"357":6,"358":6,"359":6,"360":6,"361":6,"362":6,"363":0,"364":6,"365":0,"366":6,"367":1,"368":1,"369":1,"370":1,"371":1,"372":1,"373":1,"374":0,"375":1,"376":0,"377":1,"378":1,"379":1,"380":1,"381":1,"382":1,"383":1,"384":1,"385":0,"386":1,"387":0,"388":1,"389":1,"390":0,"391":0,"392":0,"393":0,"394":0,"395":0,"396":0,"397":1,"398":2,"399":2,"400":2,"401":2,"402":2,"403":2,"404":2,"405":2,"406":2,"407":2,"408":2,"409":2,"410":2,"411":2,"412":2,"413":2,"414":2,"415":2,"416":2,"417":2,"418":2,"419":2,"420":2,"421":2,"422":2,"423":2,"424":2,"425":0,"426":2,"427":1,"428":2,"429":2,"430":2,"431":2,"432":2,"433":2,"434":2,"435":2,"436":2,"437":0,"438":2,"439":0,"440":2,"441":1,"442":2,"443":2,"444":2,"445":2,"446":2,"447":2,"448":1,"449":1,"450":1,"451":1,"452":0,"453":1,"454":1,"455":1,"456":0,"457":2,"458":1,"459":1,"460":1,"461":1,"462":1,"463":0,"464":1,"465":0,"466":1,"467":1,"468":1,"469":1,"470":1,"471":1,"472":0,"473":1,"474":0,"475":1,"476":1,"477":1,"478":1,"479":1,"480":1,"481":0,"482":1,"483":0,"484":1,"485":1,"486":1,"487":1,"488":1,"489":1,"490":1,"491":0,"492":1,"493":1,"494":2,"495":2,"496":2,"497":2,"498":2,"499":2,"500":0,"501":2,"502":0,"503":2,"504":1,"505":2,"506":2,"507":2,"508":2,"509":0,"510":2,"511":0,"512":1,"513":0,"514":0,"515":0,"516":0,"517":0,"518":1,"519":1,"520":1,"521":1,"522":1,"523":0,"524":1,"525":0,"526":1,"527":1,"528":1,"529":1,"530":1,"531":1,"532":0,"533":1,"534":0,"535":1,"536":1,"537":1,"538":1,"539":1,"540":1,"541":0,"542":1,"543":0,"544":1,"545":1,"546":8,"547":8,"548":8,"549":8,"550":8,"551":0,"552":8,"553":8,"554":8,"555":8,"556":8,"557":8,"558":8,"559":8,"560":8,"561":0,"562":8,"563":8,"564":6,"565":2,"566":2,"567":8,"568":0,"569":1,"570":2,"571":2,"572":0,"573":0,"574":2,"575":2,"576":2,"577":2,"578":2,"579":2,"580":2,"581":0,"582":1,"583":2,"584":2,"585":0,"586":0,"587":2,"588":2,"589":2,"590":2,"591":2,"592":2,"593":0,"594":1,"595":2,"596":2,"597":0,"598":0,"599":2,"600":2,"601":2,"602":2,"603":2,"604":2,"605":0,"606":1,"607":2,"608":2,"609":0,"610":0,"611":2,"612":2,"613":2,"614":2,"615":2,"616":2,"617":0,"618":1,"619":0,"620":0,"621":0,"622":0,"623":0,"624":0,"625":1,"626":2,"627":2,"628":2,"629":2,"630":2,"631":0,"632":1,"633":1,"634":1,"635":1,"636":0,"637":1,"638":1,"639":1,"640":1,"641":0,"642":1,"643":1,"644":1},"f":{"0":1,"1":21,"2":4,"3":6,"4":1,"5":1,"6":12,"7":0,"8":0,"9":1,"10":1,"11":0,"12":0,"13":1,"14":0,"15":0,"16":0,"17":0,"18":0,"19":0,"20":0,"21":0,"22":0,"23":0,"24":0,"25":2,"26":0,"27":0,"28":0,"29":0,"30":2,"31":0,"32":0,"33":0,"34":0,"35":0,"36":1,"37":6,"38":1,"39":1,"40":0,"41":2,"42":2,"43":2,"44":1,"45":1,"46":1,"47":1,"48":2,"49":2,"50":0,"51":1,"52":1,"53":1,"54":8,"55":2,"56":2,"57":2,"58":2,"59":0,"60":2,"61":1,"62":1,"63":1},"b":{"0":[1,20],"1":[2,2],"2":[0,2],"3":[2,1],"4":[0,0],"5":[1,1],"6":[1,0],"7":[0,12],"8":[0,0],"9":[0,0],"10":[0,1],"11":[0,0],"12":[0,0],"13":[0,0],"14":[2,2],"15":[0,2],"16":[0,0],"17":[0,1],"18":[0,6],"19":[0,1],"20":[0,1],"21":[2,0],"22":[2,0],"23":[0,2],"24":[1,1],"25":[0,1],"26":[0,1],"27":[0,1],"28":[0,1],"29":[0,2],"30":[0,2],"31":[0,1],"32":[0,1],"33":[0,1],"34":[0,8],"35":[8,0],"36":[0,8],"37":[6,2],"38":[2,0],"39":[0,2],"40":[0,2],"41":[0,2],"42":[0,2]},"_coverageSchema":"1a1c01bbd47fc00a2c39e90264f33305004495a9","hash":"a03403b971986d3c7eb7589efd613bf5f637f6c4"}
}
