{"/Users/mcleesm/Desktop/Senior Year/Fall 2021/CIS 557/project/src/backend/src/adminTableDatabase.js": {"path":"/Users/mcleesm/Desktop/Senior Year/Fall 2021/CIS 557/project/src/backend/src/adminTableDatabase.js","statementMap":{"0":{"start":{"line":1,"column":14},"end":{"line":1,"column":39}},"1":{"start":{"line":4,"column":16},"end":{"line":21,"column":1}},"2":{"start":{"line":5,"column":2},"end":{"line":20,"column":3}},"3":{"start":{"line":6,"column":23},"end":{"line":11,"column":6}},"4":{"start":{"line":14,"column":4},"end":{"line":14,"column":83}},"5":{"start":{"line":15,"column":4},"end":{"line":15,"column":22}},"6":{"start":{"line":18,"column":4},"end":{"line":18,"column":31}},"7":{"start":{"line":19,"column":4},"end":{"line":19,"column":14}},"8":{"start":{"line":25,"column":25},"end":{"line":40,"column":1}},"9":{"start":{"line":26,"column":16},"end":{"line":26,"column":102}},"10":{"start":{"line":28,"column":17},"end":{"line":28,"column":52}},"11":{"start":{"line":29,"column":2},"end":{"line":38,"column":3}},"12":{"start":{"line":30,"column":18},"end":{"line":30,"column":49}},"13":{"start":{"line":33,"column":4},"end":{"line":33,"column":41}},"14":{"start":{"line":34,"column":4},"end":{"line":34,"column":15}},"15":{"start":{"line":37,"column":4},"end":{"line":37,"column":47}},"16":{"start":{"line":39,"column":2},"end":{"line":39,"column":14}},"17":{"start":{"line":43,"column":18},"end":{"line":59,"column":1}},"18":{"start":{"line":44,"column":16},"end":{"line":44,"column":58}},"19":{"start":{"line":46,"column":17},"end":{"line":46,"column":26}},"20":{"start":{"line":48,"column":2},"end":{"line":57,"column":3}},"21":{"start":{"line":49,"column":19},"end":{"line":49,"column":50}},"22":{"start":{"line":51,"column":4},"end":{"line":51,"column":49}},"23":{"start":{"line":52,"column":4},"end":{"line":52,"column":22}},"24":{"start":{"line":53,"column":4},"end":{"line":53,"column":16}},"25":{"start":{"line":56,"column":4},"end":{"line":56,"column":41}},"26":{"start":{"line":58,"column":2},"end":{"line":58,"column":14}},"27":{"start":{"line":62,"column":21},"end":{"line":87,"column":1}},"28":{"start":{"line":63,"column":16},"end":{"line":63,"column":64}},"29":{"start":{"line":65,"column":2},"end":{"line":85,"column":3}},"30":{"start":{"line":66,"column":19},"end":{"line":66,"column":42}},"31":{"start":{"line":69,"column":16},"end":{"line":69,"column":18}},"32":{"start":{"line":70,"column":22},"end":{"line":70,"column":24}},"33":{"start":{"line":71,"column":4},"end":{"line":77,"column":7}},"34":{"start":{"line":72,"column":6},"end":{"line":76,"column":7}},"35":{"start":{"line":72,"column":44},"end":{"line":72,"column":82}},"36":{"start":{"line":74,"column":8},"end":{"line":74,"column":44}},"37":{"start":{"line":75,"column":8},"end":{"line":75,"column":37}},"38":{"start":{"line":80,"column":4},"end":{"line":80,"column":48}},"39":{"start":{"line":81,"column":4},"end":{"line":81,"column":15}},"40":{"start":{"line":84,"column":4},"end":{"line":84,"column":56}},"41":{"start":{"line":86,"column":2},"end":{"line":86,"column":14}},"42":{"start":{"line":90,"column":30},"end":{"line":99,"column":1}},"43":{"start":{"line":91,"column":16},"end":{"line":91,"column":67}},"44":{"start":{"line":92,"column":2},"end":{"line":98,"column":3}},"45":{"start":{"line":93,"column":21},"end":{"line":93,"column":54}},"46":{"start":{"line":94,"column":4},"end":{"line":94,"column":107}},"47":{"start":{"line":95,"column":4},"end":{"line":95,"column":18}},"48":{"start":{"line":97,"column":4},"end":{"line":97,"column":70}},"49":{"start":{"line":102,"column":20},"end":{"line":123,"column":1}},"50":{"start":{"line":103,"column":2},"end":{"line":121,"column":3}},"51":{"start":{"line":104,"column":19},"end":{"line":104,"column":77}},"52":{"start":{"line":106,"column":18},"end":{"line":106,"column":74}},"53":{"start":{"line":108,"column":19},"end":{"line":108,"column":39}},"54":{"start":{"line":110,"column":18},"end":{"line":110,"column":50}},"55":{"start":{"line":111,"column":4},"end":{"line":113,"column":5}},"56":{"start":{"line":112,"column":6},"end":{"line":112,"column":82}},"57":{"start":{"line":114,"column":4},"end":{"line":114,"column":36}},"58":{"start":{"line":116,"column":4},"end":{"line":116,"column":34}},"59":{"start":{"line":117,"column":4},"end":{"line":117,"column":15}},"60":{"start":{"line":120,"column":4},"end":{"line":120,"column":53}},"61":{"start":{"line":122,"column":2},"end":{"line":122,"column":14}},"62":{"start":{"line":125,"column":21},"end":{"line":134,"column":1}},"63":{"start":{"line":126,"column":2},"end":{"line":133,"column":3}},"64":{"start":{"line":127,"column":4},"end":{"line":127,"column":55}},"65":{"start":{"line":128,"column":21},"end":{"line":128,"column":54}},"66":{"start":{"line":129,"column":4},"end":{"line":129,"column":18}},"67":{"start":{"line":132,"column":4},"end":{"line":132,"column":64}},"68":{"start":{"line":136,"column":0},"end":{"line":144,"column":2}}},"fnMap":{"0":{"name":"(anonymous_0)","decl":{"start":{"line":4,"column":16},"end":{"line":4,"column":17}},"loc":{"start":{"line":4,"column":28},"end":{"line":21,"column":1}},"line":4},"1":{"name":"(anonymous_1)","decl":{"start":{"line":25,"column":25},"end":{"line":25,"column":26}},"loc":{"start":{"line":25,"column":74},"end":{"line":40,"column":1}},"line":25},"2":{"name":"(anonymous_2)","decl":{"start":{"line":43,"column":18},"end":{"line":43,"column":19}},"loc":{"start":{"line":43,"column":41},"end":{"line":59,"column":1}},"line":43},"3":{"name":"(anonymous_3)","decl":{"start":{"line":62,"column":21},"end":{"line":62,"column":22}},"loc":{"start":{"line":62,"column":35},"end":{"line":87,"column":1}},"line":62},"4":{"name":"(anonymous_4)","decl":{"start":{"line":71,"column":17},"end":{"line":71,"column":18}},"loc":{"start":{"line":71,"column":26},"end":{"line":77,"column":5}},"line":71},"5":{"name":"(anonymous_5)","decl":{"start":{"line":90,"column":30},"end":{"line":90,"column":31}},"loc":{"start":{"line":90,"column":52},"end":{"line":99,"column":1}},"line":90},"6":{"name":"(anonymous_6)","decl":{"start":{"line":102,"column":20},"end":{"line":102,"column":21}},"loc":{"start":{"line":102,"column":54},"end":{"line":123,"column":1}},"line":102},"7":{"name":"(anonymous_7)","decl":{"start":{"line":125,"column":21},"end":{"line":125,"column":22}},"loc":{"start":{"line":125,"column":43},"end":{"line":134,"column":1}},"line":125}},"branchMap":{"0":{"loc":{"start":{"line":72,"column":6},"end":{"line":76,"column":7}},"type":"if","locations":[{"start":{"line":72,"column":6},"end":{"line":76,"column":7}},{"start":{"line":73,"column":11},"end":{"line":76,"column":7}}],"line":72},"1":{"loc":{"start":{"line":111,"column":4},"end":{"line":113,"column":5}},"type":"if","locations":[{"start":{"line":111,"column":4},"end":{"line":113,"column":5}},{"start":{},"end":{}}],"line":111}},"s":{"0":2,"1":2,"2":1,"3":1,"4":1,"5":1,"6":0,"7":0,"8":2,"9":13,"10":13,"11":13,"12":13,"13":7,"14":7,"15":6,"16":6,"17":2,"18":2,"19":2,"20":2,"21":2,"22":2,"23":2,"24":2,"25":0,"26":0,"27":2,"28":1,"29":1,"30":1,"31":1,"32":1,"33":1,"34":7,"35":1,"36":6,"37":6,"38":1,"39":1,"40":0,"41":0,"42":2,"43":1,"44":1,"45":1,"46":1,"47":1,"48":0,"49":2,"50":2,"51":2,"52":2,"53":2,"54":2,"55":2,"56":1,"57":1,"58":1,"59":1,"60":0,"61":0,"62":2,"63":1,"64":1,"65":1,"66":1,"67":0,"68":2},"f":{"0":1,"1":13,"2":2,"3":1,"4":7,"5":1,"6":2,"7":1},"b":{"0":[1,6],"1":[1,1]},"_coverageSchema":"1a1c01bbd47fc00a2c39e90264f33305004495a9","hash":"7d24e3386375fc003f0a7133105b706675ea528c"}
,"/Users/mcleesm/Desktop/Senior Year/Fall 2021/CIS 557/project/src/backend/src/convoTableDatabase.js": {"path":"/Users/mcleesm/Desktop/Senior Year/Fall 2021/CIS 557/project/src/backend/src/convoTableDatabase.js","statementMap":{"0":{"start":{"line":1,"column":14},"end":{"line":1,"column":39}},"1":{"start":{"line":4,"column":16},"end":{"line":21,"column":1}},"2":{"start":{"line":5,"column":2},"end":{"line":20,"column":3}},"3":{"start":{"line":6,"column":23},"end":{"line":11,"column":6}},"4":{"start":{"line":14,"column":4},"end":{"line":14,"column":83}},"5":{"start":{"line":15,"column":4},"end":{"line":15,"column":22}},"6":{"start":{"line":18,"column":4},"end":{"line":18,"column":31}},"7":{"start":{"line":19,"column":4},"end":{"line":19,"column":14}},"8":{"start":{"line":24,"column":20},"end":{"line":38,"column":1}},"9":{"start":{"line":25,"column":16},"end":{"line":25,"column":94}},"10":{"start":{"line":27,"column":17},"end":{"line":27,"column":45}},"11":{"start":{"line":28,"column":2},"end":{"line":36,"column":3}},"12":{"start":{"line":29,"column":19},"end":{"line":29,"column":50}},"13":{"start":{"line":31,"column":4},"end":{"line":31,"column":39}},"14":{"start":{"line":32,"column":4},"end":{"line":32,"column":29}},"15":{"start":{"line":35,"column":4},"end":{"line":35,"column":41}},"16":{"start":{"line":37,"column":2},"end":{"line":37,"column":14}},"17":{"start":{"line":41,"column":17},"end":{"line":57,"column":1}},"18":{"start":{"line":42,"column":16},"end":{"line":42,"column":95}},"19":{"start":{"line":43,"column":17},"end":{"line":43,"column":53}},"20":{"start":{"line":45,"column":2},"end":{"line":55,"column":3}},"21":{"start":{"line":46,"column":18},"end":{"line":46,"column":49}},"22":{"start":{"line":49,"column":4},"end":{"line":49,"column":41}},"23":{"start":{"line":50,"column":4},"end":{"line":50,"column":24}},"24":{"start":{"line":52,"column":4},"end":{"line":52,"column":21}},"25":{"start":{"line":54,"column":4},"end":{"line":54,"column":47}},"26":{"start":{"line":56,"column":2},"end":{"line":56,"column":14}},"27":{"start":{"line":60,"column":19},"end":{"line":75,"column":1}},"28":{"start":{"line":61,"column":16},"end":{"line":61,"column":94}},"29":{"start":{"line":62,"column":17},"end":{"line":62,"column":45}},"30":{"start":{"line":64,"column":2},"end":{"line":73,"column":3}},"31":{"start":{"line":65,"column":18},"end":{"line":65,"column":49}},"32":{"start":{"line":68,"column":4},"end":{"line":68,"column":37}},"33":{"start":{"line":69,"column":4},"end":{"line":69,"column":26}},"34":{"start":{"line":72,"column":4},"end":{"line":72,"column":47}},"35":{"start":{"line":74,"column":2},"end":{"line":74,"column":14}},"36":{"start":{"line":78,"column":25},"end":{"line":94,"column":1}},"37":{"start":{"line":79,"column":16},"end":{"line":79,"column":66}},"38":{"start":{"line":81,"column":17},"end":{"line":81,"column":25}},"39":{"start":{"line":83,"column":2},"end":{"line":92,"column":3}},"40":{"start":{"line":84,"column":19},"end":{"line":84,"column":50}},"41":{"start":{"line":85,"column":4},"end":{"line":85,"column":22}},"42":{"start":{"line":87,"column":4},"end":{"line":87,"column":39}},"43":{"start":{"line":88,"column":4},"end":{"line":88,"column":16}},"44":{"start":{"line":91,"column":4},"end":{"line":91,"column":41}},"45":{"start":{"line":93,"column":2},"end":{"line":93,"column":14}},"46":{"start":{"line":96,"column":0},"end":{"line":102,"column":2}}},"fnMap":{"0":{"name":"(anonymous_0)","decl":{"start":{"line":4,"column":16},"end":{"line":4,"column":17}},"loc":{"start":{"line":4,"column":28},"end":{"line":21,"column":1}},"line":4},"1":{"name":"(anonymous_1)","decl":{"start":{"line":24,"column":20},"end":{"line":24,"column":21}},"loc":{"start":{"line":24,"column":48},"end":{"line":38,"column":1}},"line":24},"2":{"name":"(anonymous_2)","decl":{"start":{"line":41,"column":17},"end":{"line":41,"column":18}},"loc":{"start":{"line":41,"column":67},"end":{"line":57,"column":1}},"line":41},"3":{"name":"(anonymous_3)","decl":{"start":{"line":60,"column":19},"end":{"line":60,"column":20}},"loc":{"start":{"line":60,"column":47},"end":{"line":75,"column":1}},"line":60},"4":{"name":"(anonymous_4)","decl":{"start":{"line":78,"column":25},"end":{"line":78,"column":26}},"loc":{"start":{"line":78,"column":43},"end":{"line":94,"column":1}},"line":78}},"branchMap":{},"s":{"0":2,"1":2,"2":1,"3":1,"4":1,"5":1,"6":0,"7":0,"8":2,"9":3,"10":3,"11":3,"12":3,"13":3,"14":3,"15":0,"16":0,"17":2,"18":5,"19":5,"20":5,"21":5,"22":5,"23":5,"24":0,"25":0,"26":0,"27":2,"28":2,"29":2,"30":2,"31":2,"32":2,"33":2,"34":0,"35":0,"36":2,"37":1,"38":1,"39":1,"40":1,"41":1,"42":1,"43":1,"44":0,"45":0,"46":2},"f":{"0":1,"1":3,"2":5,"3":2,"4":1},"b":{},"_coverageSchema":"1a1c01bbd47fc00a2c39e90264f33305004495a9","hash":"4f8591d7cd4a0640c614313a18fba54eaf4dd3ae"}
,"/Users/mcleesm/Desktop/Senior Year/Fall 2021/CIS 557/project/src/backend/src/groupMemberTableDatabase.js": {"path":"/Users/mcleesm/Desktop/Senior Year/Fall 2021/CIS 557/project/src/backend/src/groupMemberTableDatabase.js","statementMap":{"0":{"start":{"line":1,"column":14},"end":{"line":1,"column":39}},"1":{"start":{"line":3,"column":16},"end":{"line":20,"column":1}},"2":{"start":{"line":4,"column":2},"end":{"line":19,"column":3}},"3":{"start":{"line":5,"column":23},"end":{"line":10,"column":6}},"4":{"start":{"line":13,"column":4},"end":{"line":13,"column":83}},"5":{"start":{"line":14,"column":4},"end":{"line":14,"column":22}},"6":{"start":{"line":17,"column":4},"end":{"line":17,"column":31}},"7":{"start":{"line":18,"column":4},"end":{"line":18,"column":14}},"8":{"start":{"line":22,"column":23},"end":{"line":36,"column":1}},"9":{"start":{"line":23,"column":16},"end":{"line":23,"column":79}},"10":{"start":{"line":24,"column":2},"end":{"line":35,"column":3}},"11":{"start":{"line":25,"column":24},"end":{"line":25,"column":66}},"12":{"start":{"line":27,"column":22},"end":{"line":27,"column":104}},"13":{"start":{"line":28,"column":4},"end":{"line":28,"column":43}},"14":{"start":{"line":30,"column":4},"end":{"line":30,"column":21}},"15":{"start":{"line":33,"column":4},"end":{"line":33,"column":31}},"16":{"start":{"line":34,"column":4},"end":{"line":34,"column":14}},"17":{"start":{"line":38,"column":21},"end":{"line":48,"column":1}},"18":{"start":{"line":39,"column":16},"end":{"line":39,"column":72}},"19":{"start":{"line":40,"column":2},"end":{"line":47,"column":3}},"20":{"start":{"line":41,"column":29},"end":{"line":41,"column":63}},"21":{"start":{"line":42,"column":4},"end":{"line":42,"column":26}},"22":{"start":{"line":45,"column":4},"end":{"line":45,"column":31}},"23":{"start":{"line":46,"column":4},"end":{"line":46,"column":14}},"24":{"start":{"line":50,"column":36},"end":{"line":60,"column":1}},"25":{"start":{"line":51,"column":16},"end":{"line":51,"column":72}},"26":{"start":{"line":52,"column":2},"end":{"line":59,"column":3}},"27":{"start":{"line":53,"column":29},"end":{"line":53,"column":62}},"28":{"start":{"line":54,"column":4},"end":{"line":54,"column":26}},"29":{"start":{"line":57,"column":4},"end":{"line":57,"column":31}},"30":{"start":{"line":58,"column":4},"end":{"line":58,"column":14}},"31":{"start":{"line":62,"column":30},"end":{"line":72,"column":1}},"32":{"start":{"line":63,"column":16},"end":{"line":63,"column":63}},"33":{"start":{"line":64,"column":2},"end":{"line":71,"column":3}},"34":{"start":{"line":65,"column":29},"end":{"line":65,"column":62}},"35":{"start":{"line":66,"column":4},"end":{"line":66,"column":26}},"36":{"start":{"line":69,"column":4},"end":{"line":69,"column":31}},"37":{"start":{"line":70,"column":4},"end":{"line":70,"column":14}},"38":{"start":{"line":74,"column":31},"end":{"line":85,"column":1}},"39":{"start":{"line":75,"column":16},"end":{"line":75,"column":80}},"40":{"start":{"line":76,"column":17},"end":{"line":76,"column":34}},"41":{"start":{"line":77,"column":2},"end":{"line":84,"column":3}},"42":{"start":{"line":78,"column":29},"end":{"line":78,"column":60}},"43":{"start":{"line":79,"column":4},"end":{"line":79,"column":26}},"44":{"start":{"line":82,"column":4},"end":{"line":82,"column":31}},"45":{"start":{"line":83,"column":4},"end":{"line":83,"column":14}},"46":{"start":{"line":87,"column":25},"end":{"line":102,"column":1}},"47":{"start":{"line":88,"column":16},"end":{"line":88,"column":70}},"48":{"start":{"line":89,"column":17},"end":{"line":89,"column":21}},"49":{"start":{"line":90,"column":2},"end":{"line":101,"column":3}},"50":{"start":{"line":91,"column":18},"end":{"line":91,"column":49}},"51":{"start":{"line":92,"column":16},"end":{"line":92,"column":18}},"52":{"start":{"line":93,"column":4},"end":{"line":95,"column":5}},"53":{"start":{"line":93,"column":17},"end":{"line":93,"column":18}},"54":{"start":{"line":94,"column":6},"end":{"line":94,"column":32}},"55":{"start":{"line":96,"column":4},"end":{"line":96,"column":15}},"56":{"start":{"line":99,"column":4},"end":{"line":99,"column":31}},"57":{"start":{"line":100,"column":4},"end":{"line":100,"column":14}},"58":{"start":{"line":104,"column":0},"end":{"line":112,"column":2}}},"fnMap":{"0":{"name":"(anonymous_0)","decl":{"start":{"line":3,"column":16},"end":{"line":3,"column":17}},"loc":{"start":{"line":3,"column":28},"end":{"line":20,"column":1}},"line":3},"1":{"name":"(anonymous_1)","decl":{"start":{"line":22,"column":23},"end":{"line":22,"column":24}},"loc":{"start":{"line":22,"column":54},"end":{"line":36,"column":1}},"line":22},"2":{"name":"(anonymous_2)","decl":{"start":{"line":38,"column":21},"end":{"line":38,"column":22}},"loc":{"start":{"line":38,"column":44},"end":{"line":48,"column":1}},"line":38},"3":{"name":"(anonymous_3)","decl":{"start":{"line":50,"column":36},"end":{"line":50,"column":37}},"loc":{"start":{"line":50,"column":58},"end":{"line":60,"column":1}},"line":50},"4":{"name":"(anonymous_4)","decl":{"start":{"line":62,"column":30},"end":{"line":62,"column":31}},"loc":{"start":{"line":62,"column":52},"end":{"line":72,"column":1}},"line":62},"5":{"name":"(anonymous_5)","decl":{"start":{"line":74,"column":31},"end":{"line":74,"column":32}},"loc":{"start":{"line":74,"column":62},"end":{"line":85,"column":1}},"line":74},"6":{"name":"(anonymous_6)","decl":{"start":{"line":87,"column":25},"end":{"line":87,"column":26}},"loc":{"start":{"line":87,"column":43},"end":{"line":102,"column":1}},"line":87}},"branchMap":{},"s":{"0":2,"1":2,"2":1,"3":1,"4":1,"5":1,"6":0,"7":0,"8":2,"9":1,"10":1,"11":1,"12":1,"13":1,"14":1,"15":0,"16":0,"17":2,"18":1,"19":1,"20":1,"21":0,"22":0,"23":0,"24":2,"25":0,"26":0,"27":0,"28":0,"29":0,"30":0,"31":2,"32":0,"33":0,"34":0,"35":0,"36":0,"37":0,"38":2,"39":0,"40":0,"41":0,"42":0,"43":0,"44":0,"45":0,"46":2,"47":0,"48":0,"49":0,"50":0,"51":0,"52":0,"53":0,"54":0,"55":0,"56":0,"57":0,"58":2},"f":{"0":1,"1":1,"2":1,"3":0,"4":0,"5":0,"6":0},"b":{},"_coverageSchema":"1a1c01bbd47fc00a2c39e90264f33305004495a9","hash":"f6bbd71178a0e3785f1d38af9351315d0f807066"}
,"/Users/mcleesm/Desktop/Senior Year/Fall 2021/CIS 557/project/src/backend/src/groupTableDatabase.js": {"path":"/Users/mcleesm/Desktop/Senior Year/Fall 2021/CIS 557/project/src/backend/src/groupTableDatabase.js","statementMap":{"0":{"start":{"line":1,"column":14},"end":{"line":1,"column":39}},"1":{"start":{"line":4,"column":16},"end":{"line":21,"column":1}},"2":{"start":{"line":5,"column":2},"end":{"line":20,"column":3}},"3":{"start":{"line":6,"column":23},"end":{"line":11,"column":6}},"4":{"start":{"line":14,"column":4},"end":{"line":14,"column":83}},"5":{"start":{"line":15,"column":4},"end":{"line":15,"column":22}},"6":{"start":{"line":18,"column":4},"end":{"line":18,"column":31}},"7":{"start":{"line":19,"column":4},"end":{"line":19,"column":14}},"8":{"start":{"line":24,"column":17},"end":{"line":47,"column":1}},"9":{"start":{"line":25,"column":16},"end":{"line":25,"column":147}},"10":{"start":{"line":27,"column":22},"end":{"line":27,"column":73}},"11":{"start":{"line":29,"column":17},"end":{"line":30,"column":51}},"12":{"start":{"line":31,"column":2},"end":{"line":45,"column":3}},"13":{"start":{"line":32,"column":24},"end":{"line":32,"column":76}},"14":{"start":{"line":33,"column":4},"end":{"line":36,"column":5}},"15":{"start":{"line":35,"column":6},"end":{"line":35,"column":18}},"16":{"start":{"line":38,"column":4},"end":{"line":38,"column":36}},"17":{"start":{"line":40,"column":4},"end":{"line":40,"column":63}},"18":{"start":{"line":41,"column":4},"end":{"line":41,"column":29}},"19":{"start":{"line":44,"column":4},"end":{"line":44,"column":41}},"20":{"start":{"line":46,"column":2},"end":{"line":46,"column":14}},"21":{"start":{"line":50,"column":18},"end":{"line":89,"column":1}},"22":{"start":{"line":51,"column":16},"end":{"line":51,"column":79}},"23":{"start":{"line":53,"column":17},"end":{"line":53,"column":56}},"24":{"start":{"line":54,"column":17},"end":{"line":54,"column":56}},"25":{"start":{"line":55,"column":17},"end":{"line":55,"column":56}},"26":{"start":{"line":57,"column":2},"end":{"line":66,"column":3}},"27":{"start":{"line":58,"column":4},"end":{"line":65,"column":5}},"28":{"start":{"line":59,"column":6},"end":{"line":59,"column":38}},"29":{"start":{"line":61,"column":6},"end":{"line":61,"column":98}},"30":{"start":{"line":64,"column":6},"end":{"line":64,"column":43}},"31":{"start":{"line":68,"column":2},"end":{"line":77,"column":3}},"32":{"start":{"line":69,"column":4},"end":{"line":76,"column":5}},"33":{"start":{"line":70,"column":6},"end":{"line":70,"column":38}},"34":{"start":{"line":72,"column":6},"end":{"line":72,"column":98}},"35":{"start":{"line":75,"column":6},"end":{"line":75,"column":43}},"36":{"start":{"line":79,"column":2},"end":{"line":88,"column":3}},"37":{"start":{"line":80,"column":4},"end":{"line":87,"column":5}},"38":{"start":{"line":81,"column":6},"end":{"line":81,"column":38}},"39":{"start":{"line":83,"column":6},"end":{"line":83,"column":98}},"40":{"start":{"line":86,"column":6},"end":{"line":86,"column":43}},"41":{"start":{"line":92,"column":18},"end":{"line":110,"column":1}},"42":{"start":{"line":93,"column":2},"end":{"line":108,"column":3}},"43":{"start":{"line":94,"column":18},"end":{"line":94,"column":65}},"44":{"start":{"line":95,"column":19},"end":{"line":95,"column":42}},"45":{"start":{"line":97,"column":4},"end":{"line":97,"column":51}},"46":{"start":{"line":99,"column":19},"end":{"line":99,"column":21}},"47":{"start":{"line":100,"column":4},"end":{"line":102,"column":5}},"48":{"start":{"line":100,"column":17},"end":{"line":100,"column":18}},"49":{"start":{"line":101,"column":6},"end":{"line":101,"column":42}},"50":{"start":{"line":104,"column":4},"end":{"line":104,"column":18}},"51":{"start":{"line":107,"column":4},"end":{"line":107,"column":41}},"52":{"start":{"line":109,"column":2},"end":{"line":109,"column":14}},"53":{"start":{"line":113,"column":27},"end":{"line":131,"column":1}},"54":{"start":{"line":114,"column":2},"end":{"line":129,"column":3}},"55":{"start":{"line":115,"column":18},"end":{"line":115,"column":82}},"56":{"start":{"line":116,"column":19},"end":{"line":116,"column":48}},"57":{"start":{"line":118,"column":4},"end":{"line":118,"column":51}},"58":{"start":{"line":120,"column":19},"end":{"line":120,"column":21}},"59":{"start":{"line":121,"column":4},"end":{"line":123,"column":5}},"60":{"start":{"line":121,"column":17},"end":{"line":121,"column":18}},"61":{"start":{"line":122,"column":6},"end":{"line":122,"column":42}},"62":{"start":{"line":125,"column":4},"end":{"line":125,"column":18}},"63":{"start":{"line":128,"column":4},"end":{"line":128,"column":41}},"64":{"start":{"line":130,"column":2},"end":{"line":130,"column":14}},"65":{"start":{"line":134,"column":27},"end":{"line":160,"column":1}},"66":{"start":{"line":135,"column":2},"end":{"line":135,"column":39}},"67":{"start":{"line":136,"column":2},"end":{"line":158,"column":3}},"68":{"start":{"line":137,"column":18},"end":{"line":137,"column":66}},"69":{"start":{"line":138,"column":19},"end":{"line":138,"column":51}},"70":{"start":{"line":140,"column":4},"end":{"line":140,"column":54}},"71":{"start":{"line":142,"column":17},"end":{"line":142,"column":19}},"72":{"start":{"line":143,"column":4},"end":{"line":152,"column":5}},"73":{"start":{"line":143,"column":17},"end":{"line":143,"column":18}},"74":{"start":{"line":144,"column":16},"end":{"line":144,"column":56}},"75":{"start":{"line":145,"column":21},"end":{"line":145,"column":67}},"76":{"start":{"line":147,"column":6},"end":{"line":147,"column":21}},"77":{"start":{"line":148,"column":6},"end":{"line":151,"column":7}},"78":{"start":{"line":149,"column":8},"end":{"line":149,"column":26}},"79":{"start":{"line":150,"column":8},"end":{"line":150,"column":23}},"80":{"start":{"line":154,"column":4},"end":{"line":154,"column":20}},"81":{"start":{"line":157,"column":4},"end":{"line":157,"column":41}},"82":{"start":{"line":159,"column":2},"end":{"line":159,"column":14}},"83":{"start":{"line":163,"column":24},"end":{"line":195,"column":1}},"84":{"start":{"line":164,"column":2},"end":{"line":193,"column":3}},"85":{"start":{"line":165,"column":16},"end":{"line":165,"column":18}},"86":{"start":{"line":166,"column":4},"end":{"line":168,"column":5}},"87":{"start":{"line":167,"column":6},"end":{"line":167,"column":82}},"88":{"start":{"line":169,"column":4},"end":{"line":171,"column":5}},"89":{"start":{"line":170,"column":6},"end":{"line":170,"column":84}},"90":{"start":{"line":172,"column":4},"end":{"line":176,"column":5}},"91":{"start":{"line":173,"column":6},"end":{"line":173,"column":86}},"92":{"start":{"line":175,"column":6},"end":{"line":175,"column":58}},"93":{"start":{"line":177,"column":19},"end":{"line":177,"column":42}},"94":{"start":{"line":179,"column":4},"end":{"line":179,"column":50}},"95":{"start":{"line":181,"column":19},"end":{"line":181,"column":21}},"96":{"start":{"line":182,"column":4},"end":{"line":187,"column":5}},"97":{"start":{"line":182,"column":17},"end":{"line":182,"column":18}},"98":{"start":{"line":183,"column":16},"end":{"line":183,"column":62}},"99":{"start":{"line":185,"column":6},"end":{"line":185,"column":21}},"100":{"start":{"line":186,"column":6},"end":{"line":186,"column":25}},"101":{"start":{"line":189,"column":4},"end":{"line":189,"column":18}},"102":{"start":{"line":192,"column":4},"end":{"line":192,"column":41}},"103":{"start":{"line":194,"column":2},"end":{"line":194,"column":14}},"104":{"start":{"line":198,"column":18},"end":{"line":210,"column":1}},"105":{"start":{"line":199,"column":2},"end":{"line":208,"column":3}},"106":{"start":{"line":200,"column":18},"end":{"line":200,"column":43}},"107":{"start":{"line":201,"column":19},"end":{"line":201,"column":42}},"108":{"start":{"line":203,"column":4},"end":{"line":203,"column":50}},"109":{"start":{"line":204,"column":4},"end":{"line":204,"column":18}},"110":{"start":{"line":207,"column":4},"end":{"line":207,"column":41}},"111":{"start":{"line":209,"column":2},"end":{"line":209,"column":14}},"112":{"start":{"line":213,"column":21},"end":{"line":225,"column":1}},"113":{"start":{"line":214,"column":2},"end":{"line":223,"column":3}},"114":{"start":{"line":215,"column":18},"end":{"line":215,"column":60}},"115":{"start":{"line":216,"column":19},"end":{"line":216,"column":48}},"116":{"start":{"line":219,"column":4},"end":{"line":219,"column":19}},"117":{"start":{"line":222,"column":4},"end":{"line":222,"column":41}},"118":{"start":{"line":224,"column":2},"end":{"line":224,"column":14}},"119":{"start":{"line":228,"column":26},"end":{"line":240,"column":1}},"120":{"start":{"line":229,"column":2},"end":{"line":238,"column":3}},"121":{"start":{"line":230,"column":18},"end":{"line":230,"column":72}},"122":{"start":{"line":231,"column":19},"end":{"line":231,"column":50}},"123":{"start":{"line":233,"column":4},"end":{"line":233,"column":51}},"124":{"start":{"line":234,"column":4},"end":{"line":234,"column":18}},"125":{"start":{"line":237,"column":4},"end":{"line":237,"column":41}},"126":{"start":{"line":239,"column":2},"end":{"line":239,"column":14}},"127":{"start":{"line":243,"column":20},"end":{"line":255,"column":1}},"128":{"start":{"line":244,"column":2},"end":{"line":253,"column":3}},"129":{"start":{"line":245,"column":18},"end":{"line":245,"column":71}},"130":{"start":{"line":246,"column":18},"end":{"line":246,"column":49}},"131":{"start":{"line":248,"column":4},"end":{"line":248,"column":72}},"132":{"start":{"line":249,"column":4},"end":{"line":249,"column":17}},"133":{"start":{"line":252,"column":4},"end":{"line":252,"column":41}},"134":{"start":{"line":254,"column":2},"end":{"line":254,"column":14}},"135":{"start":{"line":258,"column":20},"end":{"line":271,"column":1}},"136":{"start":{"line":259,"column":2},"end":{"line":269,"column":3}},"137":{"start":{"line":260,"column":18},"end":{"line":260,"column":61}},"138":{"start":{"line":261,"column":19},"end":{"line":261,"column":56}},"139":{"start":{"line":262,"column":18},"end":{"line":262,"column":49}},"140":{"start":{"line":264,"column":4},"end":{"line":264,"column":70}},"141":{"start":{"line":265,"column":4},"end":{"line":265,"column":17}},"142":{"start":{"line":268,"column":4},"end":{"line":268,"column":41}},"143":{"start":{"line":270,"column":2},"end":{"line":270,"column":14}},"144":{"start":{"line":274,"column":18},"end":{"line":284,"column":1}},"145":{"start":{"line":275,"column":2},"end":{"line":282,"column":3}},"146":{"start":{"line":276,"column":18},"end":{"line":276,"column":55}},"147":{"start":{"line":277,"column":18},"end":{"line":277,"column":41}},"148":{"start":{"line":278,"column":4},"end":{"line":278,"column":35}},"149":{"start":{"line":281,"column":4},"end":{"line":281,"column":41}},"150":{"start":{"line":283,"column":2},"end":{"line":283,"column":14}},"151":{"start":{"line":286,"column":26},"end":{"line":315,"column":1}},"152":{"start":{"line":287,"column":29},"end":{"line":287,"column":31}},"153":{"start":{"line":290,"column":27},"end":{"line":290,"column":75}},"154":{"start":{"line":291,"column":32},"end":{"line":291,"column":66}},"155":{"start":{"line":292,"column":2},"end":{"line":292,"column":76}},"156":{"start":{"line":295,"column":28},"end":{"line":295,"column":85}},"157":{"start":{"line":296,"column":33},"end":{"line":296,"column":68}},"158":{"start":{"line":297,"column":2},"end":{"line":297,"column":87}},"159":{"start":{"line":300,"column":25},"end":{"line":300,"column":94}},"160":{"start":{"line":301,"column":2},"end":{"line":301,"column":73}},"161":{"start":{"line":304,"column":28},"end":{"line":304,"column":79}},"162":{"start":{"line":305,"column":33},"end":{"line":305,"column":68}},"163":{"start":{"line":306,"column":2},"end":{"line":306,"column":83}},"164":{"start":{"line":309,"column":27},"end":{"line":309,"column":75}},"165":{"start":{"line":310,"column":32},"end":{"line":310,"column":66}},"166":{"start":{"line":311,"column":2},"end":{"line":311,"column":81}},"167":{"start":{"line":314,"column":2},"end":{"line":314,"column":28}},"168":{"start":{"line":317,"column":0},"end":{"line":331,"column":2}}},"fnMap":{"0":{"name":"(anonymous_0)","decl":{"start":{"line":4,"column":16},"end":{"line":4,"column":17}},"loc":{"start":{"line":4,"column":28},"end":{"line":21,"column":1}},"line":4},"1":{"name":"(anonymous_1)","decl":{"start":{"line":24,"column":17},"end":{"line":24,"column":18}},"loc":{"start":{"line":24,"column":41},"end":{"line":47,"column":1}},"line":24},"2":{"name":"(anonymous_2)","decl":{"start":{"line":50,"column":18},"end":{"line":50,"column":19}},"loc":{"start":{"line":50,"column":43},"end":{"line":89,"column":1}},"line":50},"3":{"name":"(anonymous_3)","decl":{"start":{"line":92,"column":18},"end":{"line":92,"column":19}},"loc":{"start":{"line":92,"column":32},"end":{"line":110,"column":1}},"line":92},"4":{"name":"(anonymous_4)","decl":{"start":{"line":113,"column":27},"end":{"line":113,"column":28}},"loc":{"start":{"line":113,"column":45},"end":{"line":131,"column":1}},"line":113},"5":{"name":"(anonymous_5)","decl":{"start":{"line":134,"column":27},"end":{"line":134,"column":28}},"loc":{"start":{"line":134,"column":48},"end":{"line":160,"column":1}},"line":134},"6":{"name":"(anonymous_6)","decl":{"start":{"line":163,"column":24},"end":{"line":163,"column":25}},"loc":{"start":{"line":163,"column":44},"end":{"line":195,"column":1}},"line":163},"7":{"name":"(anonymous_7)","decl":{"start":{"line":198,"column":18},"end":{"line":198,"column":19}},"loc":{"start":{"line":198,"column":32},"end":{"line":210,"column":1}},"line":198},"8":{"name":"(anonymous_8)","decl":{"start":{"line":213,"column":21},"end":{"line":213,"column":22}},"loc":{"start":{"line":213,"column":39},"end":{"line":225,"column":1}},"line":213},"9":{"name":"(anonymous_9)","decl":{"start":{"line":228,"column":26},"end":{"line":228,"column":27}},"loc":{"start":{"line":228,"column":46},"end":{"line":240,"column":1}},"line":228},"10":{"name":"(anonymous_10)","decl":{"start":{"line":243,"column":20},"end":{"line":243,"column":21}},"loc":{"start":{"line":243,"column":40},"end":{"line":255,"column":1}},"line":243},"11":{"name":"(anonymous_11)","decl":{"start":{"line":258,"column":20},"end":{"line":258,"column":21}},"loc":{"start":{"line":258,"column":71},"end":{"line":271,"column":1}},"line":258},"12":{"name":"(anonymous_12)","decl":{"start":{"line":274,"column":18},"end":{"line":274,"column":19}},"loc":{"start":{"line":274,"column":32},"end":{"line":284,"column":1}},"line":274},"13":{"name":"(anonymous_13)","decl":{"start":{"line":286,"column":26},"end":{"line":286,"column":27}},"loc":{"start":{"line":286,"column":40},"end":{"line":315,"column":1}},"line":286}},"branchMap":{"0":{"loc":{"start":{"line":33,"column":4},"end":{"line":36,"column":5}},"type":"if","locations":[{"start":{"line":33,"column":4},"end":{"line":36,"column":5}},{"start":{},"end":{}}],"line":33},"1":{"loc":{"start":{"line":57,"column":2},"end":{"line":66,"column":3}},"type":"if","locations":[{"start":{"line":57,"column":2},"end":{"line":66,"column":3}},{"start":{},"end":{}}],"line":57},"2":{"loc":{"start":{"line":68,"column":2},"end":{"line":77,"column":3}},"type":"if","locations":[{"start":{"line":68,"column":2},"end":{"line":77,"column":3}},{"start":{},"end":{}}],"line":68},"3":{"loc":{"start":{"line":79,"column":2},"end":{"line":88,"column":3}},"type":"if","locations":[{"start":{"line":79,"column":2},"end":{"line":88,"column":3}},{"start":{},"end":{}}],"line":79},"4":{"loc":{"start":{"line":148,"column":6},"end":{"line":151,"column":7}},"type":"if","locations":[{"start":{"line":148,"column":6},"end":{"line":151,"column":7}},{"start":{},"end":{}}],"line":148},"5":{"loc":{"start":{"line":166,"column":4},"end":{"line":168,"column":5}},"type":"if","locations":[{"start":{"line":166,"column":4},"end":{"line":168,"column":5}},{"start":{},"end":{}}],"line":166},"6":{"loc":{"start":{"line":169,"column":4},"end":{"line":171,"column":5}},"type":"if","locations":[{"start":{"line":169,"column":4},"end":{"line":171,"column":5}},{"start":{},"end":{}}],"line":169},"7":{"loc":{"start":{"line":172,"column":4},"end":{"line":176,"column":5}},"type":"if","locations":[{"start":{"line":172,"column":4},"end":{"line":176,"column":5}},{"start":{"line":174,"column":11},"end":{"line":176,"column":5}}],"line":172}},"s":{"0":2,"1":2,"2":0,"3":0,"4":0,"5":0,"6":0,"7":0,"8":2,"9":0,"10":0,"11":0,"12":0,"13":0,"14":0,"15":0,"16":0,"17":0,"18":0,"19":0,"20":0,"21":2,"22":0,"23":0,"24":0,"25":0,"26":0,"27":0,"28":0,"29":0,"30":0,"31":0,"32":0,"33":0,"34":0,"35":0,"36":0,"37":0,"38":0,"39":0,"40":0,"41":2,"42":0,"43":0,"44":0,"45":0,"46":0,"47":0,"48":0,"49":0,"50":0,"51":0,"52":0,"53":2,"54":0,"55":0,"56":0,"57":0,"58":0,"59":0,"60":0,"61":0,"62":0,"63":0,"64":0,"65":2,"66":0,"67":0,"68":0,"69":0,"70":0,"71":0,"72":0,"73":0,"74":0,"75":0,"76":0,"77":0,"78":0,"79":0,"80":0,"81":0,"82":0,"83":2,"84":0,"85":0,"86":0,"87":0,"88":0,"89":0,"90":0,"91":0,"92":0,"93":0,"94":0,"95":0,"96":0,"97":0,"98":0,"99":0,"100":0,"101":0,"102":0,"103":0,"104":2,"105":0,"106":0,"107":0,"108":0,"109":0,"110":0,"111":0,"112":2,"113":0,"114":0,"115":0,"116":0,"117":0,"118":0,"119":2,"120":0,"121":0,"122":0,"123":0,"124":0,"125":0,"126":0,"127":2,"128":0,"129":0,"130":0,"131":0,"132":0,"133":0,"134":0,"135":2,"136":0,"137":0,"138":0,"139":0,"140":0,"141":0,"142":0,"143":0,"144":2,"145":0,"146":0,"147":0,"148":0,"149":0,"150":0,"151":2,"152":0,"153":0,"154":0,"155":0,"156":0,"157":0,"158":0,"159":0,"160":0,"161":0,"162":0,"163":0,"164":0,"165":0,"166":0,"167":0,"168":2},"f":{"0":0,"1":0,"2":0,"3":0,"4":0,"5":0,"6":0,"7":0,"8":0,"9":0,"10":0,"11":0,"12":0,"13":0},"b":{"0":[0,0],"1":[0,0],"2":[0,0],"3":[0,0],"4":[0,0],"5":[0,0],"6":[0,0],"7":[0,0]},"_coverageSchema":"1a1c01bbd47fc00a2c39e90264f33305004495a9","hash":"dbaa5d65ce81bfa93b4be3a57d4862f38744854f"}
,"/Users/mcleesm/Desktop/Senior Year/Fall 2021/CIS 557/project/src/backend/src/invitationTableDatabase.js": {"path":"/Users/mcleesm/Desktop/Senior Year/Fall 2021/CIS 557/project/src/backend/src/invitationTableDatabase.js","statementMap":{"0":{"start":{"line":1,"column":14},"end":{"line":1,"column":39}},"1":{"start":{"line":4,"column":16},"end":{"line":21,"column":1}},"2":{"start":{"line":5,"column":2},"end":{"line":20,"column":3}},"3":{"start":{"line":6,"column":23},"end":{"line":11,"column":6}},"4":{"start":{"line":14,"column":4},"end":{"line":14,"column":83}},"5":{"start":{"line":15,"column":4},"end":{"line":15,"column":22}},"6":{"start":{"line":18,"column":4},"end":{"line":18,"column":31}},"7":{"start":{"line":19,"column":4},"end":{"line":19,"column":14}},"8":{"start":{"line":41,"column":30},"end":{"line":55,"column":1}},"9":{"start":{"line":42,"column":16},"end":{"line":42,"column":128}},"10":{"start":{"line":44,"column":2},"end":{"line":53,"column":3}},"11":{"start":{"line":45,"column":19},"end":{"line":45,"column":48}},"12":{"start":{"line":49,"column":4},"end":{"line":49,"column":16}},"13":{"start":{"line":52,"column":4},"end":{"line":52,"column":41}},"14":{"start":{"line":54,"column":2},"end":{"line":54,"column":14}},"15":{"start":{"line":58,"column":31},"end":{"line":73,"column":1}},"16":{"start":{"line":59,"column":16},"end":{"line":59,"column":82}},"17":{"start":{"line":61,"column":2},"end":{"line":71,"column":3}},"18":{"start":{"line":62,"column":4},"end":{"line":62,"column":133}},"19":{"start":{"line":63,"column":19},"end":{"line":63,"column":69}},"20":{"start":{"line":67,"column":4},"end":{"line":67,"column":16}},"21":{"start":{"line":70,"column":4},"end":{"line":70,"column":41}},"22":{"start":{"line":72,"column":2},"end":{"line":72,"column":14}},"23":{"start":{"line":76,"column":31},"end":{"line":92,"column":1}},"24":{"start":{"line":77,"column":2},"end":{"line":83,"column":59}},"25":{"start":{"line":84,"column":2},"end":{"line":90,"column":3}},"26":{"start":{"line":85,"column":26},"end":{"line":85,"column":60}},"27":{"start":{"line":86,"column":4},"end":{"line":86,"column":23}},"28":{"start":{"line":89,"column":4},"end":{"line":89,"column":41}},"29":{"start":{"line":91,"column":2},"end":{"line":91,"column":14}},"30":{"start":{"line":94,"column":22},"end":{"line":115,"column":1}},"31":{"start":{"line":96,"column":28},"end":{"line":96,"column":104}},"32":{"start":{"line":97,"column":27},"end":{"line":97,"column":56}},"33":{"start":{"line":99,"column":16},"end":{"line":99,"column":135}},"34":{"start":{"line":100,"column":17},"end":{"line":106,"column":3}},"35":{"start":{"line":107,"column":2},"end":{"line":113,"column":3}},"36":{"start":{"line":108,"column":27},"end":{"line":108,"column":58}},"37":{"start":{"line":109,"column":4},"end":{"line":109,"column":24}},"38":{"start":{"line":112,"column":4},"end":{"line":112,"column":41}},"39":{"start":{"line":114,"column":2},"end":{"line":114,"column":14}},"40":{"start":{"line":117,"column":29},"end":{"line":131,"column":1}},"41":{"start":{"line":118,"column":16},"end":{"line":120,"column":43}},"42":{"start":{"line":121,"column":17},"end":{"line":121,"column":33}},"43":{"start":{"line":123,"column":2},"end":{"line":129,"column":3}},"44":{"start":{"line":124,"column":27},"end":{"line":124,"column":58}},"45":{"start":{"line":125,"column":4},"end":{"line":125,"column":24}},"46":{"start":{"line":128,"column":4},"end":{"line":128,"column":41}},"47":{"start":{"line":130,"column":2},"end":{"line":130,"column":14}},"48":{"start":{"line":133,"column":32},"end":{"line":145,"column":1}},"49":{"start":{"line":134,"column":2},"end":{"line":144,"column":3}},"50":{"start":{"line":135,"column":18},"end":{"line":137,"column":21}},"51":{"start":{"line":138,"column":22},"end":{"line":138,"column":56}},"52":{"start":{"line":139,"column":4},"end":{"line":139,"column":90}},"53":{"start":{"line":140,"column":4},"end":{"line":140,"column":19}},"54":{"start":{"line":143,"column":4},"end":{"line":143,"column":41}},"55":{"start":{"line":147,"column":0},"end":{"line":155,"column":2}}},"fnMap":{"0":{"name":"(anonymous_0)","decl":{"start":{"line":4,"column":16},"end":{"line":4,"column":17}},"loc":{"start":{"line":4,"column":28},"end":{"line":21,"column":1}},"line":4},"1":{"name":"(anonymous_1)","decl":{"start":{"line":41,"column":30},"end":{"line":41,"column":31}},"loc":{"start":{"line":41,"column":48},"end":{"line":55,"column":1}},"line":41},"2":{"name":"(anonymous_2)","decl":{"start":{"line":58,"column":31},"end":{"line":58,"column":32}},"loc":{"start":{"line":58,"column":70},"end":{"line":73,"column":1}},"line":58},"3":{"name":"(anonymous_3)","decl":{"start":{"line":76,"column":31},"end":{"line":76,"column":32}},"loc":{"start":{"line":76,"column":54},"end":{"line":92,"column":1}},"line":76},"4":{"name":"(anonymous_4)","decl":{"start":{"line":94,"column":22},"end":{"line":94,"column":23}},"loc":{"start":{"line":94,"column":54},"end":{"line":115,"column":1}},"line":94},"5":{"name":"(anonymous_5)","decl":{"start":{"line":117,"column":29},"end":{"line":117,"column":30}},"loc":{"start":{"line":117,"column":51},"end":{"line":131,"column":1}},"line":117},"6":{"name":"(anonymous_6)","decl":{"start":{"line":133,"column":32},"end":{"line":133,"column":33}},"loc":{"start":{"line":133,"column":55},"end":{"line":145,"column":1}},"line":133}},"branchMap":{},"s":{"0":1,"1":1,"2":0,"3":0,"4":0,"5":0,"6":0,"7":0,"8":1,"9":0,"10":0,"11":0,"12":0,"13":0,"14":0,"15":1,"16":0,"17":0,"18":0,"19":0,"20":0,"21":0,"22":0,"23":1,"24":0,"25":0,"26":0,"27":0,"28":0,"29":0,"30":1,"31":0,"32":0,"33":0,"34":0,"35":0,"36":0,"37":0,"38":0,"39":0,"40":1,"41":0,"42":0,"43":0,"44":0,"45":0,"46":0,"47":0,"48":1,"49":0,"50":0,"51":0,"52":0,"53":0,"54":0,"55":1},"f":{"0":0,"1":0,"2":0,"3":0,"4":0,"5":0,"6":0},"b":{},"_coverageSchema":"1a1c01bbd47fc00a2c39e90264f33305004495a9","hash":"58332cc3f55742c5f2df6dac1312f41fefe4fb08"}
,"/Users/mcleesm/Desktop/Senior Year/Fall 2021/CIS 557/project/src/backend/src/messageTableDatabase.js": {"path":"/Users/mcleesm/Desktop/Senior Year/Fall 2021/CIS 557/project/src/backend/src/messageTableDatabase.js","statementMap":{"0":{"start":{"line":1,"column":14},"end":{"line":1,"column":39}},"1":{"start":{"line":4,"column":16},"end":{"line":21,"column":1}},"2":{"start":{"line":5,"column":2},"end":{"line":20,"column":3}},"3":{"start":{"line":6,"column":23},"end":{"line":11,"column":6}},"4":{"start":{"line":14,"column":4},"end":{"line":14,"column":83}},"5":{"start":{"line":15,"column":4},"end":{"line":15,"column":22}},"6":{"start":{"line":18,"column":4},"end":{"line":18,"column":31}},"7":{"start":{"line":19,"column":4},"end":{"line":19,"column":14}},"8":{"start":{"line":23,"column":27},"end":{"line":44,"column":1}},"9":{"start":{"line":24,"column":16},"end":{"line":24,"column":107}},"10":{"start":{"line":25,"column":17},"end":{"line":25,"column":45}},"11":{"start":{"line":27,"column":2},"end":{"line":42,"column":3}},"12":{"start":{"line":28,"column":18},"end":{"line":28,"column":49}},"13":{"start":{"line":30,"column":4},"end":{"line":30,"column":21}},"14":{"start":{"line":32,"column":4},"end":{"line":32,"column":61}},"15":{"start":{"line":34,"column":4},"end":{"line":36,"column":5}},"16":{"start":{"line":35,"column":6},"end":{"line":35,"column":15}},"17":{"start":{"line":37,"column":4},"end":{"line":37,"column":42}},"18":{"start":{"line":40,"column":4},"end":{"line":40,"column":45}},"19":{"start":{"line":41,"column":4},"end":{"line":41,"column":21}},"20":{"start":{"line":43,"column":2},"end":{"line":43,"column":14}},"21":{"start":{"line":47,"column":23},"end":{"line":66,"column":1}},"22":{"start":{"line":49,"column":22},"end":{"line":49,"column":64}},"23":{"start":{"line":51,"column":16},"end":{"line":51,"column":136}},"24":{"start":{"line":52,"column":17},"end":{"line":52,"column":70}},"25":{"start":{"line":54,"column":2},"end":{"line":64,"column":3}},"26":{"start":{"line":55,"column":18},"end":{"line":55,"column":49}},"27":{"start":{"line":58,"column":4},"end":{"line":58,"column":39}},"28":{"start":{"line":59,"column":4},"end":{"line":59,"column":15}},"29":{"start":{"line":62,"column":4},"end":{"line":62,"column":45}},"30":{"start":{"line":63,"column":4},"end":{"line":63,"column":21}},"31":{"start":{"line":65,"column":2},"end":{"line":65,"column":14}},"32":{"start":{"line":68,"column":24},"end":{"line":86,"column":1}},"33":{"start":{"line":70,"column":2},"end":{"line":70,"column":41}},"34":{"start":{"line":71,"column":22},"end":{"line":71,"column":64}},"35":{"start":{"line":72,"column":16},"end":{"line":72,"column":136}},"36":{"start":{"line":73,"column":17},"end":{"line":73,"column":70}},"37":{"start":{"line":75,"column":2},"end":{"line":84,"column":3}},"38":{"start":{"line":76,"column":18},"end":{"line":76,"column":49}},"39":{"start":{"line":79,"column":4},"end":{"line":79,"column":39}},"40":{"start":{"line":80,"column":4},"end":{"line":80,"column":15}},"41":{"start":{"line":83,"column":4},"end":{"line":83,"column":21}},"42":{"start":{"line":85,"column":2},"end":{"line":85,"column":14}},"43":{"start":{"line":88,"column":24},"end":{"line":106,"column":1}},"44":{"start":{"line":90,"column":22},"end":{"line":90,"column":64}},"45":{"start":{"line":92,"column":16},"end":{"line":92,"column":138}},"46":{"start":{"line":93,"column":17},"end":{"line":93,"column":72}},"47":{"start":{"line":95,"column":2},"end":{"line":104,"column":3}},"48":{"start":{"line":96,"column":18},"end":{"line":96,"column":49}},"49":{"start":{"line":99,"column":4},"end":{"line":99,"column":41}},"50":{"start":{"line":100,"column":4},"end":{"line":100,"column":15}},"51":{"start":{"line":103,"column":4},"end":{"line":103,"column":47}},"52":{"start":{"line":105,"column":2},"end":{"line":105,"column":14}},"53":{"start":{"line":108,"column":24},"end":{"line":126,"column":1}},"54":{"start":{"line":110,"column":22},"end":{"line":110,"column":64}},"55":{"start":{"line":112,"column":16},"end":{"line":112,"column":138}},"56":{"start":{"line":113,"column":17},"end":{"line":113,"column":72}},"57":{"start":{"line":115,"column":2},"end":{"line":124,"column":3}},"58":{"start":{"line":116,"column":18},"end":{"line":116,"column":49}},"59":{"start":{"line":119,"column":4},"end":{"line":119,"column":41}},"60":{"start":{"line":120,"column":4},"end":{"line":120,"column":15}},"61":{"start":{"line":123,"column":4},"end":{"line":123,"column":47}},"62":{"start":{"line":125,"column":2},"end":{"line":125,"column":14}},"63":{"start":{"line":129,"column":24},"end":{"line":151,"column":1}},"64":{"start":{"line":130,"column":2},"end":{"line":149,"column":3}},"65":{"start":{"line":133,"column":22},"end":{"line":133,"column":82}},"66":{"start":{"line":134,"column":23},"end":{"line":134,"column":36}},"67":{"start":{"line":136,"column":4},"end":{"line":136,"column":44}},"68":{"start":{"line":138,"column":18},"end":{"line":138,"column":82}},"69":{"start":{"line":139,"column":19},"end":{"line":139,"column":28}},"70":{"start":{"line":141,"column":19},"end":{"line":141,"column":50}},"71":{"start":{"line":144,"column":4},"end":{"line":144,"column":41}},"72":{"start":{"line":145,"column":4},"end":{"line":145,"column":16}},"73":{"start":{"line":148,"column":4},"end":{"line":148,"column":41}},"74":{"start":{"line":150,"column":2},"end":{"line":150,"column":14}},"75":{"start":{"line":153,"column":0},"end":{"line":160,"column":2}}},"fnMap":{"0":{"name":"(anonymous_0)","decl":{"start":{"line":4,"column":16},"end":{"line":4,"column":17}},"loc":{"start":{"line":4,"column":28},"end":{"line":21,"column":1}},"line":4},"1":{"name":"(anonymous_1)","decl":{"start":{"line":23,"column":27},"end":{"line":23,"column":28}},"loc":{"start":{"line":23,"column":55},"end":{"line":44,"column":1}},"line":23},"2":{"name":"(anonymous_2)","decl":{"start":{"line":47,"column":23},"end":{"line":47,"column":24}},"loc":{"start":{"line":47,"column":77},"end":{"line":66,"column":1}},"line":47},"3":{"name":"(anonymous_3)","decl":{"start":{"line":68,"column":24},"end":{"line":68,"column":25}},"loc":{"start":{"line":68,"column":78},"end":{"line":86,"column":1}},"line":68},"4":{"name":"(anonymous_4)","decl":{"start":{"line":88,"column":24},"end":{"line":88,"column":25}},"loc":{"start":{"line":88,"column":80},"end":{"line":106,"column":1}},"line":88},"5":{"name":"(anonymous_5)","decl":{"start":{"line":108,"column":24},"end":{"line":108,"column":25}},"loc":{"start":{"line":108,"column":80},"end":{"line":126,"column":1}},"line":108},"6":{"name":"(anonymous_6)","decl":{"start":{"line":129,"column":24},"end":{"line":129,"column":25}},"loc":{"start":{"line":129,"column":51},"end":{"line":151,"column":1}},"line":129}},"branchMap":{"0":{"loc":{"start":{"line":34,"column":4},"end":{"line":36,"column":5}},"type":"if","locations":[{"start":{"line":34,"column":4},"end":{"line":36,"column":5}},{"start":{},"end":{}}],"line":34}},"s":{"0":1,"1":1,"2":0,"3":0,"4":0,"5":0,"6":0,"7":0,"8":1,"9":0,"10":0,"11":0,"12":0,"13":0,"14":0,"15":0,"16":0,"17":0,"18":0,"19":0,"20":0,"21":1,"22":0,"23":0,"24":0,"25":0,"26":0,"27":0,"28":0,"29":0,"30":0,"31":0,"32":1,"33":0,"34":0,"35":0,"36":0,"37":0,"38":0,"39":0,"40":0,"41":0,"42":0,"43":1,"44":0,"45":0,"46":0,"47":0,"48":0,"49":0,"50":0,"51":0,"52":0,"53":1,"54":0,"55":0,"56":0,"57":0,"58":0,"59":0,"60":0,"61":0,"62":0,"63":1,"64":0,"65":0,"66":0,"67":0,"68":0,"69":0,"70":0,"71":0,"72":0,"73":0,"74":0,"75":1},"f":{"0":0,"1":0,"2":0,"3":0,"4":0,"5":0,"6":0},"b":{"0":[0,0]},"_coverageSchema":"1a1c01bbd47fc00a2c39e90264f33305004495a9","hash":"249723933bb0e033441c1b470bf6122a465b185f"}
,"/Users/mcleesm/Desktop/Senior Year/Fall 2021/CIS 557/project/src/backend/src/notificationTableDatabase.js": {"path":"/Users/mcleesm/Desktop/Senior Year/Fall 2021/CIS 557/project/src/backend/src/notificationTableDatabase.js","statementMap":{"0":{"start":{"line":1,"column":14},"end":{"line":1,"column":39}},"1":{"start":{"line":4,"column":16},"end":{"line":21,"column":1}},"2":{"start":{"line":5,"column":2},"end":{"line":20,"column":3}},"3":{"start":{"line":6,"column":23},"end":{"line":11,"column":6}},"4":{"start":{"line":14,"column":4},"end":{"line":14,"column":83}},"5":{"start":{"line":15,"column":4},"end":{"line":15,"column":22}},"6":{"start":{"line":18,"column":4},"end":{"line":18,"column":31}},"7":{"start":{"line":19,"column":4},"end":{"line":19,"column":14}},"8":{"start":{"line":24,"column":24},"end":{"line":39,"column":1}},"9":{"start":{"line":25,"column":2},"end":{"line":25,"column":57}},"10":{"start":{"line":26,"column":16},"end":{"line":26,"column":99}},"11":{"start":{"line":28,"column":17},"end":{"line":28,"column":60}},"12":{"start":{"line":29,"column":2},"end":{"line":37,"column":3}},"13":{"start":{"line":30,"column":19},"end":{"line":30,"column":50}},"14":{"start":{"line":32,"column":4},"end":{"line":32,"column":67}},"15":{"start":{"line":33,"column":4},"end":{"line":33,"column":24}},"16":{"start":{"line":36,"column":4},"end":{"line":36,"column":41}},"17":{"start":{"line":38,"column":2},"end":{"line":38,"column":14}},"18":{"start":{"line":42,"column":25},"end":{"line":60,"column":1}},"19":{"start":{"line":43,"column":16},"end":{"line":43,"column":83}},"20":{"start":{"line":45,"column":2},"end":{"line":58,"column":3}},"21":{"start":{"line":46,"column":19},"end":{"line":46,"column":48}},"22":{"start":{"line":49,"column":4},"end":{"line":49,"column":43}},"23":{"start":{"line":51,"column":22},"end":{"line":51,"column":84}},"24":{"start":{"line":52,"column":4},"end":{"line":52,"column":32}},"25":{"start":{"line":54,"column":4},"end":{"line":54,"column":16}},"26":{"start":{"line":57,"column":4},"end":{"line":57,"column":41}},"27":{"start":{"line":59,"column":2},"end":{"line":59,"column":14}},"28":{"start":{"line":62,"column":0},"end":{"line":66,"column":2}}},"fnMap":{"0":{"name":"(anonymous_0)","decl":{"start":{"line":4,"column":16},"end":{"line":4,"column":17}},"loc":{"start":{"line":4,"column":28},"end":{"line":21,"column":1}},"line":4},"1":{"name":"(anonymous_1)","decl":{"start":{"line":24,"column":24},"end":{"line":24,"column":25}},"loc":{"start":{"line":24,"column":56},"end":{"line":39,"column":1}},"line":24},"2":{"name":"(anonymous_2)","decl":{"start":{"line":42,"column":25},"end":{"line":42,"column":26}},"loc":{"start":{"line":42,"column":43},"end":{"line":60,"column":1}},"line":42}},"branchMap":{},"s":{"0":1,"1":1,"2":0,"3":0,"4":0,"5":0,"6":0,"7":0,"8":1,"9":0,"10":0,"11":0,"12":0,"13":0,"14":0,"15":0,"16":0,"17":0,"18":1,"19":0,"20":0,"21":0,"22":0,"23":0,"24":0,"25":0,"26":0,"27":0,"28":1},"f":{"0":0,"1":0,"2":0},"b":{},"_coverageSchema":"1a1c01bbd47fc00a2c39e90264f33305004495a9","hash":"3332669c7808fcdb5476e80c5308e1ae1f06a374"}
,"/Users/mcleesm/Desktop/Senior Year/Fall 2021/CIS 557/project/src/backend/src/postCommentsTableDatabase.js": {"path":"/Users/mcleesm/Desktop/Senior Year/Fall 2021/CIS 557/project/src/backend/src/postCommentsTableDatabase.js","statementMap":{"0":{"start":{"line":1,"column":14},"end":{"line":1,"column":39}},"1":{"start":{"line":4,"column":16},"end":{"line":21,"column":1}},"2":{"start":{"line":5,"column":2},"end":{"line":20,"column":3}},"3":{"start":{"line":6,"column":23},"end":{"line":11,"column":6}},"4":{"start":{"line":14,"column":4},"end":{"line":14,"column":83}},"5":{"start":{"line":15,"column":4},"end":{"line":15,"column":22}},"6":{"start":{"line":18,"column":4},"end":{"line":18,"column":31}},"7":{"start":{"line":19,"column":4},"end":{"line":19,"column":14}},"8":{"start":{"line":23,"column":24},"end":{"line":36,"column":1}},"9":{"start":{"line":24,"column":2},"end":{"line":35,"column":3}},"10":{"start":{"line":26,"column":18},"end":{"line":26,"column":65}},"11":{"start":{"line":29,"column":25},"end":{"line":29,"column":54}},"12":{"start":{"line":30,"column":4},"end":{"line":30,"column":27}},"13":{"start":{"line":33,"column":4},"end":{"line":33,"column":63}},"14":{"start":{"line":34,"column":4},"end":{"line":34,"column":14}},"15":{"start":{"line":38,"column":23},"end":{"line":59,"column":1}},"16":{"start":{"line":40,"column":2},"end":{"line":40,"column":72}},"17":{"start":{"line":41,"column":2},"end":{"line":58,"column":3}},"18":{"start":{"line":43,"column":21},"end":{"line":43,"column":74}},"19":{"start":{"line":44,"column":18},"end":{"line":44,"column":44}},"20":{"start":{"line":45,"column":25},"end":{"line":45,"column":47}},"21":{"start":{"line":47,"column":4},"end":{"line":47,"column":51}},"22":{"start":{"line":50,"column":18},"end":{"line":50,"column":65}},"23":{"start":{"line":51,"column":24},"end":{"line":51,"column":93}},"24":{"start":{"line":52,"column":22},"end":{"line":52,"column":58}},"25":{"start":{"line":53,"column":4},"end":{"line":53,"column":21}},"26":{"start":{"line":56,"column":4},"end":{"line":56,"column":61}},"27":{"start":{"line":57,"column":4},"end":{"line":57,"column":14}},"28":{"start":{"line":61,"column":0},"end":{"line":65,"column":2}}},"fnMap":{"0":{"name":"(anonymous_0)","decl":{"start":{"line":4,"column":16},"end":{"line":4,"column":17}},"loc":{"start":{"line":4,"column":28},"end":{"line":21,"column":1}},"line":4},"1":{"name":"(anonymous_1)","decl":{"start":{"line":23,"column":24},"end":{"line":23,"column":25}},"loc":{"start":{"line":23,"column":42},"end":{"line":36,"column":1}},"line":23},"2":{"name":"(anonymous_2)","decl":{"start":{"line":38,"column":23},"end":{"line":38,"column":24}},"loc":{"start":{"line":38,"column":46},"end":{"line":59,"column":1}},"line":38}},"branchMap":{},"s":{"0":1,"1":1,"2":0,"3":0,"4":0,"5":0,"6":0,"7":0,"8":1,"9":0,"10":0,"11":0,"12":0,"13":0,"14":0,"15":1,"16":0,"17":0,"18":0,"19":0,"20":0,"21":0,"22":0,"23":0,"24":0,"25":0,"26":0,"27":0,"28":1},"f":{"0":0,"1":0,"2":0},"b":{},"_coverageSchema":"1a1c01bbd47fc00a2c39e90264f33305004495a9","hash":"6352399dc271c160b96c995ec9caf787d6f83791"}
,"/Users/mcleesm/Desktop/Senior Year/Fall 2021/CIS 557/project/src/backend/src/postTableDatabase.js": {"path":"/Users/mcleesm/Desktop/Senior Year/Fall 2021/CIS 557/project/src/backend/src/postTableDatabase.js","statementMap":{"0":{"start":{"line":1,"column":14},"end":{"line":1,"column":39}},"1":{"start":{"line":4,"column":16},"end":{"line":21,"column":1}},"2":{"start":{"line":5,"column":2},"end":{"line":20,"column":3}},"3":{"start":{"line":6,"column":23},"end":{"line":11,"column":6}},"4":{"start":{"line":14,"column":4},"end":{"line":14,"column":83}},"5":{"start":{"line":15,"column":4},"end":{"line":15,"column":22}},"6":{"start":{"line":18,"column":4},"end":{"line":18,"column":31}},"7":{"start":{"line":19,"column":4},"end":{"line":19,"column":14}},"8":{"start":{"line":24,"column":21},"end":{"line":38,"column":1}},"9":{"start":{"line":25,"column":2},"end":{"line":37,"column":3}},"10":{"start":{"line":27,"column":18},"end":{"line":27,"column":65}},"11":{"start":{"line":30,"column":18},"end":{"line":30,"column":47}},"12":{"start":{"line":32,"column":4},"end":{"line":32,"column":20}},"13":{"start":{"line":35,"column":4},"end":{"line":35,"column":63}},"14":{"start":{"line":36,"column":4},"end":{"line":36,"column":14}},"15":{"start":{"line":40,"column":24},"end":{"line":49,"column":1}},"16":{"start":{"line":41,"column":22},"end":{"line":41,"column":115}},"17":{"start":{"line":42,"column":2},"end":{"line":47,"column":3}},"18":{"start":{"line":43,"column":4},"end":{"line":43,"column":40}},"19":{"start":{"line":46,"column":4},"end":{"line":46,"column":21}},"20":{"start":{"line":48,"column":2},"end":{"line":48,"column":14}},"21":{"start":{"line":52,"column":20},"end":{"line":70,"column":1}},"22":{"start":{"line":53,"column":16},"end":{"line":53,"column":123}},"23":{"start":{"line":55,"column":17},"end":{"line":55,"column":119}},"24":{"start":{"line":57,"column":2},"end":{"line":68,"column":3}},"25":{"start":{"line":58,"column":4},"end":{"line":58,"column":36}},"26":{"start":{"line":60,"column":4},"end":{"line":60,"column":60}},"27":{"start":{"line":62,"column":4},"end":{"line":62,"column":50}},"28":{"start":{"line":64,"column":4},"end":{"line":64,"column":27}},"29":{"start":{"line":67,"column":4},"end":{"line":67,"column":41}},"30":{"start":{"line":69,"column":2},"end":{"line":69,"column":14}},"31":{"start":{"line":72,"column":21},"end":{"line":90,"column":1}},"32":{"start":{"line":73,"column":16},"end":{"line":73,"column":136}},"33":{"start":{"line":75,"column":17},"end":{"line":75,"column":137}},"34":{"start":{"line":77,"column":2},"end":{"line":88,"column":3}},"35":{"start":{"line":78,"column":4},"end":{"line":78,"column":36}},"36":{"start":{"line":80,"column":4},"end":{"line":80,"column":60}},"37":{"start":{"line":82,"column":4},"end":{"line":82,"column":50}},"38":{"start":{"line":84,"column":4},"end":{"line":84,"column":27}},"39":{"start":{"line":87,"column":4},"end":{"line":87,"column":41}},"40":{"start":{"line":89,"column":2},"end":{"line":89,"column":14}},"41":{"start":{"line":92,"column":21},"end":{"line":110,"column":1}},"42":{"start":{"line":93,"column":16},"end":{"line":93,"column":136}},"43":{"start":{"line":94,"column":2},"end":{"line":94,"column":23}},"44":{"start":{"line":95,"column":17},"end":{"line":95,"column":137}},"45":{"start":{"line":97,"column":2},"end":{"line":108,"column":3}},"46":{"start":{"line":98,"column":4},"end":{"line":98,"column":36}},"47":{"start":{"line":100,"column":4},"end":{"line":100,"column":60}},"48":{"start":{"line":102,"column":4},"end":{"line":102,"column":50}},"49":{"start":{"line":104,"column":4},"end":{"line":104,"column":27}},"50":{"start":{"line":107,"column":4},"end":{"line":107,"column":41}},"51":{"start":{"line":109,"column":2},"end":{"line":109,"column":14}},"52":{"start":{"line":112,"column":21},"end":{"line":130,"column":1}},"53":{"start":{"line":113,"column":16},"end":{"line":113,"column":136}},"54":{"start":{"line":115,"column":17},"end":{"line":115,"column":137}},"55":{"start":{"line":117,"column":2},"end":{"line":128,"column":3}},"56":{"start":{"line":118,"column":4},"end":{"line":118,"column":36}},"57":{"start":{"line":120,"column":4},"end":{"line":120,"column":60}},"58":{"start":{"line":122,"column":4},"end":{"line":122,"column":50}},"59":{"start":{"line":124,"column":4},"end":{"line":124,"column":27}},"60":{"start":{"line":127,"column":4},"end":{"line":127,"column":41}},"61":{"start":{"line":129,"column":2},"end":{"line":129,"column":14}},"62":{"start":{"line":133,"column":17},"end":{"line":152,"column":1}},"63":{"start":{"line":134,"column":16},"end":{"line":134,"column":71}},"64":{"start":{"line":136,"column":17},"end":{"line":136,"column":25}},"65":{"start":{"line":138,"column":2},"end":{"line":150,"column":3}},"66":{"start":{"line":139,"column":4},"end":{"line":139,"column":36}},"67":{"start":{"line":141,"column":4},"end":{"line":141,"column":62}},"68":{"start":{"line":143,"column":23},"end":{"line":143,"column":85}},"69":{"start":{"line":144,"column":4},"end":{"line":144,"column":52}},"70":{"start":{"line":146,"column":4},"end":{"line":146,"column":18}},"71":{"start":{"line":149,"column":4},"end":{"line":149,"column":41}},"72":{"start":{"line":151,"column":2},"end":{"line":151,"column":14}},"73":{"start":{"line":155,"column":18},"end":{"line":169,"column":1}},"74":{"start":{"line":156,"column":16},"end":{"line":156,"column":58}},"75":{"start":{"line":158,"column":17},"end":{"line":158,"column":25}},"76":{"start":{"line":160,"column":2},"end":{"line":167,"column":3}},"77":{"start":{"line":161,"column":19},"end":{"line":161,"column":50}},"78":{"start":{"line":162,"column":4},"end":{"line":162,"column":32}},"79":{"start":{"line":163,"column":4},"end":{"line":163,"column":16}},"80":{"start":{"line":166,"column":4},"end":{"line":166,"column":41}},"81":{"start":{"line":168,"column":2},"end":{"line":168,"column":14}},"82":{"start":{"line":171,"column":23},"end":{"line":187,"column":1}},"83":{"start":{"line":172,"column":16},"end":{"line":172,"column":56}},"84":{"start":{"line":174,"column":17},"end":{"line":174,"column":25}},"85":{"start":{"line":176,"column":2},"end":{"line":185,"column":3}},"86":{"start":{"line":177,"column":4},"end":{"line":177,"column":36}},"87":{"start":{"line":179,"column":4},"end":{"line":179,"column":51}},"88":{"start":{"line":181,"column":4},"end":{"line":181,"column":18}},"89":{"start":{"line":184,"column":4},"end":{"line":184,"column":41}},"90":{"start":{"line":186,"column":2},"end":{"line":186,"column":14}},"91":{"start":{"line":190,"column":17},"end":{"line":205,"column":1}},"92":{"start":{"line":191,"column":16},"end":{"line":191,"column":70}},"93":{"start":{"line":193,"column":17},"end":{"line":193,"column":25}},"94":{"start":{"line":195,"column":2},"end":{"line":203,"column":3}},"95":{"start":{"line":196,"column":4},"end":{"line":196,"column":36}},"96":{"start":{"line":198,"column":4},"end":{"line":198,"column":47}},"97":{"start":{"line":199,"column":4},"end":{"line":199,"column":18}},"98":{"start":{"line":202,"column":4},"end":{"line":202,"column":41}},"99":{"start":{"line":204,"column":2},"end":{"line":204,"column":14}},"100":{"start":{"line":208,"column":19},"end":{"line":223,"column":1}},"101":{"start":{"line":209,"column":16},"end":{"line":209,"column":57}},"102":{"start":{"line":211,"column":17},"end":{"line":211,"column":25}},"103":{"start":{"line":213,"column":2},"end":{"line":221,"column":3}},"104":{"start":{"line":214,"column":4},"end":{"line":214,"column":36}},"105":{"start":{"line":216,"column":4},"end":{"line":216,"column":51}},"106":{"start":{"line":217,"column":4},"end":{"line":217,"column":18}},"107":{"start":{"line":220,"column":4},"end":{"line":220,"column":41}},"108":{"start":{"line":222,"column":2},"end":{"line":222,"column":14}},"109":{"start":{"line":226,"column":17},"end":{"line":239,"column":1}},"110":{"start":{"line":227,"column":2},"end":{"line":237,"column":3}},"111":{"start":{"line":228,"column":18},"end":{"line":228,"column":103}},"112":{"start":{"line":230,"column":19},"end":{"line":230,"column":53}},"113":{"start":{"line":232,"column":4},"end":{"line":232,"column":50}},"114":{"start":{"line":233,"column":4},"end":{"line":233,"column":18}},"115":{"start":{"line":236,"column":4},"end":{"line":236,"column":41}},"116":{"start":{"line":238,"column":2},"end":{"line":238,"column":14}},"117":{"start":{"line":242,"column":20},"end":{"line":255,"column":1}},"118":{"start":{"line":243,"column":2},"end":{"line":253,"column":3}},"119":{"start":{"line":244,"column":18},"end":{"line":244,"column":58}},"120":{"start":{"line":246,"column":19},"end":{"line":246,"column":52}},"121":{"start":{"line":248,"column":4},"end":{"line":248,"column":50}},"122":{"start":{"line":249,"column":4},"end":{"line":249,"column":18}},"123":{"start":{"line":252,"column":4},"end":{"line":252,"column":41}},"124":{"start":{"line":254,"column":2},"end":{"line":254,"column":14}},"125":{"start":{"line":258,"column":18},"end":{"line":268,"column":1}},"126":{"start":{"line":259,"column":2},"end":{"line":266,"column":3}},"127":{"start":{"line":260,"column":18},"end":{"line":260,"column":53}},"128":{"start":{"line":261,"column":18},"end":{"line":261,"column":41}},"129":{"start":{"line":262,"column":4},"end":{"line":262,"column":34}},"130":{"start":{"line":265,"column":4},"end":{"line":265,"column":41}},"131":{"start":{"line":267,"column":2},"end":{"line":267,"column":14}},"132":{"start":{"line":270,"column":30},"end":{"line":295,"column":1}},"133":{"start":{"line":271,"column":29},"end":{"line":271,"column":31}},"134":{"start":{"line":274,"column":26},"end":{"line":274,"column":72}},"135":{"start":{"line":275,"column":31},"end":{"line":275,"column":64}},"136":{"start":{"line":276,"column":2},"end":{"line":276,"column":73}},"137":{"start":{"line":279,"column":27},"end":{"line":279,"column":94}},"138":{"start":{"line":280,"column":32},"end":{"line":280,"column":66}},"139":{"start":{"line":281,"column":2},"end":{"line":281,"column":76}},"140":{"start":{"line":284,"column":32},"end":{"line":284,"column":101}},"141":{"start":{"line":285,"column":37},"end":{"line":285,"column":76}},"142":{"start":{"line":286,"column":2},"end":{"line":286,"column":85}},"143":{"start":{"line":289,"column":29},"end":{"line":289,"column":79}},"144":{"start":{"line":290,"column":34},"end":{"line":290,"column":70}},"145":{"start":{"line":291,"column":2},"end":{"line":291,"column":82}},"146":{"start":{"line":294,"column":2},"end":{"line":294,"column":28}},"147":{"start":{"line":297,"column":0},"end":{"line":313,"column":2}}},"fnMap":{"0":{"name":"(anonymous_0)","decl":{"start":{"line":4,"column":16},"end":{"line":4,"column":17}},"loc":{"start":{"line":4,"column":28},"end":{"line":21,"column":1}},"line":4},"1":{"name":"(anonymous_1)","decl":{"start":{"line":24,"column":21},"end":{"line":24,"column":22}},"loc":{"start":{"line":24,"column":39},"end":{"line":38,"column":1}},"line":24},"2":{"name":"(anonymous_2)","decl":{"start":{"line":40,"column":24},"end":{"line":40,"column":25}},"loc":{"start":{"line":40,"column":42},"end":{"line":49,"column":1}},"line":40},"3":{"name":"(anonymous_3)","decl":{"start":{"line":52,"column":20},"end":{"line":52,"column":21}},"loc":{"start":{"line":52,"column":43},"end":{"line":70,"column":1}},"line":52},"4":{"name":"(anonymous_4)","decl":{"start":{"line":72,"column":21},"end":{"line":72,"column":22}},"loc":{"start":{"line":72,"column":44},"end":{"line":90,"column":1}},"line":72},"5":{"name":"(anonymous_5)","decl":{"start":{"line":92,"column":21},"end":{"line":92,"column":22}},"loc":{"start":{"line":92,"column":44},"end":{"line":110,"column":1}},"line":92},"6":{"name":"(anonymous_6)","decl":{"start":{"line":112,"column":21},"end":{"line":112,"column":22}},"loc":{"start":{"line":112,"column":44},"end":{"line":130,"column":1}},"line":112},"7":{"name":"(anonymous_7)","decl":{"start":{"line":133,"column":17},"end":{"line":133,"column":18}},"loc":{"start":{"line":133,"column":48},"end":{"line":152,"column":1}},"line":133},"8":{"name":"(anonymous_8)","decl":{"start":{"line":155,"column":18},"end":{"line":155,"column":19}},"loc":{"start":{"line":155,"column":40},"end":{"line":169,"column":1}},"line":155},"9":{"name":"(anonymous_9)","decl":{"start":{"line":171,"column":23},"end":{"line":171,"column":24}},"loc":{"start":{"line":171,"column":45},"end":{"line":187,"column":1}},"line":171},"10":{"name":"(anonymous_10)","decl":{"start":{"line":190,"column":17},"end":{"line":190,"column":18}},"loc":{"start":{"line":190,"column":39},"end":{"line":205,"column":1}},"line":190},"11":{"name":"(anonymous_11)","decl":{"start":{"line":208,"column":19},"end":{"line":208,"column":20}},"loc":{"start":{"line":208,"column":41},"end":{"line":223,"column":1}},"line":208},"12":{"name":"(anonymous_12)","decl":{"start":{"line":226,"column":17},"end":{"line":226,"column":18}},"loc":{"start":{"line":226,"column":40},"end":{"line":239,"column":1}},"line":226},"13":{"name":"(anonymous_13)","decl":{"start":{"line":242,"column":20},"end":{"line":242,"column":21}},"loc":{"start":{"line":242,"column":42},"end":{"line":255,"column":1}},"line":242},"14":{"name":"(anonymous_14)","decl":{"start":{"line":258,"column":18},"end":{"line":258,"column":19}},"loc":{"start":{"line":258,"column":32},"end":{"line":268,"column":1}},"line":258},"15":{"name":"(anonymous_15)","decl":{"start":{"line":270,"column":30},"end":{"line":270,"column":31}},"loc":{"start":{"line":270,"column":44},"end":{"line":295,"column":1}},"line":270}},"branchMap":{},"s":{"0":1,"1":1,"2":1,"3":1,"4":0,"5":0,"6":0,"7":0,"8":1,"9":0,"10":0,"11":0,"12":0,"13":0,"14":0,"15":1,"16":0,"17":0,"18":0,"19":0,"20":0,"21":1,"22":0,"23":0,"24":0,"25":0,"26":0,"27":0,"28":0,"29":0,"30":0,"31":1,"32":0,"33":0,"34":0,"35":0,"36":0,"37":0,"38":0,"39":0,"40":0,"41":1,"42":0,"43":0,"44":0,"45":0,"46":0,"47":0,"48":0,"49":0,"50":0,"51":0,"52":1,"53":0,"54":0,"55":0,"56":0,"57":0,"58":0,"59":0,"60":0,"61":0,"62":1,"63":0,"64":0,"65":0,"66":0,"67":0,"68":0,"69":0,"70":0,"71":0,"72":0,"73":1,"74":0,"75":0,"76":0,"77":0,"78":0,"79":0,"80":0,"81":0,"82":1,"83":0,"84":0,"85":0,"86":0,"87":0,"88":0,"89":0,"90":0,"91":1,"92":0,"93":0,"94":0,"95":0,"96":0,"97":0,"98":0,"99":0,"100":1,"101":0,"102":0,"103":0,"104":0,"105":0,"106":0,"107":0,"108":0,"109":1,"110":0,"111":0,"112":0,"113":0,"114":0,"115":0,"116":0,"117":1,"118":0,"119":0,"120":0,"121":0,"122":0,"123":0,"124":0,"125":1,"126":0,"127":0,"128":0,"129":0,"130":0,"131":0,"132":1,"133":0,"134":0,"135":0,"136":0,"137":0,"138":0,"139":0,"140":0,"141":0,"142":0,"143":0,"144":0,"145":0,"146":0,"147":1},"f":{"0":1,"1":0,"2":0,"3":0,"4":0,"5":0,"6":0,"7":0,"8":0,"9":0,"10":0,"11":0,"12":0,"13":0,"14":0,"15":0},"b":{},"_coverageSchema":"1a1c01bbd47fc00a2c39e90264f33305004495a9","hash":"58d290deddb8d88f9badc1f195daaffd9a731120"}
,"/Users/mcleesm/Desktop/Senior Year/Fall 2021/CIS 557/project/src/backend/src/profileTableDatabase.js": {"path":"/Users/mcleesm/Desktop/Senior Year/Fall 2021/CIS 557/project/src/backend/src/profileTableDatabase.js","statementMap":{"0":{"start":{"line":1,"column":14},"end":{"line":1,"column":39}},"1":{"start":{"line":4,"column":16},"end":{"line":21,"column":1}},"2":{"start":{"line":5,"column":2},"end":{"line":20,"column":3}},"3":{"start":{"line":6,"column":23},"end":{"line":11,"column":6}},"4":{"start":{"line":14,"column":4},"end":{"line":14,"column":83}},"5":{"start":{"line":15,"column":4},"end":{"line":15,"column":22}},"6":{"start":{"line":18,"column":4},"end":{"line":18,"column":31}},"7":{"start":{"line":19,"column":4},"end":{"line":19,"column":14}},"8":{"start":{"line":24,"column":19},"end":{"line":38,"column":1}},"9":{"start":{"line":25,"column":16},"end":{"line":25,"column":130}},"10":{"start":{"line":26,"column":17},"end":{"line":27,"column":79}},"11":{"start":{"line":28,"column":2},"end":{"line":36,"column":3}},"12":{"start":{"line":29,"column":18},"end":{"line":29,"column":49}},"13":{"start":{"line":31,"column":4},"end":{"line":31,"column":63}},"14":{"start":{"line":32,"column":4},"end":{"line":32,"column":17}},"15":{"start":{"line":35,"column":4},"end":{"line":35,"column":41}},"16":{"start":{"line":37,"column":2},"end":{"line":37,"column":14}},"17":{"start":{"line":41,"column":23},"end":{"line":53,"column":1}},"18":{"start":{"line":42,"column":2},"end":{"line":51,"column":3}},"19":{"start":{"line":43,"column":18},"end":{"line":43,"column":61}},"20":{"start":{"line":44,"column":19},"end":{"line":44,"column":48}},"21":{"start":{"line":46,"column":4},"end":{"line":46,"column":50}},"22":{"start":{"line":47,"column":4},"end":{"line":47,"column":18}},"23":{"start":{"line":50,"column":4},"end":{"line":50,"column":41}},"24":{"start":{"line":52,"column":2},"end":{"line":52,"column":14}},"25":{"start":{"line":56,"column":20},"end":{"line":68,"column":1}},"26":{"start":{"line":57,"column":2},"end":{"line":66,"column":3}},"27":{"start":{"line":58,"column":18},"end":{"line":58,"column":45}},"28":{"start":{"line":59,"column":19},"end":{"line":59,"column":42}},"29":{"start":{"line":61,"column":4},"end":{"line":61,"column":50}},"30":{"start":{"line":62,"column":4},"end":{"line":62,"column":18}},"31":{"start":{"line":65,"column":4},"end":{"line":65,"column":41}},"32":{"start":{"line":67,"column":2},"end":{"line":67,"column":14}},"33":{"start":{"line":71,"column":22},"end":{"line":83,"column":1}},"34":{"start":{"line":72,"column":2},"end":{"line":81,"column":3}},"35":{"start":{"line":73,"column":18},"end":{"line":73,"column":67}},"36":{"start":{"line":74,"column":18},"end":{"line":74,"column":51}},"37":{"start":{"line":76,"column":4},"end":{"line":76,"column":72}},"38":{"start":{"line":77,"column":4},"end":{"line":77,"column":17}},"39":{"start":{"line":80,"column":4},"end":{"line":80,"column":41}},"40":{"start":{"line":82,"column":2},"end":{"line":82,"column":14}},"41":{"start":{"line":87,"column":23},"end":{"line":99,"column":1}},"42":{"start":{"line":88,"column":2},"end":{"line":97,"column":3}},"43":{"start":{"line":89,"column":18},"end":{"line":89,"column":59}},"44":{"start":{"line":90,"column":18},"end":{"line":90,"column":51}},"45":{"start":{"line":92,"column":4},"end":{"line":92,"column":72}},"46":{"start":{"line":93,"column":4},"end":{"line":93,"column":17}},"47":{"start":{"line":96,"column":4},"end":{"line":96,"column":41}},"48":{"start":{"line":98,"column":2},"end":{"line":98,"column":14}},"49":{"start":{"line":102,"column":22},"end":{"line":115,"column":1}},"50":{"start":{"line":103,"column":2},"end":{"line":113,"column":3}},"51":{"start":{"line":104,"column":18},"end":{"line":104,"column":70}},"52":{"start":{"line":105,"column":19},"end":{"line":105,"column":40}},"53":{"start":{"line":106,"column":18},"end":{"line":106,"column":49}},"54":{"start":{"line":108,"column":4},"end":{"line":108,"column":70}},"55":{"start":{"line":109,"column":4},"end":{"line":109,"column":17}},"56":{"start":{"line":112,"column":4},"end":{"line":112,"column":41}},"57":{"start":{"line":114,"column":2},"end":{"line":114,"column":14}},"58":{"start":{"line":118,"column":25},"end":{"line":131,"column":1}},"59":{"start":{"line":119,"column":2},"end":{"line":129,"column":3}},"60":{"start":{"line":120,"column":18},"end":{"line":120,"column":80}},"61":{"start":{"line":121,"column":19},"end":{"line":121,"column":40}},"62":{"start":{"line":122,"column":18},"end":{"line":122,"column":49}},"63":{"start":{"line":124,"column":4},"end":{"line":124,"column":70}},"64":{"start":{"line":125,"column":4},"end":{"line":125,"column":17}},"65":{"start":{"line":128,"column":4},"end":{"line":128,"column":41}},"66":{"start":{"line":130,"column":2},"end":{"line":130,"column":14}},"67":{"start":{"line":133,"column":0},"end":{"line":142,"column":2}}},"fnMap":{"0":{"name":"(anonymous_0)","decl":{"start":{"line":4,"column":16},"end":{"line":4,"column":17}},"loc":{"start":{"line":4,"column":28},"end":{"line":21,"column":1}},"line":4},"1":{"name":"(anonymous_1)","decl":{"start":{"line":24,"column":19},"end":{"line":24,"column":20}},"loc":{"start":{"line":24,"column":45},"end":{"line":38,"column":1}},"line":24},"2":{"name":"(anonymous_2)","decl":{"start":{"line":41,"column":23},"end":{"line":41,"column":24}},"loc":{"start":{"line":41,"column":41},"end":{"line":53,"column":1}},"line":41},"3":{"name":"(anonymous_3)","decl":{"start":{"line":56,"column":20},"end":{"line":56,"column":21}},"loc":{"start":{"line":56,"column":34},"end":{"line":68,"column":1}},"line":56},"4":{"name":"(anonymous_4)","decl":{"start":{"line":71,"column":22},"end":{"line":71,"column":23}},"loc":{"start":{"line":71,"column":44},"end":{"line":83,"column":1}},"line":71},"5":{"name":"(anonymous_5)","decl":{"start":{"line":87,"column":23},"end":{"line":87,"column":24}},"loc":{"start":{"line":87,"column":45},"end":{"line":99,"column":1}},"line":87},"6":{"name":"(anonymous_6)","decl":{"start":{"line":102,"column":22},"end":{"line":102,"column":23}},"loc":{"start":{"line":102,"column":57},"end":{"line":115,"column":1}},"line":102},"7":{"name":"(anonymous_7)","decl":{"start":{"line":118,"column":25},"end":{"line":118,"column":26}},"loc":{"start":{"line":118,"column":60},"end":{"line":131,"column":1}},"line":118}},"branchMap":{},"s":{"0":1,"1":1,"2":1,"3":1,"4":1,"5":1,"6":0,"7":0,"8":1,"9":0,"10":0,"11":0,"12":0,"13":0,"14":0,"15":0,"16":0,"17":1,"18":0,"19":0,"20":0,"21":0,"22":0,"23":0,"24":0,"25":1,"26":0,"27":0,"28":0,"29":0,"30":0,"31":0,"32":0,"33":1,"34":0,"35":0,"36":0,"37":0,"38":0,"39":0,"40":0,"41":1,"42":0,"43":0,"44":0,"45":0,"46":0,"47":0,"48":0,"49":1,"50":0,"51":0,"52":0,"53":0,"54":0,"55":0,"56":0,"57":0,"58":1,"59":0,"60":0,"61":0,"62":0,"63":0,"64":0,"65":0,"66":0,"67":1},"f":{"0":1,"1":0,"2":0,"3":0,"4":0,"5":0,"6":0,"7":0},"b":{},"_coverageSchema":"1a1c01bbd47fc00a2c39e90264f33305004495a9","hash":"6ce4fa3fa647df388336ca161684eb7aa39c706b"}
,"/Users/mcleesm/Desktop/Senior Year/Fall 2021/CIS 557/project/src/backend/src/replyTableDatabase.js": {"path":"/Users/mcleesm/Desktop/Senior Year/Fall 2021/CIS 557/project/src/backend/src/replyTableDatabase.js","statementMap":{"0":{"start":{"line":1,"column":14},"end":{"line":1,"column":39}},"1":{"start":{"line":4,"column":16},"end":{"line":21,"column":1}},"2":{"start":{"line":5,"column":2},"end":{"line":20,"column":3}},"3":{"start":{"line":6,"column":23},"end":{"line":11,"column":6}},"4":{"start":{"line":14,"column":4},"end":{"line":14,"column":83}},"5":{"start":{"line":15,"column":4},"end":{"line":15,"column":22}},"6":{"start":{"line":18,"column":4},"end":{"line":18,"column":31}},"7":{"start":{"line":19,"column":4},"end":{"line":19,"column":14}},"8":{"start":{"line":24,"column":17},"end":{"line":39,"column":1}},"9":{"start":{"line":25,"column":16},"end":{"line":25,"column":116}},"10":{"start":{"line":27,"column":17},"end":{"line":27,"column":116}},"11":{"start":{"line":29,"column":2},"end":{"line":37,"column":3}},"12":{"start":{"line":30,"column":4},"end":{"line":30,"column":36}},"13":{"start":{"line":32,"column":4},"end":{"line":32,"column":63}},"14":{"start":{"line":33,"column":4},"end":{"line":33,"column":29}},"15":{"start":{"line":36,"column":4},"end":{"line":36,"column":41}},"16":{"start":{"line":38,"column":2},"end":{"line":38,"column":14}},"17":{"start":{"line":42,"column":18},"end":{"line":57,"column":1}},"18":{"start":{"line":43,"column":16},"end":{"line":43,"column":73}},"19":{"start":{"line":45,"column":17},"end":{"line":45,"column":26}},"20":{"start":{"line":47,"column":2},"end":{"line":55,"column":3}},"21":{"start":{"line":48,"column":4},"end":{"line":48,"column":36}},"22":{"start":{"line":50,"column":4},"end":{"line":50,"column":53}},"23":{"start":{"line":51,"column":4},"end":{"line":51,"column":19}},"24":{"start":{"line":54,"column":4},"end":{"line":54,"column":41}},"25":{"start":{"line":56,"column":2},"end":{"line":56,"column":14}},"26":{"start":{"line":60,"column":18},"end":{"line":75,"column":1}},"27":{"start":{"line":61,"column":16},"end":{"line":61,"column":72}},"28":{"start":{"line":63,"column":17},"end":{"line":
[...]
7,"column":1}},"line":990},"47":{"name":"(anonymous_47)","decl":{"start":{"line":1009,"column":27},"end":{"line":1009,"column":28}},"loc":{"start":{"line":1009,"column":47},"end":{"line":1026,"column":1}},"line":1009},"48":{"name":"(anonymous_48)","decl":{"start":{"line":1028,"column":25},"end":{"line":1028,"column":26}},"loc":{"start":{"line":1028,"column":45},"end":{"line":1042,"column":1}},"line":1028},"49":{"name":"(anonymous_49)","decl":{"start":{"line":1044,"column":26},"end":{"line":1044,"column":27}},"loc":{"start":{"line":1044,"column":46},"end":{"line":1058,"column":1}},"line":1044},"50":{"name":"(anonymous_50)","decl":{"start":{"line":1060,"column":22},"end":{"line":1060,"column":23}},"loc":{"start":{"line":1060,"column":42},"end":{"line":1087,"column":1}},"line":1060},"51":{"name":"(anonymous_51)","decl":{"start":{"line":1089,"column":27},"end":{"line":1089,"column":28}},"loc":{"start":{"line":1089,"column":47},"end":{"line":1103,"column":1}},"line":1089},"52":{"name":"(anonymous_52)","decl":{"start":{"line":1105,"column":38},"end":{"line":1105,"column":39}},"loc":{"start":{"line":1105,"column":58},"end":{"line":1115,"column":1}},"line":1105},"53":{"name":"(anonymous_53)","decl":{"start":{"line":1117,"column":30},"end":{"line":1117,"column":31}},"loc":{"start":{"line":1117,"column":50},"end":{"line":1134,"column":1}},"line":1117},"54":{"name":"(anonymous_54)","decl":{"start":{"line":1136,"column":30},"end":{"line":1136,"column":31}},"loc":{"start":{"line":1136,"column":50},"end":{"line":1153,"column":1}},"line":1136},"55":{"name":"(anonymous_55)","decl":{"start":{"line":1155,"column":28},"end":{"line":1155,"column":29}},"loc":{"start":{"line":1155,"column":48},"end":{"line":1172,"column":1}},"line":1155},"56":{"name":"(anonymous_56)","decl":{"start":{"line":1174,"column":25},"end":{"line":1174,"column":26}},"loc":{"start":{"line":1174,"column":45},"end":{"line":1213,"column":1}},"line":1174},"57":{"name":"(anonymous_57)","decl":{"start":{"line":1215,"column":33},"end":{"line":1215,"column":34}},"loc":{"start":{"line":1215,"column":53},"end":{"line":1235,"column":1}},"line":1215},"58":{"name":"(anonymous_58)","decl":{"start":{"line":1237,"column":34},"end":{"line":1237,"column":35}},"loc":{"start":{"line":1237,"column":54},"end":{"line":1257,"column":1}},"line":1237},"59":{"name":"(anonymous_59)","decl":{"start":{"line":1259,"column":34},"end":{"line":1259,"column":35}},"loc":{"start":{"line":1259,"column":54},"end":{"line":1277,"column":1}},"line":1259},"60":{"name":"(anonymous_60)","decl":{"start":{"line":1279,"column":34},"end":{"line":1279,"column":35}},"loc":{"start":{"line":1279,"column":54},"end":{"line":1297,"column":1}},"line":1279},"61":{"name":"(anonymous_61)","decl":{"start":{"line":1299,"column":33},"end":{"line":1299,"column":34}},"loc":{"start":{"line":1299,"column":53},"end":{"line":1310,"column":1}},"line":1299},"62":{"name":"(anonymous_62)","decl":{"start":{"line":1312,"column":25},"end":{"line":1312,"column":26}},"loc":{"start":{"line":1312,"column":45},"end":{"line":1323,"column":1}},"line":1312},"63":{"name":"(anonymous_63)","decl":{"start":{"line":1325,"column":32},"end":{"line":1325,"column":33}},"loc":{"start":{"line":1325,"column":52},"end":{"line":1333,"column":1}},"line":1325},"64":{"name":"(anonymous_64)","decl":{"start":{"line":1335,"column":31},"end":{"line":1335,"column":32}},"loc":{"start":{"line":1335,"column":51},"end":{"line":1343,"column":1}},"line":1335},"65":{"name":"(anonymous_65)","decl":{"start":{"line":1345,"column":11},"end":{"line":1345,"column":12}},"loc":{"start":{"line":1345,"column":25},"end":{"line":1348,"column":1}},"line":1345}},"branchMap":{"0":{"loc":{"start":{"line":80,"column":4},"end":{"line":89,"column":5}},"type":"if","locations":[{"start":{"line":80,"column":4},"end":{"line":89,"column":5}},{"start":{"line":82,"column":11},"end":{"line":89,"column":5}}],"line":80},"1":{"loc":{"start":{"line":103,"column":4},"end":{"line":107,"column":5}},"type":"if","locations":[{"start":{"line":103,"column":4},"end":{"line":107,"column":5}},{"start":{},"end":{}}],"line":103},"2":{"loc":{"start":{"line":110,"column":4},"end":{"line":123,"column":5}},"type":"if","locations":[{"start":{"line":110,"column":4},"end":{"line":123,"column":5}},{"start":{},"end":{}}],"line":110},"3":{"loc":{"start":{"line":110,"column":8},"end":{"line":110,"column":70}},"type":"binary-expr","locations":[{"start":{"line":110,"column":8},"end":{"line":110,"column":32}},{"start":{"line":110,"column":36},"end":{"line":110,"column":70}}],"line":110},"4":{"loc":{"start":{"line":115,"column":6},"end":{"line":122,"column":7}},"type":"if","locations":[{"start":{"line":115,"column":6},"end":{"line":122,"column":7}},{"start":{"line":119,"column":13},"end":{"line":122,"column":7}}],"line":115},"5":{"loc":{"start":{"line":125,"column":4},"end":{"line":136,"column":5}},"type":"if","locations":[{"start":{"line":125,"column":4},"end":{"line":136,"column":5}},{"start":{"line":127,"column":11},"end":{"line":136,"column":5}}],"line":125},"6":{"loc":{"start":{"line":127,"column":11},"end":{"line":136,"column":5}},"type":"if","locations":[{"start":{"line":127,"column":11},"end":{"line":136,"column":5}},{"start":{"line":134,"column":11},"end":{"line":136,"column":5}}],"line":127},"7":{"loc":{"start":{"line":227,"column":4},"end":{"line":233,"column":5}},"type":"if","locations":[{"start":{"line":227,"column":4},"end":{"line":233,"column":5}},{"start":{"line":229,"column":11},"end":{"line":233,"column":5}}],"line":227},"8":{"loc":{"start":{"line":264,"column":4},"end":{"line":268,"column":5}},"type":"if","locations":[{"start":{"line":264,"column":4},"end":{"line":268,"column":5}},{"start":{"line":266,"column":11},"end":{"line":268,"column":5}}],"line":264},"9":{"loc":{"start":{"line":280,"column":4},"end":{"line":284,"column":5}},"type":"if","locations":[{"start":{"line":280,"column":4},"end":{"line":284,"column":5}},{"start":{"line":282,"column":11},"end":{"line":284,"column":5}}],"line":280},"10":{"loc":{"start":{"line":297,"column":4},"end":{"line":301,"column":5}},"type":"if","locations":[{"start":{"line":297,"column":4},"end":{"line":301,"column":5}},{"start":{},"end":{}}],"line":297},"11":{"loc":{"start":{"line":375,"column":4},"end":{"line":378,"column":5}},"type":"if","locations":[{"start":{"line":375,"column":4},"end":{"line":378,"column":5}},{"start":{},"end":{}}],"line":375},"12":{"loc":{"start":{"line":583,"column":4},"end":{"line":589,"column":5}},"type":"if","locations":[{"start":{"line":583,"column":4},"end":{"line":589,"column":5}},{"start":{"line":585,"column":11},"end":{"line":589,"column":5}}],"line":583},"13":{"loc":{"start":{"line":604,"column":4},"end":{"line":610,"column":5}},"type":"if","locations":[{"start":{"line":604,"column":4},"end":{"line":610,"column":5}},{"start":{"line":606,"column":11},"end":{"line":610,"column":5}}],"line":604},"14":{"loc":{"start":{"line":627,"column":6},"end":{"line":630,"column":7}},"type":"if","locations":[{"start":{"line":627,"column":6},"end":{"line":630,"column":7}},{"start":{},"end":{}}],"line":627},"15":{"loc":{"start":{"line":632,"column":4},"end":{"line":636,"column":5}},"type":"if","locations":[{"start":{"line":632,"column":4},"end":{"line":636,"column":5}},{"start":{},"end":{}}],"line":632},"16":{"loc":{"start":{"line":716,"column":4},"end":{"line":719,"column":5}},"type":"if","locations":[{"start":{"line":716,"column":4},"end":{"line":719,"column":5}},{"start":{},"end":{}}],"line":716},"17":{"loc":{"start":{"line":745,"column":4},"end":{"line":751,"column":5}},"type":"if","locations":[{"start":{"line":745,"column":4},"end":{"line":751,"column":5}},{"start":{"line":747,"column":11},"end":{"line":751,"column":5}}],"line":745},"18":{"loc":{"start":{"line":775,"column":4},"end":{"line":781,"column":5}},"type":"if","locations":[{"start":{"line":775,"column":4},"end":{"line":781,"column":5}},{"start":{"line":777,"column":11},"end":{"line":781,"column":5}}],"line":775},"19":{"loc":{"start":{"line":805,"column":4},"end":{"line":811,"column":5}},"type":"if","locations":[{"start":{"line":805,"column":4},"end":{"line":811,"column":5}},{"start":{"line":807,"column":11},"end":{"line":811,"column":5}}],"line":805},"20":{"loc":{"start":{"line":835,"column":4},"end":{"line":841,"column":5}},"type":"if","locations":[{"start":{"line":835,"column":4},"end":{"line":841,"column":5}},{"start":{"line":837,"column":11},"end":{"line":841,"column":5}}],"line":835},"21":{"loc":{"start":{"line":874,"column":8},"end":{"line":876,"column":9}},"type":"if","locations":[{"start":{"line":874,"column":8},"end":{"line":876,"column":9}},{"start":{},"end":{}}],"line":874},"22":{"loc":{"start":{"line":887,"column":8},"end":{"line":895,"column":9}},"type":"if","locations":[{"start":{"line":887,"column":8},"end":{"line":895,"column":9}},{"start":{},"end":{}}],"line":887},"23":{"loc":{"start":{"line":927,"column":4},"end":{"line":933,"column":5}},"type":"if","locations":[{"start":{"line":927,"column":4},"end":{"line":933,"column":5}},{"start":{"line":929,"column":11},"end":{"line":933,"column":5}}],"line":927},"24":{"loc":{"start":{"line":949,"column":4},"end":{"line":975,"column":5}},"type":"if","locations":[{"start":{"line":949,"column":4},"end":{"line":975,"column":5}},{"start":{"line":966,"column":11},"end":{"line":975,"column":5}}],"line":949},"25":{"loc":{"start":{"line":977,"column":4},"end":{"line":983,"column":5}},"type":"if","locations":[{"start":{"line":977,"column":4},"end":{"line":983,"column":5}},{"start":{"line":979,"column":11},"end":{"line":983,"column":5}}],"line":977},"26":{"loc":{"start":{"line":996,"column":4},"end":{"line":1002,"column":5}},"type":"if","locations":[{"start":{"line":996,"column":4},"end":{"line":1002,"column":5}},{"start":{"line":998,"column":11},"end":{"line":1002,"column":5}}],"line":996},"27":{"loc":{"start":{"line":1015,"column":4},"end":{"line":1021,"column":5}},"type":"if","locations":[{"start":{"line":1015,"column":4},"end":{"line":1021,"column":5}},{"start":{"line":1017,"column":11},"end":{"line":1021,"column":5}}],"line":1015},"28":{"loc":{"start":{"line":1034,"column":4},"end":{"line":1038,"column":5}},"type":"if","locations":[{"start":{"line":1034,"column":4},"end":{"line":1038,"column":5}},{"start":{"line":1036,"column":11},"end":{"line":1038,"column":5}}],"line":1034},"29":{"loc":{"start":{"line":1076,"column":4},"end":{"line":1082,"column":5}},"type":"if","locations":[{"start":{"line":1076,"column":4},"end":{"line":1082,"column":5}},{"start":{"line":1078,"column":11},"end":{"line":1082,"column":5}}],"line":1076},"30":{"loc":{"start":{"line":1095,"column":4},"end":{"line":1099,"column":5}},"type":"if","locations":[{"start":{"line":1095,"column":4},"end":{"line":1099,"column":5}},{"start":{"line":1097,"column":11},"end":{"line":1099,"column":5}}],"line":1095},"31":{"loc":{"start":{"line":1123,"column":4},"end":{"line":1129,"column":5}},"type":"if","locations":[{"start":{"line":1123,"column":4},"end":{"line":1129,"column":5}},{"start":{"line":1125,"column":11},"end":{"line":1129,"column":5}}],"line":1123},"32":{"loc":{"start":{"line":1142,"column":4},"end":{"line":1148,"column":5}},"type":"if","locations":[{"start":{"line":1142,"column":4},"end":{"line":1148,"column":5}},{"start":{"line":1144,"column":11},"end":{"line":1148,"column":5}}],"line":1142},"33":{"loc":{"start":{"line":1161,"column":4},"end":{"line":1167,"column":5}},"type":"if","locations":[{"start":{"line":1161,"column":4},"end":{"line":1167,"column":5}},{"start":{"line":1163,"column":11},"end":{"line":1167,"column":5}}],"line":1161},"34":{"loc":{"start":{"line":1181,"column":4},"end":{"line":1183,"column":5}},"type":"if","locations":[{"start":{"line":1181,"column":4},"end":{"line":1183,"column":5}},{"start":{},"end":{}}],"line":1181},"35":{"loc":{"start":{"line":1190,"column":6},"end":{"line":1193,"column":7}},"type":"if","locations":[{"start":{"line":1190,"column":6},"end":{"line":1193,"column":7}},{"start":{},"end":{}}],"line":1190},"36":{"loc":{"start":{"line":1196,"column":4},"end":{"line":1198,"column":5}},"type":"if","locations":[{"start":{"line":1196,"column":4},"end":{"line":1198,"column":5}},{"start":{},"end":{}}],"line":1196},"37":{"loc":{"start":{"line":1202,"column":4},"end":{"line":1207,"column":5}},"type":"if","locations":[{"start":{"line":1202,"column":4},"end":{"line":1207,"column":5}},{"start":{"line":1204,"column":11},"end":{"line":1207,"column":5}}],"line":1202},"38":{"loc":{"start":{"line":1204,"column":11},"end":{"line":1207,"column":5}},"type":"if","locations":[{"start":{"line":1204,"column":11},"end":{"line":1207,"column":5}},{"start":{},"end":{}}],"line":1204},"39":{"loc":{"start":{"line":1218,"column":2},"end":{"line":1221,"column":3}},"type":"if","locations":[{"start":{"line":1218,"column":2},"end":{"line":1221,"column":3}},{"start":{},"end":{}}],"line":1218},"40":{"loc":{"start":{"line":1241,"column":2},"end":{"line":1244,"column":3}},"type":"if","locations":[{"start":{"line":1241,"column":2},"end":{"line":1244,"column":3}},{"start":{},"end":{}}],"line":1241},"41":{"loc":{"start":{"line":1262,"column":2},"end":{"line":1265,"column":3}},"type":"if","locations":[{"start":{"line":1262,"column":2},"end":{"line":1265,"column":3}},{"start":{},"end":{}}],"line":1262},"42":{"loc":{"start":{"line":1282,"column":2},"end":{"line":1285,"column":3}},"type":"if","locations":[{"start":{"line":1282,"column":2},"end":{"line":1285,"column":3}},{"start":{},"end":{}}],"line":1282}},"s":{"0":1,"1":1,"2":1,"3":1,"4":1,"5":1,"6":1,"7":1,"8":1,"9":1,"10":1,"11":1,"12":1,"13":1,"14":1,"15":1,"16":1,"17":1,"18":1,"19":1,"20":1,"21":1,"22":1,"23":1,"24":1,"25":0,"26":0,"27":0,"28":0,"29":0,"30":0,"31":0,"32":0,"33":0,"34":0,"35":1,"36":3,"37":3,"38":3,"39":2,"40":2,"41":2,"42":2,"43":0,"44":0,"45":0,"46":0,"47":0,"48":1,"49":0,"50":0,"51":0,"52":0,"53":0,"54":0,"55":0,"56":0,"57":0,"58":0,"59":0,"60":0,"61":0,"62":0,"63":0,"64":0,"65":0,"66":0,"67":0,"68":0,"69":0,"70":0,"71":0,"72":1,"73":0,"74":0,"75":0,"76":0,"77":0,"78":0,"79":1,"80":0,"81":0,"82":0,"83":0,"84":0,"85":1,"86":0,"87":0,"88":0,"89":0,"90":0,"91":1,"92":0,"93":0,"94":0,"95":0,"96":0,"97":1,"98":0,"99":0,"100":0,"101":0,"102":0,"103":0,"104":1,"105":0,"106":0,"107":0,"108":0,"109":0,"110":0,"111":0,"112":0,"113":0,"114":0,"115":0,"116":0,"117":0,"118":0,"119":0,"120":0,"121":0,"122":1,"123":0,"124":0,"125":0,"126":0,"127":0,"128":0,"129":0,"130":1,"131":0,"132":0,"133":0,"134":0,"135":0,"136":0,"137":0,"138":1,"139":0,"140":0,"141":0,"142":0,"143":0,"144":0,"145":0,"146":0,"147":0,"148":0,"149":0,"150":1,"151":0,"152":0,"153":0,"154":0,"155":0,"156":0,"157":1,"158":0,"159":0,"160":0,"161":0,"162":0,"163":0,"164":0,"165":1,"166":0,"167":0,"168":0,"169":0,"170":0,"171":0,"172":0,"173":1,"174":0,"175":0,"176":0,"177":0,"178":0,"179":0,"180":0,"181":1,"182":0,"183":0,"184":0,"185":0,"186":0,"187":0,"188":0,"189":0,"190":0,"191":0,"192":0,"193":1,"194":0,"195":0,"196":0,"197":0,"198":0,"199":0,"200":1,"201":0,"202":0,"203":0,"204":0,"205":0,"206":0,"207":0,"208":0,"209":1,"210":0,"211":0,"212":0,"213":0,"214":0,"215":0,"216":0,"217":0,"218":1,"219":0,"220":0,"221":0,"222":0,"223":0,"224":0,"225":0,"226":1,"227":0,"228":0,"229":0,"230":0,"231":0,"232":0,"233":0,"234":1,"235":0,"236":0,"237":0,"238":0,"239":0,"240":0,"241":0,"242":1,"243":0,"244":0,"245":0,"246":0,"247":0,"248":0,"249":0,"250":1,"251":0,"252":0,"253":0,"254":0,"255":0,"256":0,"257":1,"258":0,"259":0,"260":0,"261":0,"262":0,"263":0,"264":0,"265":0,"266":0,"267":0,"268":1,"269":0,"270":0,"271":0,"272":0,"273":0,"274":0,"275":0,"276":0,"277":1,"278":0,"279":0,"280":0,"281":0,"282":0,"283":0,"284":0,"285":1,"286":0,"287":0,"288":0,"289":0,"290":1,"291":0,"292":0,"293":0,"294":0,"295":1,"296":0,"297":0,"298":0,"299":0,"300":0,"301":0,"302":0,"303":0,"304":1,"305":0,"306":0,"307":0,"308":0,"309":0,"310":0,"311":0,"312":0,"313":0,"314":0,"315":1,"316":0,"317":0,"318":0,"319":0,"320":0,"321":0,"322":0,"323":0,"324":0,"325":0,"326":0,"327":0,"328":0,"329":0,"330":0,"331":0,"332":0,"333":0,"334":1,"335":0,"336":0,"337":0,"338":0,"339":0,"340":0,"341":1,"342":0,"343":0,"344":0,"345":0,"346":0,"347":1,"348":0,"349":0,"350":0,"351":0,"352":0,"353":0,"354":1,"355":0,"356":0,"357":0,"358":0,"359":0,"360":1,"361":0,"362":0,"363":0,"364":0,"365":0,"366":0,"367":0,"368":0,"369":0,"370":0,"371":1,"372":0,"373":0,"374":0,"375":0,"376":0,"377":0,"378":0,"379":0,"380":0,"381":0,"382":0,"383":1,"384":0,"385":0,"386":0,"387":0,"388":0,"389":0,"390":0,"391":0,"392":0,"393":0,"394":0,"395":1,"396":0,"397":0,"398":0,"399":0,"400":0,"401":0,"402":0,"403":0,"404":0,"405":0,"406":0,"407":1,"408":0,"409":0,"410":0,"411":0,"412":0,"413":0,"414":0,"415":0,"416":0,"417":0,"418":0,"419":1,"420":0,"421":0,"422":0,"423":0,"424":0,"425":0,"426":0,"427":0,"428":1,"429":0,"430":0,"431":0,"432":0,"433":0,"434":0,"435":0,"436":0,"437":0,"438":0,"439":0,"440":0,"441":0,"442":0,"443":0,"444":0,"445":0,"446":0,"447":0,"448":0,"449":0,"450":0,"451":0,"452":0,"453":0,"454":0,"455":0,"456":0,"457":0,"458":0,"459":0,"460":0,"461":0,"462":0,"463":1,"464":0,"465":0,"466":0,"467":0,"468":0,"469":0,"470":0,"471":0,"472":0,"473":0,"474":0,"475":0,"476":0,"477":0,"478":0,"479":0,"480":1,"481":0,"482":0,"483":0,"484":0,"485":0,"486":0,"487":0,"488":0,"489":0,"490":0,"491":0,"492":0,"493":0,"494":0,"495":0,"496":0,"497":0,"498":0,"499":1,"500":0,"501":0,"502":0,"503":0,"504":0,"505":0,"506":0,"507":0,"508":1,"509":0,"510":0,"511":0,"512":0,"513":0,"514":0,"515":0,"516":0,"517":1,"518":0,"519":0,"520":0,"521":0,"522":0,"523":0,"524":0,"525":1,"526":0,"527":0,"528":0,"529":0,"530":0,"531":0,"532":0,"533":0,"534":0,"535":0,"536":1,"537":0,"538":0,"539":0,"540":0,"541":0,"542":0,"543":0,"544":0,"545":0,"546":0,"547":0,"548":1,"549":0,"550":0,"551":0,"552":0,"553":0,"554":0,"555":0,"556":1,"557":0,"558":0,"559":0,"560":0,"561":0,"562":1,"563":0,"564":0,"565":0,"566":0,"567":0,"568":0,"569":0,"570":0,"571":1,"572":0,"573":0,"574":0,"575":0,"576":0,"577":0,"578":0,"579":0,"580":1,"581":0,"582":0,"583":0,"584":0,"585":0,"586":0,"587":0,"588":0,"589":1,"590":0,"591":0,"592":0,"593":0,"594":0,"595":0,"596":0,"597":0,"598":0,"599":0,"600":0,"601":0,"602":0,"603":0,"604":0,"605":0,"606":0,"607":0,"608":0,"609":0,"610":0,"611":0,"612":0,"613":0,"614":0,"615":0,"616":1,"617":0,"618":0,"619":0,"620":0,"621":0,"622":0,"623":0,"624":0,"625":0,"626":0,"627":0,"628":0,"629":0,"630":1,"631":0,"632":0,"633":0,"634":0,"635":0,"636":0,"637":0,"638":0,"639":0,"640":0,"641":0,"642":0,"643":0,"644":1,"645":0,"646":0,"647":0,"648":0,"649":0,"650":0,"651":0,"652":0,"653":0,"654":0,"655":0,"656":1,"657":0,"658":0,"659":0,"660":0,"661":0,"662":0,"663":0,"664":0,"665":0,"666":0,"667":0,"668":1,"669":0,"670":0,"671":0,"672":0,"673":0,"674":0,"675":1,"676":0,"677":0,"678":0,"679":0,"680":0,"681":0,"682":1,"683":0,"684":0,"685":0,"686":0,"687":0,"688":1,"689":0,"690":0,"691":0,"692":0,"693":0,"694":1,"695":1,"696":1},"f":{"0":1,"1":3,"2":0,"3":0,"4":0,"5":0,"6":0,"7":0,"8":0,"9":0,"10":0,"11":0,"12":0,"13":0,"14":0,"15":0,"16":0,"17":0,"18":0,"19":0,"20":0,"21":0,"22":0,"23":0,"24":0,"25":0,"26":0,"27":0,"28":0,"29":0,"30":0,"31":0,"32":0,"33":0,"34":0,"35":0,"36":0,"37":0,"38":0,"39":0,"40":0,"41":0,"42":0,"43":0,"44":0,"45":0,"46":0,"47":0,"48":0,"49":0,"50":0,"51":0,"52":0,"53":0,"54":0,"55":0,"56":0,"57":0,"58":0,"59":0,"60":0,"61":0,"62":0,"63":0,"64":0,"65":1},"b":{"0":[0,0],"1":[0,0],"2":[0,0],"3":[0,0],"4":[0,0],"5":[0,0],"6":[0,0],"7":[0,0],"8":[0,0],"9":[0,0],"10":[0,0],"11":[0,0],"12":[0,0],"13":[0,0],"14":[0,0],"15":[0,0],"16":[0,0],"17":[0,0],"18":[0,0],"19":[0,0],"20":[0,0],"21":[0,0],"22":[0,0],"23":[0,0],"24":[0,0],"25":[0,0],"26":[0,0],"27":[0,0],"28":[0,0],"29":[0,0],"30":[0,0],"31":[0,0],"32":[0,0],"33":[0,0],"34":[0,0],"35":[0,0],"36":[0,0],"37":[0,0],"38":[0,0],"39":[0,0],"40":[0,0],"41":[0,0],"42":[0,0]},"_coverageSchema":"1a1c01bbd47fc00a2c39e90264f33305004495a9","hash":"68ed38d9e79f1d60252fd17fcda156041bb79394"}
}
