TN:
SF:src/adminTableDatabase.js
FN:4,(anonymous_0)
FN:25,(anonymous_1)
FN:43,(anonymous_2)
FN:61,(anonymous_3)
FN:70,(anonymous_4)
FN:89,(anonymous_5)
FN:100,(anonymous_6)
FN:123,(anonymous_7)
FNF:8
FNH:8
FNDA:3,(anonymous_0)
FNDA:27,(anonymous_1)
FNDA:6,(anonymous_2)
FNDA:1,(anonymous_3)
FNDA:8,(anonymous_4)
FNDA:1,(anonymous_5)
FNDA:2,(anonymous_6)
FNDA:1,(anonymous_7)
DA:1,2
DA:4,2
DA:5,3
DA:6,3
DA:14,3
DA:15,3
DA:18,0
DA:19,0
DA:25,2
DA:26,27
DA:28,27
DA:29,27
DA:30,27
DA:33,26
DA:34,26
DA:37,1
DA:39,1
DA:43,2
DA:44,6
DA:46,6
DA:48,6
DA:49,6
DA:51,6
DA:52,6
DA:55,0
DA:57,0
DA:61,2
DA:62,1
DA:64,1
DA:65,1
DA:68,1
DA:69,1
DA:70,1
DA:71,8
DA:73,6
DA:74,6
DA:79,1
DA:80,1
DA:83,0
DA:85,0
DA:89,2
DA:90,1
DA:91,1
DA:92,1
DA:93,1
DA:95,0
DA:100,2
DA:101,2
DA:102,2
DA:104,2
DA:106,2
DA:108,2
DA:109,2
DA:110,1
DA:112,1
DA:114,1
DA:115,1
DA:118,0
DA:120,0
DA:123,2
DA:124,1
DA:125,1
DA:126,1
DA:127,1
DA:130,0
DA:131,0
DA:135,2
LF:67
LH:56
BRDA:71,0,0,2
BRDA:71,0,1,6
BRDA:109,1,0,1
BRDA:109,1,1,1
BRF:4
BRH:4
end_of_record
TN:
SF:src/convoTableDatabase.js
FN:4,(anonymous_0)
FN:24,(anonymous_1)
FN:41,(anonymous_2)
FN:59,(anonymous_3)
FN:77,(anonymous_4)
FNF:5
FNH:5
FNDA:2,(anonymous_0)
FNDA:11,(anonymous_1)
FNDA:7,(anonymous_2)
FNDA:8,(anonymous_3)
FNDA:3,(anonymous_4)
DA:1,2
DA:4,2
DA:5,2
DA:6,2
DA:14,2
DA:15,2
DA:18,0
DA:19,0
DA:24,2
DA:25,11
DA:27,11
DA:28,11
DA:29,11
DA:31,11
DA:32,11
DA:35,0
DA:37,0
DA:41,2
DA:42,7
DA:43,7
DA:45,7
DA:46,7
DA:49,7
DA:50,7
DA:53,0
DA:55,0
DA:59,2
DA:60,8
DA:61,8
DA:63,8
DA:64,8
DA:67,8
DA:68,8
DA:71,0
DA:73,0
DA:77,2
DA:78,3
DA:80,3
DA:82,3
DA:83,3
DA:85,3
DA:86,3
DA:89,0
DA:91,0
DA:94,2
LF:45
LH:35
BRF:0
BRH:0
end_of_record
TN:
SF:src/groupMemberTableDatabase.js
FN:3,(anonymous_0)
FN:22,(anonymous_1)
FN:38,(anonymous_2)
FN:50,(anonymous_3)
FN:62,(anonymous_4)
FN:74,(anonymous_5)
FN:87,(anonymous_6)
FNF:7
FNH:7
FNDA:2,(anonymous_0)
FNDA:15,(anonymous_1)
FNDA:3,(anonymous_2)
FNDA:1,(anonymous_3)
FNDA:1,(anonymous_4)
FNDA:1,(anonymous_5)
FNDA:19,(anonymous_6)
DA:1,2
DA:3,2
DA:4,2
DA:5,2
DA:13,2
DA:14,2
DA:17,0
DA:18,0
DA:22,2
DA:23,15
DA:24,15
DA:25,15
DA:27,15
DA:28,15
DA:30,15
DA:33,0
DA:34,0
DA:38,2
DA:39,3
DA:40,3
DA:41,3
DA:42,3
DA:45,0
DA:46,0
DA:50,2
DA:51,1
DA:52,1
DA:53,1
DA:54,1
DA:57,0
DA:58,0
DA:62,2
DA:63,1
DA:64,1
DA:65,1
DA:66,1
DA:69,0
DA:70,0
DA:74,2
DA:75,1
DA:76,1
DA:77,1
DA:78,1
DA:79,1
DA:82,0
DA:83,0
DA:87,2
DA:88,19
DA:89,19
DA:90,19
DA:91,19
DA:92,19
DA:93,19
DA:94,20
DA:96,19
DA:99,0
DA:100,0
DA:104,2
LF:58
LH:44
BRF:0
BRH:0
end_of_record
TN:
SF:src/groupTableDatabase.js
FN:4,(anonymous_0)
FN:24,(anonymous_1)
FN:50,(anonymous_2)
FN:92,(anonymous_3)
FN:113,(anonymous_4)
FN:134,(anonymous_5)
FN:149,(anonymous_6)
FN:174,(anonymous_7)
FN:205,(anonymous_8)
FN:220,(anonymous_9)
FN:235,(anonymous_10)
FN:250,(anonymous_11)
FN:266,(anonymous_12)
FN:278,(anonymous_13)
FNF:14
FNH:14
FNDA:2,(anonymous_0)
FNDA:26,(anonymous_1)
FNDA:17,(anonymous_2)
FNDA:2,(anonymous_3)
FNDA:27,(anonymous_4)
FNDA:6,(anonymous_5)
FNDA:2,(anonymous_6)
FNDA:4,(anonymous_7)
FNDA:1,(anonymous_8)
FNDA:1,(anonymous_9)
FNDA:1,(anonymous_10)
FNDA:1,(anonymous_11)
FNDA:13,(anonymous_12)
FNDA:2,(anonymous_13)
DA:1,2
DA:4,2
DA:5,2
DA:6,2
DA:14,2
DA:15,2
DA:18,0
DA:19,0
DA:24,2
DA:25,26
DA:27,26
DA:29,26
DA:31,26
DA:32,26
DA:33,26
DA:35,1
DA:38,25
DA:40,25
DA:41,25
DA:44,0
DA:46,0
DA:50,2
DA:51,17
DA:53,17
DA:54,17
DA:55,17
DA:57,17
DA:58,6
DA:59,6
DA:61,6
DA:64,0
DA:68,17
DA:69,4
DA:70,4
DA:72,4
DA:75,0
DA:79,17
DA:80,4
DA:81,4
DA:83,4
DA:86,0
DA:92,2
DA:93,2
DA:94,2
DA:95,2
DA:97,2
DA:99,2
DA:100,2
DA:101,16
DA:104,2
DA:107,0
DA:109,0
DA:113,2
DA:114,27
DA:115,27
DA:116,27
DA:118,27
DA:120,27
DA:121,27
DA:122,28
DA:125,27
DA:128,0
DA:130,0
DA:134,2
DA:135,6
DA:136,6
DA:137,6
DA:140,6
DA:143,0
DA:145,0
DA:149,2
DA:150,2
DA:151,2
DA:152,2
DA:154,2
DA:155,2
DA:156,3
DA:157,3
DA:159,3
DA:160,3
DA:161,3
DA:165,2
DA:168,0
DA:170,0
DA:174,2
DA:175,4
DA:176,4
DA:177,4
DA:178,1
DA:179,3
DA:180,1
DA:181,2
DA:182,1
DA:184,1
DA:186,4
DA:190,4
DA:191,23
DA:193,23
DA:196,4
DA:199,0
DA:201,0
DA:205,2
DA:206,1
DA:207,1
DA:208,1
DA:210,1
DA:211,1
DA:214,0
DA:216,0
DA:220,2
DA:221,1
DA:222,1
DA:223,1
DA:225,1
DA:226,1
DA:229,0
DA:231,0
DA:235,2
DA:236,1
DA:237,1
DA:238,1
DA:240,1
DA:241,1
DA:244,0
DA:246,0
DA:250,2
DA:251,1
DA:252,1
DA:253,1
DA:254,1
DA:256,1
DA:257,1
DA:260,0
DA:262,0
DA:266,2
DA:267,13
DA:268,13
DA:269,13
DA:270,13
DA:273,0
DA:275,0
DA:278,2
DA:279,2
DA:282,2
DA:283,2
DA:284,2
DA:287,2
DA:288,2
DA:289,2
DA:292,2
DA:293,2
DA:296,2
DA:297,2
DA:298,2
DA:301,2
DA:302,2
DA:303,2
DA:306,2
DA:309,2
LF:159
LH:132
BRDA:33,0,0,1
BRDA:33,0,1,25
BRDA:57,1,0,6
BRDA:57,1,1,11
BRDA:68,2,0,4
BRDA:68,2,1,13
BRDA:79,3,0,4
BRDA:79,3,1,13
BRDA:159,4,0,3
BRDA:159,4,1,0
BRDA:177,5,0,1
BRDA:177,5,1,3
BRDA:179,6,0,1
BRDA:179,6,1,2
BRDA:181,7,0,1
BRDA:181,7,1,1
BRF:16
BRH:15
end_of_record
TN:
SF:src/invitationTableDatabase.js
FN:4,(anonymous_0)
FN:24,(anonymous_1)
FN:41,(anonymous_2)
FN:57,(anonymous_3)
FN:75,(anonymous_4)
FN:98,(anonymous_5)
FN:112,(anonymous_6)
FNF:7
FNH:6
FNDA:2,(anonymous_0)
FNDA:1,(anonymous_1)
FNDA:1,(anonymous_2)
FNDA:0,(anonymous_3)
FNDA:5,(anonymous_4)
FNDA:1,(anonymous_5)
FNDA:1,(anonymous_6)
DA:1,2
DA:4,2
DA:5,2
DA:6,2
DA:14,2
DA:15,2
DA:18,0
DA:19,0
DA:24,2
DA:25,1
DA:27,1
DA:28,1
DA:32,1
DA:35,0
DA:37,0
DA:41,2
DA:42,1
DA:44,1
DA:45,1
DA:48,1
DA:51,0
DA:53,0
DA:57,2
DA:58,0
DA:65,0
DA:66,0
DA:67,0
DA:70,0
DA:72,0
DA:75,2
DA:77,5
DA:78,5
DA:80,5
DA:81,5
DA:88,5
DA:89,5
DA:90,5
DA:93,0
DA:95,0
DA:98,2
DA:99,1
DA:100,1
DA:102,1
DA:103,1
DA:104,1
DA:107,0
DA:109,0
DA:112,2
DA:113,1
DA:114,1
DA:115,1
DA:116,1
DA:119,0
DA:121,0
DA:124,2
LF:55
LH:37
BRF:0
BRH:0
end_of_record
TN:
SF:src/messageTableDatabase.js
FN:4,(anonymous_0)
FN:23,(anonymous_1)
FN:44,(anonymous_2)
FN:64,(anonymous_3)
FN:83,(anonymous_4)
FN:103,(anonymous_5)
FN:124,(anonymous_6)
FNF:7
FNH:7
FNDA:2,(anonymous_0)
FNDA:15,(anonymous_1)
FNDA:4,(anonymous_2)
FNDA:4,(anonymous_3)
FNDA:3,(anonymous_4)
FNDA:4,(anonymous_5)
FNDA:1,(anonymous_6)
DA:1,2
DA:4,2
DA:5,2
DA:6,2
DA:14,2
DA:15,2
DA:18,0
DA:19,0
DA:23,2
DA:24,15
DA:25,15
DA:27,15
DA:28,15
DA:30,15
DA:32,15
DA:33,7
DA:35,8
DA:38,0
DA:40,0
DA:44,2
DA:46,4
DA:48,4
DA:49,4
DA:51,4
DA:52,4
DA:55,4
DA:56,4
DA:59,0
DA:61,0
DA:64,2
DA:66,4
DA:67,4
DA:68,4
DA:70,4
DA:71,4
DA:74,4
DA:75,4
DA:78,0
DA:80,0
DA:83,2
DA:85,3
DA:87,3
DA:88,3
DA:90,3
DA:91,3
DA:94,3
DA:95,3
DA:98,0
DA:100,0
DA:103,2
DA:105,4
DA:107,4
DA:108,4
DA:110,4
DA:111,4
DA:114,4
DA:115,4
DA:118,0
DA:120,0
DA:124,2
DA:125,1
DA:128,1
DA:129,1
DA:131,1
DA:133,1
DA:134,1
DA:136,1
DA:139,1
DA:140,1
DA:143,0
DA:145,0
DA:148,2
LF:72
LH:58
BRDA:32,0,0,7
BRDA:32,0,1,8
BRF:2
BRH:2
end_of_record
TN:
SF:src/notificationTableDatabase.js
FN:4,(anonymous_0)
FN:24,(anonymous_1)
FN:41,(anonymous_2)
FNF:3
FNH:3
FNDA:2,(anonymous_0)
FNDA:21,(anonymous_1)
FNDA:1,(anonymous_2)
DA:1,2
DA:4,2
DA:5,2
DA:6,2
DA:14,2
DA:15,2
DA:18,0
DA:19,0
DA:24,2
DA:25,21
DA:27,21
DA:28,21
DA:29,21
DA:31,19
DA:32,19
DA:35,2
DA:37,2
DA:41,2
DA:42,1
DA:44,1
DA:45,1
DA:48,1
DA:50,1
DA:51,1
DA:53,1
DA:56,0
DA:58,0
DA:61,2
LF:28
LH:24
BRF:0
BRH:0
end_of_record
TN:
SF:src/postTableDatabase.js
FN:4,(anonymous_0)
FN:24,(anonymous_1)
FN:40,(anonymous_2)
FN:52,(anonymous_3)
FN:77,(anonymous_4)
FN:104,(anonymous_5)
FN:130,(anonymous_6)
FN:158,(anonymous_7)
FN:180,(anonymous_8)
FN:195,(anonymous_9)
FN:214,(anonymous_10)
FN:232,(anonymous_11)
FN:250,(anonymous_12)
FN:266,(anonymous_13)
FN:282,(anonymous_14)
FN:294,(anonymous_15)
FNF:16
FNH:16
FNDA:2,(anonymous_0)
FNDA:7,(anonymous_1)
FNDA:21,(anonymous_2)
FNDA:2,(anonymous_3)
FNDA:7,(anonymous_4)
FNDA:2,(anonymous_5)
FNDA:10,(anonymous_6)
FNDA:5,(anonymous_7)
FNDA:3,(anonymous_8)
FNDA:3,(anonymous_9)
FNDA:2,(anonymous_10)
FNDA:3,(anonymous_11)
FNDA:4,(anonymous_12)
FNDA:3,(anonymous_13)
FNDA:10,(anonymous_14)
FNDA:2,(anonymous_15)
DA:1,2
DA:4,2
DA:5,2
DA:6,2
DA:14,2
DA:15,2
DA:18,0
DA:19,0
DA:24,2
DA:25,7
DA:27,7
DA:30,7
DA:32,7
DA:35,0
DA:36,0
DA:40,2
DA:41,21
DA:42,21
DA:43,21
DA:46,0
DA:48,21
DA:52,2
DA:53,2
DA:56,2
DA:57,2
DA:58,2
DA:59,2
DA:60,2
DA:61,2
DA:62,2
DA:63,2
DA:65,2
DA:67,2
DA:69,2
DA:72,0
DA:74,0
DA:77,2
DA:78,7
DA:82,7
DA:83,7
DA:84,7
DA:85,7
DA:86,7
DA:87,7
DA:88,7
DA:89,7
DA:90,7
DA:92,7
DA:94,7
DA:96,7
DA:99,0
DA:101,0
DA:104,2
DA:105,2
DA:108,2
DA:109,2
DA:110,2
DA:111,2
DA:112,2
DA:113,2
DA:114,2
DA:115,2
DA:116,2
DA:118,2
DA:120,2
DA:122,2
DA:125,0
DA:127,0
DA:130,2
DA:131,10
DA:134,10
DA:135,10
DA:136,10
DA:137,10
DA:138,10
DA:139,10
DA:140,10
DA:142,10
DA:143,10
DA:145,10
DA:147,10
DA:149,10
DA:152,0
DA:154,0
DA:158,2
DA:159,5
DA:161,5
DA:163,5
DA:164,5
DA:166,5
DA:168,5
DA:169,5
DA:171,5
DA:174,0
DA:176,0
DA:180,2
DA:181,3
DA:183,3
DA:185,3
DA:186,3
DA:187,3
DA:190,0
DA:192,0
DA:195,2
DA:196,3
DA:198,3
DA:200,3
DA:201,3
DA:203,3
DA:205,3
DA:208,0
DA:210,0
DA:214,2
DA:215,2
DA:217,2
DA:219,2
DA:220,2
DA:222,2
DA:223,2
DA:226,0
DA:228,0
DA:232,2
DA:233,3
DA:235,3
DA:237,3
DA:238,3
DA:240,3
DA:241,3
DA:244,0
DA:246,0
DA:250,2
DA:251,4
DA:252,4
DA:254,4
DA:256,4
DA:257,4
DA:260,0
DA:262,0
DA:266,2
DA:267,3
DA:268,3
DA:270,3
DA:272,3
DA:273,3
DA:276,0
DA:278,0
DA:282,2
DA:283,10
DA:284,10
DA:285,10
DA:286,10
DA:289,0
DA:291,0
DA:294,2
DA:295,2
DA:298,2
DA:299,2
DA:300,2
DA:303,2
DA:304,2
DA:305,2
DA:308,2
DA:309,2
DA:310,2
DA:313,2
DA:314,2
DA:315,2
DA:318,2
DA:321,2
LF:169
LH:140
BRF:0
BRH:0
end_of_record
TN:
SF:src/profileTableDatabase.js
FN:4,(anonymous_0)
FN:24,(anonymous_1)
FN:41,(anonymous_2)
FN:56,(anonymous_3)
FN:71,(anonymous_4)
FN:88,(anonymous_5)
FN:103,(anonymous_6)
FN:119,(anonymous_7)
FNF:8
FNH:8
FNDA:2,(anonymous_0)
FNDA:27,(anonymous_1)
FNDA:3,(anonymous_2)
FNDA:1,(anonymous_3)
FNDA:1,(anonymous_4)
FNDA:2,(anonymous_5)
FNDA:1,(anonymous_6)
FNDA:1,(anonymous_7)
DA:1,2
DA:4,2
DA:5,2
DA:6,2
DA:14,2
DA:15,2
DA:18,0
DA:19,0
DA:24,2
DA:25,27
DA:26,27
DA:28,27
DA:29,27
DA:31,27
DA:32,27
DA:35,0
DA:37,0
DA:41,2
DA:42,3
DA:43,3
DA:44,3
DA:46,3
DA:47,3
DA:50,0
DA:52,0
DA:56,2
DA:57,1
DA:58,1
DA:59,1
DA:61,1
DA:62,1
DA:65,0
DA:67,0
DA:71,2
DA:72,1
DA:73,1
DA:74,1
DA:76,1
DA:77,1
DA:80,0
DA:82,0
DA:88,2
DA:89,2
DA:90,2
DA:91,2
DA:93,2
DA:94,2
DA:97,0
DA:99,0
DA:103,2
DA:104,1
DA:105,1
DA:106,1
DA:107,1
DA:109,1
DA:110,1
DA:113,0
DA:115,0
DA:119,2
DA:120,1
DA:121,1
DA:122,1
DA:123,1
DA:125,1
DA:126,1
DA:129,0
DA:131,0
DA:134,2
LF:68
LH:52
BRF:0
BRH:0
end_of_record
TN:
SF:src/replyTableDatabase.js
FN:4,(anonymous_0)
FN:24,(anonymous_1)
FN:49,(anonymous_2)
FN:67,(anonymous_3)
FN:85,(anonymous_4)
FN:102,(anonymous_5)
FN:120,(anonymous_6)
FN:136,(anonymous_7)
FNF:8
FNH:8
FNDA:2,(anonymous_0)
FNDA:8,(anonymous_1)
FNDA:2,(anonymous_2)
FNDA:2,(anonymous_3)
FNDA:2,(anonymous_4)
FNDA:2,(anonymous_5)
FNDA:3,(anonymous_6)
FNDA:3,(anonymous_7)
DA:1,2
DA:4,2
DA:5,2
DA:6,2
DA:14,2
DA:15,2
DA:18,0
DA:19,0
DA:24,2
DA:25,8
DA:28,8
DA:29,8
DA:30,8
DA:31,8
DA:32,8
DA:34,8
DA:36,8
DA:37,8
DA:39,8
DA:40,8
DA:43,0
DA:45,0
DA:49,2
DA:50,2
DA:52,2
DA:54,2
DA:55,2
DA:57,2
DA:58,2
DA:61,0
DA:63,0
DA:67,2
DA:68,2
DA:70,2
DA:72,2
DA:73,2
DA:75,2
DA:76,2
DA:79,0
DA:81,0
DA:85,2
DA:86,2
DA:88,2
DA:90,2
DA:91,2
DA:93,2
DA:94,2
DA:97,0
DA:99,0
DA:102,2
DA:103,2
DA:105,2
DA:107,2
DA:108,2
DA:110,2
DA:111,2
DA:114,0
DA:116,0
DA:120,2
DA:121,3
DA:122,3
DA:124,3
DA:126,3
DA:127,3
DA:130,0
DA:132,0
DA:136,2
DA:137,3
DA:138,3
DA:139,3
DA:140,3
DA:143,0
DA:145,0
DA:148,2
LF:74
LH:58
BRF:0
BRH:0
end_of_record
TN:
SF:src/userTableDatabase.js
FN:4,(anonymous_0)
FN:24,(anonymous_1)
FN:51,(anonymous_2)
FN:66,(anonymous_3)
FN:83,(anonymous_4)
FN:98,(anonymous_5)
FN:113,(anonymous_6)
FN:135,(anonymous_7)
FN:147,(anonymous_8)
FN:158,(anonymous_9)
FNF:10
FNH:10
FNDA:2,(anonymous_0)
FNDA:31,(anonymous_1)
FNDA:1,(anonymous_2)
FNDA:15,(anonymous_3)
FNDA:8,(anonymous_4)
FNDA:1,(anonymous_5)
FNDA:1,(anonymous_6)
FNDA:22,(anonymous_7)
FNDA:4,(anonymous_8)
FNDA:1,(anonymous_9)
DA:1,2
DA:4,2
DA:5,2
DA:6,2
DA:14,2
DA:15,2
DA:18,0
DA:19,0
DA:24,2
DA:25,31
DA:27,31
DA:29,31
DA:30,31
DA:32,31
DA:33,31
DA:34,31
DA:36,3
DA:39,28
DA:41,28
DA:42,28
DA:45,0
DA:47,0
DA:51,2
DA:52,1
DA:53,1
DA:54,1
DA:56,1
DA:57,1
DA:60,0
DA:62,0
DA:66,2
DA:67,15
DA:69,15
DA:70,15
DA:71,15
DA:73,15
DA:74,15
DA:77,0
DA:79,0
DA:83,2
DA:84,8
DA:85,8
DA:86,8
DA:88,8
DA:89,8
DA:92,0
DA:94,0
DA:98,2
DA:99,1
DA:100,1
DA:101,1
DA:103,1
DA:104,1
DA:107,0
DA:109,0
DA:113,2
DA:114,1
DA:117,1
DA:118,1
DA:120,1
DA:122,1
DA:123,1
DA:125,1
DA:126,1
DA:129,0
DA:130,0
DA:135,2
DA:136,22
DA:137,22
DA:138,22
DA:139,22
DA:142,0
DA:144,0
DA:147,2
DA:148,4
DA:149,4
DA:150,4
DA:151,4
DA:152,4
DA:154,0
DA:158,2
DA:159,1
DA:160,1
DA:161,1
DA:162,1
DA:163,1
DA:165,0
DA:169,2
LF:88
LH:70
BRDA:34,0,0,3
BRDA:34,0,1,28
BRF:2
BRH:2
end_of_record
TN:
SF:src/webserver.js
FN:43,(anonymous_0)
FN:59,(anonymous_1)
FN:90,(anonymous_2)
FN:135,(anonymous_3)
FN:149,(anonymous_4)
FN:161,(anonymous_5)
FN:172,(anonymous_6)
FN:225,(anonymous_7)
FN:241,(anonymous_8)
FN:257,(anonymous_9)
FN:277,(anonymous_10)
FN:289,(anonymous_11)
FN:303,(anonymous_12)
FN:317,(anonymous_13)
FN:331,(anonymous_14)
FN:349,(anonymous_15)
FN:363,(anonymous_16)
FN:378,(anonymous_17)
FN:392,(anonymous_18)
FN:407,(anonymous_19)
FN:423,(anonymous_20)
FN:439,(anonymous_21)
FN:451,(anonymous_22)
FN:473,(anonymous_23)
FN:489,(anonymous_24)
FN:501,(anonymous_25)
FN:515,(anonymous_26)
FN:524,(anonymous_27)
FN:536,(anonymous_28)
FN:555,(anonymous_29)
FN:575,(anonymous_30)
FN:613,(anonymous_31)
FN:627,(anonymous_32)
FN:639,(anonymous_33)
FN:653,(anonymous_34)
FN:664,(anonymous_35)
FN:686,(anonymous_36)
FN:713,(anonymous_37)
FN:741,(anonymous_38)
FN:769,(anonymous_39)
FN:797,(anonymous_40)
FN:811,(anonymous_41)
FN:850,(anonymous_42)
FN:885,(anonymous_43)
FN:932,(anonymous_44)
FN:951,(anonymous_45)
FN:970,(anonymous_46)
FN:986,(anonymous_47)
FN:1000,(anonymous_48)
FN:1027,(anonymous_49)
FN:1043,(anonymous_50)
FN:1055,(anonymous_51)
FN:1074,(anonymous_52)
FN:1093,(anonymous_53)
FN:1112,(anonymous_54)
FN:1150,(anonymous_55)
FN:1172,(anonymous_56)
FN:1192,(anonymous_57)
FN:1212,(anonymous_58)
FN:1232,(anonymous_59)
FN:1245,(anonymous_60)
FN:1258,(anonymous_61)
FN:1267,(anonymous_62)
FN:1276,(anonymous_63)
FNF:64
FNH:37
FNDA:1,(anonymous_0)
FNDA:21,(anonymous_1)
FNDA:4,(anonymous_2)
FNDA:6,(anonymous_3)
FNDA:1,(anonymous_4)
FNDA:1,(anonymous_5)
FNDA:12,(anonymous_6)
FNDA:0,(anonymous_7)
FNDA:0,(anonymous_8)
FNDA:1,(anonymous_9)
FNDA:1,(anonymous_10)
FNDA:0,(anonymous_11)
FNDA:0,(anonymous_12)
FNDA:1,(anonymous_13)
FNDA:0,(anonymous_14)
FNDA:0,(anonymous_15)
FNDA:0,(anonymous_16)
FNDA:0,(anonymous_17)
FNDA:0,(anonymous_18)
FNDA:0,(anonymous_19)
FNDA:0,(anonymous_20)
FNDA:0,(anonymous_21)
FNDA:0,(anonymous_22)
FNDA:0,(anonymous_23)
FNDA:0,(anonymous_24)
FNDA:2,(anonymous_25)
FNDA:0,(anonymous_26)
FNDA:0,(anonymous_27)
FNDA:0,(anonymous_28)
FNDA:0,(anonymous_29)
FNDA:2,(anonymous_30)
FNDA:0,(anonymous_31)
FNDA:0,(anonymous_32)
FNDA:0,(anonymous_33)
FNDA:0,(anonymous_34)
FNDA:0,(anonymous_35)
FNDA:1,(anonymous_36)
FNDA:6,(anonymous_37)
FNDA:1,(anonymous_38)
FNDA:1,(anonymous_39)
FNDA:0,(anonymous_40)
FNDA:2,(anonymous_41)
FNDA:2,(anonymous_42)
FNDA:2,(anonymous_43)
FNDA:1,(anonymous_44)
FNDA:1,(anonymous_45)
FNDA:1,(anonymous_46)
FNDA:1,(anonymous_47)
FNDA:2,(anonymous_48)
FNDA:2,(anonymous_49)
FNDA:0,(anonymous_50)
FNDA:1,(anonymous_51)
FNDA:1,(anonymous_52)
FNDA:1,(anonymous_53)
FNDA:8,(anonymous_54)
FNDA:2,(anonymous_55)
FNDA:2,(anonymous_56)
FNDA:2,(anonymous_57)
FNDA:2,(anonymous_58)
FNDA:0,(anonymous_59)
FNDA:2,(anonymous_60)
FNDA:1,(anonymous_61)
FNDA:1,(anonymous_62)
FNDA:1,(anonymous_63)
DA:1,1
DA:2,1
DA:4,1
DA:6,1
DA:8,1
DA:10,1
DA:11,1
DA:12,1
DA:13,1
DA:14,1
DA:15,1
DA:16,1
DA:17,1
DA:18,1
DA:19,1
DA:20,1
DA:22,1
DA:24,1
DA:25,1
DA:27,1
DA:43,1
DA:44,1
DA:45,1
DA:46,1
DA:47,1
DA:48,1
DA:49,1
DA:50,1
DA:51,1
DA:52,1
DA:53,1
DA:54,1
DA:56,1
DA:59,1
DA:60,21
DA:61,21
DA:62,21
DA:67,21
DA:74,21
DA:75,21
DA:76,1
DA:78,20
DA:80,20
DA:86,0
DA:90,1
DA:92,4
DA:93,4
DA:94,4
DA:95,4
DA:98,4
DA:99,2
DA:100,2
DA:101,2
DA:105,2
DA:108,0
DA:109,0
DA:110,0
DA:112,0
DA:115,0
DA:116,0
DA:120,2
DA:121,1
DA:122,1
DA:123,1
DA:124,1
DA:128,0
DA:131,0
DA:135,1
DA:136,6
DA:137,6
DA:140,6
DA:142,6
DA:143,6
DA:145,0
DA:149,1
DA:150,1
DA:151,1
DA:154,1
DA:155,1
DA:157,0
DA:161,1
DA:162,1
DA:163,1
DA:165,1
DA:166,1
DA:168,0
DA:172,1
DA:174,12
DA:175,12
DA:176,12
DA:177,12
DA:185,12
DA:192,12
DA:193,12
DA:194,0
DA:195,0
DA:198,12
DA:199,12
DA:200,12
DA:207,12
DA:213,12
DA:215,12
DA:218,12
DA:220,0
DA:222,0
DA:225,1
DA:227,0
DA:229,0
DA:230,0
DA:231,0
DA:232,0
DA:234,0
DA:237,0
DA:241,1
DA:243,0
DA:245,0
DA:246,0
DA:247,0
DA:248,0
DA:250,0
DA:253,0
DA:257,1
DA:259,1
DA:261,1
DA:262,1
DA:263,1
DA:264,1
DA:265,0
DA:266,0
DA:267,0
DA:269,1
DA:271,1
DA:273,0
DA:277,1
DA:279,1
DA:281,1
DA:282,1
DA:283,1
DA:285,0
DA:289,1
DA:291,0
DA:292,0
DA:293,0
DA:294,0
DA:296,0
DA:297,0
DA:299,0
DA:303,1
DA:305,0
DA:306,0
DA:307,0
DA:308,0
DA:310,0
DA:311,0
DA:313,0
DA:317,1
DA:319,1
DA:320,1
DA:321,1
DA:322,1
DA:324,1
DA:325,1
DA:327,0
DA:331,1
DA:332,0
DA:333,0
DA:334,0
DA:336,0
DA:338,0
DA:339,0
DA:340,0
DA:343,0
DA:345,0
DA:349,1
DA:351,0
DA:352,0
DA:353,0
DA:354,0
DA:355,0
DA:357,0
DA:363,1
DA:365,0
DA:366,0
DA:367,0
DA:368,0
DA:370,0
DA:371,0
DA:373,0
DA:378,1
DA:380,0
DA:381,0
DA:382,0
DA:383,0
DA:385,0
DA:386,0
DA:388,0
DA:392,1
DA:394,0
DA:395,0
DA:396,0
DA:397,0
DA:400,0
DA:401,0
DA:403,0
DA:407,1
DA:409,0
DA:410,0
DA:411,0
DA:412,0
DA:415,0
DA:416,0
DA:418,0
DA:423,1
DA:425,0
DA:426,0
DA:427,0
DA:428,0
DA:432,0
DA:434,0
DA:439,1
DA:441,0
DA:442,0
DA:443,0
DA:444,0
DA:445,0
DA:447,0
DA:451,1
DA:457,0
DA:458,0
DA:464,0
DA:465,0
DA:468,0
DA:469,0
DA:473,1
DA:475,0
DA:476,0
DA:477,0
DA:478,0
DA:479,0
DA:482,0
DA:483,0
DA:485,0
DA:489,1
DA:491,0
DA:492,0
DA:493,0
DA:494,0
DA:495,0
DA:497,0
DA:501,1
DA:503,2
DA:505,2
DA:506,2
DA:507,2
DA:508,2
DA:509,2
DA:511,0
DA:515,1
DA:516,0
DA:517,0
DA:518,0
DA:520,0
DA:524,1
DA:525,0
DA:526,0
DA:527,0
DA:528,0
DA:529,0
DA:531,0
DA:536,1
DA:538,0
DA:539,0
DA:540,0
DA:541,0
DA:542,0
DA:544,0
DA:549,0
DA:551,0
DA:555,1
DA:557,0
DA:558,0
DA:559,0
DA:560,0
DA:561,0
DA:562,0
DA:563,0
DA:565,0
DA:570,0
DA:572,0
DA:575,1
DA:577,2
DA:578,2
DA:579,2
DA:581,2
DA:582,2
DA:583,2
DA:584,4
DA:585,2
DA:586,2
DA:589,2
DA:591,0
DA:592,0
DA:595,2
DA:603,2
DA:605,2
DA:606,2
DA:608,0
DA:613,1
DA:615,0
DA:616,0
DA:617,0
DA:620,0
DA:621,0
DA:623,0
DA:627,1
DA:629,0
DA:630,0
DA:631,0
DA:633,0
DA:635,0
DA:639,1
DA:641,0
DA:642,0
DA:643,0
DA:646,0
DA:647,0
DA:649,0
DA:653,1
DA:655,0
DA:656,0
DA:657,0
DA:658,0
DA:660,0
DA:664,1
DA:666,0
DA:667,0
DA:668,0
DA:671,0
DA:673,0
DA:674,0
DA:675,0
DA:678,0
DA:680,0
DA:682,0
DA:686,1
DA:688,1
DA:689,1
DA:690,1
DA:691,1
DA:699,1
DA:700,1
DA:701,0
DA:703,1
DA:708,0
DA:710,1
DA:713,1
DA:715,6
DA:716,6
DA:717,6
DA:718,6
DA:727,6
DA:728,6
DA:729,0
DA:731,6
DA:736,0
DA:738,6
DA:741,1
DA:743,1
DA:744,1
DA:745,1
DA:746,1
DA:755,1
DA:756,1
DA:757,0
DA:759,1
DA:764,0
DA:766,1
DA:769,1
DA:771,1
DA:772,1
DA:773,1
DA:774,1
DA:783,1
DA:784,1
DA:785,0
DA:787,1
DA:792,0
DA:794,1
DA:797,1
DA:799,0
DA:800,0
DA:801,0
DA:802,0
DA:804,0
DA:806,0
DA:808,0
DA:811,1
DA:813,2
DA:814,2
DA:815,2
DA:816,2
DA:818,2
DA:819,2
DA:820,2
DA:821,2
DA:822,2
DA:823,2
DA:827,2
DA:828,2
DA:829,2
DA:830,2
DA:831,2
DA:832,2
DA:833,2
DA:834,2
DA:835,2
DA:836,2
DA:837,2
DA:838,2
DA:843,2
DA:845,0
DA:847,2
DA:850,1
DA:852,2
DA:859,2
DA:860,2
DA:861,2
DA:863,2
DA:864,2
DA:865,2
DA:872,2
DA:873,0
DA:875,2
DA:880,0
DA:882,2
DA:885,1
DA:887,2
DA:889,2
DA:890,2
DA:891,2
DA:892,2
DA:893,2
DA:894,1
DA:897,1
DA:902,1
DA:908,1
DA:909,0
DA:911,1
DA:918,1
DA:923,1
DA:927,0
DA:929,2
DA:932,1
DA:934,1
DA:935,1
DA:936,1
DA:938,1
DA:939,0
DA:941,1
DA:946,0
DA:948,1
DA:951,1
DA:953,1
DA:954,1
DA:955,1
DA:957,1
DA:958,0
DA:960,1
DA:965,0
DA:967,1
DA:970,1
DA:972,1
DA:974,1
DA:975,1
DA:976,1
DA:977,0
DA:979,1
DA:982,0
DA:986,1
DA:988,1
DA:989,1
DA:990,1
DA:991,1
DA:992,1
DA:993,1
DA:995,0
DA:997,1
DA:1000,1
DA:1002,2
DA:1003,2
DA:1004,2
DA:1005,2
DA:1013,2
DA:1014,2
DA:1015,0
DA:1017,2
DA:1022,0
DA:1024,2
DA:1027,1
DA:1029,2
DA:1031,2
DA:1032,2
DA:1033,2
DA:1034,0
DA:1036,2
DA:1039,0
DA:1043,1
DA:1045,0
DA:1047,0
DA:1048,0
DA:1049,0
DA:1051,0
DA:1055,1
DA:1057,1
DA:1058,1
DA:1059,1
DA:1061,1
DA:1062,0
DA:1064,1
DA:1069,0
DA:1071,1
DA:1074,1
DA:1076,1
DA:1077,1
DA:1078,1
DA:1080,1
DA:1081,0
DA:1083,1
DA:1088,0
DA:1090,1
DA:1093,1
DA:1095,1
DA:1096,1
DA:1097,1
DA:1099,1
DA:1100,0
DA:1102,1
DA:1107,0
DA:1109,1
DA:1112,1
DA:1113,8
DA:1114,8
DA:1116,8
DA:1117,8
DA:1118,8
DA:1119,0
DA:1122,8
DA:1123,8
DA:1124,8
DA:1125,8
DA:1126,8
DA:1127,8
DA:1128,8
DA:1132,8
DA:1133,0
DA:1136,8
DA:1138,8
DA:1139,6
DA:1140,2
DA:1142,2
DA:1144,8
DA:1146,0
DA:1150,1
DA:1151,2
DA:1152,2
DA:1153,0
DA:1154,0
DA:1156,2
DA:1157,2
DA:1159,2
DA:1160,2
DA:1163,2
DA:1165,2
DA:1166,2
DA:1168,0
DA:1172,1
DA:1173,2
DA:1174,2
DA:1175,0
DA:1176,0
DA:1178,2
DA:1179,2
DA:1180,2
DA:1181,2
DA:1184,2
DA:1186,2
DA:1188,0
DA:1192,1
DA:1193,2
DA:1194,2
DA:1195,0
DA:1196,0
DA:1198,2
DA:1199,2
DA:1200,2
DA:1201,2
DA:1204,2
DA:1206,2
DA:1208,0
DA:1212,1
DA:1213,2
DA:1214,2
DA:1215,0
DA:1216,0
DA:1218,2
DA:1219,2
DA:1220,2
DA:1221,2
DA:1224,2
DA:1226,2
DA:1228,0
DA:1232,1
DA:1233,0
DA:1234,0
DA:1235,0
DA:1238,0
DA:1239,0
DA:1241,0
DA:1245,1
DA:1246,2
DA:1247,2
DA:1248,2
DA:1251,2
DA:1252,2
DA:1254,0
DA:1258,1
DA:1259,1
DA:1260,1
DA:1261,1
DA:1263,0
DA:1267,1
DA:1268,1
DA:1269,1
DA:1270,1
DA:1272,0
DA:1276,1
DA:1278,1
DA:1282,1
LF:638
LH:383
BRDA:75,0,0,1
BRDA:75,0,1,20
BRDA:98,1,0,2
BRDA:98,1,1,2
BRDA:105,2,0,0
BRDA:105,2,1,2
BRDA:105,3,0,2
BRDA:105,3,1,1
BRDA:110,4,0,0
BRDA:110,4,1,0
BRDA:120,5,0,1
BRDA:120,5,1,1
BRDA:122,6,0,1
BRDA:122,6,1,0
BRDA:193,7,0,0
BRDA:193,7,1,12
BRDA:231,8,0,0
BRDA:231,8,1,0
BRDA:247,9,0,0
BRDA:247,9,1,0
BRDA:264,10,0,0
BRDA:264,10,1,1
BRDA:338,11,0,0
BRDA:338,11,1,0
BRDA:541,12,0,0
BRDA:541,12,1,0
BRDA:562,13,0,0
BRDA:562,13,1,0
BRDA:584,14,0,2
BRDA:584,14,1,2
BRDA:589,15,0,0
BRDA:589,15,1,2
BRDA:673,16,0,0
BRDA:673,16,1,0
BRDA:700,17,0,0
BRDA:700,17,1,1
BRDA:728,18,0,0
BRDA:728,18,1,6
BRDA:756,19,0,0
BRDA:756,19,1,1
BRDA:784,20,0,0
BRDA:784,20,1,1
BRDA:822,21,0,2
BRDA:822,21,1,0
BRDA:832,22,0,2
BRDA:832,22,1,0
BRDA:872,23,0,0
BRDA:872,23,1,2
BRDA:893,24,0,1
BRDA:893,24,1,1
BRDA:908,25,0,0
BRDA:908,25,1,1
BRDA:938,26,0,0
BRDA:938,26,1,1
BRDA:957,27,0,0
BRDA:957,27,1,1
BRDA:976,28,0,0
BRDA:976,28,1,1
BRDA:1014,29,0,0
BRDA:1014,29,1,2
BRDA:1033,30,0,0
BRDA:1033,30,1,2
BRDA:1061,31,0,0
BRDA:1061,31,1,1
BRDA:1080,32,0,0
BRDA:1080,32,1,1
BRDA:1099,33,0,0
BRDA:1099,33,1,1
BRDA:1118,34,0,0
BRDA:1118,34,1,8
BRDA:1126,35,0,8
BRDA:1126,35,1,0
BRDA:1132,36,0,0
BRDA:1132,36,1,8
BRDA:1138,37,0,6
BRDA:1138,37,1,2
BRDA:1140,38,0,2
BRDA:1140,38,1,0
BRDA:1152,39,0,0
BRDA:1152,39,1,2
BRDA:1174,40,0,0
BRDA:1174,40,1,2
BRDA:1194,41,0,0
BRDA:1194,41,1,2
BRDA:1214,42,0,0
BRDA:1214,42,1,2
BRF:86
BRH:43
end_of_record
