TN:
SF:src/adminTableDatabase.js
FN:4,(anonymous_0)
FN:25,(anonymous_1)
FN:43,(anonymous_2)
FN:62,(anonymous_3)
FN:71,(anonymous_4)
FN:90,(anonymous_5)
FN:102,(anonymous_6)
FN:125,(anonymous_7)
FNF:8
FNH:8
FNDA:1,(anonymous_0)
FNDA:13,(anonymous_1)
FNDA:2,(anonymous_2)
FNDA:1,(anonymous_3)
FNDA:8,(anonymous_4)
FNDA:1,(anonymous_5)
FNDA:2,(anonymous_6)
FNDA:1,(anonymous_7)
DA:1,1
DA:4,1
DA:5,1
DA:6,1
DA:14,1
DA:15,1
DA:18,0
DA:19,0
DA:25,1
DA:26,13
DA:28,13
DA:29,13
DA:30,13
DA:33,12
DA:34,12
DA:37,1
DA:39,1
DA:43,1
DA:44,2
DA:46,2
DA:48,2
DA:49,2
DA:51,2
DA:52,2
DA:53,2
DA:56,0
DA:58,0
DA:62,1
DA:63,1
DA:65,1
DA:66,1
DA:69,1
DA:70,1
DA:71,1
DA:72,8
DA:74,6
DA:75,6
DA:80,1
DA:81,1
DA:84,0
DA:86,0
DA:90,1
DA:91,1
DA:92,1
DA:93,1
DA:94,1
DA:95,1
DA:97,0
DA:102,1
DA:103,2
DA:104,2
DA:106,2
DA:108,2
DA:110,2
DA:111,2
DA:112,1
DA:114,1
DA:116,1
DA:117,1
DA:120,0
DA:122,0
DA:125,1
DA:126,1
DA:127,1
DA:128,1
DA:129,1
DA:132,0
DA:136,1
LF:68
LH:58
BRDA:72,0,0,2
BRDA:72,0,1,6
BRDA:111,1,0,1
BRDA:111,1,1,1
BRF:4
BRH:4
end_of_record
TN:
SF:src/convoTableDatabase.js
FN:4,(anonymous_0)
FN:24,(anonymous_1)
FN:41,(anonymous_2)
FN:60,(anonymous_3)
FN:78,(anonymous_4)
FNF:5
FNH:4
FNDA:0,(anonymous_0)
FNDA:3,(anonymous_1)
FNDA:5,(anonymous_2)
FNDA:2,(anonymous_3)
FNDA:1,(anonymous_4)
DA:1,1
DA:4,1
DA:5,0
DA:6,0
DA:14,0
DA:15,0
DA:18,0
DA:19,0
DA:24,1
DA:25,3
DA:27,3
DA:28,3
DA:29,3
DA:31,3
DA:32,3
DA:35,0
DA:37,0
DA:41,1
DA:42,5
DA:43,5
DA:45,5
DA:46,5
DA:49,5
DA:50,5
DA:52,0
DA:54,0
DA:56,0
DA:60,1
DA:61,2
DA:62,2
DA:64,2
DA:65,2
DA:68,2
DA:69,2
DA:72,0
DA:74,0
DA:78,1
DA:79,1
DA:81,1
DA:83,1
DA:84,1
DA:85,1
DA:87,1
DA:88,1
DA:91,0
DA:93,0
DA:96,1
LF:47
LH:32
BRF:0
BRH:0
end_of_record
TN:
SF:src/groupMemberTableDatabase.js
FN:3,(anonymous_0)
FN:22,(anonymous_1)
FN:38,(anonymous_2)
FN:50,(anonymous_3)
FN:62,(anonymous_4)
FN:74,(anonymous_5)
FN:87,(anonymous_6)
FNF:7
FNH:6
FNDA:0,(anonymous_0)
FNDA:1,(anonymous_1)
FNDA:1,(anonymous_2)
FNDA:1,(anonymous_3)
FNDA:1,(anonymous_4)
FNDA:1,(anonymous_5)
FNDA:1,(anonymous_6)
DA:1,1
DA:3,1
DA:4,0
DA:5,0
DA:13,0
DA:14,0
DA:17,0
DA:18,0
DA:22,1
DA:23,1
DA:24,1
DA:25,1
DA:27,1
DA:28,1
DA:30,1
DA:33,0
DA:34,0
DA:38,1
DA:39,1
DA:40,1
DA:41,1
DA:42,1
DA:45,0
DA:46,0
DA:50,1
DA:51,1
DA:52,1
DA:53,1
DA:54,1
DA:57,0
DA:58,0
DA:62,1
DA:63,1
DA:64,1
DA:65,1
DA:66,1
DA:69,0
DA:70,0
DA:74,1
DA:75,1
DA:76,1
DA:77,1
DA:78,1
DA:79,1
DA:82,0
DA:83,0
DA:87,1
DA:88,1
DA:89,1
DA:90,1
DA:91,1
DA:92,1
DA:93,1
DA:94,2
DA:96,1
DA:99,0
DA:100,0
DA:104,1
LF:58
LH:40
BRF:0
BRH:0
end_of_record
TN:
SF:src/groupTableDatabase.js
FN:4,(anonymous_0)
FN:24,(anonymous_1)
FN:50,(anonymous_2)
FN:92,(anonymous_3)
FN:113,(anonymous_4)
FN:134,(anonymous_5)
FN:163,(anonymous_6)
FN:197,(anonymous_7)
FN:212,(anonymous_8)
FN:227,(anonymous_9)
FN:242,(anonymous_10)
FN:257,(anonymous_11)
FN:273,(anonymous_12)
FN:285,(anonymous_13)
FNF:14
FNH:13
FNDA:0,(anonymous_0)
FNDA:14,(anonymous_1)
FNDA:5,(anonymous_2)
FNDA:1,(anonymous_3)
FNDA:23,(anonymous_4)
FNDA:1,(anonymous_5)
FNDA:4,(anonymous_6)
FNDA:1,(anonymous_7)
FNDA:3,(anonymous_8)
FNDA:1,(anonymous_9)
FNDA:1,(anonymous_10)
FNDA:1,(anonymous_11)
FNDA:1,(anonymous_12)
FNDA:1,(anonymous_13)
DA:1,1
DA:4,1
DA:5,0
DA:6,0
DA:14,0
DA:15,0
DA:18,0
DA:19,0
DA:24,1
DA:25,14
DA:27,14
DA:29,14
DA:31,14
DA:32,14
DA:33,14
DA:35,1
DA:38,13
DA:40,13
DA:41,13
DA:44,0
DA:46,0
DA:50,1
DA:51,5
DA:53,5
DA:54,5
DA:55,5
DA:57,5
DA:58,5
DA:59,5
DA:61,5
DA:64,0
DA:68,5
DA:69,3
DA:70,3
DA:72,3
DA:75,0
DA:79,5
DA:80,3
DA:81,3
DA:83,3
DA:86,0
DA:92,1
DA:93,1
DA:94,1
DA:95,1
DA:97,1
DA:99,1
DA:100,1
DA:101,8
DA:104,1
DA:107,0
DA:109,0
DA:113,1
DA:114,23
DA:115,23
DA:116,23
DA:118,23
DA:120,23
DA:121,23
DA:122,25
DA:125,23
DA:128,0
DA:130,0
DA:134,1
DA:135,1
DA:136,1
DA:137,1
DA:138,1
DA:140,1
DA:142,1
DA:143,1
DA:144,2
DA:145,2
DA:147,2
DA:148,2
DA:149,2
DA:150,2
DA:154,1
DA:157,0
DA:159,0
DA:163,1
DA:164,4
DA:165,4
DA:166,4
DA:167,1
DA:168,3
DA:169,1
DA:170,1
DA:171,2
DA:172,1
DA:174,1
DA:176,4
DA:178,4
DA:180,4
DA:181,4
DA:182,20
DA:184,20
DA:185,20
DA:188,4
DA:191,0
DA:193,0
DA:197,1
DA:198,1
DA:199,1
DA:200,1
DA:202,1
DA:203,1
DA:206,0
DA:208,0
DA:212,1
DA:213,3
DA:214,3
DA:215,3
DA:218,3
DA:221,0
DA:223,0
DA:227,1
DA:228,1
DA:229,1
DA:230,1
DA:232,1
DA:233,1
DA:236,0
DA:238,0
DA:242,1
DA:243,1
DA:244,1
DA:245,1
DA:247,1
DA:248,1
DA:251,0
DA:253,0
DA:257,1
DA:258,1
DA:259,1
DA:260,1
DA:261,1
DA:263,1
DA:264,1
DA:267,0
DA:269,0
DA:273,1
DA:274,1
DA:275,1
DA:276,1
DA:277,1
DA:280,0
DA:282,0
DA:285,1
DA:286,1
DA:289,1
DA:290,1
DA:291,1
DA:294,1
DA:295,1
DA:296,1
DA:299,1
DA:300,1
DA:303,1
DA:304,1
DA:305,1
DA:308,1
DA:309,1
DA:310,1
DA:313,1
DA:316,1
LF:166
LH:135
BRDA:33,0,0,1
BRDA:33,0,1,13
BRDA:57,1,0,5
BRDA:57,1,1,0
BRDA:68,2,0,3
BRDA:68,2,1,2
BRDA:79,3,0,3
BRDA:79,3,1,2
BRDA:148,4,0,2
BRDA:148,4,1,0
BRDA:166,5,0,1
BRDA:166,5,1,3
BRDA:168,6,0,1
BRDA:168,6,1,2
BRDA:171,7,0,1
BRDA:171,7,1,1
BRF:16
BRH:14
end_of_record
TN:
SF:src/invitationTableDatabase.js
FN:4,(anonymous_0)
FN:24,(anonymous_1)
FN:41,(anonymous_2)
FN:59,(anonymous_3)
FN:77,(anonymous_4)
FN:100,(anonymous_5)
FN:116,(anonymous_6)
FNF:7
FNH:5
FNDA:0,(anonymous_0)
FNDA:1,(anonymous_1)
FNDA:1,(anonymous_2)
FNDA:0,(anonymous_3)
FNDA:5,(anonymous_4)
FNDA:1,(anonymous_5)
FNDA:1,(anonymous_6)
DA:1,1
DA:4,1
DA:5,0
DA:6,0
DA:14,0
DA:15,0
DA:18,0
DA:19,0
DA:24,1
DA:25,1
DA:27,1
DA:28,1
DA:32,1
DA:35,0
DA:37,0
DA:41,1
DA:42,1
DA:44,1
DA:45,1
DA:46,1
DA:50,1
DA:53,0
DA:55,0
DA:59,1
DA:60,0
DA:67,0
DA:68,0
DA:69,0
DA:72,0
DA:74,0
DA:77,1
DA:79,5
DA:80,5
DA:82,5
DA:83,5
DA:90,5
DA:91,5
DA:92,5
DA:95,0
DA:97,0
DA:100,1
DA:101,1
DA:104,1
DA:106,1
DA:107,1
DA:108,1
DA:111,0
DA:113,0
DA:116,1
DA:117,1
DA:118,1
DA:121,1
DA:122,1
DA:123,1
DA:126,0
DA:130,1
LF:56
LH:35
BRF:0
BRH:0
end_of_record
TN:
SF:src/messageTableDatabase.js
FN:4,(anonymous_0)
FN:23,(anonymous_1)
FN:47,(anonymous_2)
FN:68,(anonymous_3)
FN:88,(anonymous_4)
FN:108,(anonymous_5)
FN:129,(anonymous_6)
FNF:7
FNH:6
FNDA:0,(anonymous_0)
FNDA:7,(anonymous_1)
FNDA:2,(anonymous_2)
FNDA:2,(anonymous_3)
FNDA:1,(anonymous_4)
FNDA:2,(anonymous_5)
FNDA:1,(anonymous_6)
DA:1,1
DA:4,1
DA:5,0
DA:6,0
DA:14,0
DA:15,0
DA:18,0
DA:19,0
DA:23,1
DA:24,7
DA:25,7
DA:27,7
DA:28,7
DA:30,7
DA:32,7
DA:34,7
DA:35,5
DA:37,2
DA:40,0
DA:41,0
DA:43,0
DA:47,1
DA:49,2
DA:51,2
DA:52,2
DA:54,2
DA:55,2
DA:58,2
DA:59,2
DA:62,0
DA:63,0
DA:65,0
DA:68,1
DA:70,2
DA:71,2
DA:72,2
DA:73,2
DA:75,2
DA:76,2
DA:79,2
DA:80,2
DA:83,0
DA:85,0
DA:88,1
DA:90,1
DA:92,1
DA:93,1
DA:95,1
DA:96,1
DA:99,1
DA:100,1
DA:103,0
DA:105,0
DA:108,1
DA:110,2
DA:112,2
DA:113,2
DA:115,2
DA:116,2
DA:119,2
DA:120,2
DA:123,0
DA:125,0
DA:129,1
DA:130,1
DA:133,1
DA:134,1
DA:136,1
DA:138,1
DA:139,1
DA:141,1
DA:144,1
DA:145,1
DA:148,0
DA:150,0
DA:153,1
LF:76
LH:56
BRDA:34,0,0,5
BRDA:34,0,1,2
BRF:2
BRH:2
end_of_record
TN:
SF:src/notificationTableDatabase.js
FN:4,(anonymous_0)
FN:24,(anonymous_1)
FN:42,(anonymous_2)
FNF:3
FNH:2
FNDA:0,(anonymous_0)
FNDA:2,(anonymous_1)
FNDA:1,(anonymous_2)
DA:1,1
DA:4,1
DA:5,0
DA:6,0
DA:14,0
DA:15,0
DA:18,0
DA:19,0
DA:24,1
DA:25,2
DA:26,2
DA:28,2
DA:29,2
DA:30,2
DA:32,2
DA:33,2
DA:36,0
DA:38,0
DA:42,1
DA:43,1
DA:45,1
DA:46,1
DA:49,1
DA:51,1
DA:52,1
DA:54,1
DA:57,0
DA:59,0
DA:62,1
LF:29
LH:19
BRF:0
BRH:0
end_of_record
TN:
SF:src/postCommentsTableDatabase.js
FN:4,(anonymous_0)
FN:23,(anonymous_1)
FN:38,(anonymous_2)
FNF:3
FNH:2
FNDA:0,(anonymous_0)
FNDA:1,(anonymous_1)
FNDA:2,(anonymous_2)
DA:1,1
DA:4,1
DA:5,0
DA:6,0
DA:14,0
DA:15,0
DA:18,0
DA:19,0
DA:23,1
DA:24,1
DA:26,1
DA:29,1
DA:30,1
DA:33,0
DA:34,0
DA:38,1
DA:40,2
DA:41,2
DA:43,2
DA:44,2
DA:45,2
DA:47,2
DA:50,2
DA:51,2
DA:52,2
DA:53,2
DA:56,0
DA:57,0
DA:61,1
LF:29
LH:19
BRF:0
BRH:0
end_of_record
TN:
SF:src/postTableDatabase.js
FN:4,(anonymous_0)
FN:24,(anonymous_1)
FN:40,(anonymous_2)
FN:52,(anonymous_3)
FN:72,(anonymous_4)
FN:92,(anonymous_5)
FN:112,(anonymous_6)
FN:133,(anonymous_7)
FN:155,(anonymous_8)
FN:171,(anonymous_9)
FN:190,(anonymous_10)
FN:208,(anonymous_11)
FN:226,(anonymous_12)
FN:242,(anonymous_13)
FN:258,(anonymous_14)
FN:270,(anonymous_15)
FNF:16
FNH:15
FNDA:0,(anonymous_0)
FNDA:1,(anonymous_1)
FNDA:12,(anonymous_2)
FNDA:1,(anonymous_3)
FNDA:1,(anonymous_4)
FNDA:1,(anonymous_5)
FNDA:9,(anonymous_6)
FNDA:3,(anonymous_7)
FNDA:1,(anonymous_8)
FNDA:1,(anonymous_9)
FNDA:1,(anonymous_10)
FNDA:1,(anonymous_11)
FNDA:1,(anonymous_12)
FNDA:1,(anonymous_13)
FNDA:1,(anonymous_14)
FNDA:1,(anonymous_15)
DA:1,1
DA:4,1
DA:5,0
DA:6,0
DA:14,0
DA:15,0
DA:18,0
DA:19,0
DA:24,1
DA:25,1
DA:27,1
DA:30,1
DA:32,1
DA:35,0
DA:36,0
DA:40,1
DA:41,12
DA:42,12
DA:43,12
DA:46,0
DA:48,12
DA:52,1
DA:53,1
DA:55,1
DA:57,1
DA:58,1
DA:60,1
DA:62,1
DA:64,1
DA:67,0
DA:69,0
DA:72,1
DA:73,1
DA:75,1
DA:77,1
DA:78,1
DA:80,1
DA:82,1
DA:84,1
DA:87,0
DA:89,0
DA:92,1
DA:93,1
DA:94,1
DA:95,1
DA:97,1
DA:98,1
DA:100,1
DA:102,1
DA:104,1
DA:107,0
DA:109,0
DA:112,1
DA:113,9
DA:115,9
DA:117,9
DA:118,9
DA:120,9
DA:122,9
DA:124,9
DA:127,0
DA:129,0
DA:133,1
DA:134,3
DA:136,3
DA:138,3
DA:139,3
DA:141,3
DA:143,3
DA:144,3
DA:146,3
DA:149,0
DA:151,0
DA:155,1
DA:156,1
DA:158,1
DA:160,1
DA:161,1
DA:162,1
DA:163,1
DA:166,0
DA:168,0
DA:171,1
DA:172,1
DA:174,1
DA:176,1
DA:177,1
DA:179,1
DA:181,1
DA:184,0
DA:186,0
DA:190,1
DA:191,1
DA:193,1
DA:195,1
DA:196,1
DA:198,1
DA:199,1
DA:202,0
DA:204,0
DA:208,1
DA:209,1
DA:211,1
DA:213,1
DA:214,1
DA:216,1
DA:217,1
DA:220,0
DA:222,0
DA:226,1
DA:227,1
DA:228,1
DA:230,1
DA:232,1
DA:233,1
DA:236,0
DA:238,0
DA:242,1
DA:243,1
DA:244,1
DA:246,1
DA:248,1
DA:249,1
DA:252,0
DA:254,0
DA:258,1
DA:259,1
DA:260,1
DA:261,1
DA:262,1
DA:265,0
DA:267,0
DA:270,1
DA:271,1
DA:274,1
DA:275,1
DA:276,1
DA:279,1
DA:280,1
DA:281,1
DA:284,1
DA:285,1
DA:286,1
DA:289,1
DA:290,1
DA:291,1
DA:294,1
DA:297,1
LF:148
LH:115
BRF:0
BRH:0
end_of_record
TN:
SF:src/profileTableDatabase.js
FN:4,(anonymous_0)
FN:24,(anonymous_1)
FN:41,(anonymous_2)
FN:56,(anonymous_3)
FN:71,(anonymous_4)
FN:87,(anonymous_5)
FN:102,(anonymous_6)
FN:118,(anonymous_7)
FNF:8
FNH:7
FNDA:0,(anonymous_0)
FNDA:7,(anonymous_1)
FNDA:1,(anonymous_2)
FNDA:1,(anonymous_3)
FNDA:1,(anonymous_4)
FNDA:1,(anonymous_5)
FNDA:1,(anonymous_6)
FNDA:1,(anonymous_7)
DA:1,1
DA:4,1
DA:5,0
DA:6,0
DA:14,0
DA:15,0
DA:18,0
DA:19,0
DA:24,1
DA:25,7
DA:26,7
DA:28,7
DA:29,7
DA:31,7
DA:32,7
DA:35,0
DA:37,0
DA:41,1
DA:42,1
DA:43,1
DA:44,1
DA:46,1
DA:47,1
DA:50,0
DA:52,0
DA:56,1
DA:57,1
DA:58,1
DA:59,1
DA:61,1
DA:62,1
DA:65,0
DA:67,0
DA:71,1
DA:72,1
DA:73,1
DA:74,1
DA:76,1
DA:77,1
DA:80,0
DA:82,0
DA:87,1
DA:88,1
DA:89,1
DA:90,1
DA:92,1
DA:93,1
DA:96,0
DA:98,0
DA:102,1
DA:103,1
DA:104,1
DA:105,1
DA:106,1
DA:108,1
DA:109,1
DA:112,0
DA:114,0
DA:118,1
DA:119,1
DA:120,1
DA:121,1
DA:122,1
DA:124,1
DA:125,1
DA:128,0
DA:130,0
DA:133,1
LF:68
LH:48
BRF:0
BRH:0
end_of_record
TN:
SF:src/replyTableDatabase.js
FN:4,(anonymous_0)
FN:24,(anonymous_1)
FN:42,(anonymous_2)
FN:60,(anonymous_3)
FN:78,(anonymous_4)
FN:95,(anonymous_5)
FN:113,(anonymous_6)
FN:129,(anonymous_7)
FNF:8
FNH:7
FNDA:0,(anonymous_0)
FNDA:6,(anonymous_1)
FNDA:1,(anonymous_2)
FNDA:1,(anonymous_3)
FNDA:1,(anonymous_4)
FNDA:1,(anonymous_5)
FNDA:1,(anonymous_6)
FNDA:1,(anonymous_7)
DA:1,1
DA:4,1
DA:5,0
DA:6,0
DA:14,0
DA:15,0
DA:18,0
DA:19,0
DA:24,1
DA:25,6
DA:27,6
DA:29,6
DA:30,6
DA:32,6
DA:33,6
DA:36,0
DA:38,0
DA:42,1
DA:43,1
DA:45,1
DA:47,1
DA:48,1
DA:50,1
DA:51,1
DA:54,0
DA:56,0
DA:60,1
DA:61,1
DA:63,1
DA:65,1
DA:66,1
DA:68,1
DA:69,1
DA:72,0
DA:74,0
DA:78,1
DA:79,1
DA:81,1
DA:83,1
DA:84,1
DA:86,1
DA:87,1
DA:90,0
DA:92,0
DA:95,1
DA:96,1
DA:98,1
DA:100,1
DA:101,1
DA:103,1
DA:104,1
DA:107,0
DA:109,0
DA:113,1
DA:114,1
DA:115,1
DA:117,1
DA:119,1
DA:120,1
DA:123,0
DA:125,0
DA:129,1
DA:130,1
DA:131,1
DA:132,1
DA:133,1
DA:136,0
DA:138,0
DA:141,1
LF:69
LH:49
BRF:0
BRH:0
end_of_record
TN:
SF:src/userTableDatabase.js
FN:4,(anonymous_0)
FN:24,(anonymous_1)
FN:51,(anonymous_2)
FN:66,(anonymous_3)
FN:83,(anonymous_4)
FN:98,(anonymous_5)
FN:113,(anonymous_6)
FN:136,(anonymous_7)
FN:148,(anonymous_8)
FN:163,(anonymous_9)
FNF:10
FNH:9
FNDA:0,(anonymous_0)
FNDA:10,(anonymous_1)
FNDA:1,(anonymous_2)
FNDA:1,(anonymous_3)
FNDA:1,(anonymous_4)
FNDA:1,(anonymous_5)
FNDA:1,(anonymous_6)
FNDA:1,(anonymous_7)
FNDA:2,(anonymous_8)
FNDA:1,(anonymous_9)
DA:1,1
DA:4,1
DA:5,0
DA:6,0
DA:14,0
DA:15,0
DA:18,0
DA:19,0
DA:24,1
DA:25,10
DA:27,10
DA:29,10
DA:30,10
DA:32,10
DA:33,10
DA:34,10
DA:36,1
DA:39,9
DA:41,9
DA:42,9
DA:45,0
DA:47,0
DA:51,1
DA:52,1
DA:53,1
DA:54,1
DA:56,1
DA:57,1
DA:60,0
DA:62,0
DA:66,1
DA:67,1
DA:69,1
DA:70,1
DA:71,1
DA:73,1
DA:74,1
DA:77,0
DA:79,0
DA:83,1
DA:84,1
DA:85,1
DA:86,1
DA:88,1
DA:89,1
DA:92,0
DA:94,0
DA:98,1
DA:99,1
DA:100,1
DA:101,1
DA:103,1
DA:104,1
DA:107,0
DA:109,0
DA:113,1
DA:114,1
DA:117,1
DA:118,1
DA:120,1
DA:122,1
DA:123,1
DA:125,1
DA:126,1
DA:129,0
DA:130,0
DA:132,0
DA:136,1
DA:137,1
DA:138,1
DA:139,1
DA:140,1
DA:143,0
DA:145,0
DA:148,1
DA:149,2
DA:150,2
DA:151,2
DA:152,2
DA:153,2
DA:154,2
DA:155,2
DA:157,0
DA:158,0
DA:160,0
DA:163,1
DA:164,1
DA:165,1
DA:166,1
DA:167,1
DA:168,1
DA:169,1
DA:171,0
DA:172,0
DA:174,0
DA:177,1
LF:96
LH:69
BRDA:34,0,0,1
BRDA:34,0,1,9
BRF:2
BRH:2
end_of_record
