{"/Users/mcleesm/Desktop/Senior Year/Fall 2021/CIS 557/project/src/frontend/src/DatabaseModule.js": {"path":"/Users/mcleesm/Desktop/Senior Year/Fall 2021/CIS 557/project/src/frontend/src/DatabaseModule.js","statementMap":{"0":{"start":{"line":1,"column":24},"end":{"line":19,"column":1}},"1":{"start":{"line":2,"column":2},"end":{"line":2,"column":93}},"2":{"start":{"line":3,"column":2},"end":{"line":18,"column":3}},"3":{"start":{"line":4,"column":16},"end":{"line":11,"column":31}},"4":{"start":{"line":10,"column":26},"end":{"line":10,"column":41}},"5":{"start":{"line":11,"column":24},"end":{"line":11,"column":30}},"6":{"start":{"line":12,"column":4},"end":{"line":12,"column":21}},"7":{"start":{"line":13,"column":4},"end":{"line":13,"column":15}},"8":{"start":{"line":16,"column":4},"end":{"line":16,"column":25}},"9":{"start":{"line":17,"column":4},"end":{"line":17,"column":16}},"10":{"start":{"line":21,"column":30},"end":{"line":39,"column":1}},"11":{"start":{"line":22,"column":2},"end":{"line":22,"column":93}},"12":{"start":{"line":23,"column":2},"end":{"line":38,"column":3}},"13":{"start":{"line":24,"column":16},"end":{"line":31,"column":31}},"14":{"start":{"line":30,"column":26},"end":{"line":30,"column":41}},"15":{"start":{"line":31,"column":24},"end":{"line":31,"column":30}},"16":{"start":{"line":33,"column":4},"end":{"line":33,"column":15}},"17":{"start":{"line":36,"column":4},"end":{"line":36,"column":21}},"18":{"start":{"line":37,"column":4},"end":{"line":37,"column":16}},"19":{"start":{"line":41,"column":23},"end":{"line":59,"column":1}},"20":{"start":{"line":42,"column":2},"end":{"line":58,"column":3}},"21":{"start":{"line":43,"column":4},"end":{"line":43,"column":59}},"22":{"start":{"line":44,"column":16},"end":{"line":51,"column":31}},"23":{"start":{"line":50,"column":26},"end":{"line":50,"column":41}},"24":{"start":{"line":51,"column":24},"end":{"line":51,"column":30}},"25":{"start":{"line":53,"column":4},"end":{"line":53,"column":15}},"26":{"start":{"line":56,"column":4},"end":{"line":56,"column":25}},"27":{"start":{"line":57,"column":4},"end":{"line":57,"column":16}},"28":{"start":{"line":61,"column":23},"end":{"line":81,"column":1}},"29":{"start":{"line":62,"column":2},"end":{"line":80,"column":3}},"30":{"start":{"line":63,"column":4},"end":{"line":63,"column":83}},"31":{"start":{"line":64,"column":20},"end":{"line":64,"column":90}},"32":{"start":{"line":65,"column":16},"end":{"line":72,"column":31}},"33":{"start":{"line":71,"column":26},"end":{"line":71,"column":41}},"34":{"start":{"line":72,"column":24},"end":{"line":72,"column":30}},"35":{"start":{"line":73,"column":4},"end":{"line":73,"column":15}},"36":{"start":{"line":76,"column":4},"end":{"line":76,"column":59}},"37":{"start":{"line":78,"column":4},"end":{"line":78,"column":21}},"38":{"start":{"line":79,"column":4},"end":{"line":79,"column":16}},"39":{"start":{"line":83,"column":26},"end":{"line":101,"column":1}},"40":{"start":{"line":84,"column":2},"end":{"line":100,"column":3}},"41":{"start":{"line":85,"column":4},"end":{"line":85,"column":62}},"42":{"start":{"line":86,"column":16},"end":{"line":92,"column":31}},"43":{"start":{"line":91,"column":26},"end":{"line":91,"column":41}},"44":{"start":{"line":92,"column":24},"end":{"line":92,"column":30}},"45":{"start":{"line":93,"column":4},"end":{"line":93,"column":15}},"46":{"start":{"line":96,"column":4},"end":{"line":96,"column":42}},"47":{"start":{"line":98,"column":4},"end":{"line":98,"column":21}},"48":{"start":{"line":99,"column":4},"end":{"line":99,"column":16}},"49":{"start":{"line":103,"column":32},"end":{"line":120,"column":1}},"50":{"start":{"line":104,"column":2},"end":{"line":119,"column":3}},"51":{"start":{"line":105,"column":4},"end":{"line":105,"column":68}},"52":{"start":{"line":106,"column":16},"end":{"line":113,"column":31}},"53":{"start":{"line":112,"column":26},"end":{"line":112,"column":41}},"54":{"start":{"line":113,"column":24},"end":{"line":113,"column":30}},"55":{"start":{"line":114,"column":4},"end":{"line":114,"column":15}},"56":{"start":{"line":117,"column":4},"end":{"line":117,"column":25}},"57":{"start":{"line":118,"column":4},"end":{"line":118,"column":16}},"58":{"start":{"line":122,"column":29},"end":{"line":133,"column":1}},"59":{"start":{"line":123,"column":2},"end":{"line":132,"column":3}},"60":{"start":{"line":124,"column":16},"end":{"line":126,"column":31}},"61":{"start":{"line":125,"column":26},"end":{"line":125,"column":41}},"62":{"start":{"line":126,"column":24},"end":{"line":126,"column":30}},"63":{"start":{"line":127,"column":4},"end":{"line":127,"column":15}},"64":{"start":{"line":130,"column":4},"end":{"line":130,"column":25}},"65":{"start":{"line":131,"column":4},"end":{"line":131,"column":16}},"66":{"start":{"line":135,"column":0},"end":{"line":143,"column":2}}},"fnMap":{"0":{"name":"sendPostRequest","decl":{"start":{"line":1,"column":39},"end":{"line":1,"column":54}},"loc":{"start":{"line":1,"column":66},"end":{"line":19,"column":1}},"line":1},"1":{"name":"(anonymous_1)","decl":{"start":{"line":10,"column":12},"end":{"line":10,"column":13}},"loc":{"start":{"line":10,"column":26},"end":{"line":10,"column":41}},"line":10},"2":{"name":"(anonymous_2)","decl":{"start":{"line":11,"column":12},"end":{"line":11,"column":13}},"loc":{"start":{"line":11,"column":24},"end":{"line":11,"column":30}},"line":11},"3":{"name":"sendUploadPostRequest","decl":{"start":{"line":21,"column":45},"end":{"line":21,"column":66}},"loc":{"start":{"line":21,"column":78},"end":{"line":39,"column":1}},"line":21},"4":{"name":"(anonymous_4)","decl":{"start":{"line":30,"column":12},"end":{"line":30,"column":13}},"loc":{"start":{"line":30,"column":26},"end":{"line":30,"column":41}},"line":30},"5":{"name":"(anonymous_5)","decl":{"start":{"line":31,"column":12},"end":{"line":31,"column":13}},"loc":{"start":{"line":31,"column":24},"end":{"line":31,"column":30}},"line":31},"6":{"name":"sendPutRequest","decl":{"start":{"line":41,"column":38},"end":{"line":41,"column":52}},"loc":{"start":{"line":41,"column":64},"end":{"line":59,"column":1}},"line":41},"7":{"name":"(anonymous_7)","decl":{"start":{"line":50,"column":12},"end":{"line":50,"column":13}},"loc":{"start":{"line":50,"column":26},"end":{"line":50,"column":41}},"line":50},"8":{"name":"(anonymous_8)","decl":{"start":{"line":51,"column":12},"end":{"line":51,"column":13}},"loc":{"start":{"line":51,"column":24},"end":{"line":51,"column":30}},"line":51},"9":{"name":"sendGetRequest","decl":{"start":{"line":61,"column":38},"end":{"line":61,"column":52}},"loc":{"start":{"line":61,"column":66},"end":{"line":81,"column":1}},"line":61},"10":{"name":"(anonymous_10)","decl":{"start":{"line":71,"column":12},"end":{"line":71,"column":13}},"loc":{"start":{"line":71,"column":26},"end":{"line":71,"column":41}},"line":71},"11":{"name":"(anonymous_11)","decl":{"start":{"line":72,"column":12},"end":{"line":72,"column":13}},"loc":{"start":{"line":72,"column":24},"end":{"line":72,"column":30}},"line":72},"12":{"name":"sendDeleteRequest","decl":{"start":{"line":83,"column":41},"end":{"line":83,"column":58}},"loc":{"start":{"line":83,"column":64},"end":{"line":101,"column":1}},"line":83},"13":{"name":"(anonymous_13)","decl":{"start":{"line":91,"column":12},"end":{"line":91,"column":13}},"loc":{"start":{"line":91,"column":26},"end":{"line":91,"column":41}},"line":91},"14":{"name":"(anonymous_14)","decl":{"start":{"line":92,"column":12},"end":{"line":92,"column":13}},"loc":{"start":{"line":92,"column":24},"end":{"line":92,"column":30}},"line":92},"15":{"name":"sendBodiedDeleteRequest","decl":{"start":{"line":103,"column":47},"end":{"line":103,"column":70}},"loc":{"start":{"line":103,"column":82},"end":{"line":120,"column":1}},"line":103},"16":{"name":"(anonymous_16)","decl":{"start":{"line":112,"column":12},"end":{"line":112,"column":13}},"loc":{"start":{"line":112,"column":26},"end":{"line":112,"column":41}},"line":112},"17":{"name":"(anonymous_17)","decl":{"start":{"line":113,"column":12},"end":{"line":113,"column":13}},"loc":{"start":{"line":113,"column":24},"end":{"line":113,"column":30}},"line":113},"18":{"name":"sendGetGroupsRequest","decl":{"start":{"line":122,"column":44},"end":{"line":122,"column":64}},"loc":{"start":{"line":122,"column":70},"end":{"line":133,"column":1}},"line":122},"19":{"name":"(anonymous_19)","decl":{"start":{"line":125,"column":12},"end":{"line":125,"column":13}},"loc":{"start":{"line":125,"column":26},"end":{"line":125,"column":41}},"line":125},"20":{"name":"(anonymous_20)","decl":{"start":{"line":126,"column":12},"end":{"line":126,"column":13}},"loc":{"start":{"line":126,"column":24},"end":{"line":126,"column":30}},"line":126}},"branchMap":{"0":{"loc":{"start":{"line":64,"column":27},"end":{"line":64,"column":89}},"type":"cond-expr","locations":[{"start":{"line":64,"column":59},"end":{"line":64,"column":84}},{"start":{"line":64,"column":87},"end":{"line":64,"column":89}}],"line":64}},"s":{"0":14,"1":0,"2":0,"3":0,"4":0,"5":0,"6":0,"7":0,"8":0,"9":0,"10":14,"11":0,"12":0,"13":0,"14":0,"15":0,"16":0,"17":0,"18":0,"19":14,"20":0,"21":0,"22":0,"23":0,"24":0,"25":0,"26":0,"27":0,"28":14,"29":8,"30":8,"31":8,"32":8,"33":0,"34":0,"35":0,"36":0,"37":0,"38":0,"39":14,"40":0,"41":0,"42":0,"43":0,"44":0,"45":0,"46":0,"47":0,"48":0,"49":14,"50":0,"51":0,"52":0,"53":0,"54":0,"55":0,"56":0,"57":0,"58":14,"59":3,"60":3,"61":0,"62":0,"63":0,"64":0,"65":0,"66":14},"f":{"0":0,"1":0,"2":0,"3":0,"4":0,"5":0,"6":0,"7":0,"8":0,"9":8,"10":0,"11":0,"12":0,"13":0,"14":0,"15":0,"16":0,"17":0,"18":3,"19":0,"20":0},"b":{"0":[0,8]},"_coverageSchema":"1a1c01bbd47fc00a2c39e90264f33305004495a9","hash":"636c4f19f09475fc9d68f4cfa0600a4716bdaed9"}
,"/Users/mcleesm/Desktop/Senior Year/Fall 2021/CIS 557/project/src/frontend/src/analytics-page/AnalyticsPage.js": {"path":"/Users/mcleesm/Desktop/Senior Year/Fall 2021/CIS 557/project/src/frontend/src/analytics-page/AnalyticsPage.js","statementMap":{"0":{"start":{"line":4,"column":12},"end":{"line":4,"column":40}},"1":{"start":{"line":6,"column":20},"end":{"line":12,"column":1}},"2":{"start":{"line":7,"column":24},"end":{"line":7,"column":58}},"3":{"start":{"line":8,"column":2},"end":{"line":8,"column":31}},"4":{"start":{"line":10,"column":23},"end":{"line":10,"column":56}},"5":{"start":{"line":11,"column":2},"end":{"line":11,"column":29}},"6":{"start":{"line":15,"column":33},"end":{"line":15,"column":38}},"7":{"start":{"line":16,"column":38},"end":{"line":16,"column":50}},"8":{"start":{"line":17,"column":36},"end":{"line":17,"column":48}},"9":{"start":{"line":19,"column":2},"end":{"line":21,"column":9}},"10":{"start":{"line":20,"column":4},"end":{"line":20,"column":45}},"11":{"start":{"line":23,"column":2},"end":{"line":75,"column":4}},"12":{"start":{"line":35,"column":50},"end":{"line":35,"column":80}},"13":{"start":{"line":35,"column":99},"end":{"line":35,"column":129}},"14":{"start":{"line":36,"column":53},"end":{"line":36,"column":86}},"15":{"start":{"line":36,"column":105},"end":{"line":36,"column":138}},"16":{"start":{"line":42,"column":73},"end":{"line":42,"column":112}},"17":{"start":{"line":43,"column":66},"end":{"line":43,"column":101}},"18":{"start":{"line":44,"column":66},"end":{"line":44,"column":98}},"19":{"start":{"line":45,"column":71},"end":{"line":45,"column":108}},"20":{"start":{"line":54,"column":12},"end":{"line":56,"column":18}},"21":{"start":{"line":63,"column":12},"end":{"line":65,"column":18}},"22":{"start":{"line":70,"column":68},"end":{"line":70,"column":102}}},"fnMap":{"0":{"name":"(anonymous_0)","decl":{"start":{"line":6,"column":20},"end":{"line":6,"column":21}},"loc":{"start":{"line":6,"column":59},"end":{"line":12,"column":1}},"line":6},"1":{"name":"AnalyticsPage","decl":{"start":{"line":14,"column":9},"end":{"line":14,"column":22}},"loc":{"start":{"line":14,"column":30},"end":{"line":76,"column":1}},"line":14},"2":{"name":"(anonymous_2)","decl":{"start":{"line":19,"column":12},"end":{"line":19,"column":13}},"loc":{"start":{"line":19,"column":18},"end":{"line":21,"column":3}},"line":19},"3":{"name":"(anonymous_3)","decl":{"start":{"line":35,"column":44},"end":{"line":35,"column":45}},"loc":{"start":{"line":35,"column":50},"end":{"line":35,"column":80}},"line":35},"4":{"name":"(anonymous_4)","decl":{"start":{"line":35,"column":93},"end":{"line":35,"column":94}},"loc":{"start":{"line":35,"column":99},"end":{"line":35,"column":129}},"line":35},"5":{"name":"(anonymous_5)","decl":{"start":{"line":36,"column":47},"end":{"line":36,"column":48}},"loc":{"start":{"line":36,"column":53},"end":{"line":36,"column":86}},"line":36},"6":{"name":"(anonymous_6)","decl":{"start":{"line":36,"column":99},"end":{"line":36,"column":100}},"loc":{"start":{"line":36,"column":105},"end":{"line":36,"column":138}},"line":36},"7":{"name":"(anonymous_7)","decl":{"start":{"line":42,"column":67},"end":{"line":42,"column":68}},"loc":{"start":{"line":42,"column":73},"end":{"line":42,"column":112}},"line":42},"8":{"name":"(anonymous_8)","decl":{"start":{"line":43,"column":60},"end":{"line":43,"column":61}},"loc":{"start":{"line":43,"column":66},"end":{"line":43,"column":101}},"line":43},"9":{"name":"(anonymous_9)","decl":{"start":{"line":44,"column":60},"end":{"line":44,"column":61}},"loc":{"start":{"line":44,"column":66},"end":{"line":44,"column":98}},"line":44},"10":{"name":"(anonymous_10)","decl":{"start":{"line":45,"column":65},"end":{"line":45,"column":66}},"loc":{"start":{"line":45,"column":71},"end":{"line":45,"column":108}},"line":45},"11":{"name":"(anonymous_11)","decl":{"start":{"line":53,"column":26},"end":{"line":53,"column":27}},"loc":{"start":{"line":54,"column":12},"end":{"line":56,"column":18}},"line":54},"12":{"name":"(anonymous_12)","decl":{"start":{"line":62,"column":25},"end":{"line":62,"column":26}},"loc":{"start":{"line":63,"column":12},"end":{"line":65,"column":18}},"line":63},"13":{"name":"(anonymous_13)","decl":{"start":{"line":70,"column":62},"end":{"line":70,"column":63}},"loc":{"start":{"line":70,"column":68},"end":{"line":70,"column":102}},"line":70}},"branchMap":{},"s":{"0":2,"1":2,"2":0,"3":0,"4":0,"5":0,"6":1,"7":1,"8":1,"9":1,"10":0,"11":1,"12":0,"13":0,"14":0,"15":0,"16":0,"17":0,"18":0,"19":0,"20":0,"21":0,"22":0},"f":{"0":0,"1":1,"2":0,"3":0,"4":0,"5":0,"6":0,"7":0,"8":0,"9":0,"10":0,"11":0,"12":0,"13":0},"b":{},"_coverageSchema":"1a1c01bbd47fc00a2c39e90264f33305004495a9","hash":"c1c4baad4a73c83b0ca4d42b8a230b3715d4599a"}
,"/Users/mcleesm/Desktop/Senior Year/Fall 2021/CIS 557/project/src/frontend/src/conversation-page/Conversation.js": {"path":"/Users/mcleesm/Desktop/Senior Year/Fall 2021/CIS 557/project/src/frontend/src/conversation-page/Conversation.js","statementMap":{"0":{"start":{"line":6,"column":33},"end":{"line":6,"column":38}},"1":{"start":{"line":8,"column":37},"end":{"line":8,"column":53}},"2":{"start":{"line":11,"column":32},"end":{"line":11,"column":44}},"3":{"start":{"line":13,"column":22},"end":{"line":19,"column":3}},"4":{"start":{"line":14,"column":17},"end":{"line":14,"column":71}},"5":{"start":{"line":16,"column":4},"end":{"line":16,"column":21}},"6":{"start":{"line":17,"column":4},"end":{"line":17,"column":38}},"7":{"start":{"line":18,"column":4},"end":{"line":18,"column":103}},"8":{"start":{"line":21,"column":28},"end":{"line":47,"column":3}},"9":{"start":{"line":22,"column":4},"end":{"line":27,"column":5}},"10":{"start":{"line":23,"column":6},"end":{"line":23,"column":26}},"11":{"start":{"line":24,"column":6},"end":{"line":26,"column":8}},"12":{"start":{"line":28,"column":4},"end":{"line":33,"column":5}},"13":{"start":{"line":29,"column":6},"end":{"line":29,"column":27}},"14":{"start":{"line":30,"column":6},"end":{"line":32,"column":8}},"15":{"start":{"line":34,"column":4},"end":{"line":39,"column":5}},"16":{"start":{"line":35,"column":6},"end":{"line":35,"column":27}},"17":{"start":{"line":36,"column":6},"end":{"line":38,"column":8}},"18":{"start":{"line":40,"column":4},"end":{"line":45,"column":5}},"19":{"start":{"line":41,"column":6},"end":{"line":41,"column":27}},"20":{"start":{"line":42,"column":6},"end":{"line":44,"column":8}},"21":{"start":{"line":46,"column":4},"end":{"line":46,"column":16}},"22":{"start":{"line":49,"column":2},"end":{"line":49,"column":42}},"23":{"start":{"line":49,"column":20},"end":{"line":49,"column":34}},"24":{"start":{"line":51,"column":2},"end":{"line":112,"column":4}},"25":{"start":{"line":62,"column":50},"end":{"line":62,"column":80}},"26":{"start":{"line":62,"column":99},"end":{"line":62,"column":129}},"27":{"start":{"line":63,"column":53},"end":{"line":63,"column":86}},"28":{"start":{"line":63,"column":105},"end":{"line":63,"column":138}},"29":{"start":{"line":69,"column":73},"end":{"line":69,"column":112}},"30":{"start":{"line":71,"column":66},"end":{"line":71,"column":98}},"31":{"start":{"line":72,"column":71},"end":{"line":72,"column":108}},"32":{"start":{"line":85,"column":81},"end":{"line":85,"column":103}},"33":{"start":{"line":89,"column":82},"end":{"line":89,"column":105}},"34":{"start":{"line":93,"column":82},"end":{"line":93,"column":105}},"35":{"start":{"line":97,"column":82},"end":{"line":97,"column":105}},"36":{"start":{"line":102,"column":68},"end":{"line":102,"column":122}},"37":{"start":{"line":107,"column":68},"end":{"line":107,"column":102}}},"fnMap":{"0":{"name":"Conversation","decl":{"start":{"line":5,"column":9},"end":{"line":5,"column":21}},"loc":{"start":{"line":5,"column":29},"end":{"line":113,"column":1}},"line":5},"1":{"name":"(anonymous_1)","decl":{"start":{"line":13,"column":22},"end":{"line":13,"column":23}},"loc":{"start":{"line":13,"column":34},"end":{"line":19,"column":3}},"line":13},"2":{"name":"(anonymous_2)","decl":{"start":{"line":21,"column":28},"end":{"line":21,"column":29}},"loc":{"start":{"line":21,"column":34},"end":{"line":47,"column":3}},"line":21},"3":{"name":"(anonymous_3)","decl":{"start":{"line":49,"column":12},"end":{"line":49,"column":13}},"loc":{"start":{"line":49,"column":18},"end":{"line":49,"column":36}},"line":49},"4":{"name":"(anonymous_4)","decl":{"start":{"line":62,"column":44},"end":{"line":62,"column":45}},"loc":{"start":{"line":62,"column":50},"end":{"line":62,"column":80}},"line":62},"5":{"name":"(anonymous_5)","decl":{"start":{"line":62,"column":93},"end":{"line":62,"column":94}},"loc":{"start":{"line":62,"column":99},"end":{"line":62,"column":129}},"line":62},"6":{"name":"(anonymous_6)","decl":{"start":{"line":63,"column":47},"end":{"line":63,"column":48}},"loc":{"start":{"line":63,"column":53},"end":{"line":63,"column":86}},"line":63},"7":{"name":"(anonymous_7)","decl":{"start":{"line":63,"column":99},"end":{"line":63,"column":100}},"loc":{"start":{"line":63,"column":105},"end":{"line":63,"column":138}},"line":63},"8":{"name":"(anonymous_8)","decl":{"start":{"line":69,"column":67},"end":{"line":69,"column":68}},"loc":{"start":{"line":69,"column":73},"end":{"line":69,"column":112}},"line":69},"9":{"name":"(anonymous_9)","decl":{"start":{"line":71,"column":60},"end":{"line":71,"column":61}},"loc":{"start":{"line":71,"column":66},"end":{"line":71,"column":98}},"line":71},"10":{"name":"(anonymous_10)","decl":{"start":{"line":72,"column":65},"end":{"line":72,"column":66}},"loc":{"start":{"line":72,"column":71},"end":{"line":72,"column":108}},"line":72},"11":{"name":"(anonymous_11)","decl":{"start":{"line":85,"column":75},"end":{"line":85,"column":76}},"loc":{"start":{"line":85,"column":81},"end":{"line":85,"column":103}},"line":85},"12":{"name":"(anonymous_12)","decl":{"start":{"line":89,"column":76},"end":{"line":89,"column":77}},"loc":{"start":{"line":89,"column":82},"end":{"line":89,"column":105}},"line":89},"13":{"name":"(anonymous_13)","decl":{"start":{"line":93,"column":76},"end":{"line":93,"column":77}},"loc":{"start":{"line":93,"column":82},"end":{"line":93,"column":105}},"line":93},"14":{"name":"(anonymous_14)","decl":{"start":{"line":97,"column":76},"end":{"line":97,"column":77}},"loc":{"start":{"line":97,"column":82},"end":{"line":97,"column":105}},"line":97},"15":{"name":"(anonymous_15)","decl":{"start":{"line":102,"column":62},"end":{"line":102,"column":63}},"loc":{"start":{"line":102,"column":68},"end":{"line":102,"column":122}},"line":102},"16":{"name":"(anonymous_16)","decl":{"start":{"line":107,"column":62},"end":{"line":107,"column":63}},"loc":{"start":{"line":107,"column":68},"end":{"line":107,"column":102}},"line":107}},"branchMap":{"0":{"loc":{"start":{"line":22,"column":4},"end":{"line":27,"column":5}},"type":"if","locations":[{"start":{"line":22,"column":4},"end":{"line":27,"column":5}},{"start":{"line":22,"column":4},"end":{"line":27,"column":5}}],"line":22},"1":{"loc":{"start":{"line":28,"column":4},"end":{"line":33,"column":5}},"type":"if","locations":[{"start":{"line":28,"column":4},"end":{"line":33,"column":5}},{"start":{"line":28,"column":4},"end":{"line":33,"column":5}}],"line":28},"2":{"loc":{"start":{"line":34,"column":4},"end":{"line":39,"column":5}},"type":"if","locations":[{"start":{"line":34,"column":4},"end":{"line":39,"column":5}},{"start":{"line":34,"column":4},"end":{"line":39,"column":5}}],"line":34},"3":{"loc":{"start":{"line":40,"column":4},"end":{"line":45,"column":5}},"type":"if","locations":[{"start":{"line":40,"column":4},"end":{"line":45,"column":5}},{"start":{"line":40,"column":4},"end":{"line":45,"column":5}}],"line":40},"4":{"loc":{"start":{"line":81,"column":13},"end":{"line":81,"column":115}},"type":"cond-expr","locations":[{"start":{"line":81,"column":63},"end":{"line":81,"column":108}},{"start":{"line":81,"column":111},"end":{"line":81,"column":115}}],"line":81},"5":{"loc":{"start":{"line":82,"column":13},"end":{"line":82,"column":125}},"type":"cond-expr","locations":[{"start":{"line":82,"column":62},"end":{"line":82,"column":118}},{"start":{"line":82,"column":121},"end":{"line":82,"column":125}}],"line":82}},"s":{"0":3,"1":3,"2":3,"3":3,"4":2,"5":0,"6":0,"7":0,"8":3,"9":3,"10":3,"11":3,"12":0,"13":0,"14":0,"15":0,"16":0,"17":0,"18":0,"19":0,"20":0,"21":0,"22":3,"23":2,"24":3,"25":0,"26":0,"27":0,"28":0,"29":0,"30":0,"31":0,"32":0,"33":0,"34":0,"35":0,"36":0,"37":0},"f":{"0":3,"1":2,"2":3,"3":2,"4":0,"5":0,"6":0,"7":0,"8":0,"9":0,"10":0,"11":0,"12":0,"13":0,"14":0,"15":0,"16":0},"b":{"0":[3,0],"1":[0,0],"2":[0,0],"3":[0,0],"4":[0,3],"5":[0,3]},"_coverageSchema":"1a1c01bbd47fc00a2c39e90264f33305004495a9","hash":"7cd553474bdd06d9f975a3e87f382f756876a440"}
,"/Users/mcleesm/Desktop/Senior Year/Fall 2021/CIS 557/project/src/frontend/src/flagged-posts/FlaggedPosts.js": {"path":"/Users/mcleesm/Desktop/Senior Year/Fall 2021/CIS 557/project/src/frontend/src/flagged-posts/FlaggedPosts.js","statementMap":{"0":{"start":{"line":4,"column":12},"end":{"line":4,"column":43}},"1":{"start":{"line":7,"column":33},"end":{"line":7,"column":38}},"2":{"start":{"line":9,"column":17},"end":{"line":12,"column":3}},"3":{"start":{"line":10,"column":20},"end":{"line":10,"column":61}},"4":{"start":{"line":11,"column":4},"end":{"line":11,"column":48}},"5":{"start":{"line":13,"column":2},"end":{"line":13,"column":42}},"6":{"start":{"line":13,"column":20},"end":{"line":13,"column":29}},"7":{"start":{"line":15,"column":2},"end":{"line":54,"column":4}},"8":{"start":{"line":27,"column":50},"end":{"line":27,"column":80}},"9":{"start":{"line":27,"column":99},"end":{"line":27,"column":129}},"10":{"start":{"line":28,"column":53},"end":{"line":28,"column":86}},"11":{"start":{"line":28,"column":105},"end":{"line":28,"column":138}},"12":{"start":{"line":34,"column":73},"end":{"line":34,"column":112}},"13":{"start":{"line":35,"column":66},"end":{"line":35,"column":101}},"14":{"start":{"line":36,"column":66},"end":{"line":36,"column":98}},"15":{"start":{"line":37,"column":71},"end":{"line":37,"column":108}},"16":{"start":{"line":49,"column":68},"end":{"line":49,"column":102}}},"fnMap":{"0":{"name":"FlaggedPosts","decl":{"start":{"line":6,"column":9},"end":{"line":6,"column":21}},"loc":{"start":{"line":6,"column":29},"end":{"line":55,"column":1}},"line":6},"1":{"name":"(anonymous_1)","decl":{"start":{"line":9,"column":17},"end":{"line":9,"column":18}},"loc":{"start":{"line":9,"column":29},"end":{"line":12,"column":3}},"line":9},"2":{"name":"(anonymous_2)","decl":{"start":{"line":13,"column":12},"end":{"line":13,"column":13}},"loc":{"start":{"line":13,"column":18},"end":{"line":13,"column":31}},"line":13},"3":{"name":"(anonymous_3)","decl":{"start":{"line":27,"column":44},"end":{"line":27,"column":45}},"loc":{"start":{"line":27,"column":50},"end":{"line":27,"column":80}},"line":27},"4":{"name":"(anonymous_4)","decl":{"start":{"line":27,"column":93},"end":{"line":27,"column":94}},"loc":{"start":{"line":27,"column":99},"end":{"line":27,"column":129}},"line":27},"5":{"name":"(anonymous_5)","decl":{"start":{"line":28,"column":47},"end":{"line":28,"column":48}},"loc":{"start":{"line":28,"column":53},"end":{"line":28,"column":86}},"line":28},"6":{"name":"(anonymous_6)","decl":{"start":{"line":28,"column":99},"end":{"line":28,"column":100}},"loc":{"start":{"line":28,"column":105},"end":{"line":28,"column":138}},"line":28},"7":{"name":"(anonymous_7)","decl":{"start":{"line":34,"column":67},"end":{"line":34,"column":68}},"loc":{"start":{"line":34,"column":73},"end":{"line":34,"column":112}},"line":34},"8":{"name":"(anonymous_8)","decl":{"start":{"line":35,"column":60},"end":{"line":35,"column":61}},"loc":{"start":{"line":35,"column":66},"end":{"line":35,"column":101}},"line":35},"9":{"name":"(anonymous_9)","decl":{"start":{"line":36,"column":60},"end":{"line":36,"column":61}},"loc":{"start":{"line":36,"column":66},"end":{"line":36,"column":98}},"line":36},"10":{"name":"(anonymous_10)","decl":{"start":{"line":37,"column":65},"end":{"line":37,"column":66}},"loc":{"start":{"line":37,"column":71},"end":{"line":37,"column":108}},"line":37},"11":{"name":"(anonymous_11)","decl":{"start":{"line":49,"column":62},"end":{"line":49,"column":63}},"loc":{"start":{"line":49,"column":68},"end":{"line":49,"column":102}},"line":49}},"branchMap":{},"s":{"0":2,"1":1,"2":1,"3":0,"4":0,"5":1,"6":0,"7":1,"8":0,"9":0,"10":0,"11":0,"12":0,"13":0,"14":0,"15":0,"16":0},"f":{"0":1,"1":0,"2":0,"3":0,"4":0,"5":0,"6":0,"7":0,"8":0,"9":0,"10":0,"11":0},"b":{},"_coverageSchema":"1a1c01bbd47fc00a2c39e90264f33305004495a9","hash":"75ad81e220998e713af7b9fad8f5eb9301c1fd9d"}
,"/Users/mcleesm/Desktop/Senior Year/Fall 2021/CIS 557/project/src/frontend/src/groups-page/Groups.js": {"path":"/Users/mcleesm/Desktop/Senior Year/Fall 2021/CIS 557/project/src/frontend/src/groups-page/Groups.js","statementMap":{"0":{"start":{"line":4,"column":12},"end":{"line":4,"column":37}},"1":{"start":{"line":7,"column":33},"end":{"line":7,"column":38}},"2":{"start":{"line":8,"column":32},"end":{"line":8,"column":45}},"3":{"start":{"line":10,"column":36},"end":{"line":10,"column":48}},"4":{"start":{"line":11,"column":48},"end":{"line":11,"column":60}},"5":{"start":{"line":12,"column":46},"end":{"line":12,"column":58}},"6":{"start":{"line":14,"column":23},"end":{"line":35,"column":3}},"7":{"start":{"line":15,"column":19},"end":{"line":15,"column":51}},"8":{"start":{"line":16,"column":19},"end":{"line":16,"column":40}},"9":{"start":{"line":19,"column":29},"end":{"line":19,"column":72}},"10":{"start":{"line":21,"column":4},"end":{"line":21,"column":32}},"11":{"start":{"line":22,"column":4},"end":{"line":22,"column":77}},"12":{"start":{"line":23,"column":20},"end":{"line":23,"column":36}},"13":{"start":{"line":24,"column":36},"end":{"line":24,"column":94}},"14":{"start":{"line":25,"column":4},"end":{"line":25,"column":100}},"15":{"start":{"line":26,"column":4},"end":{"line":26,"column":81}},"16":{"start":{"line":27,"column":28},"end":{"line":27,"column":77}},"17":{"start":{"line":29,"column":4},"end":{"line":29,"column":48}},"18":{"start":{"line":30,"column":4},"end":{"line":30,"column":100}},"19":{"start":{"line":31,"column":4},"end":{"line":33,"column":5}},"20":{"start":{"line":32,"column":6},"end":{"line":32,"column":29}},"21":{"start":{"line":34,"column":4},"end":{"line":34,"column":41}},"22":{"start":{"line":37,"column":24},"end":{"line":39,"column":3}},"23":{"start":{"line":38,"column":4},"end":{"line":38,"column":27}},"24":{"start":{"line":41,"column":22},"end":{"line":56,"column":3}},"25":{"start":{"line":43,"column":16},"end":{"line":50,"column":46}},"26":{"start":{"line":52,"column":19},"end":{"line":52,"column":51}},"27":{"start":{"line":53,"column":19},"end":{"line":53,"column":40}},"28":{"start":{"line":54,"column":4},"end":{"line":54,"column":32}},"29":{"start":{"line":55,"column":4},"end":{"line":55,"column":59}},"30":{"start":{"line":58,"column":2},"end":{"line":60,"column":9}},"31":{"start":{"line":59,"column":4},"end":{"line":59,"column":19}},"32":{"start":{"line":62,"column":2},"end":{"line":196,"column":4}},"33":{"start":{"line":73,"column":50},"end":{"line":73,"column":80}},"34":{"start":{"line":73,"column":99},"end":{"line":73,"column":129}},"35":{"start":{"line":74,"column":53},"end":{"line":74,"column":86}},"36":{"start":{"line":74,"column":105},"end":{"line":74,"column":138}},"37":{"start":{"line":80,"column":73},"end":{"line":80,"column":112}},"38":{"start":{"line":81,"column":69},"end":{"line":81,"column":104}},"39":{"start":{"line":82,"column":66},"end":{"line":82,"column":98}},"40":{"start":{"line":83,"column":71},"end":{"line":83,"column":108}},"41":{"start":{"line":130,"column":75},"end":{"line":130,"column":89}},"42":{"start":{"line":130,"column":90},"end":{"line":130,"column":105}},"43":{"start":{"line":152,"column":14},"end":{"line":163,"column":20}},"44":{"start":{"line":160,"column":96},"end":{"line":160,"column":161}},"45":{"start":{"line":173,"column":14},"end":{"line":184,"column":20}},"46":{"start":{"line":181,"column":96},"end":{"line":181,"column":161}},"47":{"start":{"line":191,"column":68},"end":{"line":191,"column":102}}},"fnMap":{"0":{"name":"Groups","decl":{"start":{"line":6,"column":9},"end":{"line":6,"column":15}},"loc":{"start":{"line":6,"column":23},"end":{"line":197,"column":1}},"line":6},"1":{"name":"(anonymous_1)","decl":{"start":{"line":14,"column":23},"end":{"line":14,"column":24}},"loc":{"start":{"line":14,"column":35},"end":{"line":35,"column":3}},"line":14},"2":{"name":"(anonymous_2)","decl":{"start":{"line":37,"column":24},"end":{"line":37,"column":25}},"loc":{"start":{"line":37,"column":40},"end":{"line":39,"column":3}},"line":37},"3":{"name":"(anonymous_3)","decl":{"start":{"line":41,"column":22},"end":{"line":41,"column":23}},"loc":{"start":{"line":41,"column":34},"end":{"line":56,"column":3}},"line":41},"4":{"name":"(anonymous_4)","decl":{"start":{"line":58,"column":12},"end":{"line":58,"column":13}},"loc":{"start":{"line":58,"column":18},"end":{"line":60,"column":3}},"line":58},"5":{"name":"(anonymous_5)","decl":{"start":{"line":73,"column":44},"end":{"line":73,"column":45}},"loc":{"start":{"line":73,"column":50},"end":{"line":73,"column":80}},"line":73},"6":{"name":"(anonymous_6)","decl":{"start":{"line":73,"column":93},"end":{"line":73,"column":94}},"loc":{"start":{"line":73,"column":99},"end":{"line":73,"column":129}},"line":73},"7":{"name":"(anonymous_7)","decl":{"start":{"line":74,"column":47},"end":{"line":74,"column":48}},"loc":{"start":{"line":74,"column":53},"end":{"line":74,"column":86}},"line":74},"8":{"name":"(anonymous_8)","decl":{"start":{"line":74,"column":99},"end":{"line":74,"column":100}},"loc":{"start":{"line":74,"column":105},"end":{"line":74,"column":138}},"line":74},"9":{"name":"(anonymous_9)","decl":{"start":{"line":80,"column":67},"end":{"line":80,"column":68}},"loc":{"start":{"line":80,"column":73},"end":{"line":80,"column":112}},"line":80},"10":{"name":"(anonymous_10)","decl":{"start":{"line":81,"column":63},"end":{"line":81,"column":64}},"loc":{"start":{"line":81,"column":69},"end":{"line":81,"column":104}},"line":81},"11":{"name":"(anonymous_11)","decl":{"start":{"line":82,"column":60},"end":{"line":82,"column":61}},"loc":{"start":{"line":82,"column":66},"end":{"line":82,"column":98}},"line":82},"12":{"name":"(anonymous_12)","decl":{"start":{"line":83,"column":65},"end":{"line":83,"column":66}},"loc":{"start":{"line":83,"column":71},"end":{"line":83,"column":108}},"line":83},"13":{"name":"(anonymous_13)","decl":{"start":{"line":130,"column":67},"end":{"line":130,"column":68}},"loc":{"start":{"line":130,"column":73},"end":{"line":130,"column":107}},"line":130},"14":{"name":"(anonymous_14)","decl":{"start":{"line":151,"column":33},"end":{"line":151,"column":34}},"loc":{"start":{"line":152,"column":14},"end":{"line":163,"column":20}},"line":152},"15":{"name":"(anonymous_15)","decl":{"start":{"line":160,"column":90},"end":{"line":160,"column":91}},"loc":{"start":{"line":160,"column":96},"end":{"line":160,"column":161}},"line":160},"16":{"name":"(anonymous_16)","decl":{"start":{"line":172,"column":32},"end":{"line":172,"column":33}},"loc":{"start":{"line":173,"column":14},"end":{"line":184,"column":20}},"line":173},"17":{"name":"(anonymous_17)","decl":{"start":{"line":181,"column":90},"end":{"line":181,"column":91}},"loc":{"start":{"line":181,"column":96},"end":{"line":181,"column":161}},"line":181},"18":{"name":"(anonymous_18)","decl":{"start":{"line":191,"column":62},"end":{"line":191,"column":63}},"loc":{"start":{"line":191,"column":68},"end":{"line":191,"column":102}},"line":191}},"branchMap":{"0":{"loc":{"start":{"line":31,"column":4},"end":{"line":33,"column":5}},"type":"if","locations":[{"start":{"line":31,"column":4},"end":{"line":33,"column":5}},{"start":{"line":31,"column":4},"end":{"line":33,"column":5}}],"line":31}},"s":{"0":2,"1":1,"2":1,"3":1,"4":1,"5":1,"6":1,"7":0,"8":0,"9":0,"10":0,"11":0,"12":0,"13":0,"14":0,"15":0,"16":0,"17":0,"18":0,"19":0,"20":0,"21":0,"22":1,"23":0,"24":1,"25":0,"26":0,"27":0,"28":0,"29":0,"30":1,"31":0,"32":1,"33":0,"34":0,"35":0,"36":0,"37":0,"38":0,"39":0,"40":0,"41":0,"42":0,"43":0,"44":0,"45":0,"46":0,"47":0},"f":{"0":1,"1":0,"2":0,"3":0,"4":0,"5":0,"6":0,"7":0,"8":0,"9":0,"10":0,"11":0,"12":0,"13":0,"14":0,"15":0,"16":0,"17":0,"18":0},"b":{"0":[0,0]},"_coverageSchema":"1a1c01bbd47fc00a2c39e90264f33305004495a9","hash":"e30d75376ee5d7dd59ae5e81405e8e194962c402"}
,"/Users/mcleesm/Desktop/Senior Year/Fall 2021/CIS 557/project/src/frontend/src/home-page/Home.js": {"path":"/Users/mcleesm/Desktop/Senior Year/Fall 2021/CIS 557/project/src/frontend/src/home-page/Home.js","statementMap":{"0":{"start":{"line":4,"column":12},"end":{"line":4,"column":35}},"1":{"start":{"line":6,"column":21},"end":{"line":9,"column":1}},"2":{"start":{"line":7,"column":14},"end":{"line":7,"column":24}},"3":{"start":{"line":8,"column":2},"end":{"line":8,"column":35}},"4":{"start":{"line":12,"column":33},"end":{"line":12,"column":38}},"5":{"start":{"line":13,"column":32},"end":{"line":13,"column":44}},"6":{"start":{"line":14,"column":49},"end":{"line":14,"column":61}},"7":{"start":{"line":15,"column":45},"end":{"line":15,"column":61}},"8":{"start":{"line":17,"column":17},"end":{"line":22,"column":3}},"9":{"start":{"line":18,"column":4},"end":{"line":18,"column":26}},"10":{"start":{"line":19,"column":4},"end":{"line":19,"column":43}},"11":{"start":{"line":20,"column":19},"end":{"line":20,"column":76}},"12":{"start":{"line":21,"column":4},"end":{"line":21,"column":65}},"13":{"start":{"line":23,"column":2},"end":{"line":23,"column":53}},"14":{"start":{"line":24,"column":2},"end":{"line":24,"column":65}},"15":{"start":{"line":24,"column":20},"end":{"line":24,"column":29}},"16":{"start":{"line":26,"column":2},"end":{"line":96,"column":4}},"17":{"start":{"line":38,"column":50},"end":{"line":38,"column":80}},"18":{"start":{"line":38,"column":99},"end":{"line":38,"column":129}},"19":{"start":{"line":39,"column":53},"end":{"line":39,"column":86}},"20":{"start":{"line":39,"column":105},"end":{"line":39,"column":138}},"21":{"start":{"line":45,"column":73},"end":{"line":45,"column":112}},"22":{"start":{"line":46,"column":66},"end":{"line":46,"column":101}},"23":{"start":{"line":47,"column":66},"end":{"line":47,"column":98}},"24":{"start":{"line":48,"column":71},"end":{"line":48,"column":108}},"25":{"start":{"line":49,"column":66},"end":{"line":49,"column":104}},"26":{"start":{"line":60,"column":20},"end":{"line":60,"column":74}},"27":{"start":{"line":64,"column":54},"end":{"line":64,"column":100}},"28":{"start":{"line":65,"column":54},"end":{"line":65,"column":93}},"29":{"start":{"line":78,"column":54},"end":{"line":78,"column":96}},"30":{"start":{"line":79,"column":54},"end":{"line":79,"column":95}},"31":{"start":{"line":91,"column":68},"end":{"line":91,"column":102}}},"fnMap":{"0":{"name":"(anonymous_0)","decl":{"start":{"line":6,"column":21},"end":{"line":6,"column":22}},"loc":{"start":{"line":6,"column":32},"end":{"line":9,"column":1}},"line":6},"1":{"name":"Home","decl":{"start":{"line":11,"column":9},"end":{"line":11,"column":13}},"loc":{"start":{"line":11,"column":21},"end":{"line":97,"column":1}},"line":11},"2":{"name":"(anonymous_2)","decl":{"start":{"line":17,"column":17},"end":{"line":17,"column":18}},"loc":{"start":{"line":17,"column":29},"end":{"line":22,"column":3}},"line":17},"3":{"name":"(anonymous_3)","decl":{"start":{"line":24,"column":12},"end":{"line":24,"column":13}},"loc":{"start":{"line":24,"column":18},"end":{"line":24,"column":31}},"line":24},"4":{"name":"(anonymous_4)","decl":{"start":{"line":38,"column":44},"end":{"line":38,"column":45}},"loc":{"start":{"line":38,"column":50},"end":{"line":38,"column":80}},"line":38},"5":{"name":"(anonymous_5)","decl":{"start":{"line":38,"column":93},"end":{"line":38,"column":94}},"loc":{"start":{"line":38,"column":99},"end":{"line":38,"column":129}},"line":38},"6":{"name":"(anonymous_6)","decl":{"start":{"line":39,"column":47},"end":{"line":39,"column":48}},"loc":{"start":{"line":39,"column":53},"end":{"line":39,"column":86}},"line":39},"7":{"name":"(anonymous_7)","decl":{"start":{"line":39,"column":99},"end":{"line":39,"column":100}},"loc":{"start":{"line":39,"column":105},"end":{"line":39,"column":138}},"line":39},"8":{"name":"(anonymous_8)","decl":{"start":{"line":45,"column":67},"end":{"line":45,"column":68}},"loc":{"start":{"line":45,"column":73},"end":{"line":45,"column":112}},"line":45},"9":{"name":"(anonymous_9)","decl":{"start":{"line":46,"column":60},"end":{"line":46,"column":61}},"loc":{"start":{"line":46,"column":66},"end":{"line":46,"column":101}},"line":46},"10":{"name":"(anonymous_10)","decl":{"start":{"line":47,"column":60},"end":{"line":47,"column":61}},"loc":{"start":{"line":47,"column":66},"end":{"line":47,"column":98}},"line":47},"11":{"name":"(anonymous_11)","decl":{"start":{"line":48,"column":65},"end":{"line":48,"column":66}},"loc":{"start":{"line":48,"column":71},"end":{"line":48,"column":108}},"line":48},"12":{"name":"(anonymous_12)","decl":{"start":{"line":49,"column":60},"end":{"line":49,"column":61}},"loc":{"start":{"line":49,"column":66},"end":{"line":49,"column":104}},"line":49},"13":{"name":"(anonymous_13)","decl":{"start":{"line":59,"column":31},"end":{"line":59,"column":32}},"loc":{"start":{"line":60,"column":20},"end":{"line":60,"column":74}},"line":60},"14":{"name":"(anonymous_14)","decl":{"start":{"line":64,"column":48},"end":{"line":64,"column":49}},"loc":{"start":{"line":64,"column":54},"end":{"line":64,"column":100}},"line":64},"15":{"name":"(anonymous_15)","decl":{"start":{"line":65,"column":48},"end":{"line":65,"column":49}},"loc":{"start":{"line":65,"column":54},"end":{"line":65,"column":93}},"line":65},"16":{"name":"(anonymous_16)","decl":{"start":{"line":78,"column":48},"end":{"line":78,"column":49}},"loc":{"start":{"line":78,"column":54},"end":{"line":78,"column":96}},"line":78},"17":{"name":"(anonymous_17)","decl":{"start":{"line":79,"column":48},"end":{"line":79,"column":49}},"loc":{"start":{"line":79,"column":54},"end":{"line":79,"column":95}},"line":79},"18":{"name":"(anonymous_18)","decl":{"start":{"line":91,"column":62},"end":{"line":91,"column":63}},"loc":{"start":{"line":91,"column":68},"end":{"line":91,"column":102}},"line":91}},"branchMap":{},"s":{"0":2,"1":2,"2":0,"3":0,"4":2,"5":2,"6":2,"7":2,"8":2,"9":1,"10":1,"11":0,"12":0,"13":2,"14":2,"15":1,"16":2,"17":0,"18":0,"19":0,"20":0,"21":1,"22":0,"23":0,"24":0,"25":0,"26":0,"27":0,"28":0,"29":0,"30":0,"31":0},"f":{"0":0,"1":2,"2":1,"3":1,"4":0,"5":0,"6":0,"7":0,"8":1,"9":0,"10":0,"11":0,"12":0,"13":0,"14":0,"15":0,"16":0,"17":0,"18":0},"b":{},"_coverageSchema":"1a1c01bbd47fc00a2c39e90264f33305004495a9","hash":"e981b56d68a595796577c44575211e28bca1cc64"}
,"/Users/mcleesm/Desktop/Senior Year/Fall 2021/CIS 557/project/src/frontend/src/invitations-page/InvitationPage.js": {"path":"/Users/mcleesm/Desktop/Senior Year/Fall 2021/CIS 557/project/src/frontend/src/invitations-page/InvitationPage.js","statementMap":{"0":{"start":{"line":4,"column":12},"end":{"line":4,"column":41}},"1":{"start":{"line":7,"column":33},"end":{"line":7,"column":38}},"2":{"start":{"line":8,"column":54},"end":{"line":8,"column":66}},"3":{"start":{"line":9,"column":56},"end":{"line":9,"column":68}},"4":{"start":{"line":10,"column":32},"end":{"line":10,"column":48}},"5":{"start":{"line":12,"column":35},"end":{"line":18,"column":3}},"6":{"start":{"line":13,"column":12},"end":{"line":13,"column":57}},"7":{"start":{"line":14,"column":4},"end":{"line":14,"column":35}},"8":{"start":{"line":17,"column":4},"end":{"line":17,"column":29}},"9":{"start":{"line":20,"column":36},"end":{"line":24,"column":3}},"10":{"start":{"line":21,"column":4},"end":{"line":21,"column":92}},"11":{"start":{"line":22,"column":39},"end":{"line":22,"column":85}},"12":{"start":{"line":23,"column":4},"end":{"line":23,"column":55}},"13":{"start":{"line":26,"column":24},"end":{"line":28,"column":3}},"14":{"start":{"line":27,"column":4},"end":{"line":27,"column":27}},"15":{"start":{"line":33,"column":2},"end":{"line":36,"column":9}},"16":{"start":{"line":34,"column":4},"end":{"line":34,"column":31}},"17":{"start":{"line":35,"column":4},"end":{"line":35,"column":32}},"18":{"start":{"line":38,"column":2},"end":{"line":111,"column":4}},"19":{"start":{"line":50,"column":50},"end":{"line":50,"column":80}},"20":{"start":{"line":50,"column":99},"end":{"line":50,"column":129}},"21":{"start":{"line":51,"column":53},"end":{"line":51,"column":86}},"22":{"start":{"line":51,"column":105},"end":{"line":51,"column":138}},"23":{"start":{"line":57,"column":73},"end":{"line":57,"column":112}},"24":{"start":{"line":58,"column":66},"end":{"line":58,"column":101}},"25":{"start":{"line":59,"column":66},"end":{"line":59,"column":98}},"26":{"start":{"line":60,"column":71},"end":{"line":60,"column":108}},"27":{"start":{"line":72,"column":12},"end":{"line":83,"column":18}},"28":{"start":{"line":80,"column":84},"end":{"line":80,"column":154}},"29":{"start":{"line":81,"column":84},"end":{"line":81,"column":157}},"30":{"start":{"line":89,"column":12},"end":{"line":100,"column":18}},"31":{"start":{"line":97,"column":83},"end":{"line":97,"column":159}},"32":{"start":{"line":98,"column":84},"end":{"line":98,"column":176}},"33":{"start":{"line":106,"column":68},"end":{"line":106,"column":102}}},"fnMap":{"0":{"name":"InvitationPage","decl":{"start":{"line":6,"column":9},"end":{"line":6,"column":23}},"loc":{"start":{"line":6,"column":31},"end":{"line":112,"column":1}},"line":6},"1":{"name":"(anonymous_1)","decl":{"start":{"line":12,"column":35},"end":{"line":12,"column":36}},"loc":{"start":{"line":12,"column":47},"end":{"line":18,"column":3}},"line":12},"2":{"name":"(anonymous_2)","decl":{"start":{"line":20,"column":36},"end":{"line":20,"column":37}},"loc":{"start":{"line":20,"column":48},"end":{"line":24,"column":3}},"line":20},"3":{"name":"(anonymous_3)","decl":{"start":{"line":26,"column":24},"end":{"line":26,"column":25}},"loc":{"start":{"line":26,"column":40},"end":{"line":28,"column":3}},"line":26},"4":{"name":"(anonymous_4)","decl":{"start":{"line":33,"column":12},"end":{"line":33,"column":13}},"loc":{"start":{"line":33,"column":18},"end":{"line":36,"column":3}},"line":33},"5":{"name":"(anonymous_5)","decl":{"start":{"line":50,"column":44},"end":{"line":50,"column":45}},"loc":{"start":{"line":50,"column":50},"end":{"line":50,"column":80}},"line":50},"6":{"name":"(anonymous_6)","decl":{"start":{"line":50,"column":93},"end":{"line":50,"column":94}},"loc":{"start":{"line":50,"column":99},"end":{"line":50,"column":129}},"line":50},"7":{"name":"(anonymous_7)","decl":{"start":{"line":51,"column":47},"end":{"line":51,"column":48}},"loc":{"start":{"line":51,"column":53},"end":{"line":51,"column":86}},"line":51},"8":{"name":"(anonymous_8)","decl":{"start":{"line":51,"column":99},"end":{"line":51,"column":100}},"loc":{"start":{"line":51,"column":105},"end":{"line":51,"column":138}},"line":51},"9":{"name":"(anonymous_9)","decl":{"start":{"line":57,"column":67},"end":{"line":57,"column":68}},"loc":{"start":{"line":57,"column":73},"end":{"line":57,"column":112}},"line":57},"10":{"name":"(anonymous_10)","decl":{"start":{"line":58,"column":60},"end":{"line":58,"column":61}},"loc":{"start":{"line":58,"column":66},"end":{"line":58,"column":101}},"line":58},"11":{"name":"(anonymous_11)","decl":{"start":{"line":59,"column":60},"end":{"line":59,"column":61}},"loc":{"start":{"line":59,"column":66},"end":{"line":59,"column":98}},"line":59},"12":{"name":"(anonymous_12)","decl":{"start":{"line":60,"column":65},"end":{"line":60,"column":66}},"loc":{"start":{"line":60,"column":71},"end":{"line":60,"column":108}},"line":60},"13":{"name":"(anonymous_13)","decl":{"start":{"line":71,"column":35},"end":{"line":71,"column":36}},"loc":{"start":{"line":72,"column":12},"end":{"line":83,"column":18}},"line":72},"14":{"name":"(anonymous_14)","decl":{"start":{"line":80,"column":78},"end":{"line":80,"column":79}},"loc":{"start":{"line":80,"column":84},"end":{"line":80,"column":154}},"line":80},"15":{"name":"(anonymous_15)","decl":{"start":{"line":81,"column":78},"end":{"line":81,"column":79}},"loc":{"start":{"line":81,"column":84},"end":{"line":81,"column":157}},"line":81},"16":{"name":"(anonymous_16)","decl":{"start":{"line":88,"column":34},"end":{"line":88,"column":35}},"loc":{"start":{"line":89,"column":12},"end":{"line":100,"column":18}},"line":89},"17":{"name":"(anonymous_17)","decl":{"start":{"line":97,"column":77},"end":{"line":97,"column":78}},"loc":{"start":{"line":97,"column":83},"end":{"line":97,"column":159}},"line":97},"18":{"name":"(anonymous_18)","decl":{"start":{"line":98,"column":78},"end":{"line":98,"column":79}},"loc":{"start":{"line":98,"column":84},"end":{"line":98,"column":176}},"line":98},"19":{"name":"(anonymous_19)","decl":{"start":{"line":106,"column":62},"end":{"line":106,"column":63}},"loc":{"start":{"line":106,"column":68},"end":{"line":106,"column":102}},"line":106}},"branchMap":{},"s":{"0":2,"1":1,"2":1,"3":1,"4":1,"5":1,"6":0,"7":0,"8":0,"9":1,"10":0,"11":0,"12":0,"13":1,"14":0,"15":1,"16":0,"17":0,"18":1,"19":0,"20":0,"21":0,"22":0,"23":0,"24":0,"25":0,"26":0,"27":0,"28":0,"29":0,"30":0,"31":0,"32":0,"33":0},"f":{"0":1,"1":0,"2":0,"3":0,"4":0,"5":0,"6":0,"7":0,"8":0,"9":0,"10":0,"11":0,"12":0,"13":0,"14":0,"15":0,"16":0,"17":0,"18":0,"19":0},"b":{},"_coverageSchema":"1a1c01bbd47fc00a2c39e90264f33305004495a9","hash":"dc76d6c373d527d11a2e91da7578a0d4a8edf7a7"}
,"/Users/mcleesm/Desktop/Senior Year/Fall 2021/CIS 557/project/src/frontend/src/login-page/LoginForm.js": {"path":"/Users/mcleesm/Desktop/Senior Year/Fall 2021/CIS 557/project/src/frontend/src/login-page/LoginForm.js","statementMap":{"0":{"start":{"line":5,"column":12},"end":{"line":5,"column":36}},"1":{"start":{"line":8,"column":47},"end":{"line":8,"column":52}},"2":{"start":{"line":10,"column":18},"end":{"line":10,"column":91}},"3":{"start":{"line":12,"column":2},"end":{"line":50,"column":4}},"4":{"start":{"line":40,"column":70},"end":{"line":40,"column":108}},"5":{"start":{"line":44,"column":73},"end":{"line":44,"column":113}},"6":{"start":{"line":46,"column":38},"end":{"line":46,"column":172}}},"fnMap":{"0":{"name":"LoginForm","decl":{"start":{"line":7,"column":9},"end":{"line":7,"column":18}},"loc":{"start":{"line":7,"column":26},"end":{"line":51,"column":1}},"line":7},"1":{"name":"(anonymous_1)","decl":{"start":{"line":40,"column":64},"end":{"line":40,"column":65}},"loc":{"start":{"line":40,"column":70},"end":{"line":40,"column":108}},"line":40},"2":{"name":"(anonymous_2)","decl":{"start":{"line":44,"column":67},"end":{"line":44,"column":68}},"loc":{"start":{"line":44,"column":73},"end":{"line":44,"column":113}},"line":44},"3":{"name":"(anonymous_3)","decl":{"start":{"line":46,"column":32},"end":{"line":46,"column":33}},"loc":{"start":{"line":46,"column":38},"end":{"line":46,"column":172}},"line":46}},"branchMap":{"0":{"loc":{"start":{"line":15,"column":7},"end":{"line":19,"column":14}},"type":"cond-expr","locations":[{"start":{"line":16,"column":8},"end":{"line":18,"column":12}},{"start":{"line":19,"column":10},"end":{"line":19,"column":14}}],"line":15},"1":{"loc":{"start":{"line":20,"column":7},"end":{"line":25,"column":14}},"type":"cond-expr","locations":[{"start":{"line":21,"column":8},"end":{"line":24,"column":14}},{"start":{"line":25,"column":10},"end":{"line":25,"column":14}}],"line":20}},"s":{"0":3,"1":6,"2":6,"3":6,"4":0,"5":0,"6":0},"f":{"0":6,"1":0,"2":0,"3":0},"b":{"0":[0,6],"1":[0,6]},"_coverageSchema":"1a1c01bbd47fc00a2c39e90264f33305004495a9","hash":"d9f12ccc262c534dbb29cc83970b105296fd5fd3"}
,"/Users/mcleesm/Desktop/Senior Year/Fall 2021/CIS 557/project/src/frontend/src/login-page/LoginModule.js": {"path":"/Users/mcleesm/Desktop/Senior Year/Fall 2021/CIS 557/project/src/frontend/src/login-page/LoginModule.js","statementMap":{"0":{"start":{"line":1,"column":23},"end":{"line":1,"column":40}},"1":{"start":{"line":2,"column":17},"end":{"line":2,"column":45}},"2":{"start":{"line":3,"column":12},"end":{"line":3,"column":62}},"3":{"start":{"line":5,"column":19},"end":{"line":24,"column":1}},"4":{"start":{"line":6,"column":18},"end":{"line":10,"column":3}},"5":{"start":{"line":12,"column":15},"end":{"line":12,"column":85}},"6":{"start":{"line":13,"column":2},"end":{"line":23,"column":3}},"7":{"start":{"line":15,"column":4},"end":{"line":15,"column":97}},"8":{"start":{"line":17,"column":4},"end":{"line":17,"column":57}},"9":{"start":{"line":18,"column":9},"end":{"line":23,"column":3}},"10":{"start":{"line":19,"column":4},"end":{"line":19,"column":37}},"11":{"start":{"line":21,"column":4},"end":{"line":21,"column":28}},"12":{"start":{"line":22,"column":4},"end":{"line":22,"column":36}},"13":{"start":{"line":26,"column":23},"end":{"line":38,"column":1}},"14":{"start":{"line":27,"column":2},"end":{"line":37,"column":3}},"15":{"start":{"line":28,"column":21},"end":{"line":28,"column":100}},"16":{"start":{"line":29,"column":4},"end":{"line":32,"column":5}},"17":{"start":{"line":30,"column":6},"end":{"line":30,"column":57}},"18":{"start":{"line":31,"column":6},"end":{"line":31,"column":13}},"19":{"start":{"line":34,"column":4},"end":{"line":34,"column":160}},"20":{"start":{"line":36,"column":4},"end":{"line":36,"column":31}},"21":{"start":{"line":40,"column":0},"end":{"line":40,"column":48}}},"fnMap":{"0":{"name":"(anonymous_0)","decl":{"start":{"line":5,"column":19},"end":{"line":5,"column":20}},"loc":{"start":{"line":5,"column":83},"end":{"line":24,"column":1}},"line":5},"1":{"name":"(anonymous_1)","decl":{"start":{"line":26,"column":23},"end":{"line":26,"column":24}},"loc":{"start":{"line":26,"column":78},"end":{"line":38,"column":1}},"line":26}},"branchMap":{"0":{"loc":{"start":{"line":13,"column":2},"end":{"line":23,"column":3}},"type":"if","locations":[{"start":{"line":13,"column":2},"end":{"line":23,"column":3}},{"start":{"line":13,"column":2},"end":{"line":23,"column":3}}],"line":13},"1":{"loc":{"start":{"line":18,"column":9},"end":{"line":23,"column":3}},"type":"if","locations":[{"start":{"line":18,"column":9},"end":{"line":23,"column":3}},{"start":{"line":18,"column":9},"end":{"line":23,"column":3}}],"line":18},"2":{"loc":{"start":{"line":18,"column":13},"end":{"line":18,"column":69}},"type":"binary-expr","locations":[{"start":{"line":18,"column":13},"end":{"line":18,"column":40}},{"start":{"line":18,"column":44},"end":{"line":18,"column":69}}],"line":18},"3":{"loc":{"start":{"line":27,"column":2},"end":{"line":37,"column":3}},"type":"if","locations":[{"start":{"line":27,"column":2},"end":{"line":37,"column":3}},{"start":{"line":27,"column":2},"end":{"line":37,"column":3}}],"line":27},"4":{"loc":{"start":{"line":29,"column":4},"end":{"line":32,"column":5}},"type":"if","locations":[{"start":{"line":29,"column":4},"end":{"line":32,"column":5}},{"start":{"line":29,"column":4},"end":{"line":32,"column":5}}],"line":29}},"s":{"0":3,"1":3,"2":3,"3":3,"4":3,"5":3,"6":3,"7":1,"8":1,"9":2,"10":0,"11":2,"12":2,"13":3,"14":0,"15":0,"16":0,"17":0,"18":0,"19":0,"20":0,"21":3},"f":{"0":3,"1":0},"b":{"0":[1,2],"1":[0,2],"2":[2,2],"3":[0,0],"4":[0,0]},"_coverageSchema":"1a1c01bbd47fc00a2c39e90264f33305004495a9","hash":"216f693f19501310617868ba08b4511d3b9ff05c"}
,"/Users/mcleesm/Desktop/Senior Year/Fall 2021/CIS 557/project/src/frontend/src/login-page/LoginPage.js": {"path":"/Users/mcleesm/Desktop/Senior Year/Fall 2021/CIS 557/project/src/frontend/src/login-page/LoginPage.js","statementMap":{"0":{"start":{"line":9,"column":26},"end":{"line":9,"column":31}},"1":{"start":{"line":10,"column":32},"end":{"line":10,"column":43}},"2":{"start":{"line":12,"column":28},"end":{"line":23,"column":3}},"3":{"start":{"line":13,"column":4},"end":{"line":15,"column":5}},"4":{"start":{"line":14,"column":6},"end":{"line":14,"column":140}},"5":{"start":{"line":14,"column":49},"end":{"line":14,"column":67}},"6":{"start":{"line":14,"column":121},"end":{"line":14,"column":134}},"7":{"start":{"line":16,"column":4},"end":{"line":18,"column":5}},"8":{"start":{"line":17,"column":6},"end":{"line":17,"column":82}},"9":{"start":{"line":17,"column":58},"end":{"line":17,"column":76}},"10":{"start":{"line":19,"column":4},"end":{"line":21,"column":5}},"11":{"start":{"line":20,"column":6},"end":{"line":20,"column":125}},"12":{"start":{"line":20,"column":79},"end":{"line":20,"column":97}},"13":{"start":{"line":22,"column":4},"end":{"line":22,"column":16}},"14":{"start":{"line":25,"column":2},"end":{"line":41,"column":4}}},"fnMap":{"0":{"name":"LoginPage","decl":{"start":{"line":8,"column":9},"end":{"line":8,"column":18}},"loc":{"start":{"line":8,"column":26},"end":{"line":42,"column":1}},"line":8},"1":{"name":"(anonymous_1)","decl":{"start":{"line":12,"column":28},"end":{"line":12,"column":29}},"loc":{"start":{"line":12,"column":34},"end":{"line":23,"column":3}},"line":12},"2":{"name":"(anonymous_2)","decl":{"start":{"line":14,"column":38},"end":{"line":14,"column":39}},"loc":{"start":{"line":14,"column":49},"end":{"line":14,"column":67}},"line":14},"3":{"name":"(anonymous_3)","decl":{"start":{"line":14,"column":114},"end":{"line":14,"column":115}},"loc":{"start":{"line":14,"column":121},"end":{"line":14,"column":134}},"line":14},"4":{"name":"(anonymous_4)","decl":{"start":{"line":17,"column":47},"end":{"line":17,"column":48}},"loc":{"start":{"line":17,"column":58},"end":{"line":17,"column":76}},"line":17},"5":{"name":"(anonymous_5)","decl":{"start":{"line":20,"column":68},"end":{"line":20,"column":69}},"loc":{"start":{"line":20,"column":79},"end":{"line":20,"column":97}},"line":20}},"branchMap":{"0":{"loc":{"start":{"line":13,"column":4},"end":{"line":15,"column":5}},"type":"if","locations":[{"start":{"line":13,"column":4},"end":{"line":15,"column":5}},{"start":{"line":13,"column":4},"end":{"line":15,"column":5}}],"line":13},"1":{"loc":{"start":{"line":13,"column":8},"end":{"line":13,"column":153}},"type":"binary-expr","locations":[{"start":{"line":13,"column":8},"end":{"line":13,"column":52}},{"start":{"line":13,"column":56},"end":{"line":13,"column":102}},{"start":{"line":13,"column":106},"end":{"line":13,"column":153}}],"line":13},"2":{"loc":{"start":{"line":16,"column":4},"end":{"line":18,"column":5}},"type":"if","locations":[{"start":{"line":16,"column":4},"end":{"line":18,"column":5}},{"start":{"line":16,"column":4},"end":{"line":18,"column":5}}],"line":16},"3":{"loc":{"start":{"line":19,"column":4},"end":{"line":21,"column":5}},"type":"if","locations":[{"start":{"line":19,"column":4},"end":{"line":21,"column":5}},{"start":{"line":19,"column":4},"end":{"line":21,"column":5}}],"line":19}},"s":{"0":2,"1":2,"2":2,"3":2,"4":2,"5":0,"6":0,"7":0,"8":0,"9":0,"10":0,"11":0,"12":0,"13":0,"14":2},"f":{"0":2,"1":2,"2":0,"3":0,"4":0,"5":0},"b":{"0":[2,0],"1":[2,0,0],"2":[0,0],"3":[0,0]},"_coverageSchema":"1a1c01bbd47fc00a2c39e90264f33305004495a9","hash":"b7e7938649aee759e860a97fbcef05bb0b15113a"}
,"/Users/mcleesm/Desktop/Senior Year/Fall 2021/CIS 557/project/src/frontend/src/messages-page/Messages.js": {"path":"/Users/mcleesm/Desktop/Senior Year/Fall 2021/CIS 557/project/src/frontend/src/messages-page/Messages.js","statementMap":{"0":{"start":{"line":7,"column":29},"end":{"line":7,"column":41}},"1":{"start":{"line":8,"column":37},"end":{"line":8,"column":53}},"2":{"start":{"line":9,"column":33},"end":{"line":9,"column":38}},"3":{"start":{"line":11,"column":25},"end":{"line":16,"column":3}},"4":{"start":{"line":12,"column":19},"end":{"line":12,"column":48}},"5":{"start":{"line":13,"column":4},"end":{"line":13,"column":39}},"6":{"start":{"line":14,"column":4},"end":{"line":14,"column":23}},"7":{"start":{"line":15,"column":4},"end":{"line":15,"column":37}},"8":{"start":{"line":18,"column":2},"end":{"line":18,"column":45}},"9":{"start":{"line":18,"column":20},"end":{"line":18,"column":37}},"10":{"start":{"line":20,"column":28},"end":{"line":62,"column":3}},"11":{"start":{"line":21,"column":4},"end":{"line":30,"column":5}},"12":{"start":{"line":22,"column":6},"end":{"line":22,"column":26}},"13":{"start":{"line":23,"column":6},"end":{"line":29,"column":8}},"14":{"start":{"line":27,"column":65},"end":{"line":27,"column":121}},"15":{"start":{"line":31,"column":4},"end":{"line":40,"column":5}},"16":{"start":{"line":32,"column":6},"end":{"line":32,"column":27}},"17":{"start":{"line":33,"column":6},"end":{"line":39,"column":8}},"18":{"start":{"line":37,"column":65},"end":{"line":37,"column":121}},"19":{"start":{"line":41,"column":4},"end":{"line":50,"column":5}},"20":{"start":{"line":42,"column":6},"end":{"line":42,"column":27}},"21":{"start":{"line":43,"column":6},"end":{"line":49,"column":8}},"22":{"start":{"line":47,"column":65},"end":{"line":47,"column":121}},"23":{"start":{"line":51,"column":4},"end":{"line":60,"column":5}},"24":{"start":{"line":52,"column":6},"end":{"line":52,"column":27}},"25":{"start":{"line":53,"column":6},"end":{"line":59,"column":8}},"26":{"start":{"line":57,"column":65},"end":{"line":57,"column":121}},"27":{"start":{"line":61,"column":4},"end":{"line":61,"column":16}},"28":{"start":{"line":64,"column":2},"end":{"line":130,"column":4}},"29":{"start":{"line":75,"column":50},"end":{"line":75,"column":80}},"30":{"start":{"line":75,"column":99},"end":{"line":75,"column":129}},"31":{"start":{"line":76,"column":53},"end":{"line":76,"column":86}},"32":{"start":{"line":76,"column":105},"end":{"line":76,"column":138}},"33":{"start":{"line":82,"column":73},"end":{"line":82,"column":112}},"34":{"start":{"line":83,"column":66},"end":{"line":83,"column":101}},"35":{"start":{"line":84,"column":66},"end":{"line":84,"column":98}},"36":{"start":{"line":85,"column":71},"end":{"line":85,"column":108}},"37":{"start":{"line":100,"column":81},"end":{"line":100,"column":103}},"38":{"start":{"line":104,"column":82},"end":{"line":104,"column":105}},"39":{"start":{"line":108,"column":82},"end":{"line":108,"column":105}},"40":{"start":{"line":112,"column":82},"end":{"line":112,"column":105}},"41":{"start":{"line":125,"column":68},"end":{"line":125,"column":102}}},"fnMap":{"0":{"name":"Messages","decl":{"start":{"line":5,"column":9},"end":{"line":5,"column":17}},"loc":{"start":{"line":5,"column":25},"end":{"line":131,"column":1}},"line":5},"1":{"name":"(anonymous_1)","decl":{"start":{"line":11,"column":25},"end":{"line":11,"column":26}},"loc":{"start":{"line":11,"column":37},"end":{"line":16,"column":3}},"line":11},"2":{"name":"(anonymous_2)","decl":{"start":{"line":18,"column":12},"end":{"line":18,"column":13}},"loc":{"start":{"line":18,"column":18},"end":{"line":18,"column":39}},"line":18},"3":{"name":"(anonymous_3)","decl":{"start":{"line":20,"column":28},"end":{"line":20,"column":29}},"loc":{"start":{"line":20,"column":34},"end":{"line":62,"column":3}},"line":20},"4":{"name":"(anonymous_4)","decl":{"start":{"line":27,"column":59},"end":{"line":27,"column":60}},"loc":{"start":{"line":27,"column":65},"end":{"line":27,"column":121}},"line":27},"5":{"name":"(anonymous_5)","decl":{"start":{"line":37,"column":59},"end":{"line":37,"column":60}},"loc":{"start":{"line":37,"column":65},"end":{"line":37,"column":121}},"line":37},"6":{"name":"(anonymous_6)","decl":{"start":{"line":47,"column":59},"end":{"line":47,"column":60}},"loc":{"start":{"line":47,"column":65},"end":{"line":47,"column":121}},"line":47},"7":{"name":"(anonymous_7)","decl":{"start":{"line":57,"column":59},"end":{"line":57,"column":60}},"loc":{"start":{"line":57,"column":65},"end":{"line":57,"column":121}},"line":57},"8":{"name":"(anonymous_8)","decl":{"start":{"line":75,"column":44},"end":{"line":75,"column":45}},"loc":{"start":{"line":75,"column":50},"end":{"line":75,"column":80}},"line":75},"9":{"name":"(anonymous_9)","decl":{"start":{"line":75,"column":93},"end":{"line":75,"column":94}},"loc":{"start":{"line":75,"column":99},"end":{"line":75,"column":129}},"line":75},"10":{"name":"(anonymous_10)","decl":{"start":{"line":76,"column":47},"end":{"line":76,"column":48}},"loc":{"start":{"line":76,"column":53},"end":{"line":76,"column":86}},"line":76},"11":{"name":"(anonymous_11)","decl":{"start":{"line":76,"column":99},"end":{"line":76,"column":100}},"loc":{"start":{"line":76,"column":105},"end":{"line":76,"column":138}},"line":76},"12":{"name":"(anonymous_12)","decl":{"start":{"line":82,"column":67},"end":{"line":82,"column":68}},"loc":{"start":{"line":82,"column":73},"end":{"line":82,"column":112}},"line":82},"13":{"name":"(anonymous_13)","decl":{"start":{"line":83,"column":60},"end":{"line":83,"column":61}},"loc":{"start":{"line":83,"column":66},"end":{"line":83,"column":101}},"line":83},"14":{"name":"(anonymous_14)","decl":{"start":{"line":84,"column":60},"end":{"line":84,"column":61}},"loc":{"start":{"line":84,"column":66},"end":{"line":84,"column":98}},"line":84},"15":{"name":"(anonymous_15)","decl":{"start":{"line":85,"column":65},"end":{"line":85,"column":66}},"loc":{"start":{"line":85,"column":71},"end":{"line":85,"column":108}},"line":85},"16":{"name":"(anonymous_16)","decl":{"start":{"line":100,"column":75},"end":{"line":100,"column":76}},"loc":{"start":{"line":100,"column":81},"end":{"line":100,"column":103}},"line":100},"17":{"name":"(anonymous_17)","decl":{"start":{"line":104,"column":76},"end":{"line":104,"column":77}},"loc":{"start":{"line":104,"column":82},"end":{"line":104,"column":105}},"line":104},"18":{"name":"(anonymous_18)","decl":{"start":{"line":108,"column":76},"end":{"line":108,"column":77}},"loc":{"start":{"line":108,"column":82},"end":{"line":108,"column":105}},"line":108},"19":{"name":"(anonymous_19)","decl":{"start":{"line":112,"column":76},"end":{"line":112,"column":77}},"loc":{"start":{"line":112,"column":82},"end":{"line":112,"column":105}},"line":112},"20":{"name":"(anonymous_20)","decl":{"start":{"line":125,"column":62},"end":{"line":125,"column":63}},"loc":{"start":{"line":125,"column":68},"end":{"line":125,"column":102}},"line":125}},"branchMap":{"0":{"loc":{"start":{"line":21,"column":4},"end":{"line":30,"column":5}},"type":"if","locations":[{"start":{"line":21,"column":4},"end":{"line":30,"column":5}},{"start":{"line":21,"column":4},"end":{"line":30,"column":5}}],"line":21},"1":{"loc":{"start":{"line":31,"column":4},"end":{"line":40,"column":5}},"type":"if","locations":[{"start":{"line":31,"column":4},"end":{"line":40,"column":5}},{"start":{"line":31,"column":4},"end":{"line":40,"column":5}}],"line":31},"2":{"loc":{"start":{"line":41,"column":4},"end":{"line":50,"column":5}},"type":"if","locations":[{"start":{"line":41,"column":4},"end":{"line":50,"column":5}},{"start":{"line":41,"column":4},"end":{"line":50,"column":5}}],"line":41},"3":{"loc":{"start":{"line":51,"column":4},"end":{"line":60,"column":5}},"type":"if","locations":[{"start":{"line":51,"column":4},"end":{"line":60,"column":5}},{"start":{"line":51,"column":4},"end":{"line":60,"column":5}}],"line":51},"4":{"loc":{"start":{"line":93,"column":13},"end":{"line":93,"column":117}},"type":"cond-expr","locations":[{"start":{"line":93,"column":65},"end":{"line":93,"column":110}},{"start":{"line":93,"column":113},"end":{"line":93,"column":117}}],"line":93},"5":{"loc":{"start":{"line":94,"column":13},"end":{"line":94,"column":141}},"type":"cond-expr","locations":[{"start":{"line":94,"column":65},"end":{"line":94,"column":134}},{"start":{"line":94,"column":137},"end":{"line":94,"column":141}}],"line":94},"6":{"loc":{"start":{"line":95,"column":13},"end":{"line":95,"column":139}},"type":"cond-expr","locations":[{"start":{"line":95,"column":64},"end":{"line":95,"column":132}},{"start":{"line":95,"column":135},"end":{"line":95,"column":139}}],"line":95},"7":{"loc":{"start":{"line":96,"column":13},"end":{"line":96,"column":116}},"type":"cond-expr","locations":[{"start":{"line":96,"column":63},"end":{"line":96,"column":109}},{"start":{"line":96,"column":112},"end":{"line":96,"column":116}}],"line":96},"8":{"loc":{"start":{"line":97,"column":13},"end":{"line":97,"column":121}},"type":"cond-expr","locations":[{"start":{"line":97,"column":62},"end":{"line":97,"column":114}},{"start":{"line":97,"column":117},"end":{"line":97,"column":121}}],"line":97}},"s":{"0":6,"1":6,"2":6,"3":6,"4":5,"5":0,"6":0,"7":0,"8":6,"9":5,"10":6,"11":6,"12":6,"13":6,"14":0,"15":0,"16":0,"17":0,"18":0,"19":0,"20":0,"21":0,"22":0,"23":0,"24":0,"25":0,"26":0,"27":0,"28":6,"29":0,"30":0,"31":0,"32":0,"33":0,"34":0,"35":0,"36":0,"37":0,"38":0,"39":0,"40":0,"41":0},"f":{"0":6,"1":5,"2":5,"3":6,"4":0,"5":0,"6":0,"7":0,"8":0,"9":0,"10":0,"11":0,"12":0,"13":0,"14":0,"15":0,"16":0,"17":0,"18":0,"19":0,"20":0},"b":{"0":[6,0],"1":[0,0],"2":[0,0],"3":[0,0],"4":[0,6],"5":[0,6],"6":[0,6],"7":[0,6],"8":[0,6]},"_coverageSchema":"1a1c01bbd47fc00a2c39e90264f33305004495a9","hash":"dfd9b3ea777e2d3893477e5df2ae32eef31ba334"}
,"/Users/mcleesm/Desktop/Senior Year/Fall 2021/CIS 557/project/src/frontend/src/notifications-page/NotificationPage.js": {"path":"/Users/mcleesm/Desktop/Senior Year/Fall 2021/CIS 557/project/src/frontend/src/notifications-page/NotificationPage.js","statementMap":{"0":{"start":{"line":4,"column":12},"end":{"line":4,"column":43}},"1":{"start":{"line":7,"column":33},"end":{"line":7,"column":38}},"2":{"start":{"line":9,"column":30},"end":{"line":9,"column":42}},"3":{"start":{"line":11,"column":23},"end":{"line":15,"column":3}},"4":{"start":{"line":12,"column":14},"end":{"line":12,"column":54}},"5":{"start":{"line":14,"column":4},"end":{"line":14,"column":17}},"6":{"start":{"line":18,"column":2},"end":{"line":18,"column":22}},"7":{"start":{"line":20,"column":2},"end":{"line":20,"column":43}},"8":{"start":{"line":20,"column":20},"end":{"line":20,"column":35}},"9":{"start":{"line":22,"column":2},"end":{"line":70,"column":4}},"10":{"start":{"line":34,"column":50},"end":{"line":34,"column":80}},"11":{"start":{"line":34,"column":99},"end":{"line":34,"column":129}},"12":{"start":{"line":35,"column":53},"end":{"line":35,"column":86}},"13":{"start":{"line":35,"column":105},"end":{"line":35,"column":138}},"14":{"start":{"line":41,"column":73},"end":{"line":41,"column":112}},"15":{"start":{"line":42,"column":66},"end":{"line":42,"column":101}},"16":{"start":{"line":43,"column":66},"end":{"line":43,"column":98}},"17":{"start":{"line":44,"column":71},"end":{"line":44,"column":108}},"18":{"start":{"line":50,"column":12},"end":{"line":60,"column":18}},"19":{"start":{"line":65,"column":68},"end":{"line":65,"column":102}}},"fnMap":{"0":{"name":"NotificationPage","decl":{"start":{"line":6,"column":9},"end":{"line":6,"column":25}},"loc":{"start":{"line":6,"column":33},"end":{"line":71,"column":1}},"line":6},"1":{"name":"(anonymous_1)","decl":{"start":{"line":11,"column":23},"end":{"line":11,"column":24}},"loc":{"start":{"line":11,"column":35},"end":{"line":15,"column":3}},"line":11},"2":{"name":"(anonymous_2)","decl":{"start":{"line":20,"column":12},"end":{"line":20,"column":13}},"loc":{"start":{"line":20,"column":18},"end":{"line":20,"column":37}},"line":20},"3":{"name":"(anonymous_3)","decl":{"start":{"line":34,"column":44},"end":{"line":34,"column":45}},"loc":{"start":{"line":34,"column":50},"end":{"line":34,"column":80}},"line":34},"4":{"name":"(anonymous_4)","decl":{"start":{"line":34,"column":93},"end":{"line":34,"column":94}},"loc":{"start":{"line":34,"column":99},"end":{"line":34,"column":129}},"line":34},"5":{"name":"(anonymous_5)","decl":{"start":{"line":35,"column":47},"end":{"line":35,"column":48}},"loc":{"start":{"line":35,"column":53},"end":{"line":35,"column":86}},"line":35},"6":{"name":"(anonymous_6)","decl":{"start":{"line":35,"column":99},"end":{"line":35,"column":100}},"loc":{"start":{"line":35,"column":105},"end":{"line":35,"column":138}},"line":35},"7":{"name":"(anonymous_7)","decl":{"start":{"line":41,"column":67},"end":{"line":41,"column":68}},"loc":{"start":{"line":41,"column":73},"end":{"line":41,"column":112}},"line":41},"8":{"name":"(anonymous_8)","decl":{"start":{"line":42,"column":60},"end":{"line":42,"column":61}},"loc":{"start":{"line":42,"column":66},"end":{"line":42,"column":101}},"line":42},"9":{"name":"(anonymous_9)","decl":{"start":{"line":43,"column":60},"end":{"line":43,"column":61}},"loc":{"start":{"line":43,"column":66},"end":{"line":43,"column":98}},"line":43},"10":{"name":"(anonymous_10)","decl":{"start":{"line":44,"column":65},"end":{"line":44,"column":66}},"loc":{"start":{"line":44,"column":71},"end":{"line":44,"column":108}},"line":44},"11":{"name":"(anonymous_11)","decl":{"start":{"line":49,"column":22},"end":{"line":49,"column":23}},"loc":{"start":{"line":50,"column":12},"end":{"line":60,"column":18}},"line":50},"12":{"name":"(anonymous_12)","decl":{"start":{"line":65,"column":62},"end":{"line":65,"column":63}},"loc":{"start":{"line":65,"column":68},"end":{"line":65,"column":102}},"line":65}},"branchMap":{"0":{"loc":{"start":{"line":57,"column":52},"end":{"line":57,"column":87}},"type":"cond-expr","locations":[{"start":{"line":57,"column":70},"end":{"line":57,"column":76}},{"start":{"line":57,"column":79},"end":{"line":57,"column":87}}],"line":57}},"s":{"0":2,"1":1,"2":1,"3":1,"4":0,"5":0,"6":1,"7":1,"8":0,"9":1,"10":0,"11":0,"12":0,"13":0,"14":0,"15":0,"16":0,"17":0,"18":0,"19":0},"f":{"0":1,"1":0,"2":0,"3":0,"4":0,"5":0,"6":0,"7":0,"8":0,"9":0,"10":0,"11":0,"12":0},"b":{"0":[0,0]},"_coverageSchema":"1a1c01bbd47fc00a2c39e90264f33305004495a9","hash":"746e94f18237b4dc180d00fbb3236e00977cb380"}
,"/Users/mcleesm/Desktop/Senior Year/Fall 2021/CIS 557/project/src/frontend/src/profile-page/ProfilePage.js": {"path":"/Users/mcleesm/Desktop/Senior Year/Fall 2021/CIS 557/project/src/frontend/src/profile-page/ProfilePage.js","statementMap":{"0":{"start":{"line":16,"column":4},"end":{"line":16,"column":30}},"1":{"start":{"line":21,"column":23},"end":{"line":27,"column":3}},"2":{"start":{"line":29,"column":33},"end":{"line":29,"column":38}},"3":{"start":{"line":31,"column":40},"end":{"line":31,"column":62}},"4":{"start":{"line":32,"column":36},"end":{"line":32,"column":48}},"5":{"start":{"line":33,"column":42},"end":{"line":33,"column":54}},"6":{"start":{"line":35,"column":26},"end":{"line":56,"column":3}},"7":{"start":{"line":37,"column":23},"end":{"line":37,"column":28}},"8":{"start":{"line":38,"column":4},"end":{"line":38,"column":37}},"9":{"start":{"line":43,"column":23},"end":{"line":43,"column":49}},"10":{"start":{"line":44,"column":25},"end":{"line":44,"column":49}},"11":{"start":{"line":47,"column":21},"end":{"line":47,"column":54}},"12":{"start":{"line":49,"column":4},"end":{"line":49,"column":57}},"13":{"start":{"line":52,"column":4},"end":{"line":52,"column":29}},"14":{"start":{"line":54,"column":4},"end":{"line":54,"column":39}},"15":{"start":{"line":55,"column":4},"end":{"line":55,"column":26}},"16":{"start":{"line":58,"column":2},"end":{"line":60,"column":9}},"17":{"start":{"line":59,"column":4},"end":{"line":59,"column":22}},"18":{"start":{"line":66,"column":2},"end":{"line":133,"column":4}},"19":{"start":{"line":76,"column":51},"end":{"line":76,"column":81}},"20":{"start":{"line":76,"column":100},"end":{"line":76,"column":130}},"21":{"start":{"line":77,"column":51},"end":{"line":77,"column":81}},"22":{"start":{"line":77,"column":100},"end":{"line":77,"column":130}},"23":{"start":{"line":79,"column":51},"end":{"line":79,"column":120}},"24":{"start":{"line":79,"column":139},"end":{"line":79,"column":208}},"25":{"start":{"line":80,"column":51},"end":{"line":80,"column":95}},"26":{"start":{"line":80,"column":114},"end":{"line":80,"column":158}},"27":{"start":{"line":98,"column":12},"end":{"line":128,"column":18}},"28":{"start":{"line":111,"column":18},"end":{"line":119,"column":24}},"29":{"start":{"line":125,"column":68},"end":{"line":125,"column":154}},"30":{"start":{"line":125,"column":173},"end":{"line":125,"column":259}}},"fnMap":{"0":{"name":"ProfilePage","decl":{"start":{"line":18,"column":9},"end":{"line":18,"column":20}},"loc":{"start":{"line":18,"column":28},"end":{"line":134,"column":1}},"line":18},"1":{"name":"(anonymous_1)","decl":{"start":{"line":35,"column":26},"end":{"line":35,"column":27}},"loc":{"start":{"line":35,"column":38},"end":{"line":56,"column":3}},"line":35},"2":{"name":"(anonymous_2)","decl":{"start":{"line":58,"column":12},"end":{"line":58,"column":13}},"loc":{"start":{"line":58,"column":18},"end":{"line":60,"column":3}},"line":58},"3":{"name":"(anonymous_3)","decl":{"start":{"line":76,"column":45},"end":{"line":76,"column":46}},"loc":{"start":{"line":76,"column":51},"end":{"line":76,"column":81}},"line":76},"4":{"name":"(anonymous_4)","decl":{"start":{"line":76,"column":94},"end":{"line":76,"column":95}},"loc":{"start":{"line":76,"column":100},"end":{"line":76,"column":130}},"line":76},"5":{"name":"(anonymous_5)","decl":{"start":{"line":77,"column":45},"end":{"line":77,"column":46}},"loc":{"start":{"line":77,"column":51},"end":{"line":77,"column":81}},"line":77},"6":{"name":"(anonymous_6)","decl":{"start":{"line":77,"column":94},"end":{"line":77,"column":95}},"loc":{"start":{"line":77,"column":100},"end":{"line":77,"column":130}},"line":77},"7":{"name":"(anonymous_7)","decl":{"start":{"line":79,"column":45},"end":{"line":79,"column":46}},"loc":{"start":{"line":79,"column":51},"end":{"line":79,"column":120}},"line":79},"8":{"name":"(anonymous_8)","decl":{"start":{"line":79,"column":133},"end":{"line":79,"column":134}},"loc":{"start":{"line":79,"column":139},"end":{"line":79,"column":208}},"line":79},"9":{"name":"(anonymous_9)","decl":{"start":{"line":80,"column":45},"end":{"line":80,"column":46}},"loc":{"start":{"line":80,"column":51},"end":{"line":80,"column":95}},"line":80},"10":{"name":"(anonymous_10)","decl":{"start":{"line":80,"column":108},"end":{"line":80,"column":109}},"loc":{"start":{"line":80,"column":114},"end":{"line":80,"column":158}},"line":80},"11":{"name":"(anonymous_11)","decl":{"start":{"line":97,"column":25},"end":{"line":97,"column":26}},"loc":{"start":{"line":98,"column":12},"end":{"line":128,"column":18}},"line":98},"12":{"name":"(anonymous_12)","decl":{"start":{"line":110,"column":36},"end":{"line":110,"column":37}},"loc":{"start":{"line":111,"column":18},"end":{"line":119,"column":24}},"line":111},"13":{"name":"(anonymous_13)","decl":{"start":{"line":125,"column":62},"end":{"line":125,"column":63}},"loc":{"start":{"line":125,"column":68},"end":{"line":125,"column":154}},"line":125},"14":{"name":"(anonymous_14)","decl":{"start":{"line":125,"column":167},"end":{"line":125,"column":168}},"loc":{"start":{"line":125,"column":173},"end":{"line":125,"column":259}},"line":125}},"branchMap":{},"s":{"0":2,"1":1,"2":1,"3":1,"4":1,"5":1,"6":1,"7":0,"8":0,"9":0,"10":0,"11":0,"12":0,"13":0,"14":0,"15":0,"16":1,"17":0,"18":1,"19":0,"20":0,"21":0,"22":0,"23":0,"24":0,"25":0,"26":0,"27":0,"28":0,"29":0,"30":0},"f":{"0":1,"1":0,"2":0,"3":0,"4":0,"5":0,"6":0,"7":0,"8":0,"9":0,"10":0,"11":0,"12":0,"13":0,"14":0},"b":{},"_coverageSchema":"1a1c01bbd47fc00a2c39e90264f33305004495a9","hash":"1a0cb025ecee43d34abece86ba635e64a00de561"}
,"/Users/mcleesm/Desktop/Senior Year/Fall 2021/CIS 557/project/src/frontend/src/registration-page/RegistrationForm.js": {"path":"/Users/mcleesm/Desktop/Senior Year/Fall 2021/CIS 557/project/src/frontend/src/registration-page/RegistrationForm.js","statementMap":{"0":{"start":{"line":4,"column":12},"end":{"line":4,"column":43}},"1":{"start":{"line":7,"column":26},"end":{"line":7,"column":31}},"2":{"start":{"line":9,"column":25},"end":{"line":16,"column":3}},"3":{"start":{"line":10,"column":4},"end":{"line":12,"column":5}},"4":{"start":{"line":11,"column":6},"end":{"line":11,"column":69}},"5":{"start":{"line":12,"column":6},"end":{"line":14,"column":5}},"6":{"start":{"line":13,"column":6},"end":{"line":13,"column":60}},"7":{"start":{"line":15,"column":4},"end":{"line":15,"column":16}},"8":{"start":{"line":18,"column":2},"end":{"line":42,"column":4}},"9":{"start":{"line":40,"column":83},"end":{"line":40,"column":244}}},"fnMap":{"0":{"name":"RegistrationForm","decl":{"start":{"line":6,"column":9},"end":{"line":6,"column":25}},"loc":{"start":{"line":6,"column":33},"end":{"line":43,"column":1}},"line":6},"1":{"name":"(anonymous_1)","decl":{"start":{"line":9,"column":25},"end":{"line":9,"column":26}},"loc":{"start":{"line":9,"column":31},"end":{"line":16,"column":3}},"line":9},"2":{"name":"(anonymous_2)","decl":{"start":{"line":40,"column":77},"end":{"line":40,"column":78}},"loc":{"start":{"line":40,"column":83},"end":{"line":40,"column":244}},"line":40}},"branchMap":{"0":{"loc":{"start":{"line":10,"column":4},"end":{"line":12,"column":5}},"type":"if","locations":[{"start":{"line":10,"column":4},"end":{"line":12,"column":5}},{"start":{"line":10,"column":4},"end":{"line":12,"column":5}}],"line":10},"1":{"loc":{"start":{"line":12,"column":6},"end":{"line":14,"column":5}},"type":"if","locations":[{"start":{"line":12,"column":6},"end":{"line":14,"column":5}},{"start":{"line":12,"column":6},"end":{"line":14,"column":5}}],"line":12}},"s":{"0":3,"1":1,"2":1,"3":1,"4":0,"5":1,"6":0,"7":1,"8":1,"9":0},"f":{"0":1,"1":1,"2":0},"b":{"0":[0,1],"1":[0,1]},"_coverageSchema":"1a1c01bbd47fc00a2c39e90264f33305004495a9","hash":"39cd76f76b7be0384db75fd04b45f40531ad5360"}
,"/Users/mcleesm/Desktop/Senior Year/Fall 2021/CIS 557/project/src/frontend/src/registration-page/RegistrationModule.js": {"path":"/Users/mcleesm/Desktop/Senior Year/Fall 2021/CIS 557/project/src/frontend/src/registration-page/RegistrationModule.js","statementMap":{"0":{"start":{"line":1,"column":23},"end":{"line":1,"column":40}},"1":{"start":{"line":2,"column":17},"end":{"line":2,"column":45}},"2":{"start":{"line":4,"column":25},"end":{"line":10,"column":1}},"3":{"start":{"line":5,"column":2},"end":{"line":8,"column":3}},"4":{"start":{"line":6,"column":4},"end":{"line":6,"column":26}},"5":{"start":{"line":7,"column":4},"end":{"line":7,"column":17}},"6":{"start":{"line":9,"column":2},"end":{"line":9,"column":14}},"7":{"start":{"line":12,"column":22},"end":{"line":26,"column":1}},"8":{"start":{"line":13,"column":2},"end":{"line":25,"column":3}},"9":{"start":{"line":15,"column":20},"end":{"line":18,"column":5}},"10":{"start":{"line":19,"column":21},"end":{"line":19,"column":98}},"11":{"start":{"line":20,"column":4},"end":{"line":24,"column":5}},"12":{"start":{"line":21,"column":6},"end":{"line":21,"column":33}},"13":{"start":{"line":23,"column":6},"end":{"line":23,"column":50}},"14":{"start":{"line":28,"column":0},"end":{"line":31,"column":2}}},"fnMap":{"0":{"name":"(anonymous_0)","decl":{"start":{"line":4,"column":25},"end":{"line":4,"column":26}},"loc":{"start":{"line":4,"column":70},"end":{"line":10,"column":1}},"line":4},"1":{"name":"(anonymous_1)","decl":{"start":{"line":12,"column":22},"end":{"line":12,"column":23}},"loc":{"start":{"line":12,"column":77},"end":{"line":26,"column":1}},"line":12}},"branchMap":{"0":{"loc":{"start":{"line":5,"column":2},"end":{"line":8,"column":3}},"type":"if","locations":[{"start":{"line":5,"column":2},"end":{"line":8,"column":3}},{"start":{"line":5,"column":2},"end":{"line":8,"column":3}}],"line":5},"1":{"loc":{"start":{"line":13,"column":2},"end":{"line":25,"column":3}},"type":"if","locations":[{"start":{"line":13,"column":2},"end":{"line":25,"column":3}},{"start":{"line":13,"column":2},"end":{"line":25,"column":3}}],"line":13},"2":{"loc":{"start":{"line":20,"column":4},"end":{"line":24,"column":5}},"type":"if","locations":[{"start":{"line":20,"column":4},"end":{"line":24,"column":5}},{"start":{"line":20,"column":4},"end":{"line":24,"column":5}}],"line":20}},"s":{"0":4,"1":4,"2":4,"3":5,"4":2,"5":2,"6":3,"7":4,"8":3,"9":2,"10":2,"11":2,"12":1,"13":1,"14":4},"f":{"0":5,"1":3},"b":{"0":[2,3],"1":[2,1],"2":[1,1]},"_coverageSchema":"1a1c01bbd47fc00a2c39e90264f33305004495a9","hash":"58143c72b450842673d7e45ef042a0057ba0683f"}
,"/Users/mcleesm/Desktop/Senior Year/Fall 2021/CIS 557/project/src/frontend/src/view-group-page/ViewGroup.js": {"path":"/Users/mcleesm/Desktop/Senior Year/Fall 2021/CIS 557/project/src/frontend/src/view-group-page/ViewGroup.js","statementMap":{"0":{"start":{"line":22,"column":33},"end":{"line":22,"column":38}},"1":{"start":{"line":24,"column":37},"end":{"line":24,"column":53}},"2":{"start":{"line":26,"column":46},"end":{"line":26,"column":81}},"3":{"start":{"line":27,"column":32},"end":{"line":27,"column":45}},"4":{"start":{"line":28,"column":40},"end":{"line":28,"column":52}},"5":{"start":{"line":30,"column":22},"end":{"line":38,"column":3}},"6":{"start":{"line":31,"column":18},"end":{"line":31,"column":52}},"7":{"start":{"line":32,"column":19},"end":{"line":32,"column":54}},"8":{"start":{"line":34,"column":4},"end":{"line":37,"column":8}},"9":{"start":{"line":34,"column":29},"end":{"line":37,"column":5}},"10":{"start":{"line":40,"column":24},"end":{"line":42,"column":3}},"11":{"start":{"line":41,"column":4},"end":{"line":41,"column":27}},"12":{"start":{"line":44,"column":24},"end":{"line":52,"column":3}},"13":{"start":{"line":45,"column":19},"end":{"line":45,"column":21}},"14":{"start":{"line":46,"column":4},"end":{"line":50,"column":7}},"15":{"start":{"line":47,"column":22},"end":{"line":47,"column":100}},"16":{"start":{"line":49,"column":6},"end":{"line":49,"column":67}},"17":{"start":{"line":51,"column":4},"end":{"line":51,"column":20}},"18":{"start":{"line":55,"column":34},"end":{"line":55,"column":46}},"19":{"start":{"line":57,"column":22},"end":{"line":62,"column":3}},"20":{"start":{"line":58,"column":18},"end":{"line":58,"column":65}},"21":{"start":{"line":60,"column":4},"end":{"line":60,"column":30}},"22":{"start":{"line":61,"column":4},"end":{"line":61,"column":32}},"23":{"start":{"line":64,"column":27},"end":{"line":83,"column":3}},"24":{"start":{"line":66,"column":16},"end":{"line":72,"column":21}},"25":{"start":{"line":74,"column":18},"end":{"line":74,"column":65}},"26":{"start":{"line":78,"column":4},"end":{"line":78,"column":33}},"27":{"start":{"line":81,"column":4},"end":{"line":81,"column":58}},"28":{"start":{"line":82,"column":4},"end":{"line":82,"column":40}},"29":{"start":{"line":86,"column":38},"end":{"line":86,"column":50}},"30":{"start":{"line":89,"column":24},"end":{"line":99,"column":3}},"31":{"start":{"line":90,"column":18},"end":{"line":90,"column":65}},"32":{"start":{"line":91,"column":20},"end":{"line":91,"column":69}},"33":{"start":{"line":93,"column":4},"end":{"line":93,"column":34}},"34":{"start":{"line":94,"column":4},"end":{"line":94,"column":29}},"35":{"start":{"line":95,"column":4},"end":{"line":98,"column":5}},"36":{"start":{"line":96,"column":6},"end":{"line":96,"column":84}},"37":{"start":{"line":97,"column":6},"end":{"line":97,"column":92}},"38":{"start":{"line":101,"column":28},"end":{"line":138,"column":3}},"39":{"start":{"line":102,"column":4},"end":{"line":109,"column":5}},"40":{"start":{"line":103,"column":6},"end":{"line":103,"column":26}},"41":{"start":{"line":104,"column":6},"end":{"line":108,"column":8}},"42":{"start":{"line":110,"column":4},"end":{"line":118,"column":5}},"43":{"start":{"line":111,"column":6},"end":{"line":111,"column":27}},"44":{"start":{"line":112,"column":6},"end":{"line":117,"column":8}},"45":{"start":{"line":119,"column":4},"end":{"line":127,"column":5}},"46":{"start":{"line":120,"column":6},"end":{"line":120,"column":27}},"47":{"start":{"line":121,"column":6},"end":{"line":126,"column":8}},"48":{"start":{"line":128,"column":4},"end":{"line":136,"column":5}},"49":{"start":{"line":129,"column":6},"end":{"line":129,"column":27}},"50":{"start":{"line":130,"column":6},"end":{"line":135,"column":8}},"51":{"start":{"line":137,"column":4},"end":{"line":137,"column":16}},"52":{"start":{"line":140,"column":18},"end":{"line":144,"column":3}},"53":{"start":{"line":141,"column":4},"end":{"line":141,"column":24}},"54":{"start":{"line":142,"column":4},"end":{"line":142,"column":24}},"55":{"start":{"line":143,"column":4},"end":{"line":143,"column":26}},"56":{"start":{"line":146,"column":2},"end":{"line":146,"column":56}},"57":{"start":{"line":146,"column":20},"end":{"line":146,"column":30}},"58":{"start":{"line":148,"column":2},"end":{"line":263,"column":4}},"59":{"start":{"line":159,"column":50},"end":{"line":159,"column":80}},"60":{"start":{"line":159,"column":99},"end":{"line":159,"column":129}},"61":{"start":{"line":160,"column":53},"end":{"line":160,"column":86}},"62":{"start":{"line":160,"column":105},"end":{"line":160,"column":138}},"63":{"start":{"line":166,"column":73},"end":{"line":166,"column":112}},"64":{"start":{"line":167,"column":66},"end":{"line":167,"column":101}},"65":{"start":{"line":168,"column":66},"end":{"line":168,"column":98}},"66":{"start":{"line":169,"column":71},"end":{"line":169,"column":108}},"67":{"start":{"line":197,"column":82},"end":{"line":197,"column":152}},"68":{"start":{"line":209,"column":77},"end":{"line":209,"column":143}},"69":{"start":{"line":217,"column":77},"end":{"line":217,"column":133}},"70":{"start":{"line":224,"column":77},"end":{"line":224,"column":133}},"71":{"start":{"line":234,"column":83},"end":{"line":234,"column":105}},"72":{"start":{"line":238,"column":84},"end":{"line":238,"column":107}},"73":{"start":{"line":242,"column":84},"end":{"line":242,"column":107}},"74":{"start":{"line":246,"column":84},"end":{"line":246,"column":107}},"75":{"start":{"line":251,"column":75},"end":{"line":251,"column":93}},"76":{"start":{"line":258,"column":68},"end":{"line":258,"column":102}}},"fnMap":{"0":{"name":"ViewGroup","decl":{"start":{"line":20,"column":9},"end":{"line":20,"column":18}},"loc":{"start":{"line":20,"column":26},"end":{"line":264,"column":1}},"line":20},"1":{"name":"(anonymous_1)","decl":{"start":{"line":30,"column":22},"end":{"line":30,"column":23}},"loc":{"start":{"line":30,"column":34},"end":{"line":38,"column":3}},"line":30},"2":{"name":"(anonymous_2)","decl":{"start":{"line":34,"column":22},"end":{"line":34,"column":23}},"loc":{"start":{"line":34,"column":29},"end":{"line":37,"column":5}},"line":34},"3":{"name":"(anonymous_3)","decl":{"start":{"line":40,"column":24},"end":{"line":40,"column":25}},"loc":{"start":{"line":40,"column":40},"end":{"line":42,"column":3}},"line":40},"4":{"name":"(anonymous_4)","decl":{"start":{"line":44,"column":24},"end":{"line":44,"column":25}},"loc":{"start":{"line":44,"column":36},"end":{"line":52,"column":3}},"line":44},"5":{"name":"(anonymous_5)","decl":{"start":{"line":46,"column":19},"end":{"line":46,"column":20}},"loc":{"start":{"line":46,"column":30},"end":{"line":50,"column":5}},"line":46},"6":{"name":"(anonymous_6)","decl":{"start":{"line":57,"column":22},"end":{"line":57,"column":23}},"loc":{"start":{"line":57,"column":34},"end":{"line":62,"column":3}},"line":57},"7":{"name":"(anonymous_7)","decl":{"start":{"line":64,"column":27},"end":{"line":64,"column":28}},"loc":{"start":{"line":64,"column":39},"end":{"line":83,"column":3}},"line":64},"8":{"name":"(anonymous_8)","decl":{"start":{"line":89,"column":24},"end":{"line":89,"column":25}},"loc":{"start":{"line":89,"column":36},"end":{"line":99,"column":3}},"line":89},"9":{"name":"(anonymous_9)","decl":{"start":{"line":101,"column":28},"end":{"line":101,"column":29}},"loc":{"start":{"line":101,"column":34},"end":{"line":138,"column":3}},"line":101},"10":{"name":"(anonymous_10)","decl":{"start":{"line":140,"column":18},"end":{"line":140,"column":19}},"loc":{"start":{"line":140,"column":30},"end":{"line":144,"column":3}},"line":140},"11":{"name":"(anonymous_11)","decl":{"start":{"line":146,"column":12},"end":{"line":146,"column":13}},"loc":{"start":{"line":146,"column":18},"end":{"line":146,"column":32}},"line":146},"12":{"name":"(anonymous_12)","decl":{"start":{"line":159,"column":44},"end":{"line":159,"column":45}},"loc":{"start":{"line":159,"column":50},"end":{"line":159,"column":80}},"line":159},"13":{"name":"(anonymous_13)","decl":{"start":{"line":159,"column":93},"end":{"line":159,"column":94}},"loc":{"start":{"line":159,"column":99},"end":{"line":159,"column":129}},"line":159},"14":{"name":"(anonymous_14)","decl":{"start":{"line":160,"column":47},"end":{"line":160,"column":48}},"loc":{"start":{"line":160,"column":53},"end":{"line":160,"column":86}},"line":160},"15":{"name":"(anonymous_15)","decl":{"start":{"line":160,"column":99},"end":{"line":160,"column":100}},"loc":{"start":{"line":160,"column":105},"end":{"line":160,"column":138}},"line":160},"16":{"name":"(anonymous_16)","decl":{"start":{"line":166,"column":67},"end":{"line":166,"column":68}},"loc":{"start":{"line":166,"column":73},"end":{"line":166,"column":112}},"line":166},"17":{"name":"(anonymous_17)","decl":{"start":{"line":167,"column":60},"end":{"line":167,"column":61}},"loc":{"start":{"line":167,"column":66},"end":{"line":167,"column":101}},"line":167},"18":{"name":"(anonymous_18)","decl":{"start":{"line":168,"column":60},"end":{"line":168,"column":61}},"loc":{"start":{"line":168,"column":66},"end":{"line":168,"column":98}},"line":168},"19":{"name":"(anonymous_19)","decl":{"start":{"line":169,"column":65},"end":{"line":169,"column":66}},"loc":{"start":{"line":169,"column":71},"end":{"line":169,"column":108}},"line":169},"20":{"name":"(anonymous_20)","decl":{"start":{"line":197,"column":76},"end":{"line":197,"column":77}},"loc":{"start":{"line":197,"column":82},"end":{"line":197,"column":152}},"line":197},"21":{"name":"(anonymous_21)","decl":{"start":{"line":209,"column":71},"end":{"line":209,"column":72}},"loc":{"start":{"line":209,"column":77},"end":{"line":209,"column":143}},"line":209},"22":{"name":"(anonymous_22)","decl":{"start":{"line":217,"column":71},"end":{"line":217,"column":72}},"loc":{"start":{"line":217,"column":77},"end":{"line":217,"column":133}},"line":217},"23":{"name":"(anonymous_23)","decl":{"start":{"line":224,"column":71},"end":{"line":224,"column":72}},"loc":{"start":{"line":224,"column":77},"end":{"line":224,"column":133}},"line":224},"24":{"name":"(anonymous_24)","decl":{"start":{"line":234,"column":77},"end":{"line":234,"column":78}},"loc":{"start":{"line":234,"column":83},"end":{"line":234,"column":105}},"line":234},"25":{"name":"(anonymous_25)","decl":{"start":{"line":238,"column":78},"end":{"line":238,"column":79}},"loc":{"start":{"line":238,"column":84},"end":{"line":238,"column":107}},"line":238},"26":{"name":"(anonymous_26)","decl":{"start":{"line":242,"column":78},"end":{"line":242,"column":79}},"loc":{"start":{"line":242,"column":84},"end":{"line":242,"column":107}},"line":242},"27":{"name":"(anonymous_27)","decl":{"start":{"line":246,"column":78},"end":{"line":246,"column":79}},"loc":{"start":{"line":246,"column":84},"end":{"line":246,"column":107}},"line":246},"28":{"name":"(anonymous_28)","decl":{"start":{"line":251,"column":69},"end":{"line":251,"column":70}},"loc":{"start":{"line":251,"column":75},"end":{"line":251,"column":93}},"line":251},"29":{"name":"(anonymous_29)","decl":{"start":{"line":258,"column":62},"end":{"line":258,"column":63}},"loc":{"start":{"line":258,"column":68},"end":{"line":258,"column":102}},"line":258}},"branchMap":{"0":{"loc":{"start":{"line":47,"column":22},"end":{"line":47,"column":100}},"type":"cond-expr","locations":[{"start":{"line":47,"column":47},"end":{"line":47,"column":77}},{"start":{"line":47,"column":80},"end":{"line":47,"column":100}}],"line":47},"1":{"loc":{"start":{"line":49,"column":19},"end":{"line":49,"column":65}},"type":"cond-expr","locations":[{"start":{"line":49,"column":37},"end":{"line":49,"column":49}},{"start":{"line":49,"column":52},"end":{"line":49,"column":65}}],"line":49},"2":{"loc":{"start":{"line":95,"column":4},"end":{"line":98,"column":5}},"type":"if","locations":[{"start":{"line":95,"column":4},"end":{"line":98,"column":5}},{"start":{"line":95,"column":4},"end":{"line":98,"column":5}}],"line":95},"3":{"loc":{"start":{"line":102,"column":4},"end":{"line":109,"column":5}},"type":"if","locations":[{"start":{"line":102,"column":4},"end":{"line":109,"column":5}},{"start":{"line":102,"column":4},"end":{"line":109,"column":5}}],"line":102},"4":{"loc":{"start":{"line":110,"column":4},"end":{"line":118,"column":5}},"type":"if","locations":[{"start":{"line":110,"column":4},"end":{"line":118,"column":5}},{"start":{"line":110,"column":4},"end":{"line":118,"column":5}}],"line":110},"5":{"loc":{"start":{"line":119,"column":4},"end":{"line":127,"column":5}},"type":"if","locations":[{"start":{"line":119,"column":4},"end":{"line":127,"column":5}},{"start":{"line":119,"column":4},"end":{"line":127,"column":5}}],"line":119},"6":{"loc":{"start":{"line":128,"column":4},"end":{"line":136,"column":5}},"type":"if","locations":[{"start":{"line":128,"column":4},"end":{"line":136,"column":5}},{"start":{"line":128,"column":4},"end":{"line":136,"column":5}}],"line":128},"7":{"loc":{"start":{"line":191,"column":22},"end":{"line":191,"column":81}},"type":"cond-expr","locations":[{"start":{"line":191,"column":61},"end":{"line":191,"column":69}},{"start":{"line":191,"column":72},"end":{"line":191,"column":81}}],"line":191},"8":{"loc":{"start":{"line":204,"column":16},"end":{"line":204,"column":113}},"type":"cond-expr","locations":[{"start":{"line":204,"column":59},"end":{"line":204,"column":103}},{"start":{"line":204,"column":108},"end":{"line":204,"column":112}}],"line":204},"9":{"loc":{"start":{"line":212,"column":16},"end":{"line":212,"column":120}},"type":"cond-expr","locations":[{"start":{"line":212,"column":59},"end":{"line":212,"column":110}},{"start":{"line":212,"column":115},"end":{"line":212,"column":119}}],"line":212},"10":{"loc":{"start":{"line":231,"column":16},"end":{"line":231,"column":105}},"type":"cond-expr","locations":[{"start":{"line":231,"column":64},"end":{"line":231,"column":95}},{"start":{"line":231,"column":100},"end":{"line":231,"column":104}}],"line":231}},"s":{"0":4,"1":4,"2":4,"3":4,"4":4,"5":4,"6":3,"7":0,"8":0,"9":0,"10":4,"11":0,"12":4,"13":4,"14":4,"15":0,"16":0,"17":4,"18":4,"19":4,"20":0,"21":0,"22":0,"23":4,"24":0,"25":0,"26":0,"27":0,"28":0,"29":4,"30":4,"31":0,"32":0,"33":0,"34":0,"35":0,"36":0,"37":0,"38":4,"39":4,"40":4,"41":4,"42":0,"43":0,"44":0,"45":0,"46":0,"47":0,"48":0,"49":0,"50":0,"51":0,"52":4,"53":3,"54":0,"55":0,"56":4,"57":3,"58":4,"59":0,"60":0,"61":0,"62":0,"63":0,"64":0,"65":0,"66":0,"67":0,"68":0,"69":0,"70":0,"71":0,"72":0,"73":0,"74":0,"75":0,"76":0},"f":{"0":4,"1":3,"2":0,"3":0,"4":4,"5":0,"6":0,"7":0,"8":0,"9":4,"10":3,"11":3,"12":0,"13":0,"14":0,"15":0,"16":0,"17":0,"18":0,"19":0,"20":0,"21":0,"22":0,"23":0,"24":0,"25":0,"26":0,"27":0,"28":0,"29":0},"b":{"0":[0,0],"1":[0,0],"2":[0,0],"3":[4,0],"4":[0,0],"5":[0,0],"6":[0,0],"7":[0,4],"8":[1,3],"9":[1,3],"10":[1,3]},"_coverageSchema":"1a1c01bbd47fc00a2c39e90264f33305004495a9","hash":"2beed27122c824d715664ea39e63c9f9fbeaa1b9"}
}
