TN:
SF:src/DatabaseModule.js
FN:1,sendPostRequest
FN:10,(anonymous_1)
FN:11,(anonymous_2)
FN:21,sendUploadPostRequest
FN:30,(anonymous_4)
FN:31,(anonymous_5)
FN:41,sendPutRequest
FN:50,(anonymous_7)
FN:51,(anonymous_8)
FN:61,sendGetRequest
FN:71,(anonymous_10)
FN:72,(anonymous_11)
FN:83,sendDeleteRequest
FN:91,(anonymous_13)
FN:92,(anonymous_14)
FN:103,sendBodiedDeleteRequest
FN:112,(anonymous_16)
FN:113,(anonymous_17)
FN:122,sendGetGroupsRequest
FN:125,(anonymous_19)
FN:126,(anonymous_20)
FNF:21
FNH:2
FNDA:0,sendPostRequest
FNDA:0,(anonymous_1)
FNDA:0,(anonymous_2)
FNDA:0,sendUploadPostRequest
FNDA:0,(anonymous_4)
FNDA:0,(anonymous_5)
FNDA:0,sendPutRequest
FNDA:0,(anonymous_7)
FNDA:0,(anonymous_8)
FNDA:8,sendGetRequest
FNDA:0,(anonymous_10)
FNDA:0,(anonymous_11)
FNDA:0,sendDeleteRequest
FNDA:0,(anonymous_13)
FNDA:0,(anonymous_14)
FNDA:0,sendBodiedDeleteRequest
FNDA:0,(anonymous_16)
FNDA:0,(anonymous_17)
FNDA:3,sendGetGroupsRequest
FNDA:0,(anonymous_19)
FNDA:0,(anonymous_20)
DA:1,14
DA:2,0
DA:3,0
DA:4,0
DA:10,0
DA:11,0
DA:12,0
DA:13,0
DA:16,0
DA:17,0
DA:21,14
DA:22,0
DA:23,0
DA:24,0
DA:30,0
DA:31,0
DA:33,0
DA:36,0
DA:37,0
DA:41,14
DA:42,0
DA:43,0
DA:44,0
DA:50,0
DA:51,0
DA:53,0
DA:56,0
DA:57,0
DA:61,14
DA:62,8
DA:63,8
DA:64,8
DA:65,8
DA:71,0
DA:72,0
DA:73,0
DA:76,0
DA:78,0
DA:79,0
DA:83,14
DA:84,0
DA:85,0
DA:86,0
DA:91,0
DA:92,0
DA:93,0
DA:96,0
DA:98,0
DA:99,0
DA:103,14
DA:104,0
DA:105,0
DA:106,0
DA:112,0
DA:113,0
DA:114,0
DA:117,0
DA:118,0
DA:122,14
DA:123,3
DA:124,3
DA:125,0
DA:126,0
DA:127,0
DA:130,0
DA:131,0
DA:135,14
LF:67
LH:14
BRDA:64,0,0,0
BRDA:64,0,1,8
BRF:2
BRH:1
end_of_record
TN:
SF:src/analytics-page/AnalyticsPage.js
FN:6,(anonymous_0)
FN:14,AnalyticsPage
FN:19,(anonymous_2)
FN:35,(anonymous_3)
FN:35,(anonymous_4)
FN:36,(anonymous_5)
FN:36,(anonymous_6)
FN:42,(anonymous_7)
FN:43,(anonymous_8)
FN:44,(anonymous_9)
FN:45,(anonymous_10)
FN:53,(anonymous_11)
FN:62,(anonymous_12)
FN:70,(anonymous_13)
FNF:14
FNH:1
FNDA:0,(anonymous_0)
FNDA:1,AnalyticsPage
FNDA:0,(anonymous_2)
FNDA:0,(anonymous_3)
FNDA:0,(anonymous_4)
FNDA:0,(anonymous_5)
FNDA:0,(anonymous_6)
FNDA:0,(anonymous_7)
FNDA:0,(anonymous_8)
FNDA:0,(anonymous_9)
FNDA:0,(anonymous_10)
FNDA:0,(anonymous_11)
FNDA:0,(anonymous_12)
FNDA:0,(anonymous_13)
DA:4,2
DA:6,2
DA:7,0
DA:8,0
DA:10,0
DA:11,0
DA:15,1
DA:16,1
DA:17,1
DA:19,1
DA:20,0
DA:23,1
DA:35,0
DA:36,0
DA:42,0
DA:43,0
DA:44,0
DA:45,0
DA:54,0
DA:63,0
DA:70,0
LF:21
LH:7
BRF:0
BRH:0
end_of_record
TN:
SF:src/conversation-page/Conversation.js
FN:5,Conversation
FN:13,(anonymous_1)
FN:21,(anonymous_2)
FN:49,(anonymous_3)
FN:62,(anonymous_4)
FN:62,(anonymous_5)
FN:63,(anonymous_6)
FN:63,(anonymous_7)
FN:69,(anonymous_8)
FN:71,(anonymous_9)
FN:72,(anonymous_10)
FN:85,(anonymous_11)
FN:89,(anonymous_12)
FN:93,(anonymous_13)
FN:97,(anonymous_14)
FN:102,(anonymous_15)
FN:107,(anonymous_16)
FNF:17
FNH:4
FNDA:3,Conversation
FNDA:2,(anonymous_1)
FNDA:3,(anonymous_2)
FNDA:2,(anonymous_3)
FNDA:0,(anonymous_4)
FNDA:0,(anonymous_5)
FNDA:0,(anonymous_6)
FNDA:0,(anonymous_7)
FNDA:0,(anonymous_8)
FNDA:0,(anonymous_9)
FNDA:0,(anonymous_10)
FNDA:0,(anonymous_11)
FNDA:0,(anonymous_12)
FNDA:0,(anonymous_13)
FNDA:0,(anonymous_14)
FNDA:0,(anonymous_15)
FNDA:0,(anonymous_16)
DA:6,3
DA:8,3
DA:11,3
DA:13,3
DA:14,2
DA:16,0
DA:17,0
DA:18,0
DA:21,3
DA:22,3
DA:23,3
DA:24,3
DA:28,0
DA:29,0
DA:30,0
DA:34,0
DA:35,0
DA:36,0
DA:40,0
DA:41,0
DA:42,0
DA:46,0
DA:49,3
DA:51,3
DA:62,0
DA:63,0
DA:69,0
DA:71,0
DA:72,0
DA:85,0
DA:89,0
DA:93,0
DA:97,0
DA:102,0
DA:107,0
LF:35
LH:11
BRDA:22,0,0,3
BRDA:22,0,1,0
BRDA:28,1,0,0
BRDA:28,1,1,0
BRDA:34,2,0,0
BRDA:34,2,1,0
BRDA:40,3,0,0
BRDA:40,3,1,0
BRDA:81,4,0,0
BRDA:81,4,1,3
BRDA:82,5,0,0
BRDA:82,5,1,3
BRF:12
BRH:3
end_of_record
TN:
SF:src/flagged-posts/FlaggedPosts.js
FN:6,FlaggedPosts
FN:9,(anonymous_1)
FN:13,(anonymous_2)
FN:27,(anonymous_3)
FN:27,(anonymous_4)
FN:28,(anonymous_5)
FN:28,(anonymous_6)
FN:34,(anonymous_7)
FN:35,(anonymous_8)
FN:36,(anonymous_9)
FN:37,(anonymous_10)
FN:49,(anonymous_11)
FNF:12
FNH:1
FNDA:1,FlaggedPosts
FNDA:0,(anonymous_1)
FNDA:0,(anonymous_2)
FNDA:0,(anonymous_3)
FNDA:0,(anonymous_4)
FNDA:0,(anonymous_5)
FNDA:0,(anonymous_6)
FNDA:0,(anonymous_7)
FNDA:0,(anonymous_8)
FNDA:0,(anonymous_9)
FNDA:0,(anonymous_10)
FNDA:0,(anonymous_11)
DA:4,2
DA:7,1
DA:9,1
DA:10,0
DA:11,0
DA:13,1
DA:15,1
DA:27,0
DA:28,0
DA:34,0
DA:35,0
DA:36,0
DA:37,0
DA:49,0
LF:14
LH:5
BRF:0
BRH:0
end_of_record
TN:
SF:src/groups-page/Groups.js
FN:6,Groups
FN:14,(anonymous_1)
FN:37,(anonymous_2)
FN:41,(anonymous_3)
FN:58,(anonymous_4)
FN:73,(anonymous_5)
FN:73,(anonymous_6)
FN:74,(anonymous_7)
FN:74,(anonymous_8)
FN:80,(anonymous_9)
FN:81,(anonymous_10)
FN:82,(anonymous_11)
FN:83,(anonymous_12)
FN:130,(anonymous_13)
FN:151,(anonymous_14)
FN:160,(anonymous_15)
FN:172,(anonymous_16)
FN:181,(anonymous_17)
FN:191,(anonymous_18)
FNF:19
FNH:1
FNDA:1,Groups
FNDA:0,(anonymous_1)
FNDA:0,(anonymous_2)
FNDA:0,(anonymous_3)
FNDA:0,(anonymous_4)
FNDA:0,(anonymous_5)
FNDA:0,(anonymous_6)
FNDA:0,(anonymous_7)
FNDA:0,(anonymous_8)
FNDA:0,(anonymous_9)
FNDA:0,(anonymous_10)
FNDA:0,(anonymous_11)
FNDA:0,(anonymous_12)
FNDA:0,(anonymous_13)
FNDA:0,(anonymous_14)
FNDA:0,(anonymous_15)
FNDA:0,(anonymous_16)
FNDA:0,(anonymous_17)
FNDA:0,(anonymous_18)
DA:4,2
DA:7,1
DA:8,1
DA:10,1
DA:11,1
DA:12,1
DA:14,1
DA:15,0
DA:16,0
DA:19,0
DA:21,0
DA:22,0
DA:23,0
DA:24,0
DA:25,0
DA:26,0
DA:27,0
DA:29,0
DA:30,0
DA:31,0
DA:32,0
DA:34,0
DA:37,1
DA:38,0
DA:41,1
DA:43,0
DA:52,0
DA:53,0
DA:54,0
DA:55,0
DA:58,1
DA:59,0
DA:62,1
DA:73,0
DA:74,0
DA:80,0
DA:81,0
DA:82,0
DA:83,0
DA:130,0
DA:152,0
DA:160,0
DA:173,0
DA:181,0
DA:191,0
LF:45
LH:11
BRDA:31,0,0,0
BRDA:31,0,1,0
BRF:2
BRH:0
end_of_record
TN:
SF:src/home-page/Home.js
FN:6,(anonymous_0)
FN:11,Home
FN:17,(anonymous_2)
FN:24,(anonymous_3)
FN:38,(anonymous_4)
FN:38,(anonymous_5)
FN:39,(anonymous_6)
FN:39,(anonymous_7)
FN:45,(anonymous_8)
FN:46,(anonymous_9)
FN:47,(anonymous_10)
FN:48,(anonymous_11)
FN:49,(anonymous_12)
FN:59,(anonymous_13)
FN:64,(anonymous_14)
FN:65,(anonymous_15)
FN:78,(anonymous_16)
FN:79,(anonymous_17)
FN:91,(anonymous_18)
FNF:19
FNH:4
FNDA:0,(anonymous_0)
FNDA:2,Home
FNDA:1,(anonymous_2)
FNDA:1,(anonymous_3)
FNDA:0,(anonymous_4)
FNDA:0,(anonymous_5)
FNDA:0,(anonymous_6)
FNDA:0,(anonymous_7)
FNDA:1,(anonymous_8)
FNDA:0,(anonymous_9)
FNDA:0,(anonymous_10)
FNDA:0,(anonymous_11)
FNDA:0,(anonymous_12)
FNDA:0,(anonymous_13)
FNDA:0,(anonymous_14)
FNDA:0,(anonymous_15)
FNDA:0,(anonymous_16)
FNDA:0,(anonymous_17)
FNDA:0,(anonymous_18)
DA:4,2
DA:6,2
DA:7,0
DA:8,0
DA:12,2
DA:13,2
DA:14,2
DA:15,2
DA:17,2
DA:18,1
DA:19,1
DA:20,0
DA:21,0
DA:23,2
DA:24,2
DA:26,2
DA:38,0
DA:39,0
DA:45,1
DA:46,0
DA:47,0
DA:48,0
DA:49,0
DA:60,0
DA:64,0
DA:65,0
DA:78,0
DA:79,0
DA:91,0
LF:29
LH:13
BRF:0
BRH:0
end_of_record
TN:
SF:src/invitations-page/InvitationPage.js
FN:6,InvitationPage
FN:12,(anonymous_1)
FN:20,(anonymous_2)
FN:26,(anonymous_3)
FN:33,(anonymous_4)
FN:50,(anonymous_5)
FN:50,(anonymous_6)
FN:51,(anonymous_7)
FN:51,(anonymous_8)
FN:57,(anonymous_9)
FN:58,(anonymous_10)
FN:59,(anonymous_11)
FN:60,(anonymous_12)
FN:71,(anonymous_13)
FN:80,(anonymous_14)
FN:81,(anonymous_15)
FN:88,(anonymous_16)
FN:97,(anonymous_17)
FN:98,(anonymous_18)
FN:106,(anonymous_19)
FNF:20
FNH:1
FNDA:1,InvitationPage
FNDA:0,(anonymous_1)
FNDA:0,(anonymous_2)
FNDA:0,(anonymous_3)
FNDA:0,(anonymous_4)
FNDA:0,(anonymous_5)
FNDA:0,(anonymous_6)
FNDA:0,(anonymous_7)
FNDA:0,(anonymous_8)
FNDA:0,(anonymous_9)
FNDA:0,(anonymous_10)
FNDA:0,(anonymous_11)
FNDA:0,(anonymous_12)
FNDA:0,(anonymous_13)
FNDA:0,(anonymous_14)
FNDA:0,(anonymous_15)
FNDA:0,(anonymous_16)
FNDA:0,(anonymous_17)
FNDA:0,(anonymous_18)
FNDA:0,(anonymous_19)
DA:4,2
DA:7,1
DA:8,1
DA:9,1
DA:10,1
DA:12,1
DA:13,0
DA:14,0
DA:17,0
DA:20,1
DA:21,0
DA:22,0
DA:23,0
DA:26,1
DA:27,0
DA:33,1
DA:34,0
DA:35,0
DA:38,1
DA:50,0
DA:51,0
DA:57,0
DA:58,0
DA:59,0
DA:60,0
DA:72,0
DA:80,0
DA:81,0
DA:89,0
DA:97,0
DA:98,0
DA:106,0
LF:32
LH:10
BRF:0
BRH:0
end_of_record
TN:
SF:src/login-page/LoginForm.js
FN:7,LoginForm
FN:40,(anonymous_1)
FN:44,(anonymous_2)
FN:46,(anonymous_3)
FNF:4
FNH:1
FNDA:6,LoginForm
FNDA:0,(anonymous_1)
FNDA:0,(anonymous_2)
FNDA:0,(anonymous_3)
DA:5,3
DA:8,6
DA:10,6
DA:12,6
DA:40,0
DA:44,0
DA:46,0
LF:7
LH:4
BRDA:15,0,0,0
BRDA:15,0,1,6
BRDA:20,1,0,0
BRDA:20,1,1,6
BRF:4
BRH:2
end_of_record
TN:
SF:src/login-page/LoginModule.js
FN:5,(anonymous_0)
FN:26,(anonymous_1)
FNF:2
FNH:1
FNDA:3,(anonymous_0)
FNDA:0,(anonymous_1)
DA:1,3
DA:2,3
DA:3,3
DA:5,3
DA:6,3
DA:12,3
DA:13,3
DA:15,1
DA:17,1
DA:18,2
DA:19,0
DA:21,2
DA:22,2
DA:26,3
DA:27,0
DA:28,0
DA:29,0
DA:30,0
DA:31,0
DA:34,0
DA:36,0
DA:40,3
LF:22
LH:14
BRDA:13,0,0,1
BRDA:13,0,1,2
BRDA:18,1,0,0
BRDA:18,1,1,2
BRDA:18,2,0,2
BRDA:18,2,1,2
BRDA:27,3,0,0
BRDA:27,3,1,0
BRDA:29,4,0,0
BRDA:29,4,1,0
BRF:10
BRH:5
end_of_record
TN:
SF:src/login-page/LoginPage.js
FN:8,LoginPage
FN:12,(anonymous_1)
FN:14,(anonymous_2)
FN:14,(anonymous_3)
FN:17,(anonymous_4)
FN:20,(anonymous_5)
FNF:6
FNH:2
FNDA:2,LoginPage
FNDA:2,(anonymous_1)
FNDA:0,(anonymous_2)
FNDA:0,(anonymous_3)
FNDA:0,(anonymous_4)
FNDA:0,(anonymous_5)
DA:9,2
DA:10,2
DA:12,2
DA:13,2
DA:14,2
DA:16,0
DA:17,0
DA:19,0
DA:20,0
DA:22,0
DA:25,2
LF:11
LH:6
BRDA:13,0,0,2
BRDA:13,0,1,0
BRDA:13,1,0,2
BRDA:13,1,1,0
BRDA:13,1,2,0
BRDA:16,2,0,0
BRDA:16,2,1,0
BRDA:19,3,0,0
BRDA:19,3,1,0
BRF:9
BRH:2
end_of_record
TN:
SF:src/messages-page/Messages.js
FN:5,Messages
FN:11,(anonymous_1)
FN:18,(anonymous_2)
FN:20,(anonymous_3)
FN:27,(anonymous_4)
FN:37,(anonymous_5)
FN:47,(anonymous_6)
FN:57,(anonymous_7)
FN:75,(anonymous_8)
FN:75,(anonymous_9)
FN:76,(anonymous_10)
FN:76,(anonymous_11)
FN:82,(anonymous_12)
FN:83,(anonymous_13)
FN:84,(anonymous_14)
FN:85,(anonymous_15)
FN:100,(anonymous_16)
FN:104,(anonymous_17)
FN:108,(anonymous_18)
FN:112,(anonymous_19)
FN:125,(anonymous_20)
FNF:21
FNH:4
FNDA:6,Messages
FNDA:5,(anonymous_1)
FNDA:5,(anonymous_2)
FNDA:6,(anonymous_3)
FNDA:0,(anonymous_4)
FNDA:0,(anonymous_5)
FNDA:0,(anonymous_6)
FNDA:0,(anonymous_7)
FNDA:0,(anonymous_8)
FNDA:0,(anonymous_9)
FNDA:0,(anonymous_10)
FNDA:0,(anonymous_11)
FNDA:0,(anonymous_12)
FNDA:0,(anonymous_13)
FNDA:0,(anonymous_14)
FNDA:0,(anonymous_15)
FNDA:0,(anonymous_16)
FNDA:0,(anonymous_17)
FNDA:0,(anonymous_18)
FNDA:0,(anonymous_19)
FNDA:0,(anonymous_20)
DA:7,6
DA:8,6
DA:9,6
DA:11,6
DA:12,5
DA:13,0
DA:14,0
DA:15,0
DA:18,6
DA:20,6
DA:21,6
DA:22,6
DA:23,6
DA:27,0
DA:31,0
DA:32,0
DA:33,0
DA:37,0
DA:41,0
DA:42,0
DA:43,0
DA:47,0
DA:51,0
DA:52,0
DA:53,0
DA:57,0
DA:61,0
DA:64,6
DA:75,0
DA:76,0
DA:82,0
DA:83,0
DA:84,0
DA:85,0
DA:100,0
DA:104,0
DA:108,0
DA:112,0
DA:125,0
LF:39
LH:11
BRDA:21,0,0,6
BRDA:21,0,1,0
BRDA:31,1,0,0
BRDA:31,1,1,0
BRDA:41,2,0,0
BRDA:41,2,1,0
BRDA:51,3,0,0
BRDA:51,3,1,0
BRDA:93,4,0,0
BRDA:93,4,1,6
BRDA:94,5,0,0
BRDA:94,5,1,6
BRDA:95,6,0,0
BRDA:95,6,1,6
BRDA:96,7,0,0
BRDA:96,7,1,6
BRDA:97,8,0,0
BRDA:97,8,1,6
BRF:18
BRH:6
end_of_record
TN:
SF:src/notifications-page/NotificationPage.js
FN:6,NotificationPage
FN:11,(anonymous_1)
FN:20,(anonymous_2)
FN:34,(anonymous_3)
FN:34,(anonymous_4)
FN:35,(anonymous_5)
FN:35,(anonymous_6)
FN:41,(anonymous_7)
FN:42,(anonymous_8)
FN:43,(anonymous_9)
FN:44,(anonymous_10)
FN:49,(anonymous_11)
FN:65,(anonymous_12)
FNF:13
FNH:1
FNDA:1,NotificationPage
FNDA:0,(anonymous_1)
FNDA:0,(anonymous_2)
FNDA:0,(anonymous_3)
FNDA:0,(anonymous_4)
FNDA:0,(anonymous_5)
FNDA:0,(anonymous_6)
FNDA:0,(anonymous_7)
FNDA:0,(anonymous_8)
FNDA:0,(anonymous_9)
FNDA:0,(anonymous_10)
FNDA:0,(anonymous_11)
FNDA:0,(anonymous_12)
DA:4,2
DA:7,1
DA:9,1
DA:11,1
DA:12,0
DA:14,0
DA:18,1
DA:20,1
DA:22,1
DA:34,0
DA:35,0
DA:41,0
DA:42,0
DA:43,0
DA:44,0
DA:50,0
DA:65,0
LF:17
LH:7
BRDA:57,0,0,0
BRDA:57,0,1,0
BRF:2
BRH:0
end_of_record
TN:
SF:src/profile-page/ProfilePage.js
FN:18,ProfilePage
FN:35,(anonymous_1)
FN:58,(anonymous_2)
FN:76,(anonymous_3)
FN:76,(anonymous_4)
FN:77,(anonymous_5)
FN:77,(anonymous_6)
FN:79,(anonymous_7)
FN:79,(anonymous_8)
FN:80,(anonymous_9)
FN:80,(anonymous_10)
FN:97,(anonymous_11)
FN:110,(anonymous_12)
FN:125,(anonymous_13)
FN:125,(anonymous_14)
FNF:15
FNH:1
FNDA:1,ProfilePage
FNDA:0,(anonymous_1)
FNDA:0,(anonymous_2)
FNDA:0,(anonymous_3)
FNDA:0,(anonymous_4)
FNDA:0,(anonymous_5)
FNDA:0,(anonymous_6)
FNDA:0,(anonymous_7)
FNDA:0,(anonymous_8)
FNDA:0,(anonymous_9)
FNDA:0,(anonymous_10)
FNDA:0,(anonymous_11)
FNDA:0,(anonymous_12)
FNDA:0,(anonymous_13)
FNDA:0,(anonymous_14)
DA:16,2
DA:21,1
DA:29,1
DA:31,1
DA:32,1
DA:33,1
DA:35,1
DA:37,0
DA:38,0
DA:43,0
DA:44,0
DA:47,0
DA:49,0
DA:52,0
DA:54,0
DA:55,0
DA:58,1
DA:59,0
DA:66,1
DA:76,0
DA:77,0
DA:79,0
DA:80,0
DA:98,0
DA:111,0
DA:125,0
LF:26
LH:9
BRF:0
BRH:0
end_of_record
TN:
SF:src/registration-page/RegistrationForm.js
FN:6,RegistrationForm
FN:9,(anonymous_1)
FN:40,(anonymous_2)
FNF:3
FNH:2
FNDA:1,RegistrationForm
FNDA:1,(anonymous_1)
FNDA:0,(anonymous_2)
DA:4,3
DA:7,1
DA:9,1
DA:10,1
DA:11,0
DA:12,1
DA:13,0
DA:15,1
DA:18,1
DA:40,0
LF:10
LH:7
BRDA:10,0,0,0
BRDA:10,0,1,1
BRDA:12,1,0,0
BRDA:12,1,1,1
BRF:4
BRH:2
end_of_record
TN:
SF:src/registration-page/RegistrationModule.js
FN:4,(anonymous_0)
FN:12,(anonymous_1)
FNF:2
FNH:2
FNDA:5,(anonymous_0)
FNDA:3,(anonymous_1)
DA:1,4
DA:2,4
DA:4,4
DA:5,5
DA:6,2
DA:7,2
DA:9,3
DA:12,4
DA:13,3
DA:15,2
DA:19,2
DA:20,2
DA:21,1
DA:23,1
DA:28,4
LF:15
LH:15
BRDA:5,0,0,2
BRDA:5,0,1,3
BRDA:13,1,0,2
BRDA:13,1,1,1
BRDA:20,2,0,1
BRDA:20,2,1,1
BRF:6
BRH:6
end_of_record
TN:
SF:src/view-group-page/ViewGroup.js
FN:20,ViewGroup
FN:30,(anonymous_1)
FN:34,(anonymous_2)
FN:40,(anonymous_3)
FN:44,(anonymous_4)
FN:46,(anonymous_5)
FN:57,(anonymous_6)
FN:64,(anonymous_7)
FN:89,(anonymous_8)
FN:101,(anonymous_9)
FN:140,(anonymous_10)
FN:146,(anonymous_11)
FN:159,(anonymous_12)
FN:159,(anonymous_13)
FN:160,(anonymous_14)
FN:160,(anonymous_15)
FN:166,(anonymous_16)
FN:167,(anonymous_17)
FN:168,(anonymous_18)
FN:169,(anonymous_19)
FN:197,(anonymous_20)
FN:209,(anonymous_21)
FN:217,(anonymous_22)
FN:224,(anonymous_23)
FN:234,(anonymous_24)
FN:238,(anonymous_25)
FN:242,(anonymous_26)
FN:246,(anonymous_27)
FN:251,(anonymous_28)
FN:258,(anonymous_29)
FNF:30
FNH:6
FNDA:4,ViewGroup
FNDA:3,(anonymous_1)
FNDA:0,(anonymous_2)
FNDA:0,(anonymous_3)
FNDA:4,(anonymous_4)
FNDA:0,(anonymous_5)
FNDA:0,(anonymous_6)
FNDA:0,(anonymous_7)
FNDA:0,(anonymous_8)
FNDA:4,(anonymous_9)
FNDA:3,(anonymous_10)
FNDA:3,(anonymous_11)
FNDA:0,(anonymous_12)
FNDA:0,(anonymous_13)
FNDA:0,(anonymous_14)
FNDA:0,(anonymous_15)
FNDA:0,(anonymous_16)
FNDA:0,(anonymous_17)
FNDA:0,(anonymous_18)
FNDA:0,(anonymous_19)
FNDA:0,(anonymous_20)
FNDA:0,(anonymous_21)
FNDA:0,(anonymous_22)
FNDA:0,(anonymous_23)
FNDA:0,(anonymous_24)
FNDA:0,(anonymous_25)
FNDA:0,(anonymous_26)
FNDA:0,(anonymous_27)
FNDA:0,(anonymous_28)
FNDA:0,(anonymous_29)
DA:22,4
DA:24,4
DA:26,4
DA:27,4
DA:28,4
DA:30,4
DA:31,3
DA:32,0
DA:34,0
DA:40,4
DA:41,0
DA:44,4
DA:45,4
DA:46,4
DA:47,0
DA:49,0
DA:51,4
DA:55,4
DA:57,4
DA:58,0
DA:60,0
DA:61,0
DA:64,4
DA:66,0
DA:74,0
DA:78,0
DA:81,0
DA:82,0
DA:86,4
DA:89,4
DA:90,0
DA:91,0
DA:93,0
DA:94,0
DA:95,0
DA:96,0
DA:97,0
DA:101,4
DA:102,4
DA:103,4
DA:104,4
DA:110,0
DA:111,0
DA:112,0
DA:119,0
DA:120,0
DA:121,0
DA:128,0
DA:129,0
DA:130,0
DA:137,0
DA:140,4
DA:141,3
DA:142,0
DA:143,0
DA:146,4
DA:148,4
DA:159,0
DA:160,0
DA:166,0
DA:167,0
DA:168,0
DA:169,0
DA:197,0
DA:209,0
DA:217,0
DA:224,0
DA:234,0
DA:238,0
DA:242,0
DA:246,0
DA:251,0
DA:258,0
LF:73
LH:25
BRDA:47,0,0,0
BRDA:47,0,1,0
BRDA:49,1,0,0
BRDA:49,1,1,0
BRDA:95,2,0,0
BRDA:95,2,1,0
BRDA:102,3,0,4
BRDA:102,3,1,0
BRDA:110,4,0,0
BRDA:110,4,1,0
BRDA:119,5,0,0
BRDA:119,5,1,0
BRDA:128,6,0,0
BRDA:128,6,1,0
BRDA:191,7,0,0
BRDA:191,7,1,4
BRDA:204,8,0,1
BRDA:204,8,1,3
BRDA:212,9,0,1
BRDA:212,9,1,3
BRDA:231,10,0,1
BRDA:231,10,1,3
BRF:22
BRH:8
end_of_record
