{"/Users/mcleesm/Desktop/Senior Year/Fall 2021/CIS 557/project/adminTableDatabase.js": {"path":"/Users/mcleesm/Desktop/Senior Year/Fall 2021/CIS 557/project/adminTableDatabase.js","statementMap":{"0":{"start":{"line":1,"column":14},"end":{"line":1,"column":39}},"1":{"start":{"line":4,"column":16},"end":{"line":21,"column":1}},"2":{"start":{"line":5,"column":2},"end":{"line":20,"column":3}},"3":{"start":{"line":6,"column":23},"end":{"line":11,"column":6}},"4":{"start":{"line":14,"column":4},"end":{"line":14,"column":83}},"5":{"start":{"line":15,"column":4},"end":{"line":15,"column":22}},"6":{"start":{"line":18,"column":4},"end":{"line":18,"column":31}},"7":{"start":{"line":19,"column":4},"end":{"line":19,"column":14}},"8":{"start":{"line":25,"column":25},"end":{"line":40,"column":1}},"9":{"start":{"line":26,"column":16},"end":{"line":26,"column":102}},"10":{"start":{"line":28,"column":17},"end":{"line":28,"column":52}},"11":{"start":{"line":29,"column":2},"end":{"line":38,"column":3}},"12":{"start":{"line":30,"column":18},"end":{"line":30,"column":49}},"13":{"start":{"line":33,"column":4},"end":{"line":33,"column":41}},"14":{"start":{"line":34,"column":4},"end":{"line":34,"column":15}},"15":{"start":{"line":37,"column":4},"end":{"line":37,"column":47}},"16":{"start":{"line":39,"column":2},"end":{"line":39,"column":14}},"17":{"start":{"line":43,"column":18},"end":{"line":58,"column":1}},"18":{"start":{"line":44,"column":16},"end":{"line":44,"column":58}},"19":{"start":{"line":46,"column":17},"end":{"line":46,"column":26}},"20":{"start":{"line":48,"column":2},"end":{"line":56,"column":3}},"21":{"start":{"line":49,"column":19},"end":{"line":49,"column":50}},"22":{"start":{"line":51,"column":4},"end":{"line":51,"column":49}},"23":{"start":{"line":52,"column":4},"end":{"line":52,"column":16}},"24":{"start":{"line":55,"column":4},"end":{"line":55,"column":41}},"25":{"start":{"line":57,"column":2},"end":{"line":57,"column":14}},"26":{"start":{"line":61,"column":21},"end":{"line":86,"column":1}},"27":{"start":{"line":62,"column":16},"end":{"line":62,"column":64}},"28":{"start":{"line":64,"column":2},"end":{"line":84,"column":3}},"29":{"start":{"line":65,"column":19},"end":{"line":65,"column":42}},"30":{"start":{"line":68,"column":16},"end":{"line":68,"column":18}},"31":{"start":{"line":69,"column":22},"end":{"line":69,"column":24}},"32":{"start":{"line":70,"column":4},"end":{"line":76,"column":7}},"33":{"start":{"line":71,"column":6},"end":{"line":75,"column":7}},"34":{"start":{"line":71,"column":44},"end":{"line":71,"column":82}},"35":{"start":{"line":73,"column":8},"end":{"line":73,"column":44}},"36":{"start":{"line":74,"column":8},"end":{"line":74,"column":37}},"37":{"start":{"line":79,"column":4},"end":{"line":79,"column":48}},"38":{"start":{"line":80,"column":4},"end":{"line":80,"column":15}},"39":{"start":{"line":83,"column":4},"end":{"line":83,"column":56}},"40":{"start":{"line":85,"column":2},"end":{"line":85,"column":14}},"41":{"start":{"line":89,"column":30},"end":{"line":97,"column":1}},"42":{"start":{"line":90,"column":16},"end":{"line":90,"column":67}},"43":{"start":{"line":91,"column":2},"end":{"line":96,"column":3}},"44":{"start":{"line":92,"column":21},"end":{"line":92,"column":54}},"45":{"start":{"line":93,"column":4},"end":{"line":93,"column":18}},"46":{"start":{"line":95,"column":4},"end":{"line":95,"column":15}},"47":{"start":{"line":100,"column":20},"end":{"line":121,"column":1}},"48":{"start":{"line":101,"column":2},"end":{"line":119,"column":3}},"49":{"start":{"line":102,"column":19},"end":{"line":102,"column":77}},"50":{"start":{"line":104,"column":18},"end":{"line":104,"column":74}},"51":{"start":{"line":106,"column":19},"end":{"line":106,"column":39}},"52":{"start":{"line":108,"column":18},"end":{"line":108,"column":50}},"53":{"start":{"line":109,"column":4},"end":{"line":111,"column":5}},"54":{"start":{"line":110,"column":6},"end":{"line":110,"column":82}},"55":{"start":{"line":112,"column":4},"end":{"line":112,"column":36}},"56":{"start":{"line":114,"column":4},"end":{"line":114,"column":34}},"57":{"start":{"line":115,"column":4},"end":{"line":115,"column":15}},"58":{"start":{"line":118,"column":4},"end":{"line":118,"column":53}},"59":{"start":{"line":120,"column":2},"end":{"line":120,"column":14}},"60":{"start":{"line":123,"column":21},"end":{"line":133,"column":1}},"61":{"start":{"line":124,"column":2},"end":{"line":132,"column":3}},"62":{"start":{"line":125,"column":18},"end":{"line":125,"column":60}},"63":{"start":{"line":126,"column":21},"end":{"line":126,"column":54}},"64":{"start":{"line":127,"column":4},"end":{"line":127,"column":18}},"65":{"start":{"line":130,"column":4},"end":{"line":130,"column":64}},"66":{"start":{"line":131,"column":4},"end":{"line":131,"column":13}},"67":{"start":{"line":135,"column":0},"end":{"line":143,"column":2}}},"fnMap":{"0":{"name":"(anonymous_0)","decl":{"start":{"line":4,"column":16},"end":{"line":4,"column":17}},"loc":{"start":{"line":4,"column":28},"end":{"line":21,"column":1}},"line":4},"1":{"name":"(anonymous_1)","decl":{"start":{"line":25,"column":25},"end":{"line":25,"column":26}},"loc":{"start":{"line":25,"column":74},"end":{"line":40,"column":1}},"line":25},"2":{"name":"(anonymous_2)","decl":{"start":{"line":43,"column":18},"end":{"line":43,"column":19}},"loc":{"start":{"line":43,"column":41},"end":{"line":58,"column":1}},"line":43},"3":{"name":"(anonymous_3)","decl":{"start":{"line":61,"column":21},"end":{"line":61,"column":22}},"loc":{"start":{"line":61,"column":35},"end":{"line":86,"column":1}},"line":61},"4":{"name":"(anonymous_4)","decl":{"start":{"line":70,"column":17},"end":{"line":70,"column":18}},"loc":{"start":{"line":70,"column":26},"end":{"line":76,"column":5}},"line":70},"5":{"name":"(anonymous_5)","decl":{"start":{"line":89,"column":30},"end":{"line":89,"column":31}},"loc":{"start":{"line":89,"column":52},"end":{"line":97,"column":1}},"line":89},"6":{"name":"(anonymous_6)","decl":{"start":{"line":100,"column":20},"end":{"line":100,"column":21}},"loc":{"start":{"line":100,"column":54},"end":{"line":121,"column":1}},"line":100},"7":{"name":"(anonymous_7)","decl":{"start":{"line":123,"column":21},"end":{"line":123,"column":22}},"loc":{"start":{"line":123,"column":43},"end":{"line":133,"column":1}},"line":123}},"branchMap":{"0":{"loc":{"start":{"line":71,"column":6},"end":{"line":75,"column":7}},"type":"if","locations":[{"start":{"line":71,"column":6},"end":{"line":75,"column":7}},{"start":{"line":72,"column":11},"end":{"line":75,"column":7}}],"line":71},"1":{"loc":{"start":{"line":109,"column":4},"end":{"line":111,"column":5}},"type":"if","locations":[{"start":{"line":109,"column":4},"end":{"line":111,"column":5}},{"start":{},"end":{}}],"line":109}},"s":{"0":1,"1":1,"2":1,"3":1,"4":1,"5":1,"6":0,"7":0,"8":1,"9":13,"10":13,"11":13,"12":13,"13":12,"14":12,"15":1,"16":1,"17":1,"18":2,"19":2,"20":2,"21":2,"22":2,"23":2,"24":0,"25":0,"26":1,"27":1,"28":1,"29":1,"30":1,"31":1,"32":1,"33":8,"34":2,"35":6,"36":6,"37":1,"38":1,"39":0,"40":0,"41":1,"42":1,"43":1,"44":1,"45":1,"46":0,"47":1,"48":2,"49":2,"50":2,"51":2,"52":2,"53":2,"54":1,"55":1,"56":1,"57":1,"58":0,"59":0,"60":1,"61":1,"62":1,"63":1,"64":1,"65":0,"66":0,"67":1},"f":{"0":1,"1":13,"2":2,"3":1,"4":8,"5":1,"6":2,"7":1},"b":{"0":[2,6],"1":[1,1]},"_coverageSchema":"1a1c01bbd47fc00a2c39e90264f33305004495a9","hash":"591ea6ddd1ede169b925f579287eac6f3470c3c0"}
,"/Users/mcleesm/Desktop/Senior Year/Fall 2021/CIS 557/project/convoTableDatabase.js": {"path":"/Users/mcleesm/Desktop/Senior Year/Fall 2021/CIS 557/project/convoTableDatabase.js","statementMap":{"0":{"start":{"line":1,"column":14},"end":{"line":1,"column":39}},"1":{"start":{"line":4,"column":16},"end":{"line":21,"column":1}},"2":{"start":{"line":5,"column":2},"end":{"line":20,"column":3}},"3":{"start":{"line":6,"column":23},"end":{"line":11,"column":6}},"4":{"start":{"line":14,"column":4},"end":{"line":14,"column":83}},"5":{"start":{"line":15,"column":4},"end":{"line":15,"column":22}},"6":{"start":{"line":18,"column":4},"end":{"line":18,"column":31}},"7":{"start":{"line":19,"column":4},"end":{"line":19,"column":14}},"8":{"start":{"line":24,"column":20},"end":{"line":38,"column":1}},"9":{"start":{"line":25,"column":16},"end":{"line":25,"column":94}},"10":{"start":{"line":27,"column":17},"end":{"line":27,"column":45}},"11":{"start":{"line":28,"column":2},"end":{"line":36,"column":3}},"12":{"start":{"line":29,"column":19},"end":{"line":29,"column":50}},"13":{"start":{"line":31,"column":4},"end":{"line":31,"column":39}},"14":{"start":{"line":32,"column":4},"end":{"line":32,"column":29}},"15":{"start":{"line":35,"column":4},"end":{"line":35,"column":41}},"16":{"start":{"line":37,"column":2},"end":{"line":37,"column":14}},"17":{"start":{"line":41,"column":17},"end":{"line":56,"column":1}},"18":{"start":{"line":42,"column":16},"end":{"line":42,"column":95}},"19":{"start":{"line":43,"column":17},"end":{"line":43,"column":53}},"20":{"start":{"line":45,"column":2},"end":{"line":54,"column":3}},"21":{"start":{"line":46,"column":18},"end":{"line":46,"column":49}},"22":{"start":{"line":49,"column":4},"end":{"line":49,"column":41}},"23":{"start":{"line":50,"column":4},"end":{"line":50,"column":24}},"24":{"start":{"line":53,"column":4},"end":{"line":53,"column":47}},"25":{"start":{"line":55,"column":2},"end":{"line":55,"column":14}},"26":{"start":{"line":59,"column":19},"end":{"line":74,"column":1}},"27":{"start":{"line":60,"column":16},"end":{"line":60,"column":94}},"28":{"start":{"line":61,"column":17},"end":{"line":61,"column":45}},"29":{"start":{"line":63,"column":2},"end":{"line":72,"column":3}},"30":{"start":{"line":64,"column":18},"end":{"line":64,"column":49}},"31":{"start":{"line":67,"column":4},"end":{"line":67,"column":37}},"32":{"start":{"line":68,"column":4},"end":{"line":68,"column":26}},"33":{"start":{"line":71,"column":4},"end":{"line":71,"column":47}},"34":{"start":{"line":73,"column":2},"end":{"line":73,"column":14}},"35":{"start":{"line":77,"column":25},"end":{"line":92,"column":1}},"36":{"start":{"line":78,"column":16},"end":{"line":78,"column":66}},"37":{"start":{"line":80,"column":17},"end":{"line":80,"column":25}},"38":{"start":{"line":82,"column":2},"end":{"line":90,"column":3}},"39":{"start":{"line":83,"column":19},"end":{"line":83,"column":50}},"40":{"start":{"line":85,"column":4},"end":{"line":85,"column":39}},"41":{"start":{"line":86,"column":4},"end":{"line":86,"column":16}},"42":{"start":{"line":89,"column":4},"end":{"line":89,"column":41}},"43":{"start":{"line":91,"column":2},"end":{"line":91,"column":14}},"44":{"start":{"line":94,"column":0},"end":{"line":100,"column":2}}},"fnMap":{"0":{"name":"(anonymous_0)","decl":{"start":{"line":4,"column":16},"end":{"line":4,"column":17}},"loc":{"start":{"line":4,"column":28},"end":{"line":21,"column":1}},"line":4},"1":{"name":"(anonymous_1)","decl":{"start":{"line":24,"column":20},"end":{"line":24,"column":21}},"loc":{"start":{"line":24,"column":48},"end":{"line":38,"column":1}},"line":24},"2":{"name":"(anonymous_2)","decl":{"start":{"line":41,"column":17},"end":{"line":41,"column":18}},"loc":{"start":{"line":41,"column":67},"end":{"line":56,"column":1}},"line":41},"3":{"name":"(anonymous_3)","decl":{"start":{"line":59,"column":19},"end":{"line":59,"column":20}},"loc":{"start":{"line":59,"column":47},"end":{"line":74,"column":1}},"line":59},"4":{"name":"(anonymous_4)","decl":{"start":{"line":77,"column":25},"end":{"line":77,"column":26}},"loc":{"start":{"line":77,"column":43},"end":{"line":92,"column":1}},"line":77}},"branchMap":{},"s":{"0":1,"1":1,"2":0,"3":0,"4":0,"5":0,"6":0,"7":0,"8":1,"9":3,"10":3,"11":3,"12":3,"13":3,"14":3,"15":0,"16":0,"17":1,"18":5,"19":5,"20":5,"21":5,"22":5,"23":5,"24":0,"25":0,"26":1,"27":2,"28":2,"29":2,"30":2,"31":2,"32":2,"33":0,"34":0,"35":1,"36":1,"37":1,"38":1,"39":1,"40":1,"41":1,"42":0,"43":0,"44":1},"f":{"0":0,"1":3,"2":5,"3":2,"4":1},"b":{},"_coverageSchema":"1a1c01bbd47fc00a2c39e90264f33305004495a9","hash":"35ec9e4030a92b6ea163c2e1029e458c4fc7a2d8"}
,"/Users/mcleesm/Desktop/Senior Year/Fall 2021/CIS 557/project/groupMemberTableDatabase.js": {"path":"/Users/mcleesm/Desktop/Senior Year/Fall 2021/CIS 557/project/groupMemberTableDatabase.js","statementMap":{"0":{"start":{"line":1,"column":14},"end":{"line":1,"column":39}},"1":{"start":{"line":3,"column":16},"end":{"line":20,"column":1}},"2":{"start":{"line":4,"column":2},"end":{"line":19,"column":3}},"3":{"start":{"line":5,"column":23},"end":{"line":10,"column":6}},"4":{"start":{"line":13,"column":4},"end":{"line":13,"column":83}},"5":{"start":{"line":14,"column":4},"end":{"line":14,"column":22}},"6":{"start":{"line":17,"column":4},"end":{"line":17,"column":31}},"7":{"start":{"line":18,"column":4},"end":{"line":18,"column":14}},"8":{"start":{"line":22,"column":23},"end":{"line":36,"column":1}},"9":{"start":{"line":23,"column":16},"end":{"line":23,"column":79}},"10":{"start":{"line":24,"column":2},"end":{"line":35,"column":3}},"11":{"start":{"line":25,"column":24},"end":{"line":25,"column":66}},"12":{"start":{"line":27,"column":22},"end":{"line":27,"column":104}},"13":{"start":{"line":28,"column":4},"end":{"line":28,"column":43}},"14":{"start":{"line":30,"column":4},"end":{"line":30,"column":21}},"15":{"start":{"line":33,"column":4},"end":{"line":33,"column":31}},"16":{"start":{"line":34,"column":4},"end":{"line":34,"column":14}},"17":{"start":{"line":38,"column":21},"end":{"line":48,"column":1}},"18":{"start":{"line":39,"column":16},"end":{"line":39,"column":72}},"19":{"start":{"line":40,"column":2},"end":{"line":47,"column":3}},"20":{"start":{"line":41,"column":29},"end":{"line":41,"column":63}},"21":{"start":{"line":42,"column":4},"end":{"line":42,"column":26}},"22":{"start":{"line":45,"column":4},"end":{"line":45,"column":31}},"23":{"start":{"line":46,"column":4},"end":{"line":46,"column":14}},"24":{"start":{"line":50,"column":36},"end":{"line":60,"column":1}},"25":{"start":{"line":51,"column":16},"end":{"line":51,"column":72}},"26":{"start":{"line":52,"column":2},"end":{"line":59,"column":3}},"27":{"start":{"line":53,"column":29},"end":{"line":53,"column":62}},"28":{"start":{"line":54,"column":4},"end":{"line":54,"column":26}},"29":{"start":{"line":57,"column":4},"end":{"line":57,"column":31}},"30":{"start":{"line":58,"column":4},"end":{"line":58,"column":14}},"31":{"start":{"line":62,"column":30},"end":{"line":72,"column":1}},"32":{"start":{"line":63,"column":16},"end":{"line":63,"column":63}},"33":{"start":{"line":64,"column":2},"end":{"line":71,"column":3}},"34":{"start":{"line":65,"column":29},"end":{"line":65,"column":62}},"35":{"start":{"line":66,"column":4},"end":{"line":66,"column":26}},"36":{"start":{"line":69,"column":4},"end":{"line":69,"column":31}},"37":{"start":{"line":70,"column":4},"end":{"line":70,"column":14}},"38":{"start":{"line":74,"column":31},"end":{"line":85,"column":1}},"39":{"start":{"line":75,"column":16},"end":{"line":75,"column":80}},"40":{"start":{"line":76,"column":17},"end":{"line":76,"column":34}},"41":{"start":{"line":77,"column":2},"end":{"line":84,"column":3}},"42":{"start":{"line":78,"column":29},"end":{"line":78,"column":60}},"43":{"start":{"line":79,"column":4},"end":{"line":79,"column":26}},"44":{"start":{"line":82,"column":4},"end":{"line":82,"column":31}},"45":{"start":{"line":83,"column":4},"end":{"line":83,"column":14}},"46":{"start":{"line":87,"column":25},"end":{"line":102,"column":1}},"47":{"start":{"line":88,"column":16},"end":{"line":88,"column":70}},"48":{"start":{"line":89,"column":17},"end":{"line":89,"column":21}},"49":{"start":{"line":90,"column":2},"end":{"line":101,"column":3}},"50":{"start":{"line":91,"column":18},"end":{"line":91,"column":49}},"51":{"start":{"line":92,"column":16},"end":{"line":92,"column":18}},"52":{"start":{"line":93,"column":4},"end":{"line":95,"column":5}},"53":{"start":{"line":93,"column":17},"end":{"line":93,"column":18}},"54":{"start":{"line":94,"column":6},"end":{"line":94,"column":32}},"55":{"start":{"line":96,"column":4},"end":{"line":96,"column":15}},"56":{"start":{"line":99,"column":4},"end":{"line":99,"column":31}},"57":{"start":{"line":100,"column":4},"end":{"line":100,"column":14}},"58":{"start":{"line":104,"column":0},"end":{"line":112,"column":2}}},"fnMap":{"0":{"name":"(anonymous_0)","decl":{"start":{"line":3,"column":16},"end":{"line":3,"column":17}},"loc":{"start":{"line":3,"column":28},"end":{"line":20,"column":1}},"line":3},"1":{"name":"(anonymous_1)","decl":{"start":{"line":22,"column":23},"end":{"line":22,"column":24}},"loc":{"start":{"line":22,"column":54},"end":{"line":36,"column":1}},"line":22},"2":{"name":"(anonymous_2)","decl":{"start":{"line":38,"column":21},"end":{"line":38,"column":22}},"loc":{"start":{"line":38,"column":44},"end":{"line":48,"column":1}},"line":38},"3":{"name":"(anonymous_3)","decl":{"start":{"line":50,"column":36},"end":{"line":50,"column":37}},"loc":{"start":{"line":50,"column":58},"end":{"line":60,"column":1}},"line":50},"4":{"name":"(anonymous_4)","decl":{"start":{"line":62,"column":30},"end":{"line":62,"column":31}},"loc":{"start":{"line":62,"column":52},"end":{"line":72,"column":1}},"line":62},"5":{"name":"(anonymous_5)","decl":{"start":{"line":74,"column":31},"end":{"line":74,"column":32}},"loc":{"start":{"line":74,"column":62},"end":{"line":85,"column":1}},"line":74},"6":{"name":"(anonymous_6)","decl":{"start":{"line":87,"column":25},"end":{"line":87,"column":26}},"loc":{"start":{"line":87,"column":43},"end":{"line":102,"column":1}},"line":87}},"branchMap":{},"s":{"0":1,"1":1,"2":0,"3":0,"4":0,"5":0,"6":0,"7":0,"8":1,"9":1,"10":1,"11":1,"12":1,"13":1,"14":1,"15":0,"16":0,"17":1,"18":1,"19":1,"20":1,"21":1,"22":0,"23":0,"24":1,"25":1,"26":1,"27":1,"28":1,"29":0,"30":0,"31":1,"32":1,"33":1,"34":1,"35":1,"36":0,"37":0,"38":1,"39":1,"40":1,"41":1,"42":1,"43":1,"44":0,"45":0,"46":1,"47":1,"48":1,"49":1,"50":1,"51":1,"52":1,"53":1,"54":2,"55":1,"56":0,"57":0,"58":1},"f":{"0":0,"1":1,"2":1,"3":1,"4":1,"5":1,"6":1},"b":{},"_coverageSchema":"1a1c01bbd47fc00a2c39e90264f33305004495a9","hash":"fadb283eb72a864eb5b52654a3aae51624865107"}
,"/Users/mcleesm/Desktop/Senior Year/Fall 2021/CIS 557/project/groupTableDatabase.js": {"path":"/Users/mcleesm/Desktop/Senior Year/Fall 2021/CIS 557/project/groupTableDatabase.js","statementMap":{"0":{"start":{"line":1,"column":14},"end":{"line":1,"column":39}},"1":{"start":{"line":4,"column":16},"end":{"line":21,"column":1}},"2":{"start":{"line":5,"column":2},"end":{"line":20,"column":3}},"3":{"start":{"line":6,"column":23},"end":{"line":11,"column":6}},"4":{"start":{"line":14,"column":4},"end":{"line":14,"column":83}},"5":{"start":{"line":15,"column":4},"end":{"line":15,"column":22}},"6":{"start":{"line":18,"column":4},"end":{"line":18,"column":31}},"7":{"start":{"line":19,"column":4},"end":{"line":19,"column":14}},"8":{"start":{"line":24,"column":17},"end":{"line":47,"column":1}},"9":{"start":{"line":25,"column":16},"end":{"line":25,"column":147}},"10":{"start":{"line":27,"column":22},"end":{"line":27,"column":73}},"11":{"start":{"line":29,"column":17},"end":{"line":30,"column":51}},"12":{"start":{"line":31,"column":2},"end":{"line":45,"column":3}},"13":{"start":{"line":32,"column":24},"end":{"line":32,"column":76}},"14":{"start":{"line":33,"column":4},"end":{"line":36,"column":5}},"15":{"start":{"line":35,"column":6},"end":{"line":35,"column":18}},"16":{"start":{"line":38,"column":4},"end":{"line":38,"column":36}},"17":{"start":{"line":40,"column":4},"end":{"line":40,"column":63}},"18":{"start":{"line":41,"column":4},"end":{"line":41,"column":29}},"19":{"start":{"line":44,"column":4},"end":{"line":44,"column":41}},"20":{"start":{"line":46,"column":2},"end":{"line":46,"column":14}},"21":{"start":{"line":50,"column":18},"end":{"line":89,"column":1}},"22":{"start":{"line":51,"column":16},"end":{"line":51,"column":79}},"23":{"start":{"line":53,"column":17},"end":{"line":53,"column":56}},"24":{"start":{"line":54,"column":17},"end":{"line":54,"column":56}},"25":{"start":{"line":55,"column":17},"end":{"line":55,"column":56}},"26":{"start":{"line":57,"column":2},"end":{"line":66,"column":3}},"27":{"start":{"line":58,"column":4},"end":{"line":65,"column":5}},"28":{"start":{"line":59,"column":6},"end":{"line":59,"column":38}},"29":{"start":{"line":61,"column":6},"end":{"line":61,"column":98}},"30":{"start":{"line":64,"column":6},"end":{"line":64,"column":43}},"31":{"start":{"line":68,"column":2},"end":{"line":77,"column":3}},"32":{"start":{"line":69,"column":4},"end":{"line":76,"column":5}},"33":{"start":{"line":70,"column":6},"end":{"line":70,"column":38}},"34":{"start":{"line":72,"column":6},"end":{"line":72,"column":98}},"35":{"start":{"line":75,"column":6},"end":{"line":75,"column":43}},"36":{"start":{"line":79,"column":2},"end":{"line":88,"column":3}},"37":{"start":{"line":80,"column":4},"end":{"line":87,"column":5}},"38":{"start":{"line":81,"column":6},"end":{"line":81,"column":38}},"39":{"start":{"line":83,"column":6},"end":{"line":83,"column":98}},"40":{"start":{"line":86,"column":6},"end":{"line":86,"column":43}},"41":{"start":{"line":92,"column":18},"end":{"line":110,"column":1}},"42":{"start":{"line":93,"column":2},"end":{"line":108,"column":3}},"43":{"start":{"line":94,"column":18},"end":{"line":94,"column":65}},"44":{"start":{"line":95,"column":19},"end":{"line":95,"column":42}},"45":{"start":{"line":97,"column":4},"end":{"line":97,"column":51}},"46":{"start":{"line":99,"column":19},"end":{"line":99,"column":21}},"47":{"start":{"line":100,"column":4},"end":{"line":102,"column":5}},"48":{"start":{"line":100,"column":17},"end":{"line":100,"column":18}},"49":{"start":{"line":101,"column":6},"end":{"line":101,"column":39}},"50":{"start":{"line":104,"column":4},"end":{"line":104,"column":18}},"51":{"start":{"line":107,"column":4},"end":{"line":107,"column":41}},"52":{"start":{"line":109,"column":2},"end":{"line":109,"column":14}},"53":{"start":{"line":113,"column":27},"end":{"line":131,"column":1}},"54":{"start":{"line":114,"column":2},"end":{"line":129,"column":3}},"55":{"start":{"line":115,"column":18},"end":{"line":115,"column":82}},"56":{"start":{"line":116,"column":19},"end":{"line":116,"column":48}},"57":{"start":{"line":118,"column":4},"end":{"line":118,"column":51}},"58":{"start":{"line":120,"column":19},"end":{"line":120,"column":21}},"59":{"start":{"line":121,"column":4},"end":{"line":123,"column":5}},"60":{"start":{"line":121,"column":17},"end":{"line":121,"column":18}},"61":{"start":{"line":122,"column":6},"end":{"line":122,"column":39}},"62":{"start":{"line":125,"column":4},"end":{"line":125,"column":18}},"63":{"start":{"line":128,"column":4},"end":{"line":128,"column":41}},"64":{"start":{"line":130,"column":2},"end":{"line":130,"column":14}},"65":{"start":{"line":134,"column":21},"end":{"line":146,"column":1}},"66":{"start":{"line":135,"column":2},"end":{"line":144,"column":3}},"67":{"start":{"line":136,"column":18},"end":{"line":136,"column":60}},"68":{"start":{"line":137,"column":19},"end":{"line":137,"column":48}},"69":{"start":{"line":140,"column":4},"end":{"line":140,"column":19}},"70":{"start":{"line":143,"column":4},"end":{"line":143,"column":41}},"71":{"start":{"line":145,"column":2},"end":{"line":145,"column":14}},"72":{"start":{"line":149,"column":27},"end":{"line":171,"column":1}},"73":{"start":{"line":150,"column":2},"end":{"line":169,"column":3}},"74":{"start":{"line":151,"column":18},"end":{"line":151,"column":66}},"75":{"start":{"line":152,"column":19},"end":{"line":152,"column":51}},"76":{"start":{"line":154,"column":19},"end":{"line":154,"column":21}},"77":{"start":{"line":155,"column":4},"end":{"line":163,"column":5}},"78":{"start":{"line":155,"column":17},"end":{"line":155,"column":18}},"79":{"start":{"line":156,"column":16},"end":{"line":156,"column":56}},"80":{"start":{"line":157,"column":21},"end":{"line":157,"column":67}},"81":{"start":{"line":159,"column":6},"end":{"line":162,"column":7}},"82":{"start":{"line":160,"column":8},"end":{"line":160,"column":26}},"83":{"start":{"line":161,"column":8},"end":{"line":161,"column":23}},"84":{"start":{"line":165,"column":4},"end":{"line":165,"column":20}},"85":{"start":{"line":168,"column":4},"end":{"line":168,"column":41}},"86":{"start":{"line":170,"column":2},"end":{"line":170,"column":14}},"87":{"start":{"line":174,"column":24},"end":{"line":202,"column":1}},"88":{"start":{"line":175,"column":2},"end":{"line":200,"column":3}},"89":{"start":{"line":176,"column":16},"end":{"line":176,"column":18}},"90":{"start":{"line":177,"column":4},"end":{"line":185,"column":5}},"91":{"start":{"line":178,"column":6},"end":{"line":178,"column":82}},"92":{"start":{"line":179,"column":11},"end":{"line":185,"column":5}},"93":{"start":{"line":180,"column":6},"end":{"line":180,"column":84}},"94":{"start":{"line":181,"column":11},"end":{"line":185,"column":5}},"95":{"start":{"line":182,"column":6},"end":{"line":182,"column":86}},"96":{"start":{"line":184,"column":6},"end":{"line":184,"column":58}},"97":{"start":{"line":186,"column":19},"end":{"line":186,"column":42}},"98":{"start":{"line":190,"column":4},"end":{"line":194,"column":5}},"99":{"start":{"line":190,"column":17},"end":{"line":190,"column":18}},"100":{"start":{"line":191,"column":16},"end":{"line":191,"column":62}},"101":{"start":{"line":193,"column":6},"end":{"line":193,"column":25}},"102":{"start":{"line":196,"column":4},"end":{"line":196,"column":18}},"103":{"start":{"line":199,"column":4},"end":{"line":199,"column":41}},"104":{"start":{"line":201,"column":2},"end":{"line":201,"column":14}},"105":{"start":{"line":205,"column":18},"end":{"line":217,"column":1}},"106":{"start":{"line":206,"column":2},"end":{"line":215,"column":3}},"107":{"start":{"line":207,"column":18},"end":{"line":207,"column":43}},"108":{"start":{"line":208,"column":19},"end":{"line":208,"column":42}},"109":{"start":{"line":210,"column":4},"end":{"line":210,"column":50}},"110":{"start":{"line":211,"column":4},"end":{"line":211,"column":18}},"111":{"start":{"line":214,"column":4},"end":{"line":214,"column":41}},"112":{"start":{"line":216,"column":2},"end":{"line":216,"column":14}},"113":{"start":{"line":220,"column":26},"end":{"line":232,"column":1}},"114":{"start":{"line":221,"column":2},"end":{"line":230,"column":3}},"115":{"start":{"line":222,"column":18},"end":{"line":222,"column":72}},"116":{"start":{"line":223,"column":19},"end":{"line":223,"column":50}},"117":{"start":{"line":225,"column":4},"end":{"line":225,"column":51}},"118":{"start":{"line":226,"column":4},"end":{"line":226,"column":18}},"119":{"start":{"line":229,"column":4},"end":{"line":229,"column":41}},"120":{"start":{"line":231,"column":2},"end":{"line":231,"column":14}},"121":{"start":{"line":235,"column":20},"end":{"line":247,"column":1}},"122":{"start":{"line":236,"column":2},"end":{"line":245,"column":3}},"123":{"start":{"line":237,"column":18},"end":{"line":237,"column":60}},"124":{"start":{"line":238,"column":18},"end":{"line":238,"column":49}},"125":{"start":{"line":240,"column":4},"end":{"line":240,"column":72}},"126":{"start":{"line":241,"column":4},"end":{"line":241,"column":17}},"127":{"start":{"line":244,"column":4},"end":{"line":244,"column":41}},"128":{"start":{"line":246,"column":2},"end":{"line":246,"column":14}},"129":{"start":{"line":250,"column":20},"end":{"line":263,"column":1}},"130":{"start":{"line":251,"column":2},"end":{"line":261,"column":3}},"131":{"start":{"line":252,"column":18},"end":{"line":252,"column":76}},"132":{"start":{"line":253,"column":19},"end":{"line":253,"column":41}},"133":{"start":{"line":254,"column":18},"end":{"line":254,"column":49}},"134":{"start":{"line":256,"column":4},"end":{"line":256,"column":70}},"135":{"start":{"line":257,"column":4},"end":{"line":257,"column":17}},"136":{"start":{"line":260,"column":4},"end":{"line":260,"column":41}},"137":{"start":{"line":262,"column":2},"end":{"line":262,"column":14}},"138":{"start":{"line":266,"column":18},"end":{"line":276,"column":1}},"139":{"start":{"line":267,"column":2},"end":{"line":274,"column":3}},"140":{"start":{"line":268,"column":18},"end":{"line":268,"column":55}},"141":{"start":{"line":269,"column":18},"end":{"line":269,"column":41}},"142":{"start":{"line":270,"column":4},"end":{"line":270,"column":35}},"143":{"start":{"line":273,"column":4},"end":{"line":273,"column":41}},"144":{"start":{"line":275,"column":2},"end":{"line":275,"column":14}},"145":{"start":{"line":278,"column":26},"end":{"line":307,"column":1}},"146":{"start":{"line":279,"column":29},"end":{"line":279,"column":31}},"147":{"start":{"line":282,"column":27},"end":{"line":282,"column":75}},"148":{"start":{"line":283,"column":32},"end":{"line":283,"column":66}},"149":{"start":{"line":284,"column":2},"end":{"line":284,"column":76}},"150":{"start":{"line":287,"column":28},"end":{"line":287,"column":85}},"151":{"start":{"line":288,"column":33},"end":{"line":288,"column":68}},"152":{"start":{"line":289,"column":2},"end":{"line":289,"column":87}},"153":{"start":{"line":292,"column":25},"end":{"line":292,"column":94}},"154":{"start":{"line":293,"column":2},"end":{"line":293,"column":73}},"155":{"start":{"line":296,"column":28},"end":{"line":296,"column":79}},"156":{"start":{"line":297,"column":33},"end":{"line":297,"column":68}},"157":{"start":{"line":298,"column":2},"end":{"line":298,"column":83}},"158":{"start":{"line":301,"column":27},"end":{"line":301,"column":75}},"159":{"start":{"line":302,"column":32},"end":{"line":302,"column":66}},"160":{"start":{"line":303,"column":2},"end":{"line":303,"column":81}},"161":{"start":{"line":306,"column":2},"end":{"line":306,"column":28}},"162":{"start":{"line":309,"column":0},"end":{"line":324,"column":2}}},"fnMap":{"0":{"name":"(anonymous_0)","decl":{"start":{"line":4,"column":16},"end":{"line":4,"column":17}},"loc":{"start":{"line":4,"column":28},"end":{"line":21,"column":1}},"line":4},"1":{"name":"(anonymous_1)","decl":{"start":{"line":24,"column":17},"end":{"line":24,"column":18}},"loc":{"start":{"line":24,"column":41},"end":{"line":47,"column":1}},"line":24},"2":{"name":"(anonymous_2)","decl":{"start":{"line":50,"column":18},"end":{"line":50,"column":19}},"loc":{"start":{"line":50,"column":43},"end":{"line":89,"column":1}},"line":50},"3":{"name":"(anonymous_3)","decl":{"start":{"line":92,"column":18},"end":{"line":92,"column":19}},"loc":{"start":{"line":92,"column":32},"end":{"line":110,"column":1}},"line":92},"4":{"name":"(anonymous_4)","decl":{"start":{"line":113,"column":27},"end":{"line":113,"column":28}},"loc":{"start":{"line":113,"column":45},"end":{"line":131,"column":1}},"line":113},"5":{"name":"(anonymous_5)","decl":{"start":{"line":134,"column":21},"end":{"line":134,"column":22}},"loc":{"start":{"line":134,"column":39},"end":{"line":146,"column":1}},"line":134},"6":{"name":"(anonymous_6)","decl":{"start":{"line":149,"column":27},"end":{"line":149,"column":28}},"loc":{"start":{"line":149,"column":48},"end":{"line":171,"column":1}},"line":149},"7":{"name":"(anonymous_7)","decl":{"start":{"line":174,"column":24},"end":{"line":174,"column":25}},"loc":{"start":{"line":174,"column":44},"end":{"line":202,"column":1}},"line":174},"8":{"name":"(anonymous_8)","decl":{"start":{"line":205,"column":18},"end":{"line":205,"column":19}},"loc":{"start":{"line":205,"column":32},"end":{"line":217,"column":1}},"line":205},"9":{"name":"(anonymous_9)","decl":{"start":{"line":220,"column":26},"end":{"line":220,"column":27}},"loc":{"start":{"line":220,"column":46},"end":{"line":232,"column":1}},"line":220},"10":{"name":"(anonymous_10)","decl":{"start":{"line":235,"column":20},"end":{"line":235,"column":21}},"loc":{"start":{"line":235,"column":40},"end":{"line":247,"column":1}},"line":235},"11":{"name":"(anonymous_11)","decl":{"start":{"line":250,"column":20},"end":{"line":250,"column":21}},"loc":{"start":{"line":250,"column":71},"end":{"line":263,"column":1}},"line":250},"12":{"name":"(anonymous_12)","decl":{"start":{"line":266,"column":18},"end":{"line":266,"column":19}},"loc":{"start":{"line":266,"column":32},"end":{"line":276,"column":1}},"line":266},"13":{"name":"(anonymous_13)","decl":{"start":{"line":278,"column":26},"end":{"line":278,"column":27}},"loc":{"start":{"line":278,"column":40},"end":{"line":307,"column":1}},"line":278}},"branchMap":{"0":{"loc":{"start":{"line":33,"column":4},"end":{"line":36,"column":5}},"type":"if","locations":[{"start":{"line":33,"column":4},"end":{"line":36,"column":5}},{"start":{},"end":{}}],"line":33},"1":{"loc":{"start":{"line":57,"column":2},"end":{"line":66,"column":3}},"type":"if","locations":[{"start":{"line":57,"column":2},"end":{"line":66,"column":3}},{"start":{},"end":{}}],"line":57},"2":{"loc":{"start":{"line":68,"column":2},"end":{"line":77,"column":3}},"type":"if","locations":[{"start":{"line":68,"column":2},"end":{"line":77,"column":3}},{"start":{},"end":{}}],"line":68},"3":{"loc":{"start":{"line":79,"column":2},"end":{"line":88,"column":3}},"type":"if","locations":[{"start":{"line":79,"column":2},"end":{"line":88,"column":3}},{"start":{},"end":{}}],"line":79},"4":{"loc":{"start":{"line":159,"column":6},"end":{"line":162,"column":7}},"type":"if","locations":[{"start":{"line":159,"column":6},"end":{"line":162,"column":7}},{"start":{},"end":{}}],"line":159},"5":{"loc":{"start":{"line":177,"column":4},"end":{"line":185,"column":5}},"type":"if","locations":[{"start":{"line":177,"column":4},"end":{"line":185,"column":5}},{"start":{"line":179,"column":11},"end":{"line":185,"column":5}}],"line":177},"6":{"loc":{"start":{"line":179,"column":11},"end":{"line":185,"column":5}},"type":"if","locations":[{"start":{"line":179,"column":11},"end":{"line":185,"column":5}},{"start":{"line":181,"column":11},"end":{"line":185,"column":5}}],"line":179},"7":{"loc":{"start":{"line":181,"column":11},"end":{"line":185,"column":5}},"type":"if","locations":[{"start":{"line":181,"column":11},"end":{"line":185,"column":5}},{"start":{"line":183,"column":11},"end":{"line":185,"column":5}}],"line":181}},"s":{"0":1,"1":1,"2":0,"3":0,"4":0,"5":0,"6":0,"7":0,"8":1,"9":14,"10":14,"11":14,"12":14,"13":14,"14":14,"15":1,"16":13,"17":13,"18":13,"19":0,"20":0,"21":1,"22":5,"23":5,"24":5,"25":5,"26":5,"27":5,"28":5,"29":5,"30":0,"31":5,"32":3,"33":3,"34":3,"35":0,"36":5,"37":3,"38":3,"39":3,"40":0,"41":1,"42":1,"43":1,"44":1,"45":1,"46":1,"47":1,"48":1,"49":8,"50":1,"51":0,"52":0,"53":1,"54":23,"55":23,"56":23,"57":23,"58":23,"59":23,"60":23,"61":25,"62":23,"63":0,"64":0,"65":1,"66":3,"67":3,"68":3,"69":3,"70":0,"71":0,"72":1,"73":1,"74":1,"75":1,"76":1,"77":1,"78":1,"79":2,"80":2,"81":2,"82":2,"83":2,"84":1,"85":0,"86":0,"87":1,"88":4,"89":4,"90":4,"91":1,"92":3,"93":1,"94":2,"95":1,"96":1,"97":4,"98":4,"99":4,"100":20,"101":20,"102":4,"103":0,"104":0,"105":1,"106":1,"107":1,"108":1,"109":1,"110":1,"111":0,"112":0,"113":1,"114":1,"115":1,"116":1,"117":1,"118":1,"119":0,"120":0,"121":1,"122":1,"123":1,"124":1,"125":1,"126":1,"127":0,"128":0,"129":1,"130":1,"131":1,"132":1,"133":1,"134":1,"135":1,"136":0,"137":0,"138":1,"139":1,"140":1,"141":1,"142":1,"143":0,"144":0,"145":1,"146":1,"147":1,"148":1,"149":1,"150":1,"151":1,"152":1,"153":1,"154":1,"155":1,"156":1,"157":1,"158":1,"159":1,"160":1,"161":1,"162":1},"f":{"0":0,"1":14,"2":5,"3":1,"4":23,"5":3,"6":1,"7":4,"8":1,"9":1,"10":1,"11":1,"12":1,"13":1},"b":{"0":[1,13],"1":[5,0],"2":[3,2],"3":[3,2],"4":[2,0],"5":[1,3],"6":[1,2],"7":[1,1]},"_coverageSchema":"1a1c01bbd47fc00a2c39e90264f33305004495a9","hash":"13fe2099d8ff2ea3c155bb0c94919e0df344a404"}
,"/Users/mcleesm/Desktop/Senior Year/Fall 2021/CIS 557/project/invitationTableDatabase.js": {"path":"/Users/mcleesm/Desktop/Senior Year/Fall 2021/CIS 557/project/invitationTableDatabase.js","statementMap":{"0":{"start":{"line":1,"column":14},"end":{"line":1,"column":39}},"1":{"start":{"line":4,"column":16},"end":{"line":21,"column":1}},"2":{"start":{"line":5,"column":2},"end":{"line":20,"column":3}},"3":{"start":{"line":6,"column":23},"end":{"line":11,"column":6}},"4":{"start":{"line":14,"column":4},"end":{"line":14,"column":83}},"5":{"start":{"line":15,"column":4},"end":{"line":15,"column":22}},"6":{"start":{"line":18,"column":4},"end":{"line":18,"column":31}},"7":{"start":{"line":19,"column":4},"end":{"line":19,"column":14}},"8":{"start":{"line":24,"column":30},"end":{"line":38,"column":1}},"9":{"start":{"line":25,"column":16},"end":{"line":25,"column":126}},"10":{"start":{"line":27,"column":2},"end":{"line":36,"column":3}},"11":{"start":{"line":28,"column":19},"end":{"line":28,"column":48}},"12":{"start":{"line":32,"column":4},"end":{"line":32,"column":16}},"13":{"start":{"line":35,"column":4},"end":{"line":35,"column":41}},"14":{"start":{"line":37,"column":2},"end":{"line":37,"column":14}},"15":{"start":{"line":41,"column":31},"end":{"line":54,"column":1}},"16":{"start":{"line":42,"column":16},"end":{"line":42,"column":82}},"17":{"start":{"line":44,"column":2},"end":{"line":52,"column":3}},"18":{"start":{"line":45,"column":19},"end":{"line":45,"column":69}},"19":{"start":{"line":48,"column":4},"end":{"line":48,"column":16}},"20":{"start":{"line":51,"column":4},"end":{"line":51,"column":41}},"21":{"start":{"line":53,"column":2},"end":{"line":53,"column":14}},"22":{"start":{"line":57,"column":31},"end":{"line":73,"column":1}},"23":{"start":{"line":58,"column":16},"end":{"line":64,"column":59}},"24":{"start":{"line":65,"column":2},"end":{"line":71,"column":3}},"25":{"start":{"line":66,"column":26},"end":{"line":66,"column":60}},"26":{"start":{"line":67,"column":4},"end":{"line":67,"column":23}},"27":{"start":{"line":70,"column":4},"end":{"line":70,"column":41}},"28":{"start":{"line":72,"column":2},"end":{"line":72,"column":14}},"29":{"start":{"line":75,"column":22},"end":{"line":96,"column":1}},"30":{"start":{"line":77,"column":28},"end":{"line":77,"column":104}},"31":{"start":{"line":78,"column":27},"end":{"line":78,"column":56}},"32":{"start":{"line":80,"column":16},"end":{"line":80,"column":135}},"33":{"start":{"line":81,"column":17},"end":{"line":87,"column":3}},"34":{"start":{"line":88,"column":2},"end":{"line":94,"column":3}},"35":{"start":{"line":89,"column":27},"end":{"line":89,"column":58}},"36":{"start":{"line":90,"column":4},"end":{"line":90,"column":24}},"37":{"start":{"line":93,"column":4},"end":{"line":93,"column":41}},"38":{"start":{"line":95,"column":2},"end":{"line":95,"column":14}},"39":{"start":{"line":98,"column":29},"end":{"line":110,"column":1}},"40":{"start":{"line":99,"column":16},"end":{"line":99,"column":114}},"41":{"start":{"line":100,"column":17},"end":{"line":100,"column":33}},"42":{"start":{"line":102,"column":2},"end":{"line":108,"column":3}},"43":{"start":{"line":103,"column":27},"end":{"line":103,"column":58}},"44":{"start":{"line":104,"column":4},"end":{"line":104,"column":24}},"45":{"start":{"line":107,"column":4},"end":{"line":107,"column":41}},"46":{"start":{"line":109,"column":2},"end":{"line":109,"column":14}},"47":{"start":{"line":112,"column":32},"end":{"line":122,"column":1}},"48":{"start":{"line":113,"column":2},"end":{"line":120,"column":3}},"49":{"start":{"line":114,"column":18},"end":{"line":114,"column":132}},"50":{"start":{"line":115,"column":22},"end":{"line":115,"column":56}},"51":{"start":{"line":116,"column":4},"end":{"line":116,"column":19}},"52":{"start":{"line":119,"column":4},"end":{"line":119,"column":41}},"53":{"start":{"line":121,"column":2},"end":{"line":121,"column":14}},"54":{"start":{"line":124,"column":0},"end":{"line":132,"column":2}}},"fnMap":{"0":{"name":"(anonymous_0)","decl":{"start":{"line":4,"column":16},"end":{"line":4,"column":17}},"loc":{"start":{"line":4,"column":28},"end":{"line":21,"column":1}},"line":4},"1":{"name":"(anonymous_1)","decl":{"start":{"line":24,"column":30},"end":{"line":24,"column":31}},"loc":{"start":{"line":24,"column":48},"end":{"line":38,"column":1}},"line":24},"2":{"name":"(anonymous_2)","decl":{"start":{"line":41,"column":31},"end":{"line":41,"column":32}},"loc":{"start":{"line":41,"column":70},"end":{"line":54,"column":1}},"line":41},"3":{"name":"(anonymous_3)","decl":{"start":{"line":57,"column":31},"end":{"line":57,"column":32}},"loc":{"start":{"line":57,"column":54},"end":{"line":73,"column":1}},"line":57},"4":{"name":"(anonymous_4)","decl":{"start":{"line":75,"column":22},"end":{"line":75,"column":23}},"loc":{"start":{"line":75,"column":54},"end":{"line":96,"column":1}},"line":75},"5":{"name":"(anonymous_5)","decl":{"start":{"line":98,"column":29},"end":{"line":98,"column":30}},"loc":{"start":{"line":98,"column":51},"end":{"line":110,"column":1}},"line":98},"6":{"name":"(anonymous_6)","decl":{"start":{"line":112,"column":32},"end":{"line":112,"column":33}},"loc":{"start":{"line":112,"column":55},"end":{"line":122,"column":1}},"line":112}},"branchMap":{},"s":{"0":1,"1":1,"2":0,"3":0,"4":0,"5":0,"6":0,"7":0,"8":1,"9":1,"10":1,"11":1,"12":1,"13":0,"14":0,"15":1,"16":1,"17":1,"18":1,"19":1,"20":0,"21":0,"22":1,"23":0,"24":0,"25":0,"26":0,"27":0,"28":0,"29":1,"30":5,"31":5,"32":5,"33":5,"34":5,"35":5,"36":5,"37":0,"38":0,"39":1,"40":1,"41":1,"42":1,"43":1,"44":1,"45":0,"46":0,"47":1,"48":1,"49":1,"50":1,"51":1,"52":0,"53":0,"54":1},"f":{"0":0,"1":1,"2":1,"3":0,"4":5,"5":1,"6":1},"b":{},"_coverageSchema":"1a1c01bbd47fc00a2c39e90264f33305004495a9","hash":"1fd1d341ee3a9a9aa40be2e103d882a70efdc6b7"}
,"/Users/mcleesm/Desktop/Senior Year/Fall 2021/CIS 557/project/messageTableDatabase.js": {"path":"/Users/mcleesm/Desktop/Senior Year/Fall 2021/CIS 557/project/messageTableDatabase.js","statementMap":{"0":{"start":{"line":1,"column":14},"end":{"line":1,"column":39}},"1":{"start":{"line":4,"column":16},"end":{"line":21,"column":1}},"2":{"start":{"line":5,"column":2},"end":{"line":20,"column":3}},"3":{"start":{"line":6,"column":23},"end":{"line":11,"column":6}},"4":{"start":{"line":14,"column":4},"end":{"line":14,"column":83}},"5":{"start":{"line":15,"column":4},"end":{"line":15,"column":22}},"6":{"start":{"line":18,"column":4},"end":{"line":18,"column":31}},"7":{"start":{"line":19,"column":4},"end":{"line":19,"column":14}},"8":{"start":{"line":23,"column":27},"end":{"line":41,"column":1}},"9":{"start":{"line":24,"column":16},"end":{"line":24,"column":107}},"10":{"start":{"line":25,"column":17},"end":{"line":25,"column":45}},"11":{"start":{"line":27,"column":2},"end":{"line":39,"column":3}},"12":{"start":{"line":28,"column":18},"end":{"line":28,"column":49}},"13":{"start":{"line":30,"column":4},"end":{"line":30,"column":61}},"14":{"start":{"line":32,"column":4},"end":{"line":34,"column":5}},"15":{"start":{"line":33,"column":6},"end":{"line":33,"column":15}},"16":{"start":{"line":35,"column":4},"end":{"line":35,"column":42}},"17":{"start":{"line":38,"column":4},"end":{"line":38,"column":21}},"18":{"start":{"line":40,"column":2},"end":{"line":40,"column":14}},"19":{"start":{"line":44,"column":23},"end":{"line":62,"column":1}},"20":{"start":{"line":46,"column":22},"end":{"line":46,"column":64}},"21":{"start":{"line":48,"column":16},"end":{"line":48,"column":136}},"22":{"start":{"line":49,"column":17},"end":{"line":49,"column":70}},"23":{"start":{"line":51,"column":2},"end":{"line":60,"column":3}},"24":{"start":{"line":52,"column":18},"end":{"line":52,"column":49}},"25":{"start":{"line":55,"column":4},"end":{"line":55,"column":39}},"26":{"start":{"line":56,"column":4},"end":{"line":56,"column":15}},"27":{"start":{"line":59,"column":4},"end":{"line":59,"column":21}},"28":{"start":{"line":61,"column":2},"end":{"line":61,"column":14}},"29":{"start":{"line":64,"column":24},"end":{"line":81,"column":1}},"30":{"start":{"line":66,"column":22},"end":{"line":66,"column":64}},"31":{"start":{"line":67,"column":16},"end":{"line":67,"column":136}},"32":{"start":{"line":68,"column":17},"end":{"line":68,"column":70}},"33":{"start":{"line":70,"column":2},"end":{"line":79,"column":3}},"34":{"start":{"line":71,"column":18},"end":{"line":71,"column":49}},"35":{"start":{"line":74,"column":4},"end":{"line":74,"column":39}},"36":{"start":{"line":75,"column":4},"end":{"line":75,"column":15}},"37":{"start":{"line":78,"column":4},"end":{"line":78,"column":21}},"38":{"start":{"line":80,"column":2},"end":{"line":80,"column":14}},"39":{"start":{"line":83,"column":24},"end":{"line":101,"column":1}},"40":{"start":{"line":85,"column":22},"end":{"line":85,"column":64}},"41":{"start":{"line":87,"column":16},"end":{"line":87,"column":138}},"42":{"start":{"line":88,"column":17},"end":{"line":88,"column":72}},"43":{"start":{"line":90,"column":2},"end":{"line":99,"column":3}},"44":{"start":{"line":91,"column":18},"end":{"line":91,"column":49}},"45":{"start":{"line":94,"column":4},"end":{"line":94,"column":41}},"46":{"start":{"line":95,"column":4},"end":{"line":95,"column":15}},"47":{"start":{"line":98,"column":4},"end":{"line":98,"column":47}},"48":{"start":{"line":100,"column":2},"end":{"line":100,"column":14}},"49":{"start":{"line":103,"column":24},"end":{"line":121,"column":1}},"50":{"start":{"line":105,"column":22},"end":{"line":105,"column":64}},"51":{"start":{"line":107,"column":16},"end":{"line":107,"column":138}},"52":{"start":{"line":108,"column":17},"end":{"line":108,"column":72}},"53":{"start":{"line":110,"column":2},"end":{"line":119,"column":3}},"54":{"start":{"line":111,"column":18},"end":{"line":111,"column":49}},"55":{"start":{"line":114,"column":4},"end":{"line":114,"column":41}},"56":{"start":{"line":115,"column":4},"end":{"line":115,"column":15}},"57":{"start":{"line":118,"column":4},"end":{"line":118,"column":47}},"58":{"start":{"line":120,"column":2},"end":{"line":120,"column":14}},"59":{"start":{"line":124,"column":24},"end":{"line":146,"column":1}},"60":{"start":{"line":125,"column":2},"end":{"line":144,"column":3}},"61":{"start":{"line":128,"column":22},"end":{"line":128,"column":82}},"62":{"start":{"line":129,"column":23},"end":{"line":129,"column":36}},"63":{"start":{"line":131,"column":4},"end":{"line":131,"column":44}},"64":{"start":{"line":133,"column":18},"end":{"line":133,"column":82}},"65":{"start":{"line":134,"column":19},"end":{"line":134,"column":28}},"66":{"start":{"line":136,"column":19},"end":{"line":136,"column":50}},"67":{"start":{"line":139,"column":4},"end":{"line":139,"column":41}},"68":{"start":{"line":140,"column":4},"end":{"line":140,"column":16}},"69":{"start":{"line":143,"column":4},"end":{"line":143,"column":41}},"70":{"start":{"line":145,"column":2},"end":{"line":145,"column":14}},"71":{"start":{"line":148,"column":0},"end":{"line":155,"column":2}}},"fnMap":{"0":{"name":"(anonymous_0)","decl":{"start":{"line":4,"column":16},"end":{"line":4,"column":17}},"loc":{"start":{"line":4,"column":28},"end":{"line":21,"column":1}},"line":4},"1":{"name":"(anonymous_1)","decl":{"start":{"line":23,"column":27},"end":{"line":23,"column":28}},"loc":{"start":{"line":23,"column":55},"end":{"line":41,"column":1}},"line":23},"2":{"name":"(anonymous_2)","decl":{"start":{"line":44,"column":23},"end":{"line":44,"column":24}},"loc":{"start":{"line":44,"column":77},"end":{"line":62,"column":1}},"line":44},"3":{"name":"(anonymous_3)","decl":{"start":{"line":64,"column":24},"end":{"line":64,"column":25}},"loc":{"start":{"line":64,"column":78},"end":{"line":81,"column":1}},"line":64},"4":{"name":"(anonymous_4)","decl":{"start":{"line":83,"column":24},"end":{"line":83,"column":25}},"loc":{"start":{"line":83,"column":80},"end":{"line":101,"column":1}},"line":83},"5":{"name":"(anonymous_5)","decl":{"start":{"line":103,"column":24},"end":{"line":103,"column":25}},"loc":{"start":{"line":103,"column":80},"end":{"line":121,"column":1}},"line":103},"6":{"name":"(anonymous_6)","decl":{"start":{"line":124,"column":24},"end":{"line":124,"column":25}},"loc":{"start":{"line":124,"column":51},"end":{"line":146,"column":1}},"line":124}},"branchMap":{"0":{"loc":{"start":{"line":32,"column":4},"end":{"line":34,"column":5}},"type":"if","locations":[{"start":{"line":32,"column":4},"end":{"line":34,"column":5}},{"start":{},"end":{}}],"line":32}},"s":{"0":1,"1":1,"2":0,"3":0,"4":0,"5":0,"6":0,"7":0,"8":1,"9":7,"10":7,"11":7,"12":7,"13":7,"14":7,"15":5,"16":2,"17":0,"18":0,"19":1,"20":2,"21":2,"22":2,"23":2,"24":2,"25":2,"26":2,"27":0,"28":0,"29":1,"30":2,"31":2,"32":2,"33":2,"34":2,"35":2,"36":2,"37":0,"38":0,"39":1,"40":1,"41":1,"42":1,"43":1,"44":1,"45":1,"46":1,"47":0,"48":0,"49":1,"50":2,"51":2,"52":2,"53":2,"54":2,"55":2,"56":2,"57":0,"58":0,"59":1,"60":1,"61":1,"62":1,"63":1,"64":1,"65":1,"66":1,"67":1,"68":1,"69":0,"70":0,"71":1},"f":{"0":0,"1":7,"2":2,"3":2,"4":1,"5":2,"6":1},"b":{"0":[5,2]},"_coverageSchema":"1a1c01bbd47fc00a2c39e90264f33305004495a9","hash":"fef4c27b1376c3b2d073baa7c3307e4e68e88450"}
,"/Users/mcleesm/Desktop/Senior Year/Fall 2021/CIS 557/project/notificationTableDatabase.js": {"path":"/Users/mcleesm/Desktop/Senior Year/Fall 2021/CIS 557/project/notificationTableDatabase.js","statementMap":{"0":{"start":{"line":1,"column":14},"end":{"line":1,"column":39}},"1":{"start":{"line":4,"column":16},"end":{"line":21,"column":1}},"2":{"start":{"line":5,"column":2},"end":{"line":20,"column":3}},"3":{"start":{"line":6,"column":23},"end":{"line":11,"column":6}},"4":{"start":{"line":14,"column":4},"end":{"line":14,"column":83}},"5":{"start":{"line":15,"column":4},"end":{"line":15,"column":22}},"6":{"start":{"line":18,"column":4},"end":{"line":18,"column":31}},"7":{"start":{"line":19,"column":4},"end":{"line":19,"column":14}},"8":{"start":{"line":24,"column":24},"end":{"line":38,"column":1}},"9":{"start":{"line":25,"column":16},"end":{"line":25,"column":99}},"10":{"start":{"line":27,"column":17},"end":{"line":27,"column":60}},"11":{"start":{"line":28,"column":2},"end":{"line":36,"column":3}},"12":{"start":{"line":29,"column":19},"end":{"line":29,"column":50}},"13":{"start":{"line":31,"column":4},"end":{"line":31,"column":67}},"14":{"start":{"line":32,"column":4},"end":{"line":32,"column":24}},"15":{"start":{"line":35,"column":4},"end":{"line":35,"column":41}},"16":{"start":{"line":37,"column":2},"end":{"line":37,"column":14}},"17":{"start":{"line":41,"column":25},"end":{"line":59,"column":1}},"18":{"start":{"line":42,"column":16},"end":{"line":42,"column":83}},"19":{"start":{"line":44,"column":2},"end":{"line":57,"column":3}},"20":{"start":{"line":45,"column":19},"end":{"line":45,"column":48}},"21":{"start":{"line":48,"column":4},"end":{"line":48,"column":43}},"22":{"start":{"line":50,"column":22},"end":{"line":50,"column":84}},"23":{"start":{"line":51,"column":4},"end":{"line":51,"column":32}},"24":{"start":{"line":53,"column":4},"end":{"line":53,"column":16}},"25":{"start":{"line":56,"column":4},"end":{"line":56,"column":41}},"26":{"start":{"line":58,"column":2},"end":{"line":58,"column":14}},"27":{"start":{"line":61,"column":0},"end":{"line":65,"column":2}}},"fnMap":{"0":{"name":"(anonymous_0)","decl":{"start":{"line":4,"column":16},"end":{"line":4,"column":17}},"loc":{"start":{"line":4,"column":28},"end":{"line":21,"column":1}},"line":4},"1":{"name":"(anonymous_1)","decl":{"start":{"line":24,"column":24},"end":{"line":24,"column":25}},"loc":{"start":{"line":24,"column":56},"end":{"line":38,"column":1}},"line":24},"2":{"name":"(anonymous_2)","decl":{"start":{"line":41,"column":25},"end":{"line":41,"column":26}},"loc":{"start":{"line":41,"column":43},"end":{"line":59,"column":1}},"line":41}},"branchMap":{},"s":{"0":1,"1":1,"2":0,"3":0,"4":0,"5":0,"6":0,"7":0,"8":1,"9":2,"10":2,"11":2,"12":2,"13":2,"14":2,"15":0,"16":0,"17":1,"18":1,"19":1,"20":1,"21":1,"22":1,"23":1,"24":1,"25":0,"26":0,"27":1},"f":{"0":0,"1":2,"2":1},"b":{},"_coverageSchema":"1a1c01bbd47fc00a2c39e90264f33305004495a9","hash":"9a0777693df3885b38eda96beff5632dbf352095"}
,"/Users/mcleesm/Desktop/Senior Year/Fall 2021/CIS 557/project/postTableDatabase.js": {"path":"/Users/mcleesm/Desktop/Senior Year/Fall 2021/CIS 557/project/postTableDatabase.js","statementMap":{"0":{"start":{"line":1,"column":14},"end":{"line":1,"column":39}},"1":{"start":{"line":4,"column":16},"end":{"line":21,"column":1}},"2":{"start":{"line":5,"column":2},"end":{"line":20,"column":3}},"3":{"start":{"line":6,"column":23},"end":{"line":11,"column":6}},"4":{"start":{"line":14,"column":4},"end":{"line":14,"column":83}},"5":{"start":{"line":15,"column":4},"end":{"line":15,"column":22}},"6":{"start":{"line":18,"column":4},"end":{"line":18,"column":31}},"7":{"start":{"line":19,"column":4},"end":{"line":19,"column":14}},"8":{"start":{"line":24,"column":21},"end":{"line":38,"column":1}},"9":{"start":{"line":25,"column":2},"end":{"line":37,"column":3}},"10":{"start":{"line":27,"column":18},"end":{"line":27,"column":65}},"11":{"start":{"line":30,"column":18},"end":{"line":30,"column":47}},"12":{"start":{"line":32,"column":4},"end":{"line":32,"column":20}},"13":{"start":{"line":35,"column":4},"end":{"line":35,"column":63}},"14":{"start":{"line":36,"column":4},"end":{"line":36,"column":14}},"15":{"start":{"line":40,"column":24},"end":{"line":49,"column":1}},"16":{"start":{"line":41,"column":22},"end":{"line":41,"column":115}},"17":{"start":{"line":42,"column":2},"end":{"line":47,"column":3}},"18":{"start":{"line":43,"column":4},"end":{"line":43,"column":40}},"19":{"start":{"line":46,"column":4},"end":{"line":46,"column":21}},"20":{"start":{"line":48,"column":2},"end":{"line":48,"column":14}},"21":{"start":{"line":52,"column":20},"end":{"line":75,"column":1}},"22":{"start":{"line":53,"column":16},"end":{"line":54,"column":90}},"23":{"start":{"line":56,"column":17},"end":{"line":56,"column":32}},"24":{"start":{"line":57,"column":16},"end":{"line":57,"column":34}},"25":{"start":{"line":58,"column":17},"end":{"line":58,"column":37}},"26":{"start":{"line":59,"column":22},"end":{"line":59,"column":29}},"27":{"start":{"line":60,"column":19},"end":{"line":60,"column":43}},"28":{"start":{"line":61,"column":17},"end":{"line":61,"column":59}},"29":{"start":{"line":62,"column":2},"end":{"line":73,"column":3}},"30":{"start":{"line":63,"column":4},"end":{"line":63,"column":36}},"31":{"start":{"line":65,"column":4},"end":{"line":65,"column":60}},"32":{"start":{"line":67,"column":4},"end":{"line":67,"column":50}},"33":{"start":{"line":69,"column":4},"end":{"line":69,"column":27}},"34":{"start":{"line":72,"column":4},"end":{"line":72,"column":41}},"35":{"start":{"line":74,"column":2},"end":{"line":74,"column":14}},"36":{"start":{"line":77,"column":21},"end":{"line":102,"column":1}},"37":{"start":{"line":78,"column":16},"end":{"line":80,"column":30}},"38":{"start":{"line":82,"column":17},"end":{"line":82,"column":32}},"39":{"start":{"line":83,"column":16},"end":{"line":83,"column":34}},"40":{"start":{"line":84,"column":17},"end":{"line":84,"column":37}},"41":{"start":{"line":85,"column":22},"end":{"line":85,"column":29}},"42":{"start":{"line":86,"column":19},"end":{"line":86,"column":35}},"43":{"start":{"line":87,"column":19},"end":{"line":87,"column":43}},"44":{"start":{"line":88,"column":17},"end":{"line":88,"column":69}},"45":{"start":{"line":89,"column":2},"end":{"line":100,"column":3}},"46":{"start":{"line":90,"column":4},"end":{"line":90,"column":36}},"47":{"start":{"line":92,"column":4},"end":{"line":92,"column":60}},"48":{"start":{"line":94,"column":4},"end":{"line":94,"column":50}},"49":{"start":{"line":96,"column":4},"end":{"line":96,"column":27}},"50":{"start":{"line":99,"column":4},"end":{"line":99,"column":41}},"51":{"start":{"line":101,"column":2},"end":{"line":101,"column":14}},"52":{"start":{"line":104,"column":21},"end":{"line":128,"column":1}},"53":{"start":{"line":105,"column":16},"end":{"line":107,"column":30}},"54":{"start":{"line":108,"column":17},"end":{"line":108,"column":32}},"55":{"start":{"line":109,"column":16},"end":{"line":109,"column":34}},"56":{"start":{"line":110,"column":17},"end":{"line":110,"column":37}},"57":{"start":{"line":111,"column":22},"end":{"line":111,"column":29}},"58":{"start":{"line":112,"column":19},"end":{"line":112,"column":35}},"59":{"start":{"line":113,"column":19},"end":{"line":113,"column":43}},"60":{"start":{"line":114,"column":17},"end":{"line":114,"column":69}},"61":{"start":{"line":115,"column":2},"end":{"line":126,"column":3}},"62":{"start":{"line":116,"column":4},"end":{"line":116,"column":36}},"63":{"start":{"line":118,"column":4},"end":{"line":118,"column":60}},"64":{"start":{"line":120,"column":4},"end":{"line":120,"column":50}},"65":{"start":{"line":122,"column":4},"end":{"line":122,"column":27}},"66":{"start":{"line":125,"column":4},"end":{"line":125,"column":41}},"67":{"start":{"line":127,"column":2},"end":{"line":127,"column":14}},"68":{"start":{"line":130,"column":21},"end":{"line":155,"column":1}},"69":{"start":{"line":131,"column":16},"end":{"line":133,"column":30}},"70":{"start":{"line":134,"column":17},"end":{"line":134,"column":32}},"71":{"start":{"line":135,"column":16},"end":{"line":135,"column":34}},"72":{"start":{"line":136,"column":17},"end":{"line":136,"column":37}},"73":{"start":{"line":137,"column":22},"end":{"line":137,"column":29}},"74":{"start":{"line":138,"column":19},"end":{"line":138,"column":35}},"75":{"start":{"line":139,"column":19},"end":{"line":139,"column":43}},"76":{"start":{"line":140,"column":17},"end":{"line":140,"column":69}},"77":{"start":{"line":142,"column":2},"end":{"line":153,"column":3}},"78":{"start":{"line":143,"column":4},"end":{"line":143,"column":36}},"79":{"start":{"line":145,"column":4},"end":{"line":145,"column":60}},"80":{"start":{"line":147,"column":4},"end":{"line":147,"column":50}},"81":{"start":{"line":149,"column":4},"end":{"line":149,"column":27}},"82":{"start":{"line":152,"column":4},"end":{"line":152,"column":41}},"83":{"start":{"line":154,"column":2},"end":{"line":154,"column":14}},"84":{"start":{"line":158,"column":17},"end":{"line":177,"column":1}},"85":{"start":{"line":159,"column":16},"end":{"line":159,"column":71}},"86":{"start":{"line":161,"column":17},"end":{"line":161,"column":25}},"87":{"start":{"line":163,"column":2},"end":{"line":175,"column":3}},"88":{"start":{"line":164,"column":4},"end":{"line":164,"column":36}},"89":{"start":{"line":166,"column":4},"end":{"line":166,"column":62}},"90":{"start":{"line":168,"column":23},"end":{"line":168,"column":85}},"91":{"start":{"line":169,"column":4},"end":{"line":169,"column":52}},"92":{"start":{"line":171,"column":4},"end":{"line":171,"column":18}},"93":{"start":{"line":174,"column":4},"end":{"line":174,"column":41}},"94":{"start":{"line":176,"column":2},"end":{"line":176,"column":14}},"95":{"start":{"line":180,"column":18},"end":{"line":193,"column":1}},"96":{"start":{"line":181,"column":16},"end":{"line":181,"column":58}},"97":{"start":{"line":183,"column":17},"end":{"line":183,"column":25}},"98":{"start":{"line":185,"column":2},"end":{"line":191,"column":3}},"99":{"start":{"line":186,"column":19},"end":{"line":186,"column":50}},"100":{"start":{"line":187,"column":4},"end":{"line":187,"column":16}},"101":{"start":{"line":190,"column":4},"end":{"line":190,"column":41}},"102":{"start":{"line":192,"column":2},"end":{"line":192,"column":14}},"103":{"start":{"line":195,"column":23},"end":{"line":211,"column":1}},"104":{"start":{"line":196,"column":16},"end":{"line":196,"column":56}},"105":{"start":{"line":198,"column":17},"end":{"line":198,"column":25}},"106":{"start":{"line":200,"column":2},"end":{"line":209,"column":3}},"107":{"start":{"line":201,"column":4},"end":{"line":201,"column":36}},"108":{"start":{"line":203,"column":4},"end":{"line":203,"column":51}},"109":{"start":{"line":205,"column":4},"end":{"line":205,"column":18}},"110":{"start":{"line":208,"column":4},"end":{"line":208,"column":41}},"111":{"start":{"line":210,"column":2},"end":{"line":210,"column":14}},"112":{"start":{"line":214,"column":17},"end":{"line":229,"column":1}},"113":{"start":{"line":215,"column":16},"end":{"line":215,"column":70}},"114":{"start":{"line":217,"column":17},"end":{"line":217,"column":25}},"115":{"start":{"line":219,"column":2},"end":{"line":227,"column":3}},"116":{"start":{"line":220,"column":4},"end":{"line":220,"column":36}},"117":{"start":{"line":222,"column":4},"end":{"line":222,"column":47}},"118":{"start":{"line":223,"column":4},"end":{"line":223,"column":18}},"119":{"start":{"line":226,"column":4},"end":{"line":226,"column":41}},"120":{"start":{"line":228,"column":2},"end":{"line":228,"column":14}},"121":{"start":{"line":232,"column":19},"end":{"line":247,"column":1}},"122":{"start":{"line":233,"column":16},"end":{"line":233,"column":57}},"123":{"start":{"line":235,"column":17},"end":{"line":235,"column":25}},"124":{"start":{"line":237,"column":2},"end":{"line":245,"column":3}},"125":{"start":{"line":238,"column":4},"end":{"line":238,"column":36}},"126":{"start":{"line":240,"column":4},"end":{"line":240,"column":51}},"127":{"start":{"line":241,"column":4},"end":{"line":241,"column":18}},"128":{"start":{"line":244,"column":4},"end":{"line":244,"column":41}},"129":{"start":{"line":246,"column":2},"end":{"line":246,"column":14}},"130":{"start":{"line":250,"column":17},"end":{"line":263,"column":1}},"131":{"start":{"line":251,"column":2},"end":{"line":261,"column":3}},"132":{"start":{"line":252,"column":18},"end":{"line":252,"column":103}},"133":{"start":{"line":254,"column":19},"end":{"line":254,"column":53}},"134":{"start":{"line":256,"column":4},"end":{"line":256,"column":50}},"135":{"start":{"line":257,"column":4},"end":{"line":257,"column":18}},"136":{"start":{"line":260,"column":4},"end":{"line":260,"column":41}},"137":{"start":{"line":262,"column":2},"end":{"line":262,"column":14}},"138":{"start":{"line":266,"column":20},"end":{"line":279,"column":1}},"139":{"start":{"line":267,"column":2},"end":{"line":277,"column":3}},"140":{"start":{"line":268,"column":18},"end":{"line":268,"column":58}},"141":{"start":{"line":270,"column":19},"end":{"line":270,"column":52}},"142":{"start":{"line":272,"column":4},"end":{"line":272,"column":50}},"143":{"start":{"line":273,"column":4},"end":{"line":273,"column":18}},"144":{"start":{"line":276,"column":4},"end":{"line":276,"column":41}},"145":{"start":{"line":278,"column":2},"end":{"line":278,"column":14}},"146":{"start":{"line":282,"column":18},"end":{"line":292,"column":1}},"147":{"start":{"line":283,"column":2},"end":{"line":290,"column":3}},"148":{"start":{"line":284,"column":18},"end":{"line":284,"column":53}},"149":{"start":{"line":285,"column":18},"end":{"line":285,"column":41}},"150":{"start":{"line":286,"column":4},"end":{"line":286,"column":34}},"151":{"start":{"line":289,"column":4},"end":{"line":289,"column":41}},"152":{"start":{"line":291,"column":2},"end":{"line":291,"column":14}},"153":{"start":{"line":294,"column":30},"end":{"line":319,"column":1}},"154":{"start":{"line":295,"column":29},"end":{"line":295,"column":31}},"155":{"start":{"line":298,"column":26},"end":{"line":298,"column":72}},"156":{"start":{"line":299,"column":31},"end":{"line":299,"column":64}},"157":{"start":{"line":300,"column":2},"end":{"line":300,"column":73}},"158":{"start":{"line":303,"column":27},"end":{"line":303,"column":94}},"159":{"start":{"line":304,"column":32},"end":{"line":304,"column":66}},"160":{"start":{"line":305,"column":2},"end":{"line":305,"column":76}},"161":{"start":{"line":308,"column":32},"end":{"line":308,"column":101}},"162":{"start":{"line":309,"column":37},"end":{"line":309,"column":76}},"163":{"start":{"line":310,"column":2},"end":{"line":310,"column":85}},"164":{"start":{"line":313,"column":29},"end":{"line":313,"column":79}},"165":{"start":{"line":314,"column":34},"end":{"line":314,"column":70}},"166":{"start":{"line":315,"column":2},"end":{"line":315,"column":82}},"167":{"start":{"line":318,"column":2},"end":{"line":318,"column":28}},"168":{"start":{"line":321,"column":0},"end":{"line":337,"column":2}}},"fnMap":{"0":{"name":"(anonymous_0)","decl":{"start":{"line":4,"column":16},"end":{"line":4,"column":17}},"loc":{"start":{"line":4,"column":28},"end":{"line":21,"column":1}},"line":4},"1":{"name":"(anonymous_1)","decl":{"start":{"line":24,"column":21},"end":{"line":24,"column":22}},"loc":{"start":{"line":24,"column":39},"end":{"line":38,"column":1}},"line":24},"2":{"name":"(anonymous_2)","decl":{"start":{"line":40,"column":24},"end":{"line":40,"column":25}},"loc":{"start":{"line":40,"column":42},"end":{"line":49,"column":1}},"line":40},"3":{"name":"(anonymous_3)","decl":{"start":{"line":52,"column":20},"end":{"line":52,"column":21}},"loc":{"start":{"line":52,"column":43},"end":{"line":75,"column":1}},"line":52},"4":{"name":"(anonymous_4)","decl":{"start":{"line":77,"column":21},"end":{"line":77,"column":22}},"loc":{"start":{"line":77,"column":44},"end":{"line":102,"column":1}},"line":77},"5":{"name":"(anonymous_5)","decl":{"start":{"line":104,"column":21},"end":{"line":104,"column":22}},"loc":{"start":{"line":104,"column":44},"end":{"line":128,"column":1}},"line":104},"6":{"name":"(anonymous_6)","decl":{"start":{"line":130,"column":21},"end":{"line":130,"column":22}},"loc":{"start":{"line":130,"column":44},"end":{"line":155,"column":1}},"line":130},"7":{"name":"(anonymous_7)","decl":{"start":{"line":158,"column":17},"end":{"line":158,"column":18}},"loc":{"start":{"line":158,"column":48},"end":{"line":177,"column":1}},"line":158},"8":{"name":"(anonymous_8)","decl":{"start":{"line":180,"column":18},"end":{"line":180,"column":19}},"loc":{"start":{"line":180,"column":40},"end":{"line":193,"column":1}},"line":180},"9":{"name":"(anonymous_9)","decl":{"start":{"line":195,"column":23},"end":{"line":195,"column":24}},"loc":{"start":{"line":195,"column":45},"end":{"line":211,"column":1}},"line":195},"10":{"name":"(anonymous_10)","decl":{"start":{"line":214,"column":17},"end":{"line":214,"column":18}},"loc":{"start":{"line":214,"column":39},"end":{"line":229,"column":1}},"line":214},"11":{"name":"(anonymous_11)","decl":{"start":{"line":232,"column":19},"end":{"line":232,"column":20}},"loc":{"start":{"line":232,"column":41},"end":{"line":247,"column":1}},"line":232},"12":{"name":"(anonymous_12)","decl":{"start":{"line":250,"column":17},"end":{"line":250,"column":18}},"loc":{"start":{"line":250,"column":40},"end":{"line":263,"column":1}},"line":250},"13":{"name":"(anonymous_13)","decl":{"start":{"line":266,"column":20},"end":{"line":266,"column":21}},"loc":{"start":{"line":266,"column":42},"end":{"line":279,"column":1}},"line":266},"14":{"name":"(anonymous_14)","decl":{"start":{"line":282,"column":18},"end":{"line":282,"column":19}},"loc":{"start":{"line":282,"column":32},"end":{"line":292,"column":1}},"line":282},"15":{"name":"(anonymous_15)","decl":{"start":{"line":294,"column":30},"end":{"line":294,"column":31}},"loc":{"start":{"line":294,"column":44},"end":{"line":319,"column":1}},"line":294}},"branchMap":{},"s":{"0":1,"1":1,"2":0,"3":0,"4":0,"5":0,"6":0,"7":0,"8":1,"9":1,"10":1,"11":1,"12":1,"13":0,"14":0,"15":1,"16":12,"17":12,"18":12,"19":0,"20":12,"21":1,"22":1,"23":1,"24":1,"25":1,"26":1,"27":1,"28":1,"29":1,"30":1,"31":1,"32":1,"33":1,"34":0,"35":0,"36":1,"37":1,"38":1,"39":1,"40":1,"41":1,"42":1,"43":1,"44":1,"45":1,"46":1,"47":1,"48":1,"49":1,"50":0,"51":0,"52":1,"53":1,"54":1,"55":1,"56":1,"57":1,"58":1,"59":1,"60":1,"61":1,"62":1,"63":1,"64":1,"65":1,"66":0,"67":0,"68":1,"69":9,"70":9,"71":9,"72":9,"73":9,"74":9,"75":9,"76":9,"77":9,"78":9,"79":9,"80":9,"81":9,"82":0,"83":0,"84":1,"85":3,"86":3,"87":3,"88":3,"89":3,"90":3,"91":3,"92":3,"93":0,"94":0,"95":1,"96":1,"97":1,"98":1,"99":1,"100":1,"101":0,"102":0,"103":1,"104":1,"105":1,"106":1,"107":1,"108":1,"109":1,"110":0,"111":0,"112":1,"113":1,"114":1,"115":1,"116":1,"117":1,"118":1,"119":0,"120":0,"121":1,"122":1,"123":1,"124":1,"125":1,"126":1,"127":1,"128":0,"129":0,"130":1,"131":1,"132":1,"133":1,"134":1,"135":1,"136":0,"137":0,"138":1,"139":1,"140":1,"141":1,"142":1,"143":1,"144":0,"145":0,"146":1,"147":1,"148":1,"149":1,"150":1,"151":0,"152":0,"153":1,"154":1,"155":1,"156":1,"157":1,"158":1,"159":1,"160":1,"161":1,"162":1,"163":1,"164":1,"165":1,"166":1,"167":1,"168":1},"f":{"0":0,"1":1,"2":12,"3":1,"4":1,"5":1,"6":9,"7":3,"8":1,"9":1,"10":1,"11":1,"12":1,"13":1,"14":1,"15":1},"b":{},"_coverageSchema":"1a1c01bbd47fc00a2c39e90264f33305004495a9","hash":"f9b2f3a27c163cab643883b4a9321faec4dba32e"}
,"/Users/mcleesm/Desktop/Senior Year/Fall 2021/CIS 557/project/profileTableDatabase.js": {"path":"/Users/mcleesm/Desktop/Senior Year/Fall 2021/CIS 557/project/profileTableDatabase.js","statementMap":{"0":{"start":{"line":1,"column":14},"end":{"line":1,"column":39}},"1":{"start":{"line":4,"column":16},"end":{"line":21,"column":1}},"2":{"start":{"line":5,"column":2},"end":{"line":20,"column":3}},"3":{"start":{"line":6,"column":23},"end":{"line":11,"column":6}},"4":{"start":{"line":14,"column":4},"end":{"line":14,"column":83}},"5":{"start":{"line":15,"column":4},"end":{"line":15,"column":22}},"6":{"start":{"line":18,"column":4},"end":{"line":18,"column":31}},"7":{"start":{"line":19,"column":4},"end":{"line":19,"column":14}},"8":{"start":{"line":24,"column":19},"end":{"line":38,"column":1}},"9":{"start":{"line":25,"column":16},"end":{"line":25,"column":130}},"10":{"start":{"line":26,"column":17},"end":{"line":27,"column":79}},"11":{"start":{"line":28,"column":2},"end":{"line":36,"column":3}},"12":{"start":{"line":29,"column":18},"end":{"line":29,"column":49}},"13":{"start":{"line":31,"column":4},"end":{"line":31,"column":63}},"14":{"start":{"line":32,"column":4},"end":{"line":32,"column":17}},"15":{"start":{"line":35,"column":4},"end":{"line":35,"column":41}},"16":{"start":{"line":37,"column":2},"end":{"line":37,"column":14}},"17":{"start":{"line":41,"column":23},"end":{"line":53,"column":1}},"18":{"start":{"line":42,"column":2},"end":{"line":51,"column":3}},"19":{"start":{"line":43,"column":18},"end":{"line":43,"column":61}},"20":{"start":{"line":44,"column":19},"end":{"line":44,"column":48}},"21":{"start":{"line":46,"column":4},"end":{"line":46,"column":50}},"22":{"start":{"line":47,"column":4},"end":{"line":47,"column":18}},"23":{"start":{"line":50,"column":4},"end":{"line":50,"column":41}},"24":{"start":{"line":52,"column":2},"end":{"line":52,"column":14}},"25":{"start":{"line":56,"column":20},"end":{"line":68,"column":1}},"26":{"start":{"line":57,"column":2},"end":{"line":66,"column":3}},"27":{"start":{"line":58,"column":18},"end":{"line":58,"column":45}},"28":{"start":{"line":59,"column":19},"end":{"line":59,"column":42}},"29":{"start":{"line":61,"column":4},"end":{"line":61,"column":50}},"30":{"start":{"line":62,"column":4},"end":{"line":62,"column":18}},"31":{"start":{"line":65,"column":4},"end":{"line":65,"column":41}},"32":{"start":{"line":67,"column":2},"end":{"line":67,"column":14}},"33":{"start":{"line":71,"column":22},"end":{"line":83,"column":1}},"34":{"start":{"line":72,"column":2},"end":{"line":81,"column":3}},"35":{"start":{"line":73,"column":18},"end":{"line":73,"column":59}},"36":{"start":{"line":74,"column":18},"end":{"line":74,"column":51}},"37":{"start":{"line":76,"column":4},"end":{"line":76,"column":72}},"38":{"start":{"line":77,"column":4},"end":{"line":77,"column":17}},"39":{"start":{"line":80,"column":4},"end":{"line":80,"column":41}},"40":{"start":{"line":82,"column":2},"end":{"line":82,"column":14}},"41":{"start":{"line":88,"column":23},"end":{"line":100,"column":1}},"42":{"start":{"line":89,"column":2},"end":{"line":98,"column":3}},"43":{"start":{"line":90,"column":18},"end":{"line":90,"column":59}},"44":{"start":{"line":91,"column":18},"end":{"line":91,"column":51}},"45":{"start":{"line":93,"column":4},"end":{"line":93,"column":72}},"46":{"start":{"line":94,"column":4},"end":{"line":94,"column":17}},"47":{"start":{"line":97,"column":4},"end":{"line":97,"column":41}},"48":{"start":{"line":99,"column":2},"end":{"line":99,"column":14}},"49":{"start":{"line":103,"column":22},"end":{"line":116,"column":1}},"50":{"start":{"line":104,"column":2},"end":{"line":114,"column":3}},"51":{"start":{"line":105,"column":18},"end":{"line":105,"column":70}},"52":{"start":{"line":106,"column":19},"end":{"line":106,"column":40}},"53":{"start":{"line":107,"column":18},"end":{"line":107,"column":49}},"54":{"start":{"line":109,"column":4},"end":{"line":109,"column":70}},"55":{"start":{"line":110,"column":4},"end":{"line":110,"column":17}},"56":{"start":{"line":113,"column":4},"end":{"line":113,"column":41}},"57":{"start":{"line":115,"column":2},"end":{"line":115,"column":14}},"58":{"start":{"line":119,"column":25},"end":{"line":132,"column":1}},"59":{"start":{"line":120,"column":2},"end":{"line":130,"column":3}},"60":{"start":{"line":121,"column":18},"end":{"line":121,"column":80}},"61":{"start":{"line":122,"column":19},"end":{"line":122,"column":40}},"62":{"start":{"line":123,"column":18},"end":{"line":123,"column":49}},"63":{"start":{"line":125,"column":4},"end":{"line":125,"column":70}},"64":{"start":{"line":126,"column":4},"end":{"line":126,"column":17}},"65":{"start":{"line":129,"column":4},"end":{"line":129,"column":41}},"66":{"start":{"line":131,"column":2},"end":{"line":131,"column":14}},"67":{"start":{"line":134,"column":0},"end":{"line":143,"column":2}}},"fnMap":{"0":{"name":"(anonymous_0)","decl":{"start":{"line":4,"column":16},"end":{"line":4,"column":17}},"loc":{"start":{"line":4,"column":28},"end":{"line":21,"column":1}},"line":4},"1":{"name":"(anonymous_1)","decl":{"start":{"line":24,"column":19},"end":{"line":24,"column":20}},"loc":{"start":{"line":24,"column":45},"end":{"line":38,"column":1}},"line":24},"2":{"name":"(anonymous_2)","decl":{"start":{"line":41,"column":23},"end":{"line":41,"column":24}},"loc":{"start":{"line":41,"column":41},"end":{"line":53,"column":1}},"line":41},"3":{"name":"(anonymous_3)","decl":{"start":{"line":56,"column":20},"end":{"line":56,"column":21}},"loc":{"start":{"line":56,"column":34},"end":{"line":68,"column":1}},"line":56},"4":{"name":"(anonymous_4)","decl":{"start":{"line":71,"column":22},"end":{"line":71,"column":23}},"loc":{"start":{"line":71,"column":44},"end":{"line":83,"column":1}},"line":71},"5":{"name":"(anonymous_5)","decl":{"start":{"line":88,"column":23},"end":{"line":88,"column":24}},"loc":{"start":{"line":88,"column":45},"end":{"line":100,"column":1}},"line":88},"6":{"name":"(anonymous_6)","decl":{"start":{"line":103,"column":22},"end":{"line":103,"column":23}},"loc":{"start":{"line":103,"column":57},"end":{"line":116,"column":1}},"line":103},"7":{"name":"(anonymous_7)","decl":{"start":{"line":119,"column":25},"end":{"line":119,"column":26}},"loc":{"start":{"line":119,"column":60},"end":{"line":132,"column":1}},"line":119}},"branchMap":{},"s":{"0":1,"1":1,"2":0,"3":0,"4":0,"5":0,"6":0,"7":0,"8":1,"9":7,"10":7,"11":7,"12":7,"13":7,"14":7,"15":0,"16":0,"17":1,"18":1,"19":1,"20":1,"21":1,"22":1,"23":0,"24":0,"25":1,"26":1,"27":1,"28":1,"29":1,"30":1,"31":0,"32":0,"33":1,"34":1,"35":1,"36":1,"37":1,"38":1,"39":0,"40":0,"41":1,"42":1,"43":1,"44":1,"45":1,"46":1,"47":0,"48":0,"49":1,"50":1,"51":1,"52":1,"53":1,"54":1,"55":1,"56":0,"57":0,"58":1,"59":1,"60":1,"61":1,"62":1,"63":1,"64":1,"65":0,"66":0,"67":1},"f":{"0":0,"1":7,"2":1,"3":1,"4":1,"5":1,"6":1,"7":1},"b":{},"_coverageSchema":"1a1c01bbd47fc00a2c39e90264f33305004495a9","hash":"61b4bc11e7ba164d189f34e8a1eff5bd76238d19"}
,"/Users/mcleesm/Desktop/Senior Year/Fall 2021/CIS 557/project/replyTableDatabase.js": {"path":"/Users/mcleesm/Desktop/Senior Year/Fall 2021/CIS 557/project/replyTableDatabase.js","statementMap":{"0":{"start":{"line":1,"column":14},"end":{"line":1,"column":39}},"1":{"start":{"line":4,"column":16},"end":{"line":21,"column":1}},"2":{"start":{"line":5,"column":2},"end":{"line":20,"column":3}},"3":{"start":{"line":6,"column":23},"end":{"line":11,"column":6}},"4":{"start":{"line":14,"column":4},"end":{"line":14,"column":83}},"5":{"start":{"line":15,"column":4},"end":{"line":15,"column":22}},"6":{"start":{"line":18,"column":4},"end":{"line":18,"column":31}},"7":{"start":{"line":19,"column":4},"end":{"line":19,"column":14}},"8":{"start":{"line":24,"column":17},"end":{"line":46,"column":1}},"9":{"start":{"line":25,"column":16},"end":{"line":26,"column":27}},"10":{"start":{"line":28,"column":18},"end":{"line":28,"column":35}},"11":{"start":{"line":29,"column":17},"end":{"line":29,"column":33}},"12":{"start":{"line":30,"column":16},"end":{"line":30,"column":35}},"13":{"start":{"line":31,"column":17},"end":{"line":31,"column":38}},"14":{"start":{"line":32,"column":22},"end":{"line":32,"column":30}},"15":{"start":{"line":34,"column":17},"end":{"line":34,"column":58}},"16":{"start":{"line":36,"column":2},"end":{"line":44,"column":3}},"17":{"start":{"line":37,"column":4},"end":{"line":37,"column":36}},"18":{"start":{"line":39,"column":4},"end":{"line":39,"column":63}},"19":{"start":{"line":40,"column":4},"end":{"line":40,"column":29}},"20":{"start":{"line":43,"column":4},"end":{"line":43,"column":41}},"21":{"start":{"line":45,"column":2},"end":{"line":45,"column":14}},"22":{"start":{"line":49,"column":18},"end":{"line":64,"column":1}},"23":{"start":{"line":50,"column":16},"end":{"line":50,"column":73}},"24":{"start":{"line":52,"column":17},"end":{"line":52,"column":26}},"25":{"start":{"line":54,"column":2},"end":{"line":62,"column":3}},"26":{"start":{"line":55,"column":4},"end":{"line":55,"column":36}},"27":{"start":{"line":57,"column":4},"end":{"line":57,"column":53}},"28":{"start":{"line":58,"column":4},"end":{"line":58,"column":19}},"29":{"start":{"line":61,"column":4},"end":{"line":61,"column":41}},"30":{"start":{"line":63,"column":2},"end":{"line":63,"column":14}},"31":{"start":{"line":67,"column":18},"end":{"line":82,"column":1}},"32":{"start":{"line":68,"column":16},"end":{"line":68,"column":72}},"33":{"start":{"line":70,"column":17},"end":{"line":70,"column":26}},"34":{"start":{"line":72,"column":2},"end":{"line":80,"column":3}},"35":{"start":{"line":73,"column":4},"end":{"line":73,"column":36}},"36":{"start":{"line":75,"column":4},"end":{"line":75,"column":49}},"37":{"start":{"line":76,"column":4},"end":{"line":76,"column":19}},"38":{"start":{"line":79,"column":4},"end":{"line":79,"column":41}},"39":{"start":{"line":81,"column":2},"end":{"line":81,"column":14}},"40":{"start":{"line":85,"column":20},"end":{"line":100,"column":1}},"41":{"start":{"line":86,"column":16},"end":{"line":86,"column":59}},"42":{"start":{"line":88,"column":17},"end":{"line":88,"column":26}},"43":{"start":{"line":90,"column":2},"end":{"line":98,"column":3}},"44":{"start":{"line":91,"column":4},"end":{"line":91,"column":36}},"45":{"start":{"line":93,"column":4},"end":{"line":93,"column":53}},"46":{"start":{"line":94,"column":4},"end":{"line":94,"column":19}},"47":{"start":{"line":97,"column":4},"end":{"line":97,"column":41}},"48":{"start":{"line":99,"column":2},"end":{"line":99,"column":14}},"49":{"start":{"line":102,"column":18},"end":{"line":117,"column":1}},"50":{"start":{"line":103,"column":16},"end":{"line":103,"column":65}},"51":{"start":{"line":105,"column":17},"end":{"line":105,"column":35}},"52":{"start":{"line":107,"column":2},"end":{"line":115,"column":3}},"53":{"start":{"line":108,"column":4},"end":{"line":108,"column":36}},"54":{"start":{"line":110,"column":4},"end":{"line":110,"column":53}},"55":{"start":{"line":111,"column":4},"end":{"line":111,"column":19}},"56":{"start":{"line":114,"column":4},"end":{"line":114,"column":41}},"57":{"start":{"line":116,"column":2},"end":{"line":116,"column":14}},"58":{"start":{"line":120,"column":19},"end":{"line":133,"column":1}},"59":{"start":{"line":121,"column":2},"end":{"line":131,"column":3}},"60":{"start":{"line":122,"column":18},"end":{"line":122,"column":105}},"61":{"start":{"line":124,"column":19},"end":{"line":124,"column":53}},"62":{"start":{"line":126,"column":4},"end":{"line":126,"column":52}},"63":{"start":{"line":127,"column":4},"end":{"line":127,"column":18}},"64":{"start":{"line":130,"column":4},"end":{"line":130,"column":41}},"65":{"start":{"line":132,"column":2},"end":{"line":132,"column":14}},"66":{"start":{"line":136,"column":18},"end":{"line":146,"column":1}},"67":{"start":{"line":137,"column":2},"end":{"line":144,"column":3}},"68":{"start":{"line":138,"column":18},"end":{"line":138,"column":55}},"69":{"start":{"line":139,"column":18},"end":{"line":139,"column":41}},"70":{"start":{"line":140,"column":4},"end":{"line":140,"column":35}},"71":{"start":{"line":143,"column":4},"end":{"line":143,"column":41}},"72":{"start":{"line":145,"column":2},"end":{"line":145,"column":14}},"73":{"start":{"line":148,"column":0},"end":{"line":157,"column":2}}},"fnMap":{"0":{"name":"(anonymous_0)","decl":{"start":{"line":4,"column":16},"end":{"line":4,"column":17}},"loc":{"start":{"line":4,"column":28},"end":{"line":21,"column":1}},"line":4},"1":{"name":"(anonymous_1)","decl":{"start":{"line":24,"column":17},"end":{"line":24,"column":18}},"loc":{"start":{"line":24,"column":41},"end":{"line":46,"column":1}},"line":24},"2":{"name":"(anonymous_2)","decl":{"start":{"line":49,"column":18},"end":{"line":49,"column":19}},"loc":{"start":{"line":49,"column":41},"end":{"line":64,"column":1}},"line":49},"3":{"name":"(anonymous_3)","decl":{"start":{"line":67,"column":18},"end":{"line":67,"column":19}},"loc":{"start":{"line":67,"column":41},"end":{"line":82,"column":1}},"line":67},"4":{"name":"(anonymous_4)","decl":{"start":{"line":85,"column":20},"end":{"line":85,"column":21}},"loc":{"start":{"line":85,"column":43},"end":{"line":100,"column":1}},"line":85},"5":{"name":"(anonymous_5)","decl":{"start":{"line":102,"column":18},"end":{"line":102,"column":19}},"loc":{"start":{"line":102,"column":50},"end":{"line":117,"column":1}},"line":102},"6":{"name":"(anonymous_6)","decl":{"start":{"line":120,"column":19},"end":{"line":120,"column":20}},"loc":{"start":{"line":120,"column":42},"end":{"line":133,"column":1}},"line":120},"7":{"name":"(anonymous_7)","decl":{"start":{"line":136,"column":18},"end":{"line":136,"column":19}},"loc":{"start":{"line":136,"column":32},"end":{"line":146,"column":1}},"line":136}},"branchMap":{},"s":{"0":1,"1":1,"2":0,"3":0,"4":0,"5":0,"6":0,"7":0,"8":1,"9":6,"10":6,"11":6,"12":6,"13":6,"14":6,"15":6,"16":6,"17":6,"18":6,"19":6,"20":0,"21":0,"22":1,"23":1,"24":1,"25":1,"26":1,"27":1,"28":1,"29":0,"30":0,"31":1,"32":1,"33":1,"34":1,"35":1,"36":1,"37":1,"38":0,"39":0,"40":1,"41":1,"42":1,"43":1,"44":1,"45":1,"46":1,"47":0,"48":0,"49":1,"50":1,"51":1,"52":1,"53":1,"54":1,"55":1,"56":0,"57":0,"58":1,"59":1,"60":1,"61":1,"62":1,"63":1,"64":0,"65":0,"66":1,"67":1,"68":1,"69":1,"70":1,"71":0,"72":0,"73":1},"f":{"0":0,"1":6,"2":1,"3":1,"4":1,"5":1,"6":1,"7":1},"b":{},"_coverageSchema":"1a1c01bbd47fc00a2c39e90264f33305004495a9","hash":"81df7da00956364dca247f46b15393a3cbeb5f52"}
,"/Users/mcleesm/Desktop/Senior Year/Fall 2021/CIS 557/project/userTableDatabase.js": {"path":"/Users/mcleesm/Desktop/Senior Year/Fall 2021/CIS 557/project/userTableDatabase.js","statementMap":{"0":{"start":{"line":1,"column":14},"end":{"line":1,"column":39}},"1":{"start":{"line":4,"column":16},"end":{"line":21,"column":1}},"2":{"start":{"line":5,"column":2},"end":{"line":20,"column":3}},"3":{"start":{"line":6,"column":23},"end":{"line":11,"column":6}},"4":{"start":{"line":14,"column":4},"end":{"line":14,"column":83}},"5":{"start":{"line":15,"column":4},"end":{"line":15,"column":22}},"6":{"start":{"line":18,"column":4},"end":{"line":18,"column":31}},"7":{"start":{"line":19,"column":4},"end":{"line":19,"column":14}},"8":{"start":{"line":24,"column":16},"end":{"line":48,"column":1}},"9":{"start":{"line":25,"column":16},"end":{"line":25,"column":138}},"10":{"start":{"line":27,"column":22},"end":{"line":27,"column":71}},"11":{"start":{"line":29,"column":15},"end":{"line":29,"column":25}},"12":{"start":{"line":30,"column":17},"end":{"line":31,"column":101}},"13":{"start":{"line":32,"column":2},"end":{"line":46,"column":3}},"14":{"start":{"line":33,"column":24},"end":{"line":33,"column":74}},"15":{"start":{"line":34,"column":4},"end":{"line":37,"column":5}},"16":{"start":{"line":36,"column":6},"end":{"line":36,"column":18}},"17":{"start":{"line":39,"column":4},"end":{"line":39,"column":36}},"18":{"start":{"line":41,"column":4},"end":{"line":41,"column":60}},"19":{"start":{"line":42,"column":4},"end":{"line":42,"column":27}},"20":{"start":{"line":45,"column":4},"end":{"line":45,"column":41}},"21":{"start":{"line":47,"column":2},"end":{"line":47,"column":14}},"22":{"start":{"line":51,"column":17},"end":{"line":63,"column":1}},"23":{"start":{"line":52,"column":2},"end":{"line":61,"column":3}},"24":{"start":{"line":53,"column":18},"end":{"line":53,"column":42}},"25":{"start":{"line":54,"column":19},"end":{"line":54,"column":42}},"26":{"start":{"line":56,"column":4},"end":{"line":56,"column":50}},"27":{"start":{"line":57,"column":4},"end":{"line":57,"column":18}},"28":{"start":{"line":60,"column":4},"end":{"line":60,"column":41}},"29":{"start":{"line":62,"column":2},"end":{"line":62,"column":14}},"30":{"start":{"line":66,"column":20},"end":{"line":80,"column":1}},"31":{"start":{"line":67,"column":2},"end":{"line":78,"column":3}},"32":{"start":{"line":69,"column":4},"end":{"line":69,"column":31}},"33":{"start":{"line":70,"column":18},"end":{"line":70,"column":60}},"34":{"start":{"line":71,"column":18},"end":{"line":71,"column":47}},"35":{"start":{"line":73,"column":4},"end":{"line":73,"column":48}},"36":{"start":{"line":74,"column":4},"end":{"line":74,"column":15}},"37":{"start":{"line":77,"column":4},"end":{"line":77,"column":49}},"38":{"start":{"line":79,"column":2},"end":{"line":79,"column":14}},"39":{"start":{"line":83,"column":25},"end":{"line":95,"column":1}},"40":{"start":{"line":84,"column":2},"end":{"line":93,"column":3}},"41":{"start":{"line":85,"column":18},"end":{"line":85,"column":69}},"42":{"start":{"line":86,"column":19},"end":{"line":86,"column":50}},"43":{"start":{"line":88,"column":4},"end":{"line":88,"column":50}},"44":{"start":{"line":89,"column":4},"end":{"line":89,"column":16}},"45":{"start":{"line":92,"column":4},"end":{"line":92,"column":41}},"46":{"start":{"line":94,"column":2},"end":{"line":94,"column":14}},"47":{"start":{"line":98,"column":19},"end":{"line":110,"column":1}},"48":{"start":{"line":99,"column":2},"end":{"line":108,"column":3}},"49":{"start":{"line":100,"column":18},"end":{"line":100,"column":56}},"50":{"start":{"line":101,"column":18},"end":{"line":101,"column":51}},"51":{"start":{"line":103,"column":4},"end":{"line":103,"column":72}},"52":{"start":{"line":104,"column":4},"end":{"line":104,"column":15}},"53":{"start":{"line":107,"column":4},"end":{"line":107,"column":41}},"54":{"start":{"line":109,"column":2},"end":{"line":109,"column":14}},"55":{"start":{"line":113,"column":19},"end":{"line":132,"column":1}},"56":{"start":{"line":114,"column":2},"end":{"line":131,"column":3}},"57":{"start":{"line":117,"column":18},"end":{"line":117,"column":71}},"58":{"start":{"line":118,"column":19},"end":{"line":118,"column":40}},"59":{"start":{"line":120,"column":4},"end":{"line":120,"column":75}},"60":{"start":{"line":122,"column":4},"end":{"line":122,"column":135}},"61":{"start":{"line":123,"column":18},"end":{"line":123,"column":49}},"62":{"start":{"line":125,"column":4},"end":{"line":125,"column":70}},"63":{"start":{"line":126,"column":4},"end":{"line":126,"column":17}},"64":{"start":{"line":129,"column":4},"end":{"line":129,"column":41}},"65":{"start":{"line":130,"column":4},"end":{"line":130,"column":31}},"66":{"start":{"line":135,"column":18},"end":{"line":145,"column":1}},"67":{"start":{"line":136,"column":2},"end":{"line":143,"column":3}},"68":{"start":{"line":137,"column":18},"end":{"line":137,"column":53}},"69":{"start":{"line":138,"column":18},"end":{"line":138,"column":41}},"70":{"start":{"line":139,"column":4},"end":{"line":139,"column":34}},"71":{"start":{"line":142,"column":4},"end":{"line":142,"column":41}},"72":{"start":{"line":144,"column":2},"end":{"line":144,"column":14}},"73":{"start":{"line":147,"column":20},"end":{"line":156,"column":1}},"74":{"start":{"line":148,"column":16},"end":{"line":148,"column":70}},"75":{"start":{"line":149,"column":17},"end":{"line":149,"column":21}},"76":{"start":{"line":150,"column":2},"end":{"line":155,"column":3}},"77":{"start":{"line":151,"column":18},"end":{"line":151,"column":49}},"78":{"start":{"line":152,"column":4},"end":{"line":152,"column":15}},"79":{"start":{"line":154,"column":4},"end":{"line":154,"column":40}},"80":{"start":{"line":158,"column":19},"end":{"line":167,"column":1}},"81":{"start":{"line":159,"column":16},"end":{"line":159,"column":69}},"82":{"start":{"line":160,"column":17},"end":{"line":160,"column":21}},"83":{"start":{"line":161,"column":2},"end":{"line":166,"column":3}},"84":{"start":{"line":162,"column":18},"end":{"line":162,"column":49}},"85":{"start":{"line":163,"column":4},"end":{"line":163,"column":15}},"86":{"start":{"line":165,"column":4},"end":{"line":165,"column":39}},"87":{"start":{"line":169,"column":0},"end":{"line":180,"column":2}}},"fnMap":{"0":{"name":"(anonymous_0)","decl":{"start":{"line":4,"column":16},"end":{"line":4,"column":17}},"loc":{"start":{"line":4,"column":28},"end":{"line":21,"column":1}},"line":4},"1":{"name":"(anonymous_1)","decl":{"start":{"line":24,"column":16},"end":{"line":24,"column":17}},"loc":{"start":{"line":24,"column":39},"end":{"line":48,"column":1}},"line":24},"2":{"name":"(anonymous_2)","decl":{"start":{"line":51,"column":17},"end":{"line":51,"column":18}},"loc":{"start":{"line":51,"column":31},"end":{"line":63,"column":1}},"line":51},"3":{"name":"(anonymous_3)","decl":{"start":{"line":66,"column":20},"end":{"line":66,"column":21}},"loc":{"start":{"line":66,"column":38},"end":{"line":80,"column":1}},"line":66},"4":{"name":"(anonymous_4)","decl":{"start":{"line":83,"column":25},"end":{"line":83,"column":26}},"loc":{"start":{"line":83,"column":45},"end":{"line":95,"column":1}},"line":83},"5":{"name":"(anonymous_5)","decl":{"start":{"line":98,"column":19},"end":{"line":98,"column":20}},"loc":{"start":{"line":98,"column":41},"end":{"line":110,"column":1}},"line":98},"6":{"name":"(anonymous_6)","decl":{"start":{"line":113,"column":19},"end":{"line":113,"column":20}},"loc":{"start":{"line":113,"column":69},"end":{"line":132,"column":1}},"line":113},"7":{"name":"(anonymous_7)","decl":{"start":{"line":135,"column":18},"end":{"line":135,"column":19}},"loc":{"start":{"line":135,"column":32},"end":{"line":145,"column":1}},"line":135},"8":{"name":"(anonymous_8)","decl":{"start":{"line":147,"column":20},"end":{"line":147,"column":21}},"loc":{"start":{"line":147,"column":38},"end":{"line":156,"column":1}},"line":147},"9":{"name":"(anonymous_9)","decl":{"start":{"line":158,"column":19},"end":{"line":158,"column":20}},"loc":{"start":{"line":158,"column":37},"end":{"line":167,"column":1}},"line":158}},"branchMap":{"0":{"loc":{"start":{"line":34,"column":4},"end":{"line":37,"column":5}},"type":"if","locations":[{"start":{"line":34,"column":4},"end":{"line":37,"column":5}},{"start":{},"end":{}}],"line":34}},"s":{"0":1,"1":1,"2":0,"3":0,"4":0,"5":0,"6":0,"7":0,"8":1,"9":10,"10":10,"11":10,"12":10,"13":10,"14":10,"15":10,"16":2,"17":8,"18":8,"19":8,"20":0,"21":0,"22":1,"23":1,"24":1,"25":1,"26":1,"27":1,"28":0,"29":0,"30":1,"31":1,"32":1,"33":1,"34":1,"35":1,"36":1,"37":0,"38":0,"39":1,"40":1,"41":1,"42":1,"43":1,"44":1,"45":0,"46":0,"47":1,"48":1,"49":1,"50":1,"51":1,"52":1,"53":0,"54":0,"55":1,"56":1,"57":1,"58":1,"59":1,"60":1,"61":1,"62":1,"63":1,"64":0,"65":0,"66":1,"67":1,"68":1,"69":1,"70":1,"71":0,"72":0,"73":1,"74":2,"75":2,"76":2,"77":2,"78":2,"79":0,"80":1,"81":1,"82":1,"83":1,"84":1,"85":1,"86":0,"87":1},"f":{"0":0,"1":10,"2":1,"3":1,"4":1,"5":1,"6":1,"7":1,"8":2,"9":1},"b":{"0":[2,8]},"_coverageSchema":"1a1c01bbd47fc00a2c39e90264f33305004495a9","hash":"5e0e7f1e18467537149d4a58543b80361ea76e19"}
}
