TN:
SF:adminTableDatabase.js
FN:4,(anonymous_0)
FN:25,(anonymous_1)
FN:43,(anonymous_2)
FN:61,(anonymous_3)
FN:70,(anonymous_4)
FN:89,(anonymous_5)
FN:100,(anonymous_6)
FN:123,(anonymous_7)
FNF:8
FNH:8
FNDA:1,(anonymous_0)
FNDA:13,(anonymous_1)
FNDA:2,(anonymous_2)
FNDA:1,(anonymous_3)
FNDA:8,(anonymous_4)
FNDA:1,(anonymous_5)
FNDA:2,(anonymous_6)
FNDA:1,(anonymous_7)
DA:1,1
DA:4,1
DA:5,1
DA:6,1
DA:14,1
DA:15,1
DA:18,0
DA:19,0
DA:25,1
DA:26,13
DA:28,13
DA:29,13
DA:30,13
DA:33,12
DA:34,12
DA:37,1
DA:39,1
DA:43,1
DA:44,2
DA:46,2
DA:48,2
DA:49,2
DA:51,2
DA:52,2
DA:55,0
DA:57,0
DA:61,1
DA:62,1
DA:64,1
DA:65,1
DA:68,1
DA:69,1
DA:70,1
DA:71,8
DA:73,6
DA:74,6
DA:79,1
DA:80,1
DA:83,0
DA:85,0
DA:89,1
DA:90,1
DA:91,1
DA:92,1
DA:93,1
DA:95,0
DA:100,1
DA:101,2
DA:102,2
DA:104,2
DA:106,2
DA:108,2
DA:109,2
DA:110,1
DA:112,1
DA:114,1
DA:115,1
DA:118,0
DA:120,0
DA:123,1
DA:124,1
DA:125,1
DA:126,1
DA:127,1
DA:130,0
DA:131,0
DA:135,1
LF:67
LH:56
BRDA:71,0,0,2
BRDA:71,0,1,6
BRDA:109,1,0,1
BRDA:109,1,1,1
BRF:4
BRH:4
end_of_record
TN:
SF:convoTableDatabase.js
FN:4,(anonymous_0)
FN:24,(anonymous_1)
FN:41,(anonymous_2)
FN:59,(anonymous_3)
FN:77,(anonymous_4)
FNF:5
FNH:4
FNDA:0,(anonymous_0)
FNDA:3,(anonymous_1)
FNDA:5,(anonymous_2)
FNDA:2,(anonymous_3)
FNDA:1,(anonymous_4)
DA:1,1
DA:4,1
DA:5,0
DA:6,0
DA:14,0
DA:15,0
DA:18,0
DA:19,0
DA:24,1
DA:25,3
DA:27,3
DA:28,3
DA:29,3
DA:31,3
DA:32,3
DA:35,0
DA:37,0
DA:41,1
DA:42,5
DA:43,5
DA:45,5
DA:46,5
DA:49,5
DA:50,5
DA:53,0
DA:55,0
DA:59,1
DA:60,2
DA:61,2
DA:63,2
DA:64,2
DA:67,2
DA:68,2
DA:71,0
DA:73,0
DA:77,1
DA:78,1
DA:80,1
DA:82,1
DA:83,1
DA:85,1
DA:86,1
DA:89,0
DA:91,0
DA:94,1
LF:45
LH:31
BRF:0
BRH:0
end_of_record
TN:
SF:groupMemberTableDatabase.js
FN:3,(anonymous_0)
FN:22,(anonymous_1)
FN:38,(anonymous_2)
FN:50,(anonymous_3)
FN:62,(anonymous_4)
FN:74,(anonymous_5)
FN:87,(anonymous_6)
FNF:7
FNH:6
FNDA:0,(anonymous_0)
FNDA:1,(anonymous_1)
FNDA:1,(anonymous_2)
FNDA:1,(anonymous_3)
FNDA:1,(anonymous_4)
FNDA:1,(anonymous_5)
FNDA:1,(anonymous_6)
DA:1,1
DA:3,1
DA:4,0
DA:5,0
DA:13,0
DA:14,0
DA:17,0
DA:18,0
DA:22,1
DA:23,1
DA:24,1
DA:25,1
DA:27,1
DA:28,1
DA:30,1
DA:33,0
DA:34,0
DA:38,1
DA:39,1
DA:40,1
DA:41,1
DA:42,1
DA:45,0
DA:46,0
DA:50,1
DA:51,1
DA:52,1
DA:53,1
DA:54,1
DA:57,0
DA:58,0
DA:62,1
DA:63,1
DA:64,1
DA:65,1
DA:66,1
DA:69,0
DA:70,0
DA:74,1
DA:75,1
DA:76,1
DA:77,1
DA:78,1
DA:79,1
DA:82,0
DA:83,0
DA:87,1
DA:88,1
DA:89,1
DA:90,1
DA:91,1
DA:92,1
DA:93,1
DA:94,2
DA:96,1
DA:99,0
DA:100,0
DA:104,1
LF:58
LH:40
BRF:0
BRH:0
end_of_record
TN:
SF:groupTableDatabase.js
FN:4,(anonymous_0)
FN:24,(anonymous_1)
FN:50,(anonymous_2)
FN:92,(anonymous_3)
FN:113,(anonymous_4)
FN:134,(anonymous_5)
FN:149,(anonymous_6)
FN:174,(anonymous_7)
FN:205,(anonymous_8)
FN:220,(anonymous_9)
FN:235,(anonymous_10)
FN:250,(anonymous_11)
FN:266,(anonymous_12)
FN:278,(anonymous_13)
FNF:14
FNH:13
FNDA:0,(anonymous_0)
FNDA:14,(anonymous_1)
FNDA:5,(anonymous_2)
FNDA:1,(anonymous_3)
FNDA:23,(anonymous_4)
FNDA:3,(anonymous_5)
FNDA:1,(anonymous_6)
FNDA:4,(anonymous_7)
FNDA:1,(anonymous_8)
FNDA:1,(anonymous_9)
FNDA:1,(anonymous_10)
FNDA:1,(anonymous_11)
FNDA:1,(anonymous_12)
FNDA:1,(anonymous_13)
DA:1,1
DA:4,1
DA:5,0
DA:6,0
DA:14,0
DA:15,0
DA:18,0
DA:19,0
DA:24,1
DA:25,14
DA:27,14
DA:29,14
DA:31,14
DA:32,14
DA:33,14
DA:35,1
DA:38,13
DA:40,13
DA:41,13
DA:44,0
DA:46,0
DA:50,1
DA:51,5
DA:53,5
DA:54,5
DA:55,5
DA:57,5
DA:58,5
DA:59,5
DA:61,5
DA:64,0
DA:68,5
DA:69,3
DA:70,3
DA:72,3
DA:75,0
DA:79,5
DA:80,3
DA:81,3
DA:83,3
DA:86,0
DA:92,1
DA:93,1
DA:94,1
DA:95,1
DA:97,1
DA:99,1
DA:100,1
DA:101,8
DA:104,1
DA:107,0
DA:109,0
DA:113,1
DA:114,23
DA:115,23
DA:116,23
DA:118,23
DA:120,23
DA:121,23
DA:122,25
DA:125,23
DA:128,0
DA:130,0
DA:134,1
DA:135,3
DA:136,3
DA:137,3
DA:140,3
DA:143,0
DA:145,0
DA:149,1
DA:150,1
DA:151,1
DA:152,1
DA:154,1
DA:155,1
DA:156,2
DA:157,2
DA:159,2
DA:160,2
DA:161,2
DA:165,1
DA:168,0
DA:170,0
DA:174,1
DA:175,4
DA:176,4
DA:177,4
DA:178,1
DA:179,3
DA:180,1
DA:181,2
DA:182,1
DA:184,1
DA:186,4
DA:190,4
DA:191,20
DA:193,20
DA:196,4
DA:199,0
DA:201,0
DA:205,1
DA:206,1
DA:207,1
DA:208,1
DA:210,1
DA:211,1
DA:214,0
DA:216,0
DA:220,1
DA:221,1
DA:222,1
DA:223,1
DA:225,1
DA:226,1
DA:229,0
DA:231,0
DA:235,1
DA:236,1
DA:237,1
DA:238,1
DA:240,1
DA:241,1
DA:244,0
DA:246,0
DA:250,1
DA:251,1
DA:252,1
DA:253,1
DA:254,1
DA:256,1
DA:257,1
DA:260,0
DA:262,0
DA:266,1
DA:267,1
DA:268,1
DA:269,1
DA:270,1
DA:273,0
DA:275,0
DA:278,1
DA:279,1
DA:282,1
DA:283,1
DA:284,1
DA:287,1
DA:288,1
DA:289,1
DA:292,1
DA:293,1
DA:296,1
DA:297,1
DA:298,1
DA:301,1
DA:302,1
DA:303,1
DA:306,1
DA:309,1
LF:159
LH:128
BRDA:33,0,0,1
BRDA:33,0,1,13
BRDA:57,1,0,5
BRDA:57,1,1,0
BRDA:68,2,0,3
BRDA:68,2,1,2
BRDA:79,3,0,3
BRDA:79,3,1,2
BRDA:159,4,0,2
BRDA:159,4,1,0
BRDA:177,5,0,1
BRDA:177,5,1,3
BRDA:179,6,0,1
BRDA:179,6,1,2
BRDA:181,7,0,1
BRDA:181,7,1,1
BRF:16
BRH:14
end_of_record
TN:
SF:invitationTableDatabase.js
FN:4,(anonymous_0)
FN:24,(anonymous_1)
FN:41,(anonymous_2)
FN:57,(anonymous_3)
FN:75,(anonymous_4)
FN:98,(anonymous_5)
FN:112,(anonymous_6)
FNF:7
FNH:5
FNDA:0,(anonymous_0)
FNDA:1,(anonymous_1)
FNDA:1,(anonymous_2)
FNDA:0,(anonymous_3)
FNDA:5,(anonymous_4)
FNDA:1,(anonymous_5)
FNDA:1,(anonymous_6)
DA:1,1
DA:4,1
DA:5,0
DA:6,0
DA:14,0
DA:15,0
DA:18,0
DA:19,0
DA:24,1
DA:25,1
DA:27,1
DA:28,1
DA:32,1
DA:35,0
DA:37,0
DA:41,1
DA:42,1
DA:44,1
DA:45,1
DA:48,1
DA:51,0
DA:53,0
DA:57,1
DA:58,0
DA:65,0
DA:66,0
DA:67,0
DA:70,0
DA:72,0
DA:75,1
DA:77,5
DA:78,5
DA:80,5
DA:81,5
DA:88,5
DA:89,5
DA:90,5
DA:93,0
DA:95,0
DA:98,1
DA:99,1
DA:100,1
DA:102,1
DA:103,1
DA:104,1
DA:107,0
DA:109,0
DA:112,1
DA:113,1
DA:114,1
DA:115,1
DA:116,1
DA:119,0
DA:121,0
DA:124,1
LF:55
LH:33
BRF:0
BRH:0
end_of_record
TN:
SF:messageTableDatabase.js
FN:4,(anonymous_0)
FN:23,(anonymous_1)
FN:44,(anonymous_2)
FN:64,(anonymous_3)
FN:83,(anonymous_4)
FN:103,(anonymous_5)
FN:124,(anonymous_6)
FNF:7
FNH:6
FNDA:0,(anonymous_0)
FNDA:7,(anonymous_1)
FNDA:2,(anonymous_2)
FNDA:2,(anonymous_3)
FNDA:1,(anonymous_4)
FNDA:2,(anonymous_5)
FNDA:1,(anonymous_6)
DA:1,1
DA:4,1
DA:5,0
DA:6,0
DA:14,0
DA:15,0
DA:18,0
DA:19,0
DA:23,1
DA:24,7
DA:25,7
DA:27,7
DA:28,7
DA:30,7
DA:32,7
DA:33,5
DA:35,2
DA:38,0
DA:40,0
DA:44,1
DA:46,2
DA:48,2
DA:49,2
DA:51,2
DA:52,2
DA:55,2
DA:56,2
DA:59,0
DA:61,0
DA:64,1
DA:66,2
DA:67,2
DA:68,2
DA:70,2
DA:71,2
DA:74,2
DA:75,2
DA:78,0
DA:80,0
DA:83,1
DA:85,1
DA:87,1
DA:88,1
DA:90,1
DA:91,1
DA:94,1
DA:95,1
DA:98,0
DA:100,0
DA:103,1
DA:105,2
DA:107,2
DA:108,2
DA:110,2
DA:111,2
DA:114,2
DA:115,2
DA:118,0
DA:120,0
DA:124,1
DA:125,1
DA:128,1
DA:129,1
DA:131,1
DA:133,1
DA:134,1
DA:136,1
DA:139,1
DA:140,1
DA:143,0
DA:145,0
DA:148,1
LF:72
LH:54
BRDA:32,0,0,5
BRDA:32,0,1,2
BRF:2
BRH:2
end_of_record
TN:
SF:notificationTableDatabase.js
FN:4,(anonymous_0)
FN:24,(anonymous_1)
FN:41,(anonymous_2)
FNF:3
FNH:2
FNDA:0,(anonymous_0)
FNDA:2,(anonymous_1)
FNDA:1,(anonymous_2)
DA:1,1
DA:4,1
DA:5,0
DA:6,0
DA:14,0
DA:15,0
DA:18,0
DA:19,0
DA:24,1
DA:25,2
DA:27,2
DA:28,2
DA:29,2
DA:31,2
DA:32,2
DA:35,0
DA:37,0
DA:41,1
DA:42,1
DA:44,1
DA:45,1
DA:48,1
DA:50,1
DA:51,1
DA:53,1
DA:56,0
DA:58,0
DA:61,1
LF:28
LH:18
BRF:0
BRH:0
end_of_record
TN:
SF:postTableDatabase.js
FN:4,(anonymous_0)
FN:24,(anonymous_1)
FN:40,(anonymous_2)
FN:52,(anonymous_3)
FN:77,(anonymous_4)
FN:104,(anonymous_5)
FN:130,(anonymous_6)
FN:158,(anonymous_7)
FN:180,(anonymous_8)
FN:195,(anonymous_9)
FN:214,(anonymous_10)
FN:232,(anonymous_11)
FN:250,(anonymous_12)
FN:266,(anonymous_13)
FN:282,(anonymous_14)
FN:294,(anonymous_15)
FNF:16
FNH:15
FNDA:0,(anonymous_0)
FNDA:1,(anonymous_1)
FNDA:12,(anonymous_2)
FNDA:1,(anonymous_3)
FNDA:1,(anonymous_4)
FNDA:1,(anonymous_5)
FNDA:9,(anonymous_6)
FNDA:3,(anonymous_7)
FNDA:1,(anonymous_8)
FNDA:1,(anonymous_9)
FNDA:1,(anonymous_10)
FNDA:1,(anonymous_11)
FNDA:1,(anonymous_12)
FNDA:1,(anonymous_13)
FNDA:1,(anonymous_14)
FNDA:1,(anonymous_15)
DA:1,1
DA:4,1
DA:5,0
DA:6,0
DA:14,0
DA:15,0
DA:18,0
DA:19,0
DA:24,1
DA:25,1
DA:27,1
DA:30,1
DA:32,1
DA:35,0
DA:36,0
DA:40,1
DA:41,12
DA:42,12
DA:43,12
DA:46,0
DA:48,12
DA:52,1
DA:53,1
DA:56,1
DA:57,1
DA:58,1
DA:59,1
DA:60,1
DA:61,1
DA:62,1
DA:63,1
DA:65,1
DA:67,1
DA:69,1
DA:72,0
DA:74,0
DA:77,1
DA:78,1
DA:82,1
DA:83,1
DA:84,1
DA:85,1
DA:86,1
DA:87,1
DA:88,1
DA:89,1
DA:90,1
DA:92,1
DA:94,1
DA:96,1
DA:99,0
DA:101,0
DA:104,1
DA:105,1
DA:108,1
DA:109,1
DA:110,1
DA:111,1
DA:112,1
DA:113,1
DA:114,1
DA:115,1
DA:116,1
DA:118,1
DA:120,1
DA:122,1
DA:125,0
DA:127,0
DA:130,1
DA:131,9
DA:134,9
DA:135,9
DA:136,9
DA:137,9
DA:138,9
DA:139,9
DA:140,9
DA:142,9
DA:143,9
DA:145,9
DA:147,9
DA:149,9
DA:152,0
DA:154,0
DA:158,1
DA:159,3
DA:161,3
DA:163,3
DA:164,3
DA:166,3
DA:168,3
DA:169,3
DA:171,3
DA:174,0
DA:176,0
DA:180,1
DA:181,1
DA:183,1
DA:185,1
DA:186,1
DA:187,1
DA:190,0
DA:192,0
DA:195,1
DA:196,1
DA:198,1
DA:200,1
DA:201,1
DA:203,1
DA:205,1
DA:208,0
DA:210,0
DA:214,1
DA:215,1
DA:217,1
DA:219,1
DA:220,1
DA:222,1
DA:223,1
DA:226,0
DA:228,0
DA:232,1
DA:233,1
DA:235,1
DA:237,1
DA:238,1
DA:240,1
DA:241,1
DA:244,0
DA:246,0
DA:250,1
DA:251,1
DA:252,1
DA:254,1
DA:256,1
DA:257,1
DA:260,0
DA:262,0
DA:266,1
DA:267,1
DA:268,1
DA:270,1
DA:272,1
DA:273,1
DA:276,0
DA:278,0
DA:282,1
DA:283,1
DA:284,1
DA:285,1
DA:286,1
DA:289,0
DA:291,0
DA:294,1
DA:295,1
DA:298,1
DA:299,1
DA:300,1
DA:303,1
DA:304,1
DA:305,1
DA:308,1
DA:309,1
DA:310,1
DA:313,1
DA:314,1
DA:315,1
DA:318,1
DA:321,1
LF:169
LH:136
BRF:0
BRH:0
end_of_record
TN:
SF:profileTableDatabase.js
FN:4,(anonymous_0)
FN:24,(anonymous_1)
FN:41,(anonymous_2)
FN:56,(anonymous_3)
FN:71,(anonymous_4)
FN:88,(anonymous_5)
FN:103,(anonymous_6)
FN:119,(anonymous_7)
FNF:8
FNH:7
FNDA:0,(anonymous_0)
FNDA:7,(anonymous_1)
FNDA:1,(anonymous_2)
FNDA:1,(anonymous_3)
FNDA:1,(anonymous_4)
FNDA:1,(anonymous_5)
FNDA:1,(anonymous_6)
FNDA:1,(anonymous_7)
DA:1,1
DA:4,1
DA:5,0
DA:6,0
DA:14,0
DA:15,0
DA:18,0
DA:19,0
DA:24,1
DA:25,7
DA:26,7
DA:28,7
DA:29,7
DA:31,7
DA:32,7
DA:35,0
DA:37,0
DA:41,1
DA:42,1
DA:43,1
DA:44,1
DA:46,1
DA:47,1
DA:50,0
DA:52,0
DA:56,1
DA:57,1
DA:58,1
DA:59,1
DA:61,1
DA:62,1
DA:65,0
DA:67,0
DA:71,1
DA:72,1
DA:73,1
DA:74,1
DA:76,1
DA:77,1
DA:80,0
DA:82,0
DA:88,1
DA:89,1
DA:90,1
DA:91,1
DA:93,1
DA:94,1
DA:97,0
DA:99,0
DA:103,1
DA:104,1
DA:105,1
DA:106,1
DA:107,1
DA:109,1
DA:110,1
DA:113,0
DA:115,0
DA:119,1
DA:120,1
DA:121,1
DA:122,1
DA:123,1
DA:125,1
DA:126,1
DA:129,0
DA:131,0
DA:134,1
LF:68
LH:48
BRF:0
BRH:0
end_of_record
TN:
SF:replyTableDatabase.js
FN:4,(anonymous_0)
FN:24,(anonymous_1)
FN:49,(anonymous_2)
FN:67,(anonymous_3)
FN:85,(anonymous_4)
FN:102,(anonymous_5)
FN:120,(anonymous_6)
FN:136,(anonymous_7)
FNF:8
FNH:7
FNDA:0,(anonymous_0)
FNDA:6,(anonymous_1)
FNDA:1,(anonymous_2)
FNDA:1,(anonymous_3)
FNDA:1,(anonymous_4)
FNDA:1,(anonymous_5)
FNDA:1,(anonymous_6)
FNDA:1,(anonymous_7)
DA:1,1
DA:4,1
DA:5,0
DA:6,0
DA:14,0
DA:15,0
DA:18,0
DA:19,0
DA:24,1
DA:25,6
DA:28,6
DA:29,6
DA:30,6
DA:31,6
DA:32,6
DA:34,6
DA:36,6
DA:37,6
DA:39,6
DA:40,6
DA:43,0
DA:45,0
DA:49,1
DA:50,1
DA:52,1
DA:54,1
DA:55,1
DA:57,1
DA:58,1
DA:61,0
DA:63,0
DA:67,1
DA:68,1
DA:70,1
DA:72,1
DA:73,1
DA:75,1
DA:76,1
DA:79,0
DA:81,0
DA:85,1
DA:86,1
DA:88,1
DA:90,1
DA:91,1
DA:93,1
DA:94,1
DA:97,0
DA:99,0
DA:102,1
DA:103,1
DA:105,1
DA:107,1
DA:108,1
DA:110,1
DA:111,1
DA:114,0
DA:116,0
DA:120,1
DA:121,1
DA:122,1
DA:124,1
DA:126,1
DA:127,1
DA:130,0
DA:132,0
DA:136,1
DA:137,1
DA:138,1
DA:139,1
DA:140,1
DA:143,0
DA:145,0
DA:148,1
LF:74
LH:54
BRF:0
BRH:0
end_of_record
TN:
SF:userTableDatabase.js
FN:4,(anonymous_0)
FN:24,(anonymous_1)
FN:51,(anonymous_2)
FN:66,(anonymous_3)
FN:83,(anonymous_4)
FN:98,(anonymous_5)
FN:113,(anonymous_6)
FN:135,(anonymous_7)
FN:147,(anonymous_8)
FN:158,(anonymous_9)
FNF:10
FNH:9
FNDA:0,(anonymous_0)
FNDA:10,(anonymous_1)
FNDA:1,(anonymous_2)
FNDA:1,(anonymous_3)
FNDA:1,(anonymous_4)
FNDA:1,(anonymous_5)
FNDA:1,(anonymous_6)
FNDA:1,(anonymous_7)
FNDA:2,(anonymous_8)
FNDA:1,(anonymous_9)
DA:1,1
DA:4,1
DA:5,0
DA:6,0
DA:14,0
DA:15,0
DA:18,0
DA:19,0
DA:24,1
DA:25,10
DA:27,10
DA:29,10
DA:30,10
DA:32,10
DA:33,10
DA:34,10
DA:36,2
DA:39,8
DA:41,8
DA:42,8
DA:45,0
DA:47,0
DA:51,1
DA:52,1
DA:53,1
DA:54,1
DA:56,1
DA:57,1
DA:60,0
DA:62,0
DA:66,1
DA:67,1
DA:69,1
DA:70,1
DA:71,1
DA:73,1
DA:74,1
DA:77,0
DA:79,0
DA:83,1
DA:84,1
DA:85,1
DA:86,1
DA:88,1
DA:89,1
DA:92,0
DA:94,0
DA:98,1
DA:99,1
DA:100,1
DA:101,1
DA:103,1
DA:104,1
DA:107,0
DA:109,0
DA:113,1
DA:114,1
DA:117,1
DA:118,1
DA:120,1
DA:122,1
DA:123,1
DA:125,1
DA:126,1
DA:129,0
DA:130,0
DA:135,1
DA:136,1
DA:137,1
DA:138,1
DA:139,1
DA:142,0
DA:144,0
DA:147,1
DA:148,2
DA:149,2
DA:150,2
DA:151,2
DA:152,2
DA:154,0
DA:158,1
DA:159,1
DA:160,1
DA:161,1
DA:162,1
DA:163,1
DA:165,0
DA:169,1
LF:88
LH:66
BRDA:34,0,0,2
BRDA:34,0,1,8
BRF:2
BRH:2
end_of_record
